2025-10-06 17:46:58,882 [INFO] Activator:176 - 


2025-10-06 17:46:58,900 [INFO] Activator:177 - !SESSION log4j initialized
2025-10-06 17:47:20,105 [INFO] LogOutputStream:77 - [STDOUT_REDIRECT] 
2025-10-06 17:47:24,070 [INFO] LogOutputStream:77 - [STDOUT_REDIRECT] 
2025-10-06 17:47:30,442 [ERROR] LogOutputStream:75 - [STDERR_REDIRECT] 
2025-10-06 17:47:31,269 [ERROR] LogOutputStream:75 - [STDERR_REDIRECT] java.net.URISyntaxException: Illegal character in path at index 56: file:/Users/liangnie/Documents/GitHub/STM32CUBEIDE/Liang Nie/.metadata/.log4j2.xml
2025-10-06 17:47:31,270 [ERROR] LogOutputStream:75 - [STDERR_REDIRECT] 	at java.base/java.net.URI$Parser.fail(URI.java:2995)
2025-10-06 17:47:31,271 [ERROR] LogOutputStream:75 - [STDERR_REDIRECT] 	at java.base/java.net.URI$Parser.checkChars(URI.java:3166)
2025-10-06 17:47:31,272 [ERROR] LogOutputStream:75 - [STDERR_REDIRECT] 	at java.base/java.net.URI$Parser.parseHierarchical(URI.java:3248)
2025-10-06 17:47:31,273 [ERROR] LogOutputStream:75 - [STDERR_REDIRECT] 	at java.base/java.net.URI$Parser.parse(URI.java:3196)
2025-10-06 17:47:31,273 [ERROR] LogOutputStream:75 - [STDERR_REDIRECT] 	at java.base/java.net.URI.<init>(URI.java:645)
2025-10-06 17:47:31,275 [ERROR] LogOutputStream:75 - [STDERR_REDIRECT] 	at java.base/java.net.URL.toURI(URL.java:1220)
2025-10-06 17:47:31,276 [ERROR] LogOutputStream:75 - [STDERR_REDIRECT] 	at com.st.stm32cube.common.mx.core.CubeMxInstance.getInstance(CubeMxInstance.java:81)
2025-10-06 17:47:31,277 [ERROR] LogOutputStream:75 - [STDERR_REDIRECT] 	at com.st.stm32cube.common.mx.userauth.UserAuthAdapter.<init>(UserAuthAdapter.java:25)
2025-10-06 17:47:31,278 [ERROR] LogOutputStream:75 - [STDERR_REDIRECT] 	at com.st.stm32cube.common.mx.userauth.UserAuthProvider.getUserAuthAdapter(UserAuthProvider.java:16)
2025-10-06 17:47:31,279 [ERROR] LogOutputStream:75 - [STDERR_REDIRECT] 	at com.st.stm32cube.common.ecosystemintegration.ui.core.MCUEcoSystemIntegrationUiHelper.getUserAuth(MCUEcoSystemIntegrationUiHelper.java:100)
2025-10-06 17:47:31,279 [ERROR] LogOutputStream:75 - [STDERR_REDIRECT] 	at com.st.stm32cube.ide.mcu.userauth.UserAuthStartup.earlyStartup(UserAuthStartup.java:32)
2025-10-06 17:47:31,280 [ERROR] LogOutputStream:75 - [STDERR_REDIRECT] 	at org.eclipse.ui.internal.EarlyStartupRunnable.runEarlyStartup(EarlyStartupRunnable.java:79)
2025-10-06 17:47:31,281 [ERROR] LogOutputStream:75 - [STDERR_REDIRECT] 	at org.eclipse.ui.internal.EarlyStartupRunnable.run(EarlyStartupRunnable.java:55)
2025-10-06 17:47:31,281 [ERROR] LogOutputStream:75 - [STDERR_REDIRECT] 	at org.eclipse.core.runtime.SafeRunner.run(SafeRunner.java:47)
2025-10-06 17:47:31,282 [ERROR] LogOutputStream:75 - [STDERR_REDIRECT] 	at org.eclipse.ui.internal.Workbench$39.run(Workbench.java:2733)
2025-10-06 17:47:31,283 [ERROR] LogOutputStream:75 - [STDERR_REDIRECT] 	at org.eclipse.core.internal.jobs.Worker.run(Worker.java:63)
2025-10-06 17:47:31,983 [INFO] ApplicationProperties:184 - Using Application install path: /Applications/STM32CubeIDE.app/Contents/Eclipse/plugins/com.st.stm32cube.common.mx_6.15.0.202507011659
2025-10-06 17:47:32,034 [INFO] DbMcusXml:78 - Set database path to: /Applications/STM32CubeIDE.app/Contents/Eclipse/plugins/com.st.stm32cube.common.mx_6.15.0.202507011659//db//mcu/
2025-10-06 17:47:32,035 [INFO] ApiDb:274 - Set plugin database path to: /Applications/STM32CubeIDE.app/Contents/Eclipse/plugins/com.st.stm32cube.common.mx_6.15.0.202507011659//db//plugins/boardmanager/
2025-10-06 17:47:32,036 [WARN] ApiDb:259 - Overriding images path with different value:  => /Applications/STM32CubeIDE.app/Contents/Eclipse/plugins/com.st.stm32cube.common.mx_6.15.0.202507011659//db//plugins/mcufinder/images/
2025-10-06 17:47:32,055 [INFO] ApiDb:250 - Set database path to: /Users/liangnie/.stmcufinder/plugins/mcufinder//mcu/
2025-10-06 17:47:32,060 [INFO] DbMcusAds:125 - Set database path to: /Users/liangnie/.stmcufinder/plugins/mcufinder//mcu/
2025-10-06 17:47:32,071 [INFO] CrossReferenceDbSqlite:203 - Set database path to: /Users/liangnie/.stmcufinder/plugins/mcufinder//mcu/cs/
2025-10-06 17:47:32,497 [INFO] RulesReader:64 - Compatibility file has been processed (317 Rules)
2025-10-06 17:47:32,682 [INFO] DbMcusXml:78 - Set database path to: /Applications/STM32CubeIDE.app/Contents/Eclipse/plugins/com.st.stm32cube.common.mx_6.15.0.202507011659//db//mcu/
2025-10-06 17:47:32,683 [INFO] ApiDb:274 - Set plugin database path to: /Applications/STM32CubeIDE.app/Contents/Eclipse/plugins/com.st.stm32cube.common.mx_6.15.0.202507011659//db//plugins/boardmanager/
2025-10-06 17:47:32,684 [INFO] ApiDb:261 - Set plugin images path to: /Applications/STM32CubeIDE.app/Contents/Eclipse/plugins/com.st.stm32cube.common.mx_6.15.0.202507011659//db//plugins/mcufinder/images/
2025-10-06 17:47:32,684 [WARN] DbFile:41 - Overriding database path with different value: /Users/liangnie/.stmcufinder/plugins/mcufinder/ => /Users/liangnie/.stmcufinder/plugins/mcufinder
2025-10-06 17:47:32,684 [INFO] ApiDb:250 - Set database path to: /Users/liangnie/.stmcufinder/plugins/mcufinder//mcu/
2025-10-06 17:47:32,685 [WARN] DbFile:41 - Overriding database path with different value: /Users/liangnie/.stmcufinder/plugins/mcufinder/ => /Users/liangnie/.stmcufinder/plugins/mcufinder
2025-10-06 17:47:32,685 [INFO] DbMcusAds:125 - Set database path to: /Users/liangnie/.stmcufinder/plugins/mcufinder//mcu/
2025-10-06 17:47:32,686 [WARN] DbFile:41 - Overriding database path with different value: /Users/liangnie/.stmcufinder/plugins/mcufinder/ => /Users/liangnie/.stmcufinder/plugins/mcufinder
2025-10-06 17:47:32,687 [WARN] DbFile:41 - Overriding database path with different value: /Users/liangnie/.stmcufinder/plugins/mcufinder/ => /Users/liangnie/.stmcufinder/plugins/mcufinder
2025-10-06 17:47:32,687 [INFO] CrossReferenceDbSqlite:203 - Set database path to: /Users/liangnie/.stmcufinder/plugins/mcufinder//mcu/cs/
2025-10-06 17:47:32,902 [INFO] MainPanel:274 - HeapMemory: 268435456
2025-10-06 17:47:35,399 [INFO] DbMcusXml:78 - Set database path to: /Applications/STM32CubeIDE.app/Contents/Eclipse/plugins/com.st.stm32cube.common.mx_6.15.0.202507011659//db//mcu/
2025-10-06 17:47:35,399 [INFO] ApiDb:274 - Set plugin database path to: /Applications/STM32CubeIDE.app/Contents/Eclipse/plugins/com.st.stm32cube.common.mx_6.15.0.202507011659//db//plugins/boardmanager/
2025-10-06 17:47:35,400 [INFO] ApiDb:261 - Set plugin images path to: /Applications/STM32CubeIDE.app/Contents/Eclipse/plugins/com.st.stm32cube.common.mx_6.15.0.202507011659//db//plugins/mcufinder/images/
2025-10-06 17:47:35,401 [WARN] DbFile:41 - Overriding database path with different value: /Users/liangnie/.stmcufinder/plugins/mcufinder/ => /Users/liangnie/.stmcufinder/plugins/mcufinder
2025-10-06 17:47:35,401 [INFO] ApiDb:250 - Set database path to: /Users/liangnie/.stmcufinder/plugins/mcufinder//mcu/
2025-10-06 17:47:35,401 [WARN] DbFile:41 - Overriding database path with different value: /Users/liangnie/.stmcufinder/plugins/mcufinder/ => /Users/liangnie/.stmcufinder/plugins/mcufinder
2025-10-06 17:47:35,402 [INFO] DbMcusAds:125 - Set database path to: /Users/liangnie/.stmcufinder/plugins/mcufinder//mcu/
2025-10-06 17:47:35,407 [WARN] DbFile:41 - Overriding database path with different value: /Users/liangnie/.stmcufinder/plugins/mcufinder/ => /Users/liangnie/.stmcufinder/plugins/mcufinder
2025-10-06 17:47:35,408 [WARN] DbFile:41 - Overriding database path with different value: /Users/liangnie/.stmcufinder/plugins/mcufinder/ => /Users/liangnie/.stmcufinder/plugins/mcufinder
2025-10-06 17:47:35,416 [INFO] CrossReferenceDbSqlite:203 - Set database path to: /Users/liangnie/.stmcufinder/plugins/mcufinder//mcu/cs/
2025-10-06 17:47:35,503 [INFO] ApplicationProperties:184 - Using Application install path: /Applications/STM32CubeIDE.app/Contents/Eclipse/plugins/com.st.stm32cube.common.mx_6.15.0.202507011659
2025-10-06 17:47:35,508 [INFO] PluginManage:196 - Search for loadable plugins [exclusion list=, ]
2025-10-06 17:47:35,512 [INFO] PluginManage:310 - Check plugin analytics
2025-10-06 17:47:36,301 [INFO] AnalyticsPlugin:253 - Accepted Software Licenses: 
2025-10-06 17:47:36,302 [INFO] AnalyticsPlugin:255 - Accepted CMSIS Pack Licenses: 
2025-10-06 17:47:36,302 [INFO] AnalyticsPlugin:257 - Accepted Firmware Licenses: FW.F4.1.28.0,FW.H7.1.11.0
2025-10-06 17:47:36,309 [INFO] PluginManage:359 - Loaded plugin analytics (category:tool,tabindex:-1)
2025-10-06 17:47:36,310 [INFO] PluginManage:310 - Check plugin cadmodel
2025-10-06 17:47:36,332 [INFO] CADModel:105 - Init CAD model plugin
2025-10-06 17:47:36,333 [INFO] PluginManage:359 - Loaded plugin cadmodel (category:power,tabindex:5)
2025-10-06 17:47:36,333 [INFO] PluginManage:310 - Check plugin clock
2025-10-06 17:47:36,357 [INFO] PluginManage:359 - Loaded plugin clock (category:base,tabindex:2)
2025-10-06 17:47:36,358 [INFO] PluginManage:310 - Check plugin ddr
2025-10-06 17:47:36,364 [INFO] PluginManage:359 - Loaded plugin ddr (category:tool,tabindex:6)
2025-10-06 17:47:36,364 [INFO] PluginManage:310 - Check plugin filemanager
2025-10-06 17:47:36,814 [INFO] PluginManage:359 - Loaded plugin filemanager (category:base,tabindex:10)
2025-10-06 17:47:36,815 [INFO] PluginManage:310 - Check plugin ipmanager
2025-10-06 17:47:36,830 [INFO] PluginManage:359 - Loaded plugin ipmanager (category:base,tabindex:5)
2025-10-06 17:47:36,830 [INFO] PluginManage:310 - Check plugin lpbam
2025-10-06 17:47:36,857 [INFO] PluginManage:359 - Loaded plugin lpbam (category:base,tabindex:0)
2025-10-06 17:47:36,857 [INFO] PluginManage:310 - Check plugin memorymap
2025-10-06 17:47:36,907 [INFO] PluginManage:359 - Loaded plugin memorymap (category:base,tabindex:4)
2025-10-06 17:47:36,908 [INFO] PluginManage:310 - Check plugin pinoutandconfiguration
2025-10-06 17:47:36,934 [INFO] PluginManage:359 - Loaded plugin pinoutandconfiguration (category:base,tabindex:1)
2025-10-06 17:47:36,935 [INFO] PluginManage:310 - Check plugin pinoutconfig
2025-10-06 17:47:37,200 [WARN] SupportedApi:132 - Cannot load RTOS API schema: s4s-elt-must-match.1: The content of 'definitions' must match (annotation?, (simpleType | complexType)?, (unique | key | keyref)*)). A problem was found starting at: attribute.
2025-10-06 17:47:37,595 [INFO] PluginManage:359 - Loaded plugin pinoutconfig (category:base,tabindex:0)
2025-10-06 17:47:37,595 [INFO] PluginManage:310 - Check plugin power
2025-10-06 17:47:37,616 [INFO] PluginManage:359 - Loaded plugin power (category:power,tabindex:4)
2025-10-06 17:47:37,617 [INFO] PluginManage:310 - Check plugin projectmanager
2025-10-06 17:47:37,654 [INFO] PluginManage:359 - Loaded plugin projectmanager (category:projectmanager,tabindex:4)
2025-10-06 17:47:37,655 [INFO] PluginManage:310 - Check plugin rif
2025-10-06 17:47:37,682 [INFO] PluginManage:359 - Loaded plugin rif (category:base,tabindex:3)
2025-10-06 17:47:37,682 [INFO] PluginManage:310 - Check plugin thirdparty
2025-10-06 17:47:38,073 [WARN] IntegrityCheckThread:84 - waiting for thirdparty lock release [integrity check]
2025-10-06 17:47:38,074 [INFO] IntegrityCheckThread:86 - entering critical section [integrity check]
2025-10-06 17:47:38,075 [INFO] ThirdPartyUpdaterWithRetryManager:70 - Updater plugin not ready yet. [1/15]
2025-10-06 17:47:38,077 [INFO] PluginManage:359 - Loaded plugin thirdparty (category:base,tabindex:-1)
2025-10-06 17:47:38,077 [INFO] PluginManage:310 - Check plugin tools
2025-10-06 17:47:38,082 [INFO] PluginManage:359 - Loaded plugin tools (category:base,tabindex:7)
2025-10-06 17:47:38,083 [INFO] PluginManage:310 - Check plugin tutovideos
2025-10-06 17:47:38,810 [INFO] PluginManage:359 - Loaded plugin tutovideos (category:base,tabindex:-1)
2025-10-06 17:47:38,810 [INFO] PluginManage:310 - Check plugin updater
2025-10-06 17:47:38,869 [INFO] PluginManage:359 - Loaded plugin updater (category:base,tabindex:12)
2025-10-06 17:47:38,870 [INFO] PluginManage:310 - Check plugin userauth
2025-10-06 17:47:38,879 [INFO] UserAuth:118 - Init User Auth plugin
2025-10-06 17:47:38,881 [INFO] PluginManage:359 - Loaded plugin userauth (category:base,tabindex:14)
2025-10-06 17:47:38,884 [INFO] PluginManage:283 - PluginManage : Loaded plugins [18]
2025-10-06 17:47:39,381 [INFO] PinOutPanel:1589 - setPackage(No Configuration,No Configuration)
2025-10-06 17:47:39,595 [INFO] CADModel:165 - CPN selected for project level
2025-10-06 17:47:39,596 [INFO] CADModel:114 - Register for checkConnection events
2025-10-06 17:47:39,627 [INFO] IPUIPlugin:80 - create IPUIPlugin
2025-10-06 17:47:39,628 [INFO] PluginManager:220 - loadIPPluginJar : add mdma
2025-10-06 17:47:39,644 [INFO] IPUIPlugin:80 - create IPUIPlugin
2025-10-06 17:47:39,644 [INFO] PluginManager:220 - loadIPPluginJar : add freertos
2025-10-06 17:47:39,657 [INFO] IPUIPlugin:80 - create IPUIPlugin
2025-10-06 17:47:39,658 [INFO] PluginManager:220 - loadIPPluginJar : add gic
2025-10-06 17:47:39,683 [INFO] IPUIPlugin:80 - create IPUIPlugin
2025-10-06 17:47:39,683 [INFO] PluginManager:220 - loadIPPluginJar : add adc
2025-10-06 17:47:39,690 [INFO] IPUIPlugin:80 - create IPUIPlugin
2025-10-06 17:47:39,690 [INFO] PluginManager:220 - loadIPPluginJar : add gtzc
2025-10-06 17:47:39,693 [INFO] IPUIPlugin:80 - create IPUIPlugin
2025-10-06 17:47:39,694 [INFO] PluginManager:220 - loadIPPluginJar : add quadspi
2025-10-06 17:47:39,699 [INFO] IPUIPlugin:80 - create IPUIPlugin
2025-10-06 17:47:39,700 [INFO] PluginManager:220 - loadIPPluginJar : add aes
2025-10-06 17:47:39,706 [INFO] IPUIPlugin:80 - create IPUIPlugin
2025-10-06 17:47:39,706 [INFO] PluginManager:220 - loadIPPluginJar : add pdm2pcm
2025-10-06 17:47:39,711 [INFO] IPUIPlugin:80 - create IPUIPlugin
2025-10-06 17:47:39,711 [INFO] PluginManager:220 - loadIPPluginJar : add hash
2025-10-06 17:47:39,715 [INFO] IPUIPlugin:80 - create IPUIPlugin
2025-10-06 17:47:39,716 [INFO] PluginManager:220 - loadIPPluginJar : add tim
2025-10-06 17:47:39,719 [INFO] IPUIPlugin:80 - create IPUIPlugin
2025-10-06 17:47:39,719 [INFO] PluginManager:220 - loadIPPluginJar : add tsc
2025-10-06 17:47:39,725 [INFO] IPUIPlugin:80 - create IPUIPlugin
2025-10-06 17:47:39,726 [INFO] PluginManager:220 - loadIPPluginJar : add extmemmanager
2025-10-06 17:47:39,730 [INFO] IPUIPlugin:80 - create IPUIPlugin
2025-10-06 17:47:39,730 [INFO] PluginManager:220 - loadIPPluginJar : add ts
2025-10-06 17:47:39,734 [INFO] IPUIPlugin:80 - create IPUIPlugin
2025-10-06 17:47:39,735 [INFO] PluginManager:220 - loadIPPluginJar : add radio
2025-10-06 17:47:39,741 [INFO] IPUIPlugin:80 - create IPUIPlugin
2025-10-06 17:47:39,741 [INFO] PluginManager:220 - loadIPPluginJar : add can
2025-10-06 17:47:39,746 [INFO] IPUIPlugin:80 - create IPUIPlugin
2025-10-06 17:47:39,747 [INFO] PluginManager:220 - loadIPPluginJar : add dma3
2025-10-06 17:47:39,752 [INFO] IPUIPlugin:80 - create IPUIPlugin
2025-10-06 17:47:39,752 [INFO] PluginManager:220 - loadIPPluginJar : add dfsdm
2025-10-06 17:47:39,757 [INFO] IPUIPlugin:80 - create IPUIPlugin
2025-10-06 17:47:39,757 [INFO] PluginManager:220 - loadIPPluginJar : add spi
2025-10-06 17:47:39,762 [INFO] IPUIPlugin:80 - create IPUIPlugin
2025-10-06 17:47:39,763 [INFO] PluginManager:220 - loadIPPluginJar : add gfxmmu
2025-10-06 17:47:39,767 [INFO] IPUIPlugin:80 - create IPUIPlugin
2025-10-06 17:47:39,768 [INFO] PluginManager:220 - loadIPPluginJar : add genericplugin
2025-10-06 17:47:39,772 [INFO] IPUIPlugin:80 - create IPUIPlugin
2025-10-06 17:47:39,773 [INFO] PluginManager:220 - loadIPPluginJar : add cryp
2025-10-06 17:47:39,782 [INFO] IPUIPlugin:80 - create IPUIPlugin
2025-10-06 17:47:39,782 [INFO] PluginManager:220 - loadIPPluginJar : add gpio
2025-10-06 17:47:39,788 [INFO] IPUIPlugin:80 - create IPUIPlugin
2025-10-06 17:47:39,789 [INFO] PluginManager:220 - loadIPPluginJar : add ddr_ctrl_phy
2025-10-06 17:47:39,792 [INFO] IPUIPlugin:80 - create IPUIPlugin
2025-10-06 17:47:39,792 [INFO] PluginManager:220 - loadIPPluginJar : add comp
2025-10-06 17:47:39,798 [INFO] IPUIPlugin:80 - create IPUIPlugin
2025-10-06 17:47:39,799 [INFO] PluginManager:220 - loadIPPluginJar : add tracer_emb
2025-10-06 17:47:39,806 [INFO] IPUIPlugin:80 - create IPUIPlugin
2025-10-06 17:47:39,806 [INFO] PluginManager:220 - loadIPPluginJar : add openamp
2025-10-06 17:47:39,821 [INFO] IPUIPlugin:80 - create IPUIPlugin
2025-10-06 17:47:39,822 [INFO] PluginManager:220 - loadIPPluginJar : add stm32_wpan
2025-10-06 17:47:39,836 [INFO] IPUIPlugin:80 - create IPUIPlugin
2025-10-06 17:47:39,843 [INFO] PluginManager:220 - loadIPPluginJar : add plateformsettings
2025-10-06 17:47:39,851 [INFO] IPUIPlugin:80 - create IPUIPlugin
2025-10-06 17:47:39,851 [INFO] PluginManager:220 - loadIPPluginJar : add ipddr
2025-10-06 17:47:39,859 [INFO] IPUIPlugin:80 - create IPUIPlugin
2025-10-06 17:47:39,859 [INFO] PluginManager:220 - loadIPPluginJar : add usart
2025-10-06 17:47:39,862 [INFO] IPUIPlugin:80 - create IPUIPlugin
2025-10-06 17:47:39,862 [INFO] PluginManager:220 - loadIPPluginJar : add ltdc
2025-10-06 17:47:39,871 [INFO] IPUIPlugin:80 - create IPUIPlugin
2025-10-06 17:47:39,871 [INFO] PluginManager:220 - loadIPPluginJar : add nvic
2025-10-06 17:47:39,874 [INFO] IPUIPlugin:80 - create IPUIPlugin
2025-10-06 17:47:39,875 [INFO] PluginManager:220 - loadIPPluginJar : add fatfs
2025-10-06 17:47:39,891 [INFO] IPUIPlugin:80 - create IPUIPlugin
2025-10-06 17:47:39,891 [INFO] PluginManager:220 - loadIPPluginJar : add linkedlist
2025-10-06 17:47:39,904 [INFO] IPUIPlugin:80 - create IPUIPlugin
2025-10-06 17:47:39,904 [INFO] PluginManager:220 - loadIPPluginJar : add dma
2025-10-06 17:47:39,913 [INFO] IPUIPlugin:80 - create IPUIPlugin
2025-10-06 17:47:39,914 [INFO] PluginManager:220 - loadIPPluginJar : add fmc
2025-10-06 17:47:39,919 [INFO] IPUIPlugin:80 - create IPUIPlugin
2025-10-06 17:47:39,919 [INFO] PluginManager:220 - loadIPPluginJar : add i2s
2025-10-06 17:47:39,923 [INFO] IPUIPlugin:80 - create IPUIPlugin
2025-10-06 17:47:39,923 [INFO] PluginManager:220 - loadIPPluginJar : add ucpd
2025-10-06 17:47:39,930 [INFO] IPUIPlugin:80 - create IPUIPlugin
2025-10-06 17:47:39,930 [INFO] PluginManager:220 - loadIPPluginJar : add lorawan
2025-10-06 17:47:39,936 [INFO] IPUIPlugin:80 - create IPUIPlugin
2025-10-06 17:47:39,937 [INFO] PluginManager:220 - loadIPPluginJar : add opamp
2025-10-06 17:47:39,943 [INFO] IPUIPlugin:80 - create IPUIPlugin
2025-10-06 17:47:39,943 [INFO] PluginManager:220 - loadIPPluginJar : add i3c
2025-10-06 17:47:39,950 [INFO] IPUIPlugin:80 - create IPUIPlugin
2025-10-06 17:47:39,951 [INFO] PluginManager:220 - loadIPPluginJar : add touchsensing
2025-10-06 17:47:39,957 [INFO] IPUIPlugin:80 - create IPUIPlugin
2025-10-06 17:47:39,957 [INFO] PluginManager:220 - loadIPPluginJar : add i2c
2025-10-06 17:47:39,965 [INFO] IPUIPlugin:80 - create IPUIPlugin
2025-10-06 17:47:39,965 [INFO] PluginManager:220 - loadIPPluginJar : add resmgrutility
2025-10-06 17:47:39,972 [INFO] IPUIPlugin:80 - create IPUIPlugin
2025-10-06 17:47:39,972 [INFO] PluginManager:220 - loadIPPluginJar : add sai
2025-10-06 17:47:39,979 [INFO] IPUIPlugin:80 - create IPUIPlugin
2025-10-06 17:47:39,979 [INFO] PluginManager:220 - loadIPPluginJar : add usbx
2025-10-06 17:47:40,139 [FATAL] Updater:351 - Updater called before beeing initialized
2025-10-06 17:47:40,220 [INFO] RulesReader:64 - Compatibility file has been processed (317 Rules)
2025-10-06 17:47:40,258 [INFO] RulesReader:64 - Compatibility file has been processed (317 Rules)
2025-10-06 17:47:40,276 [INFO] CADModel:165 - CPN selected for project level
2025-10-06 17:47:40,276 [INFO] CADModel:114 - Register for checkConnection events
2025-10-06 17:47:40,277 [FATAL] Updater:351 - Updater called before beeing initialized
2025-10-06 17:47:40,277 [ERROR] CADModel:125 - Updater not yet initialized, retry later 
2025-10-06 17:47:40,769 [FATAL] Updater:351 - Updater called before beeing initialized
2025-10-06 17:47:40,778 [INFO] CADModel:165 - CPN selected for project level
2025-10-06 17:47:40,778 [INFO] CADModel:114 - Register for checkConnection events
2025-10-06 17:47:40,779 [FATAL] Updater:351 - Updater called before beeing initialized
2025-10-06 17:47:40,779 [ERROR] CADModel:125 - Updater not yet initialized, retry later 
2025-10-06 17:47:40,789 [FATAL] Updater:351 - Updater called before beeing initialized
2025-10-06 17:47:41,040 [FATAL] Updater:351 - Updater called before beeing initialized
2025-10-06 17:47:41,052 [INFO] DbMcusAds:53 - JSON generation date=Tue Jul 08 01:14:23 PDT 2025 (1751962463582)
2025-10-06 17:47:41,052 [FATAL] Updater:351 - Updater called before beeing initialized
2025-10-06 17:47:41,076 [INFO] ThirdPartyUpdaterWithRetryManager:70 - Updater plugin not ready yet. [2/15]
2025-10-06 17:47:41,261 [WARN] DetailPanel:346 - Failed to get advertising image, set to default
2025-10-06 17:47:41,580 [FATAL] Updater:351 - Updater called before beeing initialized
2025-10-06 17:47:41,584 [FATAL] Updater:351 - Updater called before beeing initialized
2025-10-06 17:47:41,584 [FATAL] Updater:351 - Updater called before beeing initialized
2025-10-06 17:47:41,585 [WARN] DetailPanel:346 - Failed to get advertising image, set to default
2025-10-06 17:47:41,586 [FATAL] Updater:351 - Updater called before beeing initialized
2025-10-06 17:47:41,674 [ERROR] Updater:1198 - MainUpdater not yet initialized. External WinMGr cannot be set.
2025-10-06 17:47:41,678 [INFO] Updater:1134 - Updater Version found : 6.15.0
2025-10-06 17:47:41,729 [INFO] ApplicationProperties:184 - Using Application install path: /Applications/STM32CubeIDE.app/Contents/Eclipse/plugins/com.st.stm32cube.common.mx_6.15.0.202507011659
2025-10-06 17:47:42,495 [INFO] MainUpdater:2872 - connection check result : 10
2025-10-06 17:47:42,496 [INFO] MainUpdater:289 - Updater Check For Update Now.
2025-10-06 17:47:42,497 [INFO] MicroXplorer:498 - Change Database Version : DB.6.0.150
2025-10-06 17:47:42,509 [INFO] McuFinderGlobals:63 - Set McuFinder mode to 2 (CubeIDE integrated)
2025-10-06 17:47:42,511 [INFO] UserAuth:487 - Internet connection configuration mode: 1
2025-10-06 17:47:42,573 [INFO] JxBrowserEngine:152 - Initiate JxBrowser Engine with user profile folder
2025-10-06 17:47:42,851 [INFO] CheckServerUpdateThread:120 - End of CheckServer Thread
2025-10-06 17:47:44,746 [WARN] PackLoader:240 - Cannot read IP mode file for STMicroelectronics.FP-SNS-MOTENVWB1.1.4.0
2025-10-06 17:47:44,766 [WARN] PackLoader:240 - Cannot read IP mode file for STMicroelectronics.FP-ATR-ASTRA1.2.0.2
2025-10-06 17:47:44,778 [WARN] PackLoader:240 - Cannot read IP mode file for STMicroelectronics.FP-ATR-ASTRA1.2.0.1
2025-10-06 17:47:44,799 [WARN] PackLoader:240 - Cannot read IP mode file for STMicroelectronics.X-CUBE-SMBUS.2.1.0
2025-10-06 17:47:44,818 [WARN] PackLoader:240 - Cannot read IP mode file for STMicroelectronics.X-CUBE-WB05N.1.1.0
2025-10-06 17:47:44,832 [WARN] PackLoader:240 - Cannot read IP mode file for STMicroelectronics.X-CUBE-TOUCHGFX.4.23.1
2025-10-06 17:47:44,839 [WARN] PackLoader:240 - Cannot read IP mode file for STMicroelectronics.X-CUBE-TOUCHGFX.4.23.0
2025-10-06 17:47:44,847 [WARN] PackLoader:240 - Cannot read IP mode file for STMicroelectronics.X-CUBE-TOUCHGFX.4.23.2
2025-10-06 17:47:44,956 [WARN] PackLoader:240 - Cannot read IP mode file for STMicroelectronics.X-CUBE-AZRTOS-F7.1.1.0
2025-10-06 17:47:44,986 [WARN] PackLoader:240 - Cannot read IP mode file for STMicroelectronics.FP-SNS-MOTENV1.4.3.2
2025-10-06 17:47:45,485 [WARN] PackLoader:240 - Cannot read IP mode file for STMicroelectronics.X-CUBE-MEMS1.11.0.0
2025-10-06 17:47:46,920 [WARN] PackLoader:240 - Cannot read IP mode file for STMicroelectronics.FP-SNS-FLIGHT1.5.0.2
2025-10-06 17:47:46,994 [INFO] WebApp:169 - Instantiating new browser for Auth
2025-10-06 17:47:47,127 [WARN] PackLoader:240 - Cannot read IP mode file for STMicroelectronics.X-CUBE-AZRTOS-H7.3.4.0
2025-10-06 17:47:47,195 [WARN] PackLoader:240 - Cannot read IP mode file for STMicroelectronics.X-CUBE-DISPLAY.3.0.0
2025-10-06 17:47:47,229 [WARN] PackLoader:240 - Cannot read IP mode file for STMicroelectronics.X-CUBE-BLE1.7.0.0
2025-10-06 17:47:47,249 [WARN] PackLoader:240 - Cannot read IP mode file for STMicroelectronics.X-CUBE-NFC10.1.0.0
2025-10-06 17:47:47,303 [WARN] PackLoader:240 - Cannot read IP mode file for STMicroelectronics.X-CUBE-BLEMGR.4.0.0
2025-10-06 17:47:47,327 [WARN] PackLoader:240 - Cannot read IP mode file for emotas.I-CUBE-CANOPEN.1.3.0
2025-10-06 17:47:47,351 [WARN] PackLoader:240 - Cannot read IP mode file for STMicroelectronics.X-CUBE-BLEMGR.3.1.0
2025-10-06 17:47:47,376 [WARN] PackLoader:240 - Cannot read IP mode file for STMicroelectronics.X-CUBE-AI.10.0.0
2025-10-06 17:47:47,406 [WARN] PackLoader:240 - Cannot read IP mode file for STMicroelectronics.FP-SNS-STBOX1.2.1.0
2025-10-06 17:47:47,431 [WARN] PackLoader:240 - Cannot read IP mode file for STMicroelectronics.FP-SNS-SMARTAG2.1.2.0
2025-10-06 17:47:47,445 [WARN] PackLoader:240 - Cannot read IP mode file for STMicroelectronics.FP-SNS-FLIGHT1.5.1.0
2025-10-06 17:47:47,721 [WARN] PackLoader:240 - Cannot read IP mode file for STMicroelectronics.X-CUBE-MEMS1.11.1.0
2025-10-06 17:47:48,899 [INFO] LogOutputStream:77 - [STDOUT_REDIRECT] 1 : Invalid condition id : UX_CORESTACK_Condition cause : null
2025-10-06 17:47:48,901 [INFO] LogOutputStream:77 - [STDOUT_REDIRECT] 1 : Invalid condition id : UX_CORESTACK_Condition cause : null
2025-10-06 17:47:48,903 [INFO] LogOutputStream:77 - [STDOUT_REDIRECT] 1 : Invalid condition id : UX_CORESTACK_Condition cause : null
2025-10-06 17:47:48,903 [INFO] LogOutputStream:77 - [STDOUT_REDIRECT] 1 : Invalid condition id : UX_CORESTACK_Condition cause : null
2025-10-06 17:47:48,904 [INFO] LogOutputStream:77 - [STDOUT_REDIRECT] 1 : Invalid condition id : UX_CORESTACK_Condition cause : null
2025-10-06 17:47:48,918 [WARN] PackLoader:240 - Cannot read IP mode file for STMicroelectronics.X-CUBE-AZRTOS-WL.2.0.0
2025-10-06 17:47:48,931 [WARN] PackLoader:240 - Cannot read IP mode file for STMicroelectronics.FP-SNS-MOTENV1.5.0.0
2025-10-06 17:47:48,941 [WARN] PackLoader:240 - Cannot read IP mode file for wolfSSL.I-CUBE-wolfMQTT.1.19.0
2025-10-06 17:47:48,957 [WARN] PackLoader:240 - Cannot read IP mode file for WES.I-CUBE-Cesium.1.3.0
2025-10-06 17:47:48,966 [WARN] PackLoader:240 - Cannot read IP mode file for STMicroelectronics.X-CUBE-BLE2.3.3.0
2025-10-06 17:47:48,982 [WARN] PackLoader:240 - Cannot read IP mode file for STMicroelectronics.X-CUBE-NFC9.1.0.0
2025-10-06 17:47:48,995 [WARN] PackLoader:240 - Cannot read IP mode file for STMicroelectronics.X-CUBE-BLE1.7.1.0
2025-10-06 17:47:49,009 [WARN] PackLoader:240 - Cannot read IP mode file for STMicroelectronics.X-CUBE-TCPP.4.1.0
2025-10-06 17:47:49,034 [WARN] PackLoader:240 - Cannot read IP mode file for STMicroelectronics.X-CUBE-EEPRMA1.5.2.0
2025-10-06 17:47:49,046 [WARN] PackLoader:240 - Cannot read IP mode file for STMicroelectronics.X-CUBE-AI.10.1.0
2025-10-06 17:47:49,061 [WARN] PackLoader:240 - Cannot read IP mode file for STMicroelectronics.X-CUBE-ALGOBUILD.1.3.0
2025-10-06 17:47:49,249 [WARN] PackLoader:240 - Cannot read IP mode file for STMicroelectronics.X-CUBE-MEMS1.11.2.0
2025-10-06 17:47:49,859 [INFO] WebApp:463 - Apply proxy settings
2025-10-06 17:47:49,872 [INFO] WebApp:508 - Chromium authenticates against Manually configured proxy
2025-10-06 17:47:49,893 [INFO] WebApp:516 - Username used for proxy authentication: 
2025-10-06 17:47:50,038 [INFO] WebApp:900 - Register for checkConnection events
2025-10-06 17:47:50,039 [INFO] WebApp:463 - Apply proxy settings
2025-10-06 17:47:50,045 [INFO] WebApp:508 - Chromium authenticates against Manually configured proxy
2025-10-06 17:47:50,046 [INFO] WebApp:516 - Username used for proxy authentication: 
2025-10-06 17:47:50,112 [WARN] PackLoader:240 - Cannot read IP mode file for STMicroelectronics.X-CUBE-AZRTOS-G0.1.1.0
2025-10-06 17:47:50,133 [WARN] PackLoader:240 - Cannot read IP mode file for STMicroelectronics.X-CUBE-SAFEA1.1.2.2
2025-10-06 17:47:50,266 [INFO] WebApp:191 - Connection restablished
2025-10-06 17:47:50,434 [WARN] PackLoader:240 - Cannot read IP mode file for STMicroelectronics.X-CUBE-NFC4.3.0.0
2025-10-06 17:47:50,465 [WARN] PackLoader:240 - Cannot read IP mode file for wolfSSL.I-CUBE-wolfMQTT.1.18.0
2025-10-06 17:47:50,604 [WARN] PackLoader:240 - Cannot read IP mode file for EmbeddedOffice.I-CUBE-FS-RTOS.1.0.1
2025-10-06 17:47:50,618 [WARN] PackLoader:240 - Cannot read IP mode file for STMicroelectronics.X-CUBE-WB05N.2.0.0
2025-10-06 17:47:50,758 [WARN] PackLoader:240 - Cannot read IP mode file for STMicroelectronics.X-CUBE-BLEMGR.3.0.0
2025-10-06 17:47:50,777 [WARN] PackLoader:240 - Cannot read IP mode file for STMicroelectronics.X-CUBE-TCPP.4.2.0
2025-10-06 17:47:50,791 [WARN] PackLoader:240 - Cannot read IP mode file for RealThread.X-CUBE-RT-Thread_Nano.4.1.1
2025-10-06 17:47:50,805 [WARN] PackLoader:240 - Cannot read IP mode file for STMicroelectronics.FP-ATR-SIGFOX1.3.2.0
2025-10-06 17:47:50,820 [WARN] ConditionMgr:438 - getConditionDescription Invalid condition id : Cortex-A Device cause : null
2025-10-06 17:47:50,874 [WARN] ConditionMgr:1044 - genDependencies : Invalid condition id : Cortex-A Device cause : null
2025-10-06 17:47:50,875 [WARN] ConditionMgr:1044 - genDependencies : Invalid condition id : Cortex-A Device cause : null
2025-10-06 17:47:50,875 [WARN] ConditionMgr:1044 - genDependencies : Invalid condition id : Cortex-A Device cause : null
2025-10-06 17:47:50,888 [WARN] PackLoader:240 - Cannot read IP mode file for STMicroelectronics.X-CUBE-EEPRMA1.5.1.0
2025-10-06 17:47:50,910 [WARN] PackLoader:240 - Cannot read IP mode file for STMicroelectronics.X-CUBE-ST67W61.1.0.0
2025-10-06 17:47:50,928 [WARN] PackLoader:240 - Cannot read IP mode file for STMicroelectronics.X-CUBE-AI.10.2.0
2025-10-06 17:47:51,207 [WARN] PackLoader:240 - Cannot read IP mode file for SEGGER.I-CUBE-embOS.1.3.1
2025-10-06 17:47:51,510 [WARN] PackLoader:240 - Cannot read IP mode file for STMicroelectronics.X-CUBE-ALGOBUILD.1.4.0
2025-10-06 17:47:51,743 [INFO] WebApp:225 - Starting web application
2025-10-06 17:47:51,744 [INFO] WebApp:593 - Web application path used /Applications/STM32CubeIDE.app/Contents/Eclipse/plugins/com.st.stm32cube.common.mx_6.15.0.202507011659/db/plugins/mcufinder/reactClient1/index.html
2025-10-06 17:47:52,041 [WARN] PackLoader:240 - Cannot read IP mode file for STMicroelectronics.X-CUBE-MEMS1.11.3.0
2025-10-06 17:47:52,081 [INFO] UserAuth:487 - Internet connection configuration mode: 1
2025-10-06 17:47:52,720 [WARN] PackLoader:240 - Cannot read IP mode file for STMicroelectronics.X-CUBE-AI.9.1.0
2025-10-06 17:47:52,732 [WARN] PackLoader:240 - Cannot read IP mode file for STMicroelectronics.X-CUBE-PM33A1.1.0.0
2025-10-06 17:47:52,744 [WARN] PackLoader:240 - Cannot read IP mode file for STMicroelectronics.X-CUBE-GNSS1.6.0.0
2025-10-06 17:47:52,798 [WARN] PackLoader:240 - Cannot read IP mode file for STMicroelectronics.X-CUBE-AZRTOS-F4.1.1.0
2025-10-06 17:47:52,812 [WARN] PackLoader:240 - Cannot read IP mode file for Avnet-IotConnect.X-CUBE-IoTC-DA16k-PMOD.1.0.0
2025-10-06 17:47:52,819 [WARN] PackLoader:240 - Cannot read IP mode file for STMicroelectronics.X-CUBE-ISPU.2.1.0
2025-10-06 17:47:52,830 [WARN] PackLoader:240 - Cannot read IP mode file for STMicroelectronics.X-CUBE-FREERTOS.1.2.0
2025-10-06 17:47:52,856 [WARN] PackLoader:240 - Cannot read IP mode file for wolfSSL.I-CUBE-wolfSSL.5.6.6
2025-10-06 17:47:52,872 [WARN] PackLoader:240 - Cannot read IP mode file for STMicroelectronics.X-CUBE-NFC12.1.0.0
2025-10-06 17:47:52,922 [WARN] PackLoader:240 - Cannot read IP mode file for STMicroelectronics.X-CUBE-AZRTOS-L5.2.0.0
2025-10-06 17:47:52,951 [WARN] PackLoader:240 - Cannot read IP mode file for STMicroelectronics.X-CUBE-NFC6.3.1.0
2025-10-06 17:47:52,967 [WARN] PackLoader:240 - Cannot read IP mode file for ITTIA_DB.I-CUBE-ITTIADB.8.8.0
2025-10-06 17:47:52,978 [WARN] PackLoader:240 - Cannot read IP mode file for STMicroelectronics.X-CUBE-DPower.1.2.0
2025-10-06 17:47:52,985 [WARN] PackLoader:240 - Cannot read IP mode file for STMicroelectronics.X-CUBE-AI.9.0.0
2025-10-06 17:47:52,996 [WARN] PackLoader:240 - Cannot read IP mode file for STMicroelectronics.X-CUBE-FREERTOS.1.3.1
2025-10-06 17:47:53,006 [WARN] PackLoader:240 - Cannot read IP mode file for STMicroelectronics.X-CUBE-FREERTOS.1.3.0
2025-10-06 17:47:53,019 [WARN] PackLoader:240 - Cannot read IP mode file for STMicroelectronics.X-CUBE-NFC7.1.0.1
2025-10-06 17:47:53,037 [WARN] PackLoader:240 - Cannot read IP mode file for wolfSSL.I-CUBE-wolfTPM.3.2.0
2025-10-06 17:47:53,044 [WARN] PackLoader:240 - Cannot read IP mode file for STMicroelectronics.X-CUBE-TOUCHGFX.4.26.0
2025-10-06 17:47:53,061 [WARN] PackLoader:240 - Cannot read IP mode file for STMicroelectronics.X-CUBE-NFC6.3.0.0
2025-10-06 17:47:53,102 [WARN] PackLoader:240 - Cannot read IP mode file for STMicroelectronics.FP-SNS-STAIOTCFT.1.0.0
2025-10-06 17:47:53,120 [WARN] PackLoader:240 - Cannot read IP mode file for STMicroelectronics.X-CUBE-DPower.1.3.0
2025-10-06 17:47:53,129 [WARN] PackLoader:240 - Cannot read IP mode file for STMicroelectronics.X-CUBE-AI.8.1.0
2025-10-06 17:47:53,189 [WARN] ConditionMgr:438 - getConditionDescription Invalid condition id : LAN8742 Phy interface Condition cause : null
2025-10-06 17:47:53,191 [WARN] PackLoader:240 - Cannot read IP mode file for STMicroelectronics.X-CUBE-AZRTOS-L4.2.0.0
2025-10-06 17:47:53,194 [WARN] ConditionMgr:1044 - genDependencies : Invalid condition id : LAN8742 Phy interface Condition cause : null
2025-10-06 17:47:53,194 [WARN] ConditionMgr:1044 - genDependencies : Invalid condition id : LAN8742 Phy interface Condition cause : null
2025-10-06 17:47:53,196 [WARN] ConditionMgr:1044 - genDependencies : Invalid condition id : LAN8742 Phy interface Condition cause : null
2025-10-06 17:47:53,215 [WARN] PackLoader:240 - Cannot read IP mode file for STMicroelectronics.X-CUBE-SFXS2LP1.4.0.0
2025-10-06 17:47:53,273 [WARN] PackLoader:240 - Cannot read IP mode file for STMicroelectronics.X-CUBE-AZRTOS-H7.3.3.0
2025-10-06 17:47:53,329 [WARN] PackLoader:240 - Cannot read IP mode file for STMicroelectronics.X-CUBE-BLEMGR.4.1.0
2025-10-06 17:47:53,387 [WARN] PackLoader:240 - Cannot read IP mode file for STMicroelectronics.X-CUBE-IPS.3.0.0
2025-10-06 17:47:53,429 [WARN] ConditionMgr:438 - getConditionDescription Invalid condition id : UX DEVICE CLASS RTOS Condition cause : null
2025-10-06 17:47:53,430 [WARN] ConditionMgr:438 - getConditionDescription Invalid condition id : UX DEVICE CLASS RTOS Condition cause : null
2025-10-06 17:47:53,436 [WARN] PackLoader:240 - Cannot read IP mode file for STMicroelectronics.X-CUBE-AZRTOS-WB.2.0.0
2025-10-06 17:47:53,437 [WARN] ConditionMgr:1044 - genDependencies : Invalid condition id : UX DEVICE CLASS RTOS Condition cause : null
2025-10-06 17:47:53,437 [WARN] ConditionMgr:1044 - genDependencies : Invalid condition id : UX DEVICE CLASS RTOS Condition cause : null
2025-10-06 17:47:53,438 [WARN] ConditionMgr:1044 - genDependencies : Invalid condition id : UX DEVICE CLASS RTOS Condition cause : null
2025-10-06 17:47:53,439 [WARN] ConditionMgr:1044 - genDependencies : Invalid condition id : UX DEVICE CLASS RTOS Condition cause : null
2025-10-06 17:47:53,439 [WARN] ConditionMgr:1044 - genDependencies : Invalid condition id : UX DEVICE CLASS RTOS Condition cause : null
2025-10-06 17:47:53,451 [WARN] PackLoader:240 - Cannot read IP mode file for STMicroelectronics.X-CUBE-GNSS1.7.0.0
2025-10-06 17:47:53,462 [WARN] PackLoader:240 - Cannot read IP mode file for STMicroelectronics.X-CUBE-GNSS1.7.0.1
2025-10-06 17:47:53,469 [WARN] PackLoader:240 - Cannot read IP mode file for STMicroelectronics.X-CUBE-TOUCHGFX.4.25.0
2025-10-06 17:47:53,483 [WARN] PackLoader:240 - Cannot read IP mode file for STMicroelectronics.FP-SNS-STBOX1.2.0.0
2025-10-06 17:47:53,516 [WARN] PackLoader:240 - Cannot read IP mode file for STMicroelectronics.X-CUBE-SUBG2.5.0.0
2025-10-06 17:47:53,631 [WARN] PackLoader:240 - Cannot read IP mode file for STMicroelectronics.X-CUBE-AZRTOS-H7RS.1.1.0
2025-10-06 17:47:53,679 [WARN] PackLoader:240 - Cannot read IP mode file for STMicroelectronics.X-CUBE-AZRTOS-G4.2.0.0
2025-10-06 17:47:53,714 [WARN] PackLoader:240 - Cannot read IP mode file for Infineon.AIROC-Wi-Fi-Bluetooth-STM32.1.5.1
2025-10-06 17:47:53,733 [WARN] PackLoader:240 - Cannot read IP mode file for STMicroelectronics.X-CUBE-NFC7.2.0.0
2025-10-06 17:47:53,743 [WARN] PackLoader:240 - Cannot read IP mode file for STMicroelectronics.FP-SNS-MOTENVWB1.1.3.1
2025-10-06 17:47:53,755 [WARN] PackLoader:240 - Cannot read IP mode file for STMicroelectronics.X-CUBE-ISPU.2.0.0
2025-10-06 17:47:53,789 [WARN] PackLoader:240 - Cannot read IP mode file for STMicroelectronics.X-CUBE-IPS.3.1.0
2025-10-06 17:47:53,814 [WARN] PackLoader:240 - Cannot read IP mode file for STMicroelectronics.X-CUBE-ALS.1.0.2
2025-10-06 17:47:53,920 [WARN] PackLoader:240 - Cannot read IP mode file for STMicroelectronics.X-CUBE-MEMS1.10.0.0
2025-10-06 17:47:54,397 [WARN] PackLoader:240 - Cannot read IP mode file for STMicroelectronics.X-CUBE-FREERTOS.1.1.0
2025-10-06 17:47:54,409 [WARN] PackLoader:240 - Cannot read IP mode file for STMicroelectronics.X-CUBE-TOUCHGFX.4.24.0
2025-10-06 17:47:54,423 [WARN] PackLoader:240 - Cannot read IP mode file for STMicroelectronics.X-CUBE-TOUCHGFX.4.24.2
2025-10-06 17:47:54,430 [WARN] PackLoader:240 - Cannot read IP mode file for STMicroelectronics.X-CUBE-TOUCHGFX.4.24.1
2025-10-06 17:47:54,445 [WARN] PackLoader:240 - Cannot read IP mode file for STMicroelectronics.X-CUBE-STSE01.1.0.0
2025-10-06 17:47:54,510 [WARN] PackLoader:240 - Cannot read IP mode file for portGmbH.I-Cube-SoM-uGOAL.1.1.0
2025-10-06 17:47:54,543 [WARN] PackLoader:240 - Cannot read IP mode file for STMicroelectronics.X-CUBE-ALS.1.0.1
2025-10-06 17:47:54,627 [WARN] PackLoader:240 - Cannot read IP mode file for STMicroelectronics.X-CUBE-AZRTOS-H7RS.1.0.0
2025-10-06 17:47:54,640 [WARN] PackLoader:240 - Cannot read IP mode file for STMicroelectronics.FP-ATR-ASTRA1.2.0.0
2025-10-06 17:47:54,672 [WARN] PackLoader:240 - Cannot read IP mode file for STMicroelectronics.X-CUBE-TOF1.3.4.2
2025-10-06 17:47:54,736 [WARN] PackLoader:240 - Cannot read IP mode file for STMicroelectronics.X-CUBE-TOF1.3.4.3
2025-10-06 17:52:41,696 [INFO] Activator:176 - 


2025-10-06 17:52:41,704 [INFO] Activator:177 - !SESSION log4j initialized
2025-10-06 17:53:00,767 [INFO] LogOutputStream:77 - [STDOUT_REDIRECT] 
2025-10-06 17:53:05,291 [INFO] LogOutputStream:77 - [STDOUT_REDIRECT] 
2025-10-06 17:53:12,425 [ERROR] LogOutputStream:75 - [STDERR_REDIRECT] 
2025-10-06 17:53:13,601 [ERROR] LogOutputStream:75 - [STDERR_REDIRECT] java.net.URISyntaxException: Illegal character in path at index 56: file:/Users/liangnie/Documents/GitHub/STM32CUBEIDE/Liang Nie/.metadata/.log4j2.xml
2025-10-06 17:53:13,602 [ERROR] LogOutputStream:75 - [STDERR_REDIRECT] 	at java.base/java.net.URI$Parser.fail(URI.java:2995)
2025-10-06 17:53:13,603 [ERROR] LogOutputStream:75 - [STDERR_REDIRECT] 	at java.base/java.net.URI$Parser.checkChars(URI.java:3166)
2025-10-06 17:53:13,604 [ERROR] LogOutputStream:75 - [STDERR_REDIRECT] 	at java.base/java.net.URI$Parser.parseHierarchical(URI.java:3248)
2025-10-06 17:53:13,604 [ERROR] LogOutputStream:75 - [STDERR_REDIRECT] 	at java.base/java.net.URI$Parser.parse(URI.java:3196)
2025-10-06 17:53:13,605 [ERROR] LogOutputStream:75 - [STDERR_REDIRECT] 	at java.base/java.net.URI.<init>(URI.java:645)
2025-10-06 17:53:13,606 [ERROR] LogOutputStream:75 - [STDERR_REDIRECT] 	at java.base/java.net.URL.toURI(URL.java:1220)
2025-10-06 17:53:13,607 [ERROR] LogOutputStream:75 - [STDERR_REDIRECT] 	at com.st.stm32cube.common.mx.core.CubeMxInstance.getInstance(CubeMxInstance.java:81)
2025-10-06 17:53:13,607 [ERROR] LogOutputStream:75 - [STDERR_REDIRECT] 	at com.st.stm32cube.common.mx.userauth.UserAuthAdapter.<init>(UserAuthAdapter.java:25)
2025-10-06 17:53:13,608 [ERROR] LogOutputStream:75 - [STDERR_REDIRECT] 	at com.st.stm32cube.common.mx.userauth.UserAuthProvider.getUserAuthAdapter(UserAuthProvider.java:16)
2025-10-06 17:53:13,609 [ERROR] LogOutputStream:75 - [STDERR_REDIRECT] 	at com.st.stm32cube.common.ecosystemintegration.ui.core.MCUEcoSystemIntegrationUiHelper.getUserAuth(MCUEcoSystemIntegrationUiHelper.java:100)
2025-10-06 17:53:13,610 [ERROR] LogOutputStream:75 - [STDERR_REDIRECT] 	at com.st.stm32cube.ide.mcu.userauth.UserAuthStartup.earlyStartup(UserAuthStartup.java:32)
2025-10-06 17:53:13,627 [ERROR] LogOutputStream:75 - [STDERR_REDIRECT] 	at org.eclipse.ui.internal.EarlyStartupRunnable.runEarlyStartup(EarlyStartupRunnable.java:79)
2025-10-06 17:53:13,628 [ERROR] LogOutputStream:75 - [STDERR_REDIRECT] 	at org.eclipse.ui.internal.EarlyStartupRunnable.run(EarlyStartupRunnable.java:55)
2025-10-06 17:53:13,629 [ERROR] LogOutputStream:75 - [STDERR_REDIRECT] 	at org.eclipse.core.runtime.SafeRunner.run(SafeRunner.java:47)
2025-10-06 17:53:13,630 [ERROR] LogOutputStream:75 - [STDERR_REDIRECT] 	at org.eclipse.ui.internal.Workbench$39.run(Workbench.java:2733)
2025-10-06 17:53:13,631 [ERROR] LogOutputStream:75 - [STDERR_REDIRECT] 	at org.eclipse.core.internal.jobs.Worker.run(Worker.java:63)
2025-10-06 17:53:14,586 [INFO] ApplicationProperties:184 - Using Application install path: /Applications/STM32CubeIDE.app/Contents/Eclipse/plugins/com.st.stm32cube.common.mx_6.15.0.202507011659
2025-10-06 17:53:14,652 [INFO] DbMcusXml:78 - Set database path to: /Applications/STM32CubeIDE.app/Contents/Eclipse/plugins/com.st.stm32cube.common.mx_6.15.0.202507011659//db//mcu/
2025-10-06 17:53:14,653 [INFO] ApiDb:274 - Set plugin database path to: /Applications/STM32CubeIDE.app/Contents/Eclipse/plugins/com.st.stm32cube.common.mx_6.15.0.202507011659//db//plugins/boardmanager/
2025-10-06 17:53:14,654 [WARN] ApiDb:259 - Overriding images path with different value:  => /Applications/STM32CubeIDE.app/Contents/Eclipse/plugins/com.st.stm32cube.common.mx_6.15.0.202507011659//db//plugins/mcufinder/images/
2025-10-06 17:53:14,671 [INFO] ApiDb:250 - Set database path to: /Users/liangnie/.stmcufinder/plugins/mcufinder//mcu/
2025-10-06 17:53:14,677 [INFO] DbMcusAds:125 - Set database path to: /Users/liangnie/.stmcufinder/plugins/mcufinder//mcu/
2025-10-06 17:53:14,686 [INFO] CrossReferenceDbSqlite:203 - Set database path to: /Users/liangnie/.stmcufinder/plugins/mcufinder//mcu/cs/
2025-10-06 17:53:15,122 [INFO] RulesReader:64 - Compatibility file has been processed (317 Rules)
2025-10-06 17:53:15,338 [INFO] DbMcusXml:78 - Set database path to: /Applications/STM32CubeIDE.app/Contents/Eclipse/plugins/com.st.stm32cube.common.mx_6.15.0.202507011659//db//mcu/
2025-10-06 17:53:15,338 [INFO] ApiDb:274 - Set plugin database path to: /Applications/STM32CubeIDE.app/Contents/Eclipse/plugins/com.st.stm32cube.common.mx_6.15.0.202507011659//db//plugins/boardmanager/
2025-10-06 17:53:15,339 [INFO] ApiDb:261 - Set plugin images path to: /Applications/STM32CubeIDE.app/Contents/Eclipse/plugins/com.st.stm32cube.common.mx_6.15.0.202507011659//db//plugins/mcufinder/images/
2025-10-06 17:53:15,339 [WARN] DbFile:41 - Overriding database path with different value: /Users/liangnie/.stmcufinder/plugins/mcufinder/ => /Users/liangnie/.stmcufinder/plugins/mcufinder
2025-10-06 17:53:15,340 [INFO] ApiDb:250 - Set database path to: /Users/liangnie/.stmcufinder/plugins/mcufinder//mcu/
2025-10-06 17:53:15,340 [WARN] DbFile:41 - Overriding database path with different value: /Users/liangnie/.stmcufinder/plugins/mcufinder/ => /Users/liangnie/.stmcufinder/plugins/mcufinder
2025-10-06 17:53:15,341 [INFO] DbMcusAds:125 - Set database path to: /Users/liangnie/.stmcufinder/plugins/mcufinder//mcu/
2025-10-06 17:53:15,341 [WARN] DbFile:41 - Overriding database path with different value: /Users/liangnie/.stmcufinder/plugins/mcufinder/ => /Users/liangnie/.stmcufinder/plugins/mcufinder
2025-10-06 17:53:15,342 [WARN] DbFile:41 - Overriding database path with different value: /Users/liangnie/.stmcufinder/plugins/mcufinder/ => /Users/liangnie/.stmcufinder/plugins/mcufinder
2025-10-06 17:53:15,342 [INFO] CrossReferenceDbSqlite:203 - Set database path to: /Users/liangnie/.stmcufinder/plugins/mcufinder//mcu/cs/
2025-10-06 17:53:15,588 [INFO] MainPanel:274 - HeapMemory: 268435456
2025-10-06 17:53:18,032 [INFO] DbMcusXml:78 - Set database path to: /Applications/STM32CubeIDE.app/Contents/Eclipse/plugins/com.st.stm32cube.common.mx_6.15.0.202507011659//db//mcu/
2025-10-06 17:53:18,032 [INFO] ApiDb:274 - Set plugin database path to: /Applications/STM32CubeIDE.app/Contents/Eclipse/plugins/com.st.stm32cube.common.mx_6.15.0.202507011659//db//plugins/boardmanager/
2025-10-06 17:53:18,033 [INFO] ApiDb:261 - Set plugin images path to: /Applications/STM32CubeIDE.app/Contents/Eclipse/plugins/com.st.stm32cube.common.mx_6.15.0.202507011659//db//plugins/mcufinder/images/
2025-10-06 17:53:18,034 [WARN] DbFile:41 - Overriding database path with different value: /Users/liangnie/.stmcufinder/plugins/mcufinder/ => /Users/liangnie/.stmcufinder/plugins/mcufinder
2025-10-06 17:53:18,034 [INFO] ApiDb:250 - Set database path to: /Users/liangnie/.stmcufinder/plugins/mcufinder//mcu/
2025-10-06 17:53:18,034 [WARN] DbFile:41 - Overriding database path with different value: /Users/liangnie/.stmcufinder/plugins/mcufinder/ => /Users/liangnie/.stmcufinder/plugins/mcufinder
2025-10-06 17:53:18,035 [INFO] DbMcusAds:125 - Set database path to: /Users/liangnie/.stmcufinder/plugins/mcufinder//mcu/
2025-10-06 17:53:18,035 [WARN] DbFile:41 - Overriding database path with different value: /Users/liangnie/.stmcufinder/plugins/mcufinder/ => /Users/liangnie/.stmcufinder/plugins/mcufinder
2025-10-06 17:53:18,035 [WARN] DbFile:41 - Overriding database path with different value: /Users/liangnie/.stmcufinder/plugins/mcufinder/ => /Users/liangnie/.stmcufinder/plugins/mcufinder
2025-10-06 17:53:18,038 [INFO] CrossReferenceDbSqlite:203 - Set database path to: /Users/liangnie/.stmcufinder/plugins/mcufinder//mcu/cs/
2025-10-06 17:53:18,093 [INFO] ApplicationProperties:184 - Using Application install path: /Applications/STM32CubeIDE.app/Contents/Eclipse/plugins/com.st.stm32cube.common.mx_6.15.0.202507011659
2025-10-06 17:53:18,099 [INFO] PluginManage:196 - Search for loadable plugins [exclusion list=, ]
2025-10-06 17:53:18,102 [INFO] PluginManage:310 - Check plugin analytics
2025-10-06 17:53:18,787 [INFO] AnalyticsPlugin:253 - Accepted Software Licenses: 
2025-10-06 17:53:18,787 [INFO] AnalyticsPlugin:255 - Accepted CMSIS Pack Licenses: 
2025-10-06 17:53:18,788 [INFO] AnalyticsPlugin:257 - Accepted Firmware Licenses: FW.F4.1.28.0,FW.H7.1.11.0
2025-10-06 17:53:18,798 [INFO] PluginManage:359 - Loaded plugin analytics (category:tool,tabindex:-1)
2025-10-06 17:53:18,801 [INFO] PluginManage:310 - Check plugin cadmodel
2025-10-06 17:53:18,822 [INFO] CADModel:105 - Init CAD model plugin
2025-10-06 17:53:18,823 [INFO] PluginManage:359 - Loaded plugin cadmodel (category:power,tabindex:5)
2025-10-06 17:53:18,823 [INFO] PluginManage:310 - Check plugin clock
2025-10-06 17:53:18,856 [INFO] PluginManage:359 - Loaded plugin clock (category:base,tabindex:2)
2025-10-06 17:53:18,857 [INFO] PluginManage:310 - Check plugin ddr
2025-10-06 17:53:18,867 [INFO] PluginManage:359 - Loaded plugin ddr (category:tool,tabindex:6)
2025-10-06 17:53:18,870 [INFO] PluginManage:310 - Check plugin filemanager
2025-10-06 17:53:19,577 [INFO] PluginManage:359 - Loaded plugin filemanager (category:base,tabindex:10)
2025-10-06 17:53:19,578 [INFO] PluginManage:310 - Check plugin ipmanager
2025-10-06 17:53:19,605 [INFO] PluginManage:359 - Loaded plugin ipmanager (category:base,tabindex:5)
2025-10-06 17:53:19,606 [INFO] PluginManage:310 - Check plugin lpbam
2025-10-06 17:53:19,647 [INFO] PluginManage:359 - Loaded plugin lpbam (category:base,tabindex:0)
2025-10-06 17:53:19,648 [INFO] PluginManage:310 - Check plugin memorymap
2025-10-06 17:53:19,714 [INFO] PluginManage:359 - Loaded plugin memorymap (category:base,tabindex:4)
2025-10-06 17:53:19,714 [INFO] PluginManage:310 - Check plugin pinoutandconfiguration
2025-10-06 17:53:19,740 [INFO] PluginManage:359 - Loaded plugin pinoutandconfiguration (category:base,tabindex:1)
2025-10-06 17:53:19,741 [INFO] PluginManage:310 - Check plugin pinoutconfig
2025-10-06 17:53:20,361 [WARN] SupportedApi:132 - Cannot load RTOS API schema: s4s-elt-must-match.1: The content of 'definitions' must match (annotation?, (simpleType | complexType)?, (unique | key | keyref)*)). A problem was found starting at: attribute.
2025-10-06 17:53:20,811 [INFO] PluginManage:359 - Loaded plugin pinoutconfig (category:base,tabindex:0)
2025-10-06 17:53:20,812 [INFO] PluginManage:310 - Check plugin power
2025-10-06 17:53:20,833 [INFO] PluginManage:359 - Loaded plugin power (category:power,tabindex:4)
2025-10-06 17:53:20,834 [INFO] PluginManage:310 - Check plugin projectmanager
2025-10-06 17:53:20,873 [INFO] PluginManage:359 - Loaded plugin projectmanager (category:projectmanager,tabindex:4)
2025-10-06 17:53:20,874 [INFO] PluginManage:310 - Check plugin rif
2025-10-06 17:53:20,902 [INFO] PluginManage:359 - Loaded plugin rif (category:base,tabindex:3)
2025-10-06 17:53:20,903 [INFO] PluginManage:310 - Check plugin thirdparty
2025-10-06 17:53:21,366 [INFO] PluginManage:359 - Loaded plugin thirdparty (category:base,tabindex:-1)
2025-10-06 17:53:21,366 [WARN] IntegrityCheckThread:84 - waiting for thirdparty lock release [integrity check]
2025-10-06 17:53:21,367 [INFO] PluginManage:310 - Check plugin tools
2025-10-06 17:53:21,367 [INFO] IntegrityCheckThread:86 - entering critical section [integrity check]
2025-10-06 17:53:21,368 [INFO] ThirdPartyUpdaterWithRetryManager:70 - Updater plugin not ready yet. [1/15]
2025-10-06 17:53:21,375 [INFO] PluginManage:359 - Loaded plugin tools (category:base,tabindex:7)
2025-10-06 17:53:21,376 [INFO] PluginManage:310 - Check plugin tutovideos
2025-10-06 17:53:22,020 [INFO] PluginManage:359 - Loaded plugin tutovideos (category:base,tabindex:-1)
2025-10-06 17:53:22,028 [INFO] PluginManage:310 - Check plugin updater
2025-10-06 17:53:22,090 [INFO] PluginManage:359 - Loaded plugin updater (category:base,tabindex:12)
2025-10-06 17:53:22,090 [INFO] PluginManage:310 - Check plugin userauth
2025-10-06 17:53:22,099 [INFO] UserAuth:118 - Init User Auth plugin
2025-10-06 17:53:22,101 [INFO] PluginManage:359 - Loaded plugin userauth (category:base,tabindex:14)
2025-10-06 17:53:22,102 [INFO] PluginManage:283 - PluginManage : Loaded plugins [18]
2025-10-06 17:53:22,836 [INFO] PinOutPanel:1589 - setPackage(No Configuration,No Configuration)
2025-10-06 17:53:23,067 [INFO] CADModel:165 - CPN selected for project level
2025-10-06 17:53:23,068 [INFO] CADModel:114 - Register for checkConnection events
2025-10-06 17:53:23,098 [INFO] IPUIPlugin:80 - create IPUIPlugin
2025-10-06 17:53:23,100 [INFO] PluginManager:220 - loadIPPluginJar : add mdma
2025-10-06 17:53:23,116 [INFO] IPUIPlugin:80 - create IPUIPlugin
2025-10-06 17:53:23,117 [INFO] PluginManager:220 - loadIPPluginJar : add freertos
2025-10-06 17:53:23,130 [INFO] IPUIPlugin:80 - create IPUIPlugin
2025-10-06 17:53:23,130 [INFO] PluginManager:220 - loadIPPluginJar : add gic
2025-10-06 17:53:23,181 [INFO] IPUIPlugin:80 - create IPUIPlugin
2025-10-06 17:53:23,181 [INFO] PluginManager:220 - loadIPPluginJar : add adc
2025-10-06 17:53:23,188 [INFO] IPUIPlugin:80 - create IPUIPlugin
2025-10-06 17:53:23,188 [INFO] PluginManager:220 - loadIPPluginJar : add gtzc
2025-10-06 17:53:23,192 [INFO] IPUIPlugin:80 - create IPUIPlugin
2025-10-06 17:53:23,193 [INFO] PluginManager:220 - loadIPPluginJar : add quadspi
2025-10-06 17:53:23,199 [INFO] IPUIPlugin:80 - create IPUIPlugin
2025-10-06 17:53:23,199 [INFO] PluginManager:220 - loadIPPluginJar : add aes
2025-10-06 17:53:23,206 [INFO] IPUIPlugin:80 - create IPUIPlugin
2025-10-06 17:53:23,207 [INFO] PluginManager:220 - loadIPPluginJar : add pdm2pcm
2025-10-06 17:53:23,212 [INFO] IPUIPlugin:80 - create IPUIPlugin
2025-10-06 17:53:23,212 [INFO] PluginManager:220 - loadIPPluginJar : add hash
2025-10-06 17:53:23,217 [INFO] IPUIPlugin:80 - create IPUIPlugin
2025-10-06 17:53:23,217 [INFO] PluginManager:220 - loadIPPluginJar : add tim
2025-10-06 17:53:23,222 [INFO] IPUIPlugin:80 - create IPUIPlugin
2025-10-06 17:53:23,223 [INFO] PluginManager:220 - loadIPPluginJar : add tsc
2025-10-06 17:53:23,230 [INFO] IPUIPlugin:80 - create IPUIPlugin
2025-10-06 17:53:23,231 [INFO] PluginManager:220 - loadIPPluginJar : add extmemmanager
2025-10-06 17:53:23,235 [INFO] IPUIPlugin:80 - create IPUIPlugin
2025-10-06 17:53:23,235 [INFO] PluginManager:220 - loadIPPluginJar : add ts
2025-10-06 17:53:23,240 [INFO] IPUIPlugin:80 - create IPUIPlugin
2025-10-06 17:53:23,241 [INFO] PluginManager:220 - loadIPPluginJar : add radio
2025-10-06 17:53:23,247 [INFO] IPUIPlugin:80 - create IPUIPlugin
2025-10-06 17:53:23,247 [INFO] PluginManager:220 - loadIPPluginJar : add can
2025-10-06 17:53:23,252 [INFO] IPUIPlugin:80 - create IPUIPlugin
2025-10-06 17:53:23,252 [INFO] PluginManager:220 - loadIPPluginJar : add dma3
2025-10-06 17:53:23,257 [INFO] IPUIPlugin:80 - create IPUIPlugin
2025-10-06 17:53:23,258 [INFO] PluginManager:220 - loadIPPluginJar : add dfsdm
2025-10-06 17:53:23,262 [INFO] IPUIPlugin:80 - create IPUIPlugin
2025-10-06 17:53:23,263 [INFO] PluginManager:220 - loadIPPluginJar : add spi
2025-10-06 17:53:23,267 [INFO] IPUIPlugin:80 - create IPUIPlugin
2025-10-06 17:53:23,268 [INFO] PluginManager:220 - loadIPPluginJar : add gfxmmu
2025-10-06 17:53:23,270 [INFO] IPUIPlugin:80 - create IPUIPlugin
2025-10-06 17:53:23,271 [INFO] PluginManager:220 - loadIPPluginJar : add genericplugin
2025-10-06 17:53:23,275 [INFO] IPUIPlugin:80 - create IPUIPlugin
2025-10-06 17:53:23,276 [INFO] PluginManager:220 - loadIPPluginJar : add cryp
2025-10-06 17:53:23,286 [INFO] IPUIPlugin:80 - create IPUIPlugin
2025-10-06 17:53:23,287 [INFO] PluginManager:220 - loadIPPluginJar : add gpio
2025-10-06 17:53:23,292 [INFO] IPUIPlugin:80 - create IPUIPlugin
2025-10-06 17:53:23,293 [INFO] PluginManager:220 - loadIPPluginJar : add ddr_ctrl_phy
2025-10-06 17:53:23,296 [INFO] IPUIPlugin:80 - create IPUIPlugin
2025-10-06 17:53:23,296 [INFO] PluginManager:220 - loadIPPluginJar : add comp
2025-10-06 17:53:23,303 [INFO] IPUIPlugin:80 - create IPUIPlugin
2025-10-06 17:53:23,303 [INFO] PluginManager:220 - loadIPPluginJar : add tracer_emb
2025-10-06 17:53:23,309 [INFO] IPUIPlugin:80 - create IPUIPlugin
2025-10-06 17:53:23,310 [INFO] PluginManager:220 - loadIPPluginJar : add openamp
2025-10-06 17:53:23,326 [INFO] IPUIPlugin:80 - create IPUIPlugin
2025-10-06 17:53:23,327 [INFO] PluginManager:220 - loadIPPluginJar : add stm32_wpan
2025-10-06 17:53:23,340 [INFO] IPUIPlugin:80 - create IPUIPlugin
2025-10-06 17:53:23,346 [INFO] PluginManager:220 - loadIPPluginJar : add plateformsettings
2025-10-06 17:53:23,353 [INFO] IPUIPlugin:80 - create IPUIPlugin
2025-10-06 17:53:23,354 [INFO] PluginManager:220 - loadIPPluginJar : add ipddr
2025-10-06 17:53:23,359 [INFO] IPUIPlugin:80 - create IPUIPlugin
2025-10-06 17:53:23,360 [INFO] PluginManager:220 - loadIPPluginJar : add usart
2025-10-06 17:53:23,363 [INFO] IPUIPlugin:80 - create IPUIPlugin
2025-10-06 17:53:23,363 [INFO] PluginManager:220 - loadIPPluginJar : add ltdc
2025-10-06 17:53:23,371 [INFO] IPUIPlugin:80 - create IPUIPlugin
2025-10-06 17:53:23,372 [INFO] PluginManager:220 - loadIPPluginJar : add nvic
2025-10-06 17:53:23,374 [INFO] IPUIPlugin:80 - create IPUIPlugin
2025-10-06 17:53:23,375 [INFO] PluginManager:220 - loadIPPluginJar : add fatfs
2025-10-06 17:53:23,391 [INFO] IPUIPlugin:80 - create IPUIPlugin
2025-10-06 17:53:23,392 [INFO] PluginManager:220 - loadIPPluginJar : add linkedlist
2025-10-06 17:53:23,404 [INFO] IPUIPlugin:80 - create IPUIPlugin
2025-10-06 17:53:23,405 [INFO] PluginManager:220 - loadIPPluginJar : add dma
2025-10-06 17:53:23,418 [INFO] IPUIPlugin:80 - create IPUIPlugin
2025-10-06 17:53:23,419 [INFO] PluginManager:220 - loadIPPluginJar : add fmc
2025-10-06 17:53:23,424 [INFO] IPUIPlugin:80 - create IPUIPlugin
2025-10-06 17:53:23,425 [INFO] PluginManager:220 - loadIPPluginJar : add i2s
2025-10-06 17:53:23,428 [INFO] IPUIPlugin:80 - create IPUIPlugin
2025-10-06 17:53:23,429 [INFO] PluginManager:220 - loadIPPluginJar : add ucpd
2025-10-06 17:53:23,434 [INFO] IPUIPlugin:80 - create IPUIPlugin
2025-10-06 17:53:23,434 [INFO] PluginManager:220 - loadIPPluginJar : add lorawan
2025-10-06 17:53:23,440 [INFO] IPUIPlugin:80 - create IPUIPlugin
2025-10-06 17:53:23,441 [INFO] PluginManager:220 - loadIPPluginJar : add opamp
2025-10-06 17:53:23,447 [INFO] IPUIPlugin:80 - create IPUIPlugin
2025-10-06 17:53:23,448 [INFO] PluginManager:220 - loadIPPluginJar : add i3c
2025-10-06 17:53:23,457 [INFO] IPUIPlugin:80 - create IPUIPlugin
2025-10-06 17:53:23,457 [INFO] PluginManager:220 - loadIPPluginJar : add touchsensing
2025-10-06 17:53:23,464 [INFO] IPUIPlugin:80 - create IPUIPlugin
2025-10-06 17:53:23,464 [INFO] PluginManager:220 - loadIPPluginJar : add i2c
2025-10-06 17:53:23,472 [INFO] IPUIPlugin:80 - create IPUIPlugin
2025-10-06 17:53:23,472 [INFO] PluginManager:220 - loadIPPluginJar : add resmgrutility
2025-10-06 17:53:23,479 [INFO] IPUIPlugin:80 - create IPUIPlugin
2025-10-06 17:53:23,479 [INFO] PluginManager:220 - loadIPPluginJar : add sai
2025-10-06 17:53:23,489 [INFO] IPUIPlugin:80 - create IPUIPlugin
2025-10-06 17:53:23,489 [INFO] PluginManager:220 - loadIPPluginJar : add usbx
2025-10-06 17:53:23,648 [FATAL] Updater:351 - Updater called before beeing initialized
2025-10-06 17:53:23,740 [INFO] RulesReader:64 - Compatibility file has been processed (317 Rules)
2025-10-06 17:53:23,776 [INFO] RulesReader:64 - Compatibility file has been processed (317 Rules)
2025-10-06 17:53:23,795 [INFO] CADModel:165 - CPN selected for project level
2025-10-06 17:53:23,796 [INFO] CADModel:114 - Register for checkConnection events
2025-10-06 17:53:23,796 [FATAL] Updater:351 - Updater called before beeing initialized
2025-10-06 17:53:23,796 [ERROR] CADModel:125 - Updater not yet initialized, retry later 
2025-10-06 17:53:24,283 [FATAL] Updater:351 - Updater called before beeing initialized
2025-10-06 17:53:24,289 [INFO] CADModel:165 - CPN selected for project level
2025-10-06 17:53:24,289 [INFO] CADModel:114 - Register for checkConnection events
2025-10-06 17:53:24,290 [FATAL] Updater:351 - Updater called before beeing initialized
2025-10-06 17:53:24,290 [ERROR] CADModel:125 - Updater not yet initialized, retry later 
2025-10-06 17:53:24,339 [FATAL] Updater:351 - Updater called before beeing initialized
2025-10-06 17:53:24,369 [INFO] ThirdPartyUpdaterWithRetryManager:70 - Updater plugin not ready yet. [2/15]
2025-10-06 17:53:24,613 [FATAL] Updater:351 - Updater called before beeing initialized
2025-10-06 17:53:24,626 [INFO] DbMcusAds:53 - JSON generation date=Tue Jul 08 01:14:23 PDT 2025 (1751962463582)
2025-10-06 17:53:24,627 [FATAL] Updater:351 - Updater called before beeing initialized
2025-10-06 17:53:24,833 [WARN] DetailPanel:346 - Failed to get advertising image, set to default
2025-10-06 17:53:25,136 [FATAL] Updater:351 - Updater called before beeing initialized
2025-10-06 17:53:25,140 [FATAL] Updater:351 - Updater called before beeing initialized
2025-10-06 17:53:25,140 [FATAL] Updater:351 - Updater called before beeing initialized
2025-10-06 17:53:25,140 [WARN] DetailPanel:346 - Failed to get advertising image, set to default
2025-10-06 17:53:25,143 [FATAL] Updater:351 - Updater called before beeing initialized
2025-10-06 17:53:25,228 [ERROR] Updater:1198 - MainUpdater not yet initialized. External WinMGr cannot be set.
2025-10-06 17:53:25,232 [INFO] Updater:1134 - Updater Version found : 6.15.0
2025-10-06 17:53:25,276 [INFO] ApplicationProperties:184 - Using Application install path: /Applications/STM32CubeIDE.app/Contents/Eclipse/plugins/com.st.stm32cube.common.mx_6.15.0.202507011659
2025-10-06 17:53:26,019 [INFO] MainUpdater:2872 - connection check result : 10
2025-10-06 17:53:26,020 [INFO] MainUpdater:289 - Updater Check For Update Now.
2025-10-06 17:53:26,021 [INFO] MicroXplorer:498 - Change Database Version : DB.6.0.150
2025-10-06 17:53:26,033 [INFO] McuFinderGlobals:63 - Set McuFinder mode to 2 (CubeIDE integrated)
2025-10-06 17:53:26,035 [INFO] UserAuth:487 - Internet connection configuration mode: 1
2025-10-06 17:53:26,075 [INFO] JxBrowserEngine:152 - Initiate JxBrowser Engine with user profile folder
2025-10-06 17:53:26,384 [INFO] CheckServerUpdateThread:120 - End of CheckServer Thread
2025-10-06 17:53:28,024 [WARN] PackLoader:240 - Cannot read IP mode file for STMicroelectronics.FP-SNS-MOTENVWB1.1.4.0
2025-10-06 17:53:28,077 [WARN] PackLoader:240 - Cannot read IP mode file for STMicroelectronics.FP-ATR-ASTRA1.2.0.2
2025-10-06 17:53:28,093 [WARN] PackLoader:240 - Cannot read IP mode file for STMicroelectronics.FP-ATR-ASTRA1.2.0.1
2025-10-06 17:53:28,114 [WARN] PackLoader:240 - Cannot read IP mode file for STMicroelectronics.X-CUBE-SMBUS.2.1.0
2025-10-06 17:53:28,164 [WARN] PackLoader:240 - Cannot read IP mode file for STMicroelectronics.X-CUBE-WB05N.1.1.0
2025-10-06 17:53:28,181 [WARN] PackLoader:240 - Cannot read IP mode file for STMicroelectronics.X-CUBE-TOUCHGFX.4.23.1
2025-10-06 17:53:28,188 [WARN] PackLoader:240 - Cannot read IP mode file for STMicroelectronics.X-CUBE-TOUCHGFX.4.23.0
2025-10-06 17:53:28,201 [WARN] PackLoader:240 - Cannot read IP mode file for STMicroelectronics.X-CUBE-TOUCHGFX.4.23.2
2025-10-06 17:53:28,305 [WARN] PackLoader:240 - Cannot read IP mode file for STMicroelectronics.X-CUBE-AZRTOS-F7.1.1.0
2025-10-06 17:53:28,343 [WARN] PackLoader:240 - Cannot read IP mode file for STMicroelectronics.FP-SNS-MOTENV1.4.3.2
2025-10-06 17:53:28,861 [WARN] PackLoader:240 - Cannot read IP mode file for STMicroelectronics.X-CUBE-MEMS1.11.0.0
2025-10-06 17:53:30,194 [INFO] WebApp:169 - Instantiating new browser for Auth
2025-10-06 17:53:30,399 [WARN] PackLoader:240 - Cannot read IP mode file for STMicroelectronics.FP-SNS-FLIGHT1.5.0.2
2025-10-06 17:53:30,514 [WARN] PackLoader:240 - Cannot read IP mode file for STMicroelectronics.X-CUBE-AZRTOS-H7.3.4.0
2025-10-06 17:53:30,595 [WARN] PackLoader:240 - Cannot read IP mode file for STMicroelectronics.X-CUBE-DISPLAY.3.0.0
2025-10-06 17:53:30,639 [WARN] PackLoader:240 - Cannot read IP mode file for STMicroelectronics.X-CUBE-BLE1.7.0.0
2025-10-06 17:53:30,692 [WARN] PackLoader:240 - Cannot read IP mode file for STMicroelectronics.X-CUBE-NFC10.1.0.0
2025-10-06 17:53:30,738 [WARN] PackLoader:240 - Cannot read IP mode file for STMicroelectronics.X-CUBE-BLEMGR.4.0.0
2025-10-06 17:53:30,788 [WARN] PackLoader:240 - Cannot read IP mode file for emotas.I-CUBE-CANOPEN.1.3.0
2025-10-06 17:53:30,825 [WARN] PackLoader:240 - Cannot read IP mode file for STMicroelectronics.X-CUBE-BLEMGR.3.1.0
2025-10-06 17:53:30,928 [WARN] PackLoader:240 - Cannot read IP mode file for STMicroelectronics.X-CUBE-AI.10.0.0
2025-10-06 17:53:30,948 [WARN] PackLoader:240 - Cannot read IP mode file for STMicroelectronics.FP-SNS-STBOX1.2.1.0
2025-10-06 17:53:30,974 [WARN] PackLoader:240 - Cannot read IP mode file for STMicroelectronics.FP-SNS-SMARTAG2.1.2.0
2025-10-06 17:53:30,982 [WARN] PackLoader:240 - Cannot read IP mode file for STMicroelectronics.FP-SNS-FLIGHT1.5.1.0
2025-10-06 17:53:31,324 [WARN] PackLoader:240 - Cannot read IP mode file for STMicroelectronics.X-CUBE-MEMS1.11.1.0
2025-10-06 17:53:32,713 [INFO] LogOutputStream:77 - [STDOUT_REDIRECT] 1 : Invalid condition id : UX_CORESTACK_Condition cause : null
2025-10-06 17:53:32,714 [INFO] LogOutputStream:77 - [STDOUT_REDIRECT] 1 : Invalid condition id : UX_CORESTACK_Condition cause : null
2025-10-06 17:53:32,715 [INFO] LogOutputStream:77 - [STDOUT_REDIRECT] 1 : Invalid condition id : UX_CORESTACK_Condition cause : null
2025-10-06 17:53:32,716 [INFO] LogOutputStream:77 - [STDOUT_REDIRECT] 1 : Invalid condition id : UX_CORESTACK_Condition cause : null
2025-10-06 17:53:32,716 [INFO] LogOutputStream:77 - [STDOUT_REDIRECT] 1 : Invalid condition id : UX_CORESTACK_Condition cause : null
2025-10-06 17:53:32,733 [WARN] PackLoader:240 - Cannot read IP mode file for STMicroelectronics.X-CUBE-AZRTOS-WL.2.0.0
2025-10-06 17:53:32,791 [WARN] PackLoader:240 - Cannot read IP mode file for STMicroelectronics.FP-SNS-MOTENV1.5.0.0
2025-10-06 17:53:32,804 [WARN] PackLoader:240 - Cannot read IP mode file for wolfSSL.I-CUBE-wolfMQTT.1.19.0
2025-10-06 17:53:32,918 [WARN] PackLoader:240 - Cannot read IP mode file for WES.I-CUBE-Cesium.1.3.0
2025-10-06 17:53:32,995 [INFO] WebApp:463 - Apply proxy settings
2025-10-06 17:53:33,006 [INFO] WebApp:508 - Chromium authenticates against Manually configured proxy
2025-10-06 17:53:33,009 [WARN] PackLoader:240 - Cannot read IP mode file for STMicroelectronics.X-CUBE-BLE2.3.3.0
2025-10-06 17:53:33,027 [INFO] WebApp:516 - Username used for proxy authentication: 
2025-10-06 17:53:33,036 [WARN] PackLoader:240 - Cannot read IP mode file for STMicroelectronics.X-CUBE-NFC9.1.0.0
2025-10-06 17:53:33,073 [WARN] PackLoader:240 - Cannot read IP mode file for STMicroelectronics.X-CUBE-BLE1.7.1.0
2025-10-06 17:53:33,108 [WARN] PackLoader:240 - Cannot read IP mode file for STMicroelectronics.X-CUBE-TCPP.4.1.0
2025-10-06 17:53:33,118 [INFO] WebApp:900 - Register for checkConnection events
2025-10-06 17:53:33,118 [INFO] WebApp:463 - Apply proxy settings
2025-10-06 17:53:33,127 [INFO] WebApp:508 - Chromium authenticates against Manually configured proxy
2025-10-06 17:53:33,128 [INFO] WebApp:516 - Username used for proxy authentication: 
2025-10-06 17:53:33,137 [WARN] PackLoader:240 - Cannot read IP mode file for STMicroelectronics.X-CUBE-EEPRMA1.5.2.0
2025-10-06 17:53:33,155 [WARN] PackLoader:240 - Cannot read IP mode file for STMicroelectronics.X-CUBE-AI.10.1.0
2025-10-06 17:53:33,184 [WARN] PackLoader:240 - Cannot read IP mode file for STMicroelectronics.X-CUBE-ALGOBUILD.1.3.0
2025-10-06 17:53:33,383 [INFO] WebApp:191 - Connection restablished
2025-10-06 17:53:34,022 [WARN] PackLoader:240 - Cannot read IP mode file for STMicroelectronics.X-CUBE-MEMS1.11.2.0
2025-10-06 17:53:34,685 [INFO] WebApp:225 - Starting web application
2025-10-06 17:53:34,746 [INFO] WebApp:593 - Web application path used /Applications/STM32CubeIDE.app/Contents/Eclipse/plugins/com.st.stm32cube.common.mx_6.15.0.202507011659/db/plugins/mcufinder/reactClient1/index.html
2025-10-06 17:53:35,014 [INFO] UserAuth:487 - Internet connection configuration mode: 1
2025-10-06 17:53:35,170 [WARN] PackLoader:240 - Cannot read IP mode file for STMicroelectronics.X-CUBE-AZRTOS-G0.1.1.0
2025-10-06 17:53:35,233 [WARN] PackLoader:240 - Cannot read IP mode file for STMicroelectronics.X-CUBE-SAFEA1.1.2.2
2025-10-06 17:53:35,260 [WARN] PackLoader:240 - Cannot read IP mode file for STMicroelectronics.X-CUBE-NFC4.3.0.0
2025-10-06 17:53:35,298 [WARN] PackLoader:240 - Cannot read IP mode file for wolfSSL.I-CUBE-wolfMQTT.1.18.0
2025-10-06 17:53:35,330 [WARN] PackLoader:240 - Cannot read IP mode file for EmbeddedOffice.I-CUBE-FS-RTOS.1.0.1
2025-10-06 17:53:35,371 [WARN] PackLoader:240 - Cannot read IP mode file for STMicroelectronics.X-CUBE-WB05N.2.0.0
2025-10-06 17:53:35,408 [WARN] PackLoader:240 - Cannot read IP mode file for STMicroelectronics.X-CUBE-BLEMGR.3.0.0
2025-10-06 17:53:35,440 [WARN] PackLoader:240 - Cannot read IP mode file for STMicroelectronics.X-CUBE-TCPP.4.2.0
2025-10-06 17:53:35,452 [WARN] PackLoader:240 - Cannot read IP mode file for RealThread.X-CUBE-RT-Thread_Nano.4.1.1
2025-10-06 17:53:35,462 [WARN] PackLoader:240 - Cannot read IP mode file for STMicroelectronics.FP-ATR-SIGFOX1.3.2.0
2025-10-06 17:53:35,470 [WARN] ConditionMgr:438 - getConditionDescription Invalid condition id : Cortex-A Device cause : null
2025-10-06 17:53:35,499 [WARN] ConditionMgr:1044 - genDependencies : Invalid condition id : Cortex-A Device cause : null
2025-10-06 17:53:35,500 [WARN] ConditionMgr:1044 - genDependencies : Invalid condition id : Cortex-A Device cause : null
2025-10-06 17:53:35,500 [WARN] ConditionMgr:1044 - genDependencies : Invalid condition id : Cortex-A Device cause : null
2025-10-06 17:53:35,514 [WARN] PackLoader:240 - Cannot read IP mode file for STMicroelectronics.X-CUBE-EEPRMA1.5.1.0
2025-10-06 17:53:35,535 [WARN] PackLoader:240 - Cannot read IP mode file for STMicroelectronics.X-CUBE-ST67W61.1.0.0
2025-10-06 17:53:35,544 [WARN] PackLoader:240 - Cannot read IP mode file for STMicroelectronics.X-CUBE-AI.10.2.0
2025-10-06 17:53:35,646 [WARN] PackLoader:240 - Cannot read IP mode file for SEGGER.I-CUBE-embOS.1.3.1
2025-10-06 17:53:35,847 [WARN] PackLoader:240 - Cannot read IP mode file for STMicroelectronics.X-CUBE-ALGOBUILD.1.4.0
2025-10-06 17:53:36,038 [WARN] PackLoader:240 - Cannot read IP mode file for STMicroelectronics.X-CUBE-MEMS1.11.3.0
2025-10-06 17:53:36,593 [WARN] PackLoader:240 - Cannot read IP mode file for STMicroelectronics.X-CUBE-AI.9.1.0
2025-10-06 17:53:36,609 [WARN] PackLoader:240 - Cannot read IP mode file for STMicroelectronics.X-CUBE-PM33A1.1.0.0
2025-10-06 17:53:36,634 [WARN] PackLoader:240 - Cannot read IP mode file for STMicroelectronics.X-CUBE-GNSS1.6.0.0
2025-10-06 17:53:36,761 [WARN] PackLoader:240 - Cannot read IP mode file for STMicroelectronics.X-CUBE-AZRTOS-F4.1.1.0
2025-10-06 17:53:36,785 [WARN] PackLoader:240 - Cannot read IP mode file for Avnet-IotConnect.X-CUBE-IoTC-DA16k-PMOD.1.0.0
2025-10-06 17:53:36,797 [WARN] PackLoader:240 - Cannot read IP mode file for STMicroelectronics.X-CUBE-ISPU.2.1.0
2025-10-06 17:53:36,821 [WARN] PackLoader:240 - Cannot read IP mode file for STMicroelectronics.X-CUBE-FREERTOS.1.2.0
2025-10-06 17:53:36,833 [WARN] PackLoader:240 - Cannot read IP mode file for wolfSSL.I-CUBE-wolfSSL.5.6.6
2025-10-06 17:53:36,862 [WARN] PackLoader:240 - Cannot read IP mode file for STMicroelectronics.X-CUBE-NFC12.1.0.0
2025-10-06 17:53:37,203 [WARN] PackLoader:240 - Cannot read IP mode file for STMicroelectronics.X-CUBE-AZRTOS-L5.2.0.0
2025-10-06 17:53:37,289 [WARN] PackLoader:240 - Cannot read IP mode file for STMicroelectronics.X-CUBE-NFC6.3.1.0
2025-10-06 17:53:37,330 [WARN] PackLoader:240 - Cannot read IP mode file for ITTIA_DB.I-CUBE-ITTIADB.8.8.0
2025-10-06 17:53:37,353 [WARN] PackLoader:240 - Cannot read IP mode file for STMicroelectronics.X-CUBE-DPower.1.2.0
2025-10-06 17:53:37,372 [WARN] PackLoader:240 - Cannot read IP mode file for STMicroelectronics.X-CUBE-AI.9.0.0
2025-10-06 17:53:37,411 [WARN] PackLoader:240 - Cannot read IP mode file for STMicroelectronics.X-CUBE-FREERTOS.1.3.1
2025-10-06 17:53:37,436 [WARN] PackLoader:240 - Cannot read IP mode file for STMicroelectronics.X-CUBE-FREERTOS.1.3.0
2025-10-06 17:53:37,468 [WARN] PackLoader:240 - Cannot read IP mode file for STMicroelectronics.X-CUBE-NFC7.1.0.1
2025-10-06 17:53:37,485 [WARN] PackLoader:240 - Cannot read IP mode file for wolfSSL.I-CUBE-wolfTPM.3.2.0
2025-10-06 17:53:37,497 [WARN] PackLoader:240 - Cannot read IP mode file for STMicroelectronics.X-CUBE-TOUCHGFX.4.26.0
2025-10-06 17:53:37,572 [WARN] PackLoader:240 - Cannot read IP mode file for STMicroelectronics.X-CUBE-NFC6.3.0.0
2025-10-06 17:53:37,609 [WARN] PackLoader:240 - Cannot read IP mode file for STMicroelectronics.FP-SNS-STAIOTCFT.1.0.0
2025-10-06 17:53:37,627 [WARN] PackLoader:240 - Cannot read IP mode file for STMicroelectronics.X-CUBE-DPower.1.3.0
2025-10-06 17:53:37,639 [WARN] PackLoader:240 - Cannot read IP mode file for STMicroelectronics.X-CUBE-AI.8.1.0
2025-10-06 17:53:37,853 [WARN] ConditionMgr:438 - getConditionDescription Invalid condition id : LAN8742 Phy interface Condition cause : null
2025-10-06 17:53:37,857 [WARN] PackLoader:240 - Cannot read IP mode file for STMicroelectronics.X-CUBE-AZRTOS-L4.2.0.0
2025-10-06 17:53:37,864 [WARN] ConditionMgr:1044 - genDependencies : Invalid condition id : LAN8742 Phy interface Condition cause : null
2025-10-06 17:53:37,865 [WARN] ConditionMgr:1044 - genDependencies : Invalid condition id : LAN8742 Phy interface Condition cause : null
2025-10-06 17:53:37,869 [WARN] ConditionMgr:1044 - genDependencies : Invalid condition id : LAN8742 Phy interface Condition cause : null
2025-10-06 17:53:37,971 [WARN] PackLoader:240 - Cannot read IP mode file for STMicroelectronics.X-CUBE-SFXS2LP1.4.0.0
2025-10-06 17:53:38,198 [WARN] PackLoader:240 - Cannot read IP mode file for STMicroelectronics.X-CUBE-AZRTOS-H7.3.3.0
2025-10-06 17:53:38,388 [WARN] PackLoader:240 - Cannot read IP mode file for STMicroelectronics.X-CUBE-BLEMGR.4.1.0
2025-10-06 17:53:38,598 [WARN] PackLoader:240 - Cannot read IP mode file for STMicroelectronics.X-CUBE-IPS.3.0.0
2025-10-06 17:53:38,770 [WARN] ConditionMgr:438 - getConditionDescription Invalid condition id : UX DEVICE CLASS RTOS Condition cause : null
2025-10-06 17:53:38,773 [WARN] ConditionMgr:438 - getConditionDescription Invalid condition id : UX DEVICE CLASS RTOS Condition cause : null
2025-10-06 17:53:38,816 [WARN] PackLoader:240 - Cannot read IP mode file for STMicroelectronics.X-CUBE-AZRTOS-WB.2.0.0
2025-10-06 17:53:38,818 [WARN] ConditionMgr:1044 - genDependencies : Invalid condition id : UX DEVICE CLASS RTOS Condition cause : null
2025-10-06 17:53:38,819 [WARN] ConditionMgr:1044 - genDependencies : Invalid condition id : UX DEVICE CLASS RTOS Condition cause : null
2025-10-06 17:53:38,820 [WARN] ConditionMgr:1044 - genDependencies : Invalid condition id : UX DEVICE CLASS RTOS Condition cause : null
2025-10-06 17:53:38,821 [WARN] ConditionMgr:1044 - genDependencies : Invalid condition id : UX DEVICE CLASS RTOS Condition cause : null
2025-10-06 17:53:38,821 [WARN] ConditionMgr:1044 - genDependencies : Invalid condition id : UX DEVICE CLASS RTOS Condition cause : null
2025-10-06 17:53:38,836 [WARN] PackLoader:240 - Cannot read IP mode file for STMicroelectronics.X-CUBE-GNSS1.7.0.0
2025-10-06 17:53:38,853 [WARN] PackLoader:240 - Cannot read IP mode file for STMicroelectronics.X-CUBE-GNSS1.7.0.1
2025-10-06 17:53:38,866 [WARN] PackLoader:240 - Cannot read IP mode file for STMicroelectronics.X-CUBE-TOUCHGFX.4.25.0
2025-10-06 17:53:38,883 [WARN] PackLoader:240 - Cannot read IP mode file for STMicroelectronics.FP-SNS-STBOX1.2.0.0
2025-10-06 17:53:38,943 [WARN] PackLoader:240 - Cannot read IP mode file for STMicroelectronics.X-CUBE-SUBG2.5.0.0
2025-10-06 17:53:39,045 [WARN] PackLoader:240 - Cannot read IP mode file for STMicroelectronics.X-CUBE-AZRTOS-H7RS.1.1.0
2025-10-06 17:53:39,115 [WARN] PackLoader:240 - Cannot read IP mode file for STMicroelectronics.X-CUBE-AZRTOS-G4.2.0.0
2025-10-06 17:53:39,163 [WARN] PackLoader:240 - Cannot read IP mode file for Infineon.AIROC-Wi-Fi-Bluetooth-STM32.1.5.1
2025-10-06 17:53:39,191 [WARN] PackLoader:240 - Cannot read IP mode file for STMicroelectronics.X-CUBE-NFC7.2.0.0
2025-10-06 17:53:39,203 [WARN] PackLoader:240 - Cannot read IP mode file for STMicroelectronics.FP-SNS-MOTENVWB1.1.3.1
2025-10-06 17:53:39,215 [WARN] PackLoader:240 - Cannot read IP mode file for STMicroelectronics.X-CUBE-ISPU.2.0.0
2025-10-06 17:53:39,266 [WARN] PackLoader:240 - Cannot read IP mode file for STMicroelectronics.X-CUBE-IPS.3.1.0
2025-10-06 17:53:39,297 [WARN] PackLoader:240 - Cannot read IP mode file for STMicroelectronics.X-CUBE-ALS.1.0.2
2025-10-06 17:53:39,538 [WARN] PackLoader:240 - Cannot read IP mode file for STMicroelectronics.X-CUBE-MEMS1.10.0.0
2025-10-06 17:53:40,014 [WARN] PackLoader:240 - Cannot read IP mode file for STMicroelectronics.X-CUBE-FREERTOS.1.1.0
2025-10-06 17:53:40,021 [WARN] PackLoader:240 - Cannot read IP mode file for STMicroelectronics.X-CUBE-TOUCHGFX.4.24.0
2025-10-06 17:53:40,026 [WARN] PackLoader:240 - Cannot read IP mode file for STMicroelectronics.X-CUBE-TOUCHGFX.4.24.2
2025-10-06 17:53:40,032 [WARN] PackLoader:240 - Cannot read IP mode file for STMicroelectronics.X-CUBE-TOUCHGFX.4.24.1
2025-10-06 17:53:40,046 [WARN] PackLoader:240 - Cannot read IP mode file for STMicroelectronics.X-CUBE-STSE01.1.0.0
2025-10-06 17:53:40,060 [WARN] PackLoader:240 - Cannot read IP mode file for portGmbH.I-Cube-SoM-uGOAL.1.1.0
2025-10-06 17:53:40,070 [WARN] PackLoader:240 - Cannot read IP mode file for STMicroelectronics.X-CUBE-ALS.1.0.1
2025-10-06 17:53:40,130 [WARN] PackLoader:240 - Cannot read IP mode file for STMicroelectronics.X-CUBE-AZRTOS-H7RS.1.0.0
2025-10-06 17:53:40,145 [WARN] PackLoader:240 - Cannot read IP mode file for STMicroelectronics.FP-ATR-ASTRA1.2.0.0
2025-10-06 17:53:40,183 [WARN] PackLoader:240 - Cannot read IP mode file for STMicroelectronics.X-CUBE-TOF1.3.4.2
2025-10-06 17:53:40,271 [WARN] PackLoader:240 - Cannot read IP mode file for STMicroelectronics.X-CUBE-TOF1.3.4.3
2025-10-06 17:53:40,355 [WARN] PackLoader:240 - Cannot read IP mode file for STMicroelectronics.X-CUBE-TOF1.3.4.0
2025-10-06 17:53:40,427 [WARN] PackLoader:240 - Cannot read IP mode file for STMicroelectronics.X-CUBE-TOF1.3.4.1
2025-10-06 17:53:40,532 [WARN] PackLoader:240 - Cannot read IP mode file for STMicroelectronics.X-CUBE-AZRTOS-H7.3.2.0
2025-10-06 17:53:40,546 [WARN] PackLoader:240 - Cannot read IP mode file for wolfSSL.I-CUBE-wolfSSH.1.4.17
2025-10-06 17:53:40,548 [INFO] ThirdParty:978 - Integrity check success = true
2025-10-06 17:53:40,548 [INFO] IntegrityCheckThread:100 - exiting critical section [integrity check]
2025-10-06 17:53:40,549 [INFO] IntegrityCheckThread:103 - End integrity checks thread
