2025-09-24 17:00:23,617 [INFO] Activator:176 - 


2025-09-24 17:00:23,640 [INFO] Activator:177 - !SESSION log4j initialized
2025-09-24 17:01:15,781 [INFO] LogOutputStream:77 - [STDOUT_REDIRECT] 
2025-09-24 17:01:19,475 [INFO] LogOutputStream:77 - [STDOUT_REDIRECT] 
2025-09-24 17:01:29,236 [ERROR] LogOutputStream:75 - [STDERR_REDIRECT] 
2025-09-24 17:01:30,706 [ERROR] LogOutputStream:75 - [STDERR_REDIRECT] java.net.URISyntaxException: Illegal character in path at index 56: file:/Users/liangnie/Documents/GitHub/STM32CUBEIDE/Liang Nie/.metadata/.log4j2.xml
2025-09-24 17:01:30,707 [ERROR] LogOutputStream:75 - [STDERR_REDIRECT] 	at java.base/java.net.URI$Parser.fail(URI.java:2995)
2025-09-24 17:01:30,708 [ERROR] LogOutputStream:75 - [STDERR_REDIRECT] 	at java.base/java.net.URI$Parser.checkChars(URI.java:3166)
2025-09-24 17:01:30,710 [ERROR] LogOutputStream:75 - [STDERR_REDIRECT] 	at java.base/java.net.URI$Parser.parseHierarchical(URI.java:3248)
2025-09-24 17:01:30,710 [ERROR] LogOutputStream:75 - [STDERR_REDIRECT] 	at java.base/java.net.URI$Parser.parse(URI.java:3196)
2025-09-24 17:01:30,711 [ERROR] LogOutputStream:75 - [STDERR_REDIRECT] 	at java.base/java.net.URI.<init>(URI.java:645)
2025-09-24 17:01:30,712 [ERROR] LogOutputStream:75 - [STDERR_REDIRECT] 	at java.base/java.net.URL.toURI(URL.java:1220)
2025-09-24 17:01:30,713 [ERROR] LogOutputStream:75 - [STDERR_REDIRECT] 	at com.st.stm32cube.common.mx.core.CubeMxInstance.getInstance(CubeMxInstance.java:81)
2025-09-24 17:01:30,714 [ERROR] LogOutputStream:75 - [STDERR_REDIRECT] 	at com.st.stm32cube.common.mx.userauth.UserAuthAdapter.<init>(UserAuthAdapter.java:25)
2025-09-24 17:01:30,715 [ERROR] LogOutputStream:75 - [STDERR_REDIRECT] 	at com.st.stm32cube.common.mx.userauth.UserAuthProvider.getUserAuthAdapter(UserAuthProvider.java:16)
2025-09-24 17:01:30,716 [ERROR] LogOutputStream:75 - [STDERR_REDIRECT] 	at com.st.stm32cube.common.ecosystemintegration.ui.core.MCUEcoSystemIntegrationUiHelper.getUserAuth(MCUEcoSystemIntegrationUiHelper.java:100)
2025-09-24 17:01:30,717 [ERROR] LogOutputStream:75 - [STDERR_REDIRECT] 	at com.st.stm32cube.ide.mcu.userauth.UserAuthStartup.earlyStartup(UserAuthStartup.java:32)
2025-09-24 17:01:30,717 [ERROR] LogOutputStream:75 - [STDERR_REDIRECT] 	at org.eclipse.ui.internal.EarlyStartupRunnable.runEarlyStartup(EarlyStartupRunnable.java:79)
2025-09-24 17:01:30,718 [ERROR] LogOutputStream:75 - [STDERR_REDIRECT] 	at org.eclipse.ui.internal.EarlyStartupRunnable.run(EarlyStartupRunnable.java:55)
2025-09-24 17:01:30,719 [ERROR] LogOutputStream:75 - [STDERR_REDIRECT] 	at org.eclipse.core.runtime.SafeRunner.run(SafeRunner.java:47)
2025-09-24 17:01:30,723 [ERROR] LogOutputStream:75 - [STDERR_REDIRECT] 	at org.eclipse.ui.internal.Workbench$39.run(Workbench.java:2733)
2025-09-24 17:01:30,724 [ERROR] LogOutputStream:75 - [STDERR_REDIRECT] 	at org.eclipse.core.internal.jobs.Worker.run(Worker.java:63)
2025-09-24 17:01:31,859 [INFO] ApplicationProperties:184 - Using Application install path: /Applications/STM32CubeIDE.app/Contents/Eclipse/plugins/com.st.stm32cube.common.mx_6.15.0.202507011659
2025-09-24 17:01:31,916 [INFO] DbMcusXml:78 - Set database path to: /Applications/STM32CubeIDE.app/Contents/Eclipse/plugins/com.st.stm32cube.common.mx_6.15.0.202507011659//db//mcu/
2025-09-24 17:01:31,917 [INFO] ApiDb:274 - Set plugin database path to: /Applications/STM32CubeIDE.app/Contents/Eclipse/plugins/com.st.stm32cube.common.mx_6.15.0.202507011659//db//plugins/boardmanager/
2025-09-24 17:01:31,918 [WARN] ApiDb:259 - Overriding images path with different value:  => /Applications/STM32CubeIDE.app/Contents/Eclipse/plugins/com.st.stm32cube.common.mx_6.15.0.202507011659//db//plugins/mcufinder/images/
2025-09-24 17:01:31,934 [INFO] ApiDb:250 - Set database path to: /Users/liangnie/.stmcufinder/plugins/mcufinder//mcu/
2025-09-24 17:01:31,938 [INFO] DbMcusAds:125 - Set database path to: /Users/liangnie/.stmcufinder/plugins/mcufinder//mcu/
2025-09-24 17:01:31,949 [INFO] CrossReferenceDbSqlite:203 - Set database path to: /Users/liangnie/.stmcufinder/plugins/mcufinder//mcu/cs/
2025-09-24 17:01:32,499 [INFO] RulesReader:64 - Compatibility file has been processed (317 Rules)
2025-09-24 17:01:32,735 [INFO] DbMcusXml:78 - Set database path to: /Applications/STM32CubeIDE.app/Contents/Eclipse/plugins/com.st.stm32cube.common.mx_6.15.0.202507011659//db//mcu/
2025-09-24 17:01:32,735 [INFO] ApiDb:274 - Set plugin database path to: /Applications/STM32CubeIDE.app/Contents/Eclipse/plugins/com.st.stm32cube.common.mx_6.15.0.202507011659//db//plugins/boardmanager/
2025-09-24 17:01:32,736 [INFO] ApiDb:261 - Set plugin images path to: /Applications/STM32CubeIDE.app/Contents/Eclipse/plugins/com.st.stm32cube.common.mx_6.15.0.202507011659//db//plugins/mcufinder/images/
2025-09-24 17:01:32,736 [WARN] DbFile:41 - Overriding database path with different value: /Users/liangnie/.stmcufinder/plugins/mcufinder/ => /Users/liangnie/.stmcufinder/plugins/mcufinder
2025-09-24 17:01:32,737 [INFO] ApiDb:250 - Set database path to: /Users/liangnie/.stmcufinder/plugins/mcufinder//mcu/
2025-09-24 17:01:32,737 [WARN] DbFile:41 - Overriding database path with different value: /Users/liangnie/.stmcufinder/plugins/mcufinder/ => /Users/liangnie/.stmcufinder/plugins/mcufinder
2025-09-24 17:01:32,737 [INFO] DbMcusAds:125 - Set database path to: /Users/liangnie/.stmcufinder/plugins/mcufinder//mcu/
2025-09-24 17:01:32,737 [WARN] DbFile:41 - Overriding database path with different value: /Users/liangnie/.stmcufinder/plugins/mcufinder/ => /Users/liangnie/.stmcufinder/plugins/mcufinder
2025-09-24 17:01:32,738 [WARN] DbFile:41 - Overriding database path with different value: /Users/liangnie/.stmcufinder/plugins/mcufinder/ => /Users/liangnie/.stmcufinder/plugins/mcufinder
2025-09-24 17:01:32,738 [INFO] CrossReferenceDbSqlite:203 - Set database path to: /Users/liangnie/.stmcufinder/plugins/mcufinder//mcu/cs/
2025-09-24 17:01:33,095 [INFO] MainPanel:274 - HeapMemory: 268435456
2025-09-24 17:01:36,164 [INFO] DbMcusXml:78 - Set database path to: /Applications/STM32CubeIDE.app/Contents/Eclipse/plugins/com.st.stm32cube.common.mx_6.15.0.202507011659//db//mcu/
2025-09-24 17:01:36,165 [INFO] ApiDb:274 - Set plugin database path to: /Applications/STM32CubeIDE.app/Contents/Eclipse/plugins/com.st.stm32cube.common.mx_6.15.0.202507011659//db//plugins/boardmanager/
2025-09-24 17:01:36,165 [INFO] ApiDb:261 - Set plugin images path to: /Applications/STM32CubeIDE.app/Contents/Eclipse/plugins/com.st.stm32cube.common.mx_6.15.0.202507011659//db//plugins/mcufinder/images/
2025-09-24 17:01:36,167 [WARN] DbFile:41 - Overriding database path with different value: /Users/liangnie/.stmcufinder/plugins/mcufinder/ => /Users/liangnie/.stmcufinder/plugins/mcufinder
2025-09-24 17:01:36,167 [INFO] ApiDb:250 - Set database path to: /Users/liangnie/.stmcufinder/plugins/mcufinder//mcu/
2025-09-24 17:01:36,167 [WARN] DbFile:41 - Overriding database path with different value: /Users/liangnie/.stmcufinder/plugins/mcufinder/ => /Users/liangnie/.stmcufinder/plugins/mcufinder
2025-09-24 17:01:36,168 [INFO] DbMcusAds:125 - Set database path to: /Users/liangnie/.stmcufinder/plugins/mcufinder//mcu/
2025-09-24 17:01:36,168 [WARN] DbFile:41 - Overriding database path with different value: /Users/liangnie/.stmcufinder/plugins/mcufinder/ => /Users/liangnie/.stmcufinder/plugins/mcufinder
2025-09-24 17:01:36,169 [WARN] DbFile:41 - Overriding database path with different value: /Users/liangnie/.stmcufinder/plugins/mcufinder/ => /Users/liangnie/.stmcufinder/plugins/mcufinder
2025-09-24 17:01:36,169 [INFO] CrossReferenceDbSqlite:203 - Set database path to: /Users/liangnie/.stmcufinder/plugins/mcufinder//mcu/cs/
2025-09-24 17:01:36,219 [INFO] ApplicationProperties:184 - Using Application install path: /Applications/STM32CubeIDE.app/Contents/Eclipse/plugins/com.st.stm32cube.common.mx_6.15.0.202507011659
2025-09-24 17:01:36,223 [INFO] PluginManage:196 - Search for loadable plugins [exclusion list=, ]
2025-09-24 17:01:36,248 [INFO] PluginManage:310 - Check plugin analytics
2025-09-24 17:01:37,009 [INFO] AnalyticsPlugin:253 - Accepted Software Licenses: 
2025-09-24 17:01:37,009 [INFO] AnalyticsPlugin:255 - Accepted CMSIS Pack Licenses: 
2025-09-24 17:01:37,010 [INFO] AnalyticsPlugin:257 - Accepted Firmware Licenses: FW.F4.1.28.0,FW.H7.1.11.0
2025-09-24 17:01:37,020 [INFO] PluginManage:359 - Loaded plugin analytics (category:tool,tabindex:-1)
2025-09-24 17:01:37,027 [INFO] PluginManage:310 - Check plugin cadmodel
2025-09-24 17:01:37,084 [INFO] CADModel:105 - Init CAD model plugin
2025-09-24 17:01:37,085 [INFO] PluginManage:359 - Loaded plugin cadmodel (category:power,tabindex:5)
2025-09-24 17:01:37,085 [INFO] PluginManage:310 - Check plugin clock
2025-09-24 17:01:37,115 [INFO] PluginManage:359 - Loaded plugin clock (category:base,tabindex:2)
2025-09-24 17:01:37,116 [INFO] PluginManage:310 - Check plugin ddr
2025-09-24 17:01:37,122 [INFO] PluginManage:359 - Loaded plugin ddr (category:tool,tabindex:6)
2025-09-24 17:01:37,123 [INFO] PluginManage:310 - Check plugin filemanager
2025-09-24 17:01:37,792 [INFO] PluginManage:359 - Loaded plugin filemanager (category:base,tabindex:10)
2025-09-24 17:01:37,793 [INFO] PluginManage:310 - Check plugin ipmanager
2025-09-24 17:01:37,809 [INFO] PluginManage:359 - Loaded plugin ipmanager (category:base,tabindex:5)
2025-09-24 17:01:37,810 [INFO] PluginManage:310 - Check plugin lpbam
2025-09-24 17:01:37,834 [INFO] PluginManage:359 - Loaded plugin lpbam (category:base,tabindex:0)
2025-09-24 17:01:37,834 [INFO] PluginManage:310 - Check plugin memorymap
2025-09-24 17:01:37,906 [INFO] PluginManage:359 - Loaded plugin memorymap (category:base,tabindex:4)
2025-09-24 17:01:37,906 [INFO] PluginManage:310 - Check plugin pinoutandconfiguration
2025-09-24 17:01:37,937 [INFO] PluginManage:359 - Loaded plugin pinoutandconfiguration (category:base,tabindex:1)
2025-09-24 17:01:37,937 [INFO] PluginManage:310 - Check plugin pinoutconfig
2025-09-24 17:01:38,332 [WARN] SupportedApi:132 - Cannot load RTOS API schema: s4s-elt-must-match.1: The content of 'definitions' must match (annotation?, (simpleType | complexType)?, (unique | key | keyref)*)). A problem was found starting at: attribute.
2025-09-24 17:01:38,915 [INFO] PluginManage:359 - Loaded plugin pinoutconfig (category:base,tabindex:0)
2025-09-24 17:01:38,916 [INFO] PluginManage:310 - Check plugin power
2025-09-24 17:01:38,945 [INFO] PluginManage:359 - Loaded plugin power (category:power,tabindex:4)
2025-09-24 17:01:38,945 [INFO] PluginManage:310 - Check plugin projectmanager
2025-09-24 17:01:39,050 [INFO] PluginManage:359 - Loaded plugin projectmanager (category:projectmanager,tabindex:4)
2025-09-24 17:01:39,050 [INFO] PluginManage:310 - Check plugin rif
2025-09-24 17:01:39,079 [INFO] PluginManage:359 - Loaded plugin rif (category:base,tabindex:3)
2025-09-24 17:01:39,079 [INFO] PluginManage:310 - Check plugin thirdparty
2025-09-24 17:01:39,789 [INFO] PluginManage:359 - Loaded plugin thirdparty (category:base,tabindex:-1)
2025-09-24 17:01:39,788 [WARN] IntegrityCheckThread:84 - waiting for thirdparty lock release [integrity check]
2025-09-24 17:01:39,790 [INFO] PluginManage:310 - Check plugin tools
2025-09-24 17:01:39,790 [INFO] IntegrityCheckThread:86 - entering critical section [integrity check]
2025-09-24 17:01:39,791 [INFO] ThirdPartyUpdaterWithRetryManager:70 - Updater plugin not ready yet. [1/15]
2025-09-24 17:01:39,795 [INFO] PluginManage:359 - Loaded plugin tools (category:base,tabindex:7)
2025-09-24 17:01:39,796 [INFO] PluginManage:310 - Check plugin tutovideos
2025-09-24 17:01:40,853 [INFO] PluginManage:359 - Loaded plugin tutovideos (category:base,tabindex:-1)
2025-09-24 17:01:40,853 [INFO] PluginManage:310 - Check plugin updater
2025-09-24 17:01:40,955 [INFO] PluginManage:359 - Loaded plugin updater (category:base,tabindex:12)
2025-09-24 17:01:40,955 [INFO] PluginManage:310 - Check plugin userauth
2025-09-24 17:01:40,970 [INFO] UserAuth:118 - Init User Auth plugin
2025-09-24 17:01:40,973 [INFO] PluginManage:359 - Loaded plugin userauth (category:base,tabindex:14)
2025-09-24 17:01:40,975 [INFO] PluginManage:283 - PluginManage : Loaded plugins [18]
2025-09-24 17:01:41,869 [INFO] PinOutPanel:1589 - setPackage(No Configuration,No Configuration)
2025-09-24 17:01:42,101 [INFO] CADModel:165 - CPN selected for project level
2025-09-24 17:01:42,102 [INFO] CADModel:114 - Register for checkConnection events
2025-09-24 17:01:42,177 [INFO] IPUIPlugin:80 - create IPUIPlugin
2025-09-24 17:01:42,179 [INFO] PluginManager:220 - loadIPPluginJar : add mdma
2025-09-24 17:01:42,202 [INFO] IPUIPlugin:80 - create IPUIPlugin
2025-09-24 17:01:42,203 [INFO] PluginManager:220 - loadIPPluginJar : add freertos
2025-09-24 17:01:42,217 [INFO] IPUIPlugin:80 - create IPUIPlugin
2025-09-24 17:01:42,218 [INFO] PluginManager:220 - loadIPPluginJar : add gic
2025-09-24 17:01:42,256 [INFO] IPUIPlugin:80 - create IPUIPlugin
2025-09-24 17:01:42,256 [INFO] PluginManager:220 - loadIPPluginJar : add adc
2025-09-24 17:01:42,277 [INFO] IPUIPlugin:80 - create IPUIPlugin
2025-09-24 17:01:42,278 [INFO] PluginManager:220 - loadIPPluginJar : add gtzc
2025-09-24 17:01:42,282 [INFO] IPUIPlugin:80 - create IPUIPlugin
2025-09-24 17:01:42,283 [INFO] PluginManager:220 - loadIPPluginJar : add quadspi
2025-09-24 17:01:42,292 [INFO] IPUIPlugin:80 - create IPUIPlugin
2025-09-24 17:01:42,293 [INFO] PluginManager:220 - loadIPPluginJar : add aes
2025-09-24 17:01:42,310 [INFO] IPUIPlugin:80 - create IPUIPlugin
2025-09-24 17:01:42,310 [INFO] PluginManager:220 - loadIPPluginJar : add pdm2pcm
2025-09-24 17:01:42,325 [INFO] IPUIPlugin:80 - create IPUIPlugin
2025-09-24 17:01:42,325 [INFO] PluginManager:220 - loadIPPluginJar : add hash
2025-09-24 17:01:42,332 [INFO] IPUIPlugin:80 - create IPUIPlugin
2025-09-24 17:01:42,332 [INFO] PluginManager:220 - loadIPPluginJar : add tim
2025-09-24 17:01:42,338 [INFO] IPUIPlugin:80 - create IPUIPlugin
2025-09-24 17:01:42,339 [INFO] PluginManager:220 - loadIPPluginJar : add tsc
2025-09-24 17:01:42,346 [INFO] IPUIPlugin:80 - create IPUIPlugin
2025-09-24 17:01:42,347 [INFO] PluginManager:220 - loadIPPluginJar : add extmemmanager
2025-09-24 17:01:42,353 [INFO] IPUIPlugin:80 - create IPUIPlugin
2025-09-24 17:01:42,353 [INFO] PluginManager:220 - loadIPPluginJar : add ts
2025-09-24 17:01:42,360 [INFO] IPUIPlugin:80 - create IPUIPlugin
2025-09-24 17:01:42,363 [INFO] PluginManager:220 - loadIPPluginJar : add radio
2025-09-24 17:01:42,376 [INFO] IPUIPlugin:80 - create IPUIPlugin
2025-09-24 17:01:42,376 [INFO] PluginManager:220 - loadIPPluginJar : add can
2025-09-24 17:01:42,388 [INFO] IPUIPlugin:80 - create IPUIPlugin
2025-09-24 17:01:42,389 [INFO] PluginManager:220 - loadIPPluginJar : add dma3
2025-09-24 17:01:42,394 [INFO] IPUIPlugin:80 - create IPUIPlugin
2025-09-24 17:01:42,394 [INFO] PluginManager:220 - loadIPPluginJar : add dfsdm
2025-09-24 17:01:42,399 [INFO] IPUIPlugin:80 - create IPUIPlugin
2025-09-24 17:01:42,400 [INFO] PluginManager:220 - loadIPPluginJar : add spi
2025-09-24 17:01:42,406 [INFO] IPUIPlugin:80 - create IPUIPlugin
2025-09-24 17:01:42,406 [INFO] PluginManager:220 - loadIPPluginJar : add gfxmmu
2025-09-24 17:01:42,409 [INFO] IPUIPlugin:80 - create IPUIPlugin
2025-09-24 17:01:42,410 [INFO] PluginManager:220 - loadIPPluginJar : add genericplugin
2025-09-24 17:01:42,420 [INFO] IPUIPlugin:80 - create IPUIPlugin
2025-09-24 17:01:42,420 [INFO] PluginManager:220 - loadIPPluginJar : add cryp
2025-09-24 17:01:42,431 [INFO] IPUIPlugin:80 - create IPUIPlugin
2025-09-24 17:01:42,431 [INFO] PluginManager:220 - loadIPPluginJar : add gpio
2025-09-24 17:01:42,439 [INFO] IPUIPlugin:80 - create IPUIPlugin
2025-09-24 17:01:42,439 [INFO] PluginManager:220 - loadIPPluginJar : add ddr_ctrl_phy
2025-09-24 17:01:42,443 [INFO] IPUIPlugin:80 - create IPUIPlugin
2025-09-24 17:01:42,444 [INFO] PluginManager:220 - loadIPPluginJar : add comp
2025-09-24 17:01:42,448 [INFO] IPUIPlugin:80 - create IPUIPlugin
2025-09-24 17:01:42,449 [INFO] PluginManager:220 - loadIPPluginJar : add tracer_emb
2025-09-24 17:01:42,458 [INFO] IPUIPlugin:80 - create IPUIPlugin
2025-09-24 17:01:42,460 [INFO] PluginManager:220 - loadIPPluginJar : add openamp
2025-09-24 17:01:42,479 [INFO] IPUIPlugin:80 - create IPUIPlugin
2025-09-24 17:01:42,479 [INFO] PluginManager:220 - loadIPPluginJar : add stm32_wpan
2025-09-24 17:01:42,522 [INFO] IPUIPlugin:80 - create IPUIPlugin
2025-09-24 17:01:42,529 [INFO] PluginManager:220 - loadIPPluginJar : add plateformsettings
2025-09-24 17:01:42,541 [INFO] IPUIPlugin:80 - create IPUIPlugin
2025-09-24 17:01:42,541 [INFO] PluginManager:220 - loadIPPluginJar : add ipddr
2025-09-24 17:01:42,551 [INFO] IPUIPlugin:80 - create IPUIPlugin
2025-09-24 17:01:42,551 [INFO] PluginManager:220 - loadIPPluginJar : add usart
2025-09-24 17:01:42,554 [INFO] IPUIPlugin:80 - create IPUIPlugin
2025-09-24 17:01:42,554 [INFO] PluginManager:220 - loadIPPluginJar : add ltdc
2025-09-24 17:01:42,578 [INFO] IPUIPlugin:80 - create IPUIPlugin
2025-09-24 17:01:42,579 [INFO] PluginManager:220 - loadIPPluginJar : add nvic
2025-09-24 17:01:42,583 [INFO] IPUIPlugin:80 - create IPUIPlugin
2025-09-24 17:01:42,584 [INFO] PluginManager:220 - loadIPPluginJar : add fatfs
2025-09-24 17:01:42,604 [INFO] IPUIPlugin:80 - create IPUIPlugin
2025-09-24 17:01:42,604 [INFO] PluginManager:220 - loadIPPluginJar : add linkedlist
2025-09-24 17:01:42,638 [INFO] IPUIPlugin:80 - create IPUIPlugin
2025-09-24 17:01:42,642 [INFO] PluginManager:220 - loadIPPluginJar : add dma
2025-09-24 17:01:42,658 [INFO] IPUIPlugin:80 - create IPUIPlugin
2025-09-24 17:01:42,658 [INFO] PluginManager:220 - loadIPPluginJar : add fmc
2025-09-24 17:01:42,665 [INFO] IPUIPlugin:80 - create IPUIPlugin
2025-09-24 17:01:42,666 [INFO] PluginManager:220 - loadIPPluginJar : add i2s
2025-09-24 17:01:42,674 [INFO] IPUIPlugin:80 - create IPUIPlugin
2025-09-24 17:01:42,674 [INFO] PluginManager:220 - loadIPPluginJar : add ucpd
2025-09-24 17:01:42,681 [INFO] IPUIPlugin:80 - create IPUIPlugin
2025-09-24 17:01:42,681 [INFO] PluginManager:220 - loadIPPluginJar : add lorawan
2025-09-24 17:01:42,688 [INFO] IPUIPlugin:80 - create IPUIPlugin
2025-09-24 17:01:42,688 [INFO] PluginManager:220 - loadIPPluginJar : add opamp
2025-09-24 17:01:42,698 [INFO] IPUIPlugin:80 - create IPUIPlugin
2025-09-24 17:01:42,699 [INFO] PluginManager:220 - loadIPPluginJar : add i3c
2025-09-24 17:01:42,707 [INFO] IPUIPlugin:80 - create IPUIPlugin
2025-09-24 17:01:42,708 [INFO] PluginManager:220 - loadIPPluginJar : add touchsensing
2025-09-24 17:01:42,715 [INFO] IPUIPlugin:80 - create IPUIPlugin
2025-09-24 17:01:42,716 [INFO] PluginManager:220 - loadIPPluginJar : add i2c
2025-09-24 17:01:42,724 [INFO] IPUIPlugin:80 - create IPUIPlugin
2025-09-24 17:01:42,725 [INFO] PluginManager:220 - loadIPPluginJar : add resmgrutility
2025-09-24 17:01:42,733 [INFO] IPUIPlugin:80 - create IPUIPlugin
2025-09-24 17:01:42,734 [INFO] PluginManager:220 - loadIPPluginJar : add sai
2025-09-24 17:01:42,744 [INFO] IPUIPlugin:80 - create IPUIPlugin
2025-09-24 17:01:42,745 [INFO] PluginManager:220 - loadIPPluginJar : add usbx
2025-09-24 17:01:42,795 [INFO] ThirdPartyUpdaterWithRetryManager:70 - Updater plugin not ready yet. [2/15]
2025-09-24 17:01:43,100 [FATAL] Updater:351 - Updater called before beeing initialized
2025-09-24 17:01:43,238 [INFO] RulesReader:64 - Compatibility file has been processed (317 Rules)
2025-09-24 17:01:43,286 [INFO] RulesReader:64 - Compatibility file has been processed (317 Rules)
2025-09-24 17:01:43,314 [INFO] CADModel:165 - CPN selected for project level
2025-09-24 17:01:43,315 [INFO] CADModel:114 - Register for checkConnection events
2025-09-24 17:01:43,315 [FATAL] Updater:351 - Updater called before beeing initialized
2025-09-24 17:01:43,316 [ERROR] CADModel:125 - Updater not yet initialized, retry later 
2025-09-24 17:01:44,245 [FATAL] Updater:351 - Updater called before beeing initialized
2025-09-24 17:01:44,257 [INFO] CADModel:165 - CPN selected for project level
2025-09-24 17:01:44,257 [INFO] CADModel:114 - Register for checkConnection events
2025-09-24 17:01:44,258 [FATAL] Updater:351 - Updater called before beeing initialized
2025-09-24 17:01:44,258 [ERROR] CADModel:125 - Updater not yet initialized, retry later 
2025-09-24 17:01:44,272 [FATAL] Updater:351 - Updater called before beeing initialized
2025-09-24 17:01:44,953 [FATAL] Updater:351 - Updater called before beeing initialized
2025-09-24 17:01:44,968 [INFO] DbMcusAds:53 - JSON generation date=Tue Jul 08 01:14:23 PDT 2025 (1751962463582)
2025-09-24 17:01:44,969 [FATAL] Updater:351 - Updater called before beeing initialized
2025-09-24 17:01:45,401 [WARN] DetailPanel:346 - Failed to get advertising image, set to default
2025-09-24 17:01:45,796 [INFO] ThirdPartyUpdaterWithRetryManager:70 - Updater plugin not ready yet. [3/15]
2025-09-24 17:01:45,918 [FATAL] Updater:351 - Updater called before beeing initialized
2025-09-24 17:01:45,923 [FATAL] Updater:351 - Updater called before beeing initialized
2025-09-24 17:01:45,923 [FATAL] Updater:351 - Updater called before beeing initialized
2025-09-24 17:01:45,923 [WARN] DetailPanel:346 - Failed to get advertising image, set to default
2025-09-24 17:01:45,926 [FATAL] Updater:351 - Updater called before beeing initialized
2025-09-24 17:01:46,035 [ERROR] Updater:1198 - MainUpdater not yet initialized. External WinMGr cannot be set.
2025-09-24 17:01:46,040 [INFO] Updater:1134 - Updater Version found : 6.15.0
2025-09-24 17:01:46,100 [INFO] ApplicationProperties:184 - Using Application install path: /Applications/STM32CubeIDE.app/Contents/Eclipse/plugins/com.st.stm32cube.common.mx_6.15.0.202507011659
2025-09-24 17:01:47,512 [INFO] MainUpdater:2872 - connection check result : 10
2025-09-24 17:01:47,513 [INFO] MainUpdater:289 - Updater Check For Update Now.
2025-09-24 17:01:47,514 [INFO] MicroXplorer:498 - Change Database Version : DB.6.0.150
2025-09-24 17:01:47,528 [INFO] McuFinderGlobals:63 - Set McuFinder mode to 2 (CubeIDE integrated)
2025-09-24 17:01:47,530 [INFO] UserAuth:487 - Internet connection configuration mode: 1
2025-09-24 17:01:47,596 [INFO] JxBrowserEngine:152 - Initiate JxBrowser Engine with user profile folder
2025-09-24 17:01:47,938 [INFO] CheckServerUpdateThread:120 - End of CheckServer Thread
2025-09-24 17:01:50,166 [WARN] PackLoader:240 - Cannot read IP mode file for STMicroelectronics.FP-SNS-MOTENVWB1.1.4.0
2025-09-24 17:01:50,255 [WARN] PackLoader:240 - Cannot read IP mode file for STMicroelectronics.FP-ATR-ASTRA1.2.0.2
2025-09-24 17:01:50,265 [WARN] PackLoader:240 - Cannot read IP mode file for STMicroelectronics.FP-ATR-ASTRA1.2.0.1
2025-09-24 17:01:50,287 [WARN] PackLoader:240 - Cannot read IP mode file for STMicroelectronics.X-CUBE-SMBUS.2.1.0
2025-09-24 17:01:50,378 [WARN] PackLoader:240 - Cannot read IP mode file for STMicroelectronics.X-CUBE-WB05N.1.1.0
2025-09-24 17:01:50,401 [WARN] PackLoader:240 - Cannot read IP mode file for STMicroelectronics.X-CUBE-TOUCHGFX.4.23.1
2025-09-24 17:01:50,415 [WARN] PackLoader:240 - Cannot read IP mode file for STMicroelectronics.X-CUBE-TOUCHGFX.4.23.0
2025-09-24 17:01:50,429 [WARN] PackLoader:240 - Cannot read IP mode file for STMicroelectronics.X-CUBE-TOUCHGFX.4.23.2
2025-09-24 17:01:50,996 [WARN] PackLoader:240 - Cannot read IP mode file for STMicroelectronics.X-CUBE-AZRTOS-F7.1.1.0
2025-09-24 17:01:51,096 [WARN] PackLoader:240 - Cannot read IP mode file for STMicroelectronics.FP-SNS-MOTENV1.4.3.2
2025-09-24 17:01:52,671 [WARN] PackLoader:240 - Cannot read IP mode file for STMicroelectronics.X-CUBE-MEMS1.11.0.0
2025-09-24 17:01:53,298 [INFO] WebApp:169 - Instantiating new browser for Auth
2025-09-24 17:01:55,150 [WARN] PackLoader:240 - Cannot read IP mode file for STMicroelectronics.FP-SNS-FLIGHT1.5.0.2
2025-09-24 17:01:55,451 [WARN] PackLoader:240 - Cannot read IP mode file for STMicroelectronics.X-CUBE-AZRTOS-H7.3.4.0
2025-09-24 17:01:55,690 [WARN] PackLoader:240 - Cannot read IP mode file for STMicroelectronics.X-CUBE-DISPLAY.3.0.0
2025-09-24 17:01:55,732 [WARN] PackLoader:240 - Cannot read IP mode file for STMicroelectronics.X-CUBE-BLE1.7.0.0
2025-09-24 17:01:55,799 [WARN] PackLoader:240 - Cannot read IP mode file for STMicroelectronics.X-CUBE-NFC10.1.0.0
2025-09-24 17:01:55,912 [WARN] PackLoader:240 - Cannot read IP mode file for STMicroelectronics.X-CUBE-BLEMGR.4.0.0
2025-09-24 17:01:56,092 [WARN] PackLoader:240 - Cannot read IP mode file for emotas.I-CUBE-CANOPEN.1.3.0
2025-09-24 17:01:56,155 [WARN] PackLoader:240 - Cannot read IP mode file for STMicroelectronics.X-CUBE-BLEMGR.3.1.0
2025-09-24 17:01:56,179 [WARN] PackLoader:240 - Cannot read IP mode file for STMicroelectronics.X-CUBE-AI.10.0.0
2025-09-24 17:01:56,206 [WARN] PackLoader:240 - Cannot read IP mode file for STMicroelectronics.FP-SNS-STBOX1.2.1.0
2025-09-24 17:01:56,228 [WARN] PackLoader:240 - Cannot read IP mode file for STMicroelectronics.FP-SNS-SMARTAG2.1.2.0
2025-09-24 17:01:56,238 [WARN] PackLoader:240 - Cannot read IP mode file for STMicroelectronics.FP-SNS-FLIGHT1.5.1.0
2025-09-24 17:01:56,760 [WARN] PackLoader:240 - Cannot read IP mode file for STMicroelectronics.X-CUBE-MEMS1.11.1.0
2025-09-24 17:01:57,648 [INFO] WebApp:463 - Apply proxy settings
2025-09-24 17:01:57,663 [INFO] WebApp:508 - Chromium authenticates against Manually configured proxy
2025-09-24 17:01:57,687 [INFO] WebApp:516 - Username used for proxy authentication: 
2025-09-24 17:01:57,772 [INFO] WebApp:900 - Register for checkConnection events
2025-09-24 17:01:57,772 [INFO] WebApp:463 - Apply proxy settings
2025-09-24 17:01:57,782 [INFO] WebApp:508 - Chromium authenticates against Manually configured proxy
2025-09-24 17:01:57,783 [INFO] WebApp:516 - Username used for proxy authentication: 
2025-09-24 17:01:58,160 [INFO] WebApp:191 - Connection restablished
2025-09-24 17:01:59,437 [INFO] LogOutputStream:77 - [STDOUT_REDIRECT] 1 : Invalid condition id : UX_CORESTACK_Condition cause : null
2025-09-24 17:01:59,439 [INFO] LogOutputStream:77 - [STDOUT_REDIRECT] 1 : Invalid condition id : UX_CORESTACK_Condition cause : null
2025-09-24 17:01:59,440 [INFO] LogOutputStream:77 - [STDOUT_REDIRECT] 1 : Invalid condition id : UX_CORESTACK_Condition cause : null
2025-09-24 17:01:59,440 [INFO] LogOutputStream:77 - [STDOUT_REDIRECT] 1 : Invalid condition id : UX_CORESTACK_Condition cause : null
2025-09-24 17:01:59,441 [INFO] LogOutputStream:77 - [STDOUT_REDIRECT] 1 : Invalid condition id : UX_CORESTACK_Condition cause : null
2025-09-24 17:01:59,452 [WARN] PackLoader:240 - Cannot read IP mode file for STMicroelectronics.X-CUBE-AZRTOS-WL.2.0.0
2025-09-24 17:01:59,471 [WARN] PackLoader:240 - Cannot read IP mode file for STMicroelectronics.FP-SNS-MOTENV1.5.0.0
2025-09-24 17:01:59,485 [WARN] PackLoader:240 - Cannot read IP mode file for wolfSSL.I-CUBE-wolfMQTT.1.19.0
2025-09-24 17:01:59,502 [WARN] PackLoader:240 - Cannot read IP mode file for WES.I-CUBE-Cesium.1.3.0
2025-09-24 17:01:59,582 [WARN] PackLoader:240 - Cannot read IP mode file for STMicroelectronics.X-CUBE-BLE2.3.3.0
2025-09-24 17:01:59,621 [WARN] PackLoader:240 - Cannot read IP mode file for STMicroelectronics.X-CUBE-NFC9.1.0.0
2025-09-24 17:01:59,694 [WARN] PackLoader:240 - Cannot read IP mode file for STMicroelectronics.X-CUBE-BLE1.7.1.0
2025-09-24 17:01:59,724 [WARN] PackLoader:240 - Cannot read IP mode file for STMicroelectronics.X-CUBE-TCPP.4.1.0
2025-09-24 17:01:59,756 [WARN] PackLoader:240 - Cannot read IP mode file for STMicroelectronics.X-CUBE-EEPRMA1.5.2.0
2025-09-24 17:01:59,772 [WARN] PackLoader:240 - Cannot read IP mode file for STMicroelectronics.X-CUBE-AI.10.1.0
2025-09-24 17:01:59,789 [WARN] PackLoader:240 - Cannot read IP mode file for STMicroelectronics.X-CUBE-ALGOBUILD.1.3.0
2025-09-24 17:01:59,847 [INFO] WebApp:225 - Starting web application
2025-09-24 17:01:59,848 [INFO] WebApp:593 - Web application path used /Applications/STM32CubeIDE.app/Contents/Eclipse/plugins/com.st.stm32cube.common.mx_6.15.0.202507011659/db/plugins/mcufinder/reactClient1/index.html
2025-09-24 17:02:00,214 [INFO] UserAuth:487 - Internet connection configuration mode: 1
2025-09-24 17:02:00,617 [WARN] PackLoader:240 - Cannot read IP mode file for STMicroelectronics.X-CUBE-MEMS1.11.2.0
2025-09-24 17:02:01,773 [WARN] PackLoader:240 - Cannot read IP mode file for STMicroelectronics.X-CUBE-AZRTOS-G0.1.1.0
2025-09-24 17:02:01,844 [WARN] PackLoader:240 - Cannot read IP mode file for STMicroelectronics.X-CUBE-SAFEA1.1.2.2
2025-09-24 17:02:01,980 [WARN] PackLoader:240 - Cannot read IP mode file for STMicroelectronics.X-CUBE-NFC4.3.0.0
2025-09-24 17:02:02,030 [WARN] PackLoader:240 - Cannot read IP mode file for wolfSSL.I-CUBE-wolfMQTT.1.18.0
2025-09-24 17:02:02,068 [WARN] PackLoader:240 - Cannot read IP mode file for EmbeddedOffice.I-CUBE-FS-RTOS.1.0.1
2025-09-24 17:02:02,093 [WARN] PackLoader:240 - Cannot read IP mode file for STMicroelectronics.X-CUBE-WB05N.2.0.0
2025-09-24 17:02:02,171 [WARN] PackLoader:240 - Cannot read IP mode file for STMicroelectronics.X-CUBE-BLEMGR.3.0.0
2025-09-24 17:02:02,192 [WARN] PackLoader:240 - Cannot read IP mode file for STMicroelectronics.X-CUBE-TCPP.4.2.0
2025-09-24 17:02:02,343 [WARN] PackLoader:240 - Cannot read IP mode file for RealThread.X-CUBE-RT-Thread_Nano.4.1.1
2025-09-24 17:02:02,357 [WARN] PackLoader:240 - Cannot read IP mode file for STMicroelectronics.FP-ATR-SIGFOX1.3.2.0
2025-09-24 17:02:02,364 [WARN] ConditionMgr:438 - getConditionDescription Invalid condition id : Cortex-A Device cause : null
2025-09-24 17:02:02,423 [WARN] ConditionMgr:1044 - genDependencies : Invalid condition id : Cortex-A Device cause : null
2025-09-24 17:02:02,423 [WARN] ConditionMgr:1044 - genDependencies : Invalid condition id : Cortex-A Device cause : null
2025-09-24 17:02:02,424 [WARN] ConditionMgr:1044 - genDependencies : Invalid condition id : Cortex-A Device cause : null
2025-09-24 17:02:02,446 [WARN] PackLoader:240 - Cannot read IP mode file for STMicroelectronics.X-CUBE-EEPRMA1.5.1.0
2025-09-24 17:02:02,463 [WARN] PackLoader:240 - Cannot read IP mode file for STMicroelectronics.X-CUBE-ST67W61.1.0.0
2025-09-24 17:02:02,551 [WARN] PackLoader:240 - Cannot read IP mode file for STMicroelectronics.X-CUBE-AI.10.2.0
2025-09-24 17:02:02,934 [WARN] PackLoader:240 - Cannot read IP mode file for SEGGER.I-CUBE-embOS.1.3.1
2025-09-24 17:02:03,488 [WARN] PackLoader:240 - Cannot read IP mode file for STMicroelectronics.X-CUBE-ALGOBUILD.1.4.0
2025-09-24 17:02:04,083 [WARN] PackLoader:240 - Cannot read IP mode file for STMicroelectronics.X-CUBE-MEMS1.11.3.0
2025-09-24 17:02:05,648 [WARN] PackLoader:240 - Cannot read IP mode file for STMicroelectronics.X-CUBE-AI.9.1.0
2025-09-24 17:02:05,660 [WARN] PackLoader:240 - Cannot read IP mode file for STMicroelectronics.X-CUBE-PM33A1.1.0.0
2025-09-24 17:02:05,673 [WARN] PackLoader:240 - Cannot read IP mode file for STMicroelectronics.X-CUBE-GNSS1.6.0.0
2025-09-24 17:02:05,857 [WARN] PackLoader:240 - Cannot read IP mode file for STMicroelectronics.X-CUBE-AZRTOS-F4.1.1.0
2025-09-24 17:02:06,017 [WARN] PackLoader:240 - Cannot read IP mode file for Avnet-IotConnect.X-CUBE-IoTC-DA16k-PMOD.1.0.0
2025-09-24 17:02:06,028 [WARN] PackLoader:240 - Cannot read IP mode file for STMicroelectronics.X-CUBE-ISPU.2.1.0
2025-09-24 17:02:06,047 [WARN] PackLoader:240 - Cannot read IP mode file for STMicroelectronics.X-CUBE-FREERTOS.1.2.0
2025-09-24 17:02:06,056 [WARN] PackLoader:240 - Cannot read IP mode file for wolfSSL.I-CUBE-wolfSSL.5.6.6
2025-09-24 17:02:06,073 [WARN] PackLoader:240 - Cannot read IP mode file for STMicroelectronics.X-CUBE-NFC12.1.0.0
2025-09-24 17:02:06,166 [WARN] PackLoader:240 - Cannot read IP mode file for STMicroelectronics.X-CUBE-AZRTOS-L5.2.0.0
2025-09-24 17:02:06,260 [WARN] PackLoader:240 - Cannot read IP mode file for STMicroelectronics.X-CUBE-NFC6.3.1.0
2025-09-24 17:02:06,286 [WARN] PackLoader:240 - Cannot read IP mode file for ITTIA_DB.I-CUBE-ITTIADB.8.8.0
2025-09-24 17:02:06,298 [WARN] PackLoader:240 - Cannot read IP mode file for STMicroelectronics.X-CUBE-DPower.1.2.0
2025-09-24 17:02:06,310 [WARN] PackLoader:240 - Cannot read IP mode file for STMicroelectronics.X-CUBE-AI.9.0.0
2025-09-24 17:02:06,324 [WARN] PackLoader:240 - Cannot read IP mode file for STMicroelectronics.X-CUBE-FREERTOS.1.3.1
2025-09-24 17:02:06,335 [WARN] PackLoader:240 - Cannot read IP mode file for STMicroelectronics.X-CUBE-FREERTOS.1.3.0
2025-09-24 17:02:06,347 [WARN] PackLoader:240 - Cannot read IP mode file for STMicroelectronics.X-CUBE-NFC7.1.0.1
2025-09-24 17:02:06,359 [WARN] PackLoader:240 - Cannot read IP mode file for wolfSSL.I-CUBE-wolfTPM.3.2.0
2025-09-24 17:02:06,376 [WARN] PackLoader:240 - Cannot read IP mode file for STMicroelectronics.X-CUBE-NFC6.3.0.0
2025-09-24 17:02:06,406 [WARN] PackLoader:240 - Cannot read IP mode file for STMicroelectronics.FP-SNS-STAIOTCFT.1.0.0
2025-09-24 17:02:06,432 [WARN] PackLoader:240 - Cannot read IP mode file for STMicroelectronics.X-CUBE-DPower.1.3.0
2025-09-24 17:02:06,453 [WARN] PackLoader:240 - Cannot read IP mode file for STMicroelectronics.X-CUBE-AI.8.1.0
2025-09-24 17:02:06,550 [WARN] ConditionMgr:438 - getConditionDescription Invalid condition id : LAN8742 Phy interface Condition cause : null
2025-09-24 17:02:06,552 [WARN] PackLoader:240 - Cannot read IP mode file for STMicroelectronics.X-CUBE-AZRTOS-L4.2.0.0
2025-09-24 17:02:06,556 [WARN] ConditionMgr:1044 - genDependencies : Invalid condition id : LAN8742 Phy interface Condition cause : null
2025-09-24 17:02:06,557 [WARN] ConditionMgr:1044 - genDependencies : Invalid condition id : LAN8742 Phy interface Condition cause : null
2025-09-24 17:02:06,559 [WARN] ConditionMgr:1044 - genDependencies : Invalid condition id : LAN8742 Phy interface Condition cause : null
2025-09-24 17:02:06,639 [WARN] PackLoader:240 - Cannot read IP mode file for STMicroelectronics.X-CUBE-SFXS2LP1.4.0.0
2025-09-24 17:02:06,842 [WARN] PackLoader:240 - Cannot read IP mode file for STMicroelectronics.X-CUBE-AZRTOS-H7.3.3.0
2025-09-24 17:02:07,048 [WARN] PackLoader:240 - Cannot read IP mode file for STMicroelectronics.X-CUBE-BLEMGR.4.1.0
2025-09-24 17:02:07,177 [WARN] PackLoader:240 - Cannot read IP mode file for STMicroelectronics.X-CUBE-IPS.3.0.0
2025-09-24 17:02:07,438 [WARN] ConditionMgr:438 - getConditionDescription Invalid condition id : UX DEVICE CLASS RTOS Condition cause : null
2025-09-24 17:02:07,439 [WARN] ConditionMgr:438 - getConditionDescription Invalid condition id : UX DEVICE CLASS RTOS Condition cause : null
2025-09-24 17:02:07,449 [WARN] PackLoader:240 - Cannot read IP mode file for STMicroelectronics.X-CUBE-AZRTOS-WB.2.0.0
2025-09-24 17:02:07,451 [WARN] ConditionMgr:1044 - genDependencies : Invalid condition id : UX DEVICE CLASS RTOS Condition cause : null
2025-09-24 17:02:07,451 [WARN] ConditionMgr:1044 - genDependencies : Invalid condition id : UX DEVICE CLASS RTOS Condition cause : null
2025-09-24 17:02:07,453 [WARN] ConditionMgr:1044 - genDependencies : Invalid condition id : UX DEVICE CLASS RTOS Condition cause : null
2025-09-24 17:02:07,454 [WARN] ConditionMgr:1044 - genDependencies : Invalid condition id : UX DEVICE CLASS RTOS Condition cause : null
2025-09-24 17:02:07,455 [WARN] ConditionMgr:1044 - genDependencies : Invalid condition id : UX DEVICE CLASS RTOS Condition cause : null
2025-09-24 17:02:07,474 [WARN] PackLoader:240 - Cannot read IP mode file for STMicroelectronics.X-CUBE-GNSS1.7.0.0
2025-09-24 17:02:07,493 [WARN] PackLoader:240 - Cannot read IP mode file for STMicroelectronics.X-CUBE-GNSS1.7.0.1
2025-09-24 17:02:07,513 [WARN] PackLoader:240 - Cannot read IP mode file for STMicroelectronics.X-CUBE-TOUCHGFX.4.25.0
2025-09-24 17:02:07,571 [WARN] PackLoader:240 - Cannot read IP mode file for STMicroelectronics.FP-SNS-STBOX1.2.0.0
2025-09-24 17:02:07,683 [WARN] PackLoader:240 - Cannot read IP mode file for STMicroelectronics.X-CUBE-SUBG2.5.0.0
2025-09-24 17:02:07,922 [WARN] PackLoader:240 - Cannot read IP mode file for STMicroelectronics.X-CUBE-AZRTOS-H7RS.1.1.0
2025-09-24 17:02:07,986 [WARN] PackLoader:240 - Cannot read IP mode file for STMicroelectronics.X-CUBE-AZRTOS-G4.2.0.0
2025-09-24 17:02:08,053 [WARN] PackLoader:240 - Cannot read IP mode file for Infineon.AIROC-Wi-Fi-Bluetooth-STM32.1.5.1
2025-09-24 17:02:08,080 [WARN] PackLoader:240 - Cannot read IP mode file for STMicroelectronics.X-CUBE-NFC7.2.0.0
2025-09-24 17:02:08,091 [WARN] PackLoader:240 - Cannot read IP mode file for STMicroelectronics.FP-SNS-MOTENVWB1.1.3.1
2025-09-24 17:02:08,102 [WARN] PackLoader:240 - Cannot read IP mode file for STMicroelectronics.X-CUBE-ISPU.2.0.0
2025-09-24 17:02:08,141 [WARN] PackLoader:240 - Cannot read IP mode file for STMicroelectronics.X-CUBE-IPS.3.1.0
2025-09-24 17:02:08,186 [WARN] PackLoader:240 - Cannot read IP mode file for STMicroelectronics.X-CUBE-ALS.1.0.2
2025-09-24 17:02:08,554 [WARN] PackLoader:240 - Cannot read IP mode file for STMicroelectronics.X-CUBE-MEMS1.10.0.0
2025-09-24 17:02:09,471 [WARN] PackLoader:240 - Cannot read IP mode file for STMicroelectronics.X-CUBE-FREERTOS.1.1.0
2025-09-24 17:02:09,500 [WARN] PackLoader:240 - Cannot read IP mode file for STMicroelectronics.X-CUBE-TOUCHGFX.4.24.0
2025-09-24 17:02:09,512 [WARN] PackLoader:240 - Cannot read IP mode file for STMicroelectronics.X-CUBE-TOUCHGFX.4.24.2
2025-09-24 17:02:09,519 [WARN] PackLoader:240 - Cannot read IP mode file for STMicroelectronics.X-CUBE-TOUCHGFX.4.24.1
2025-09-24 17:02:09,550 [WARN] PackLoader:240 - Cannot read IP mode file for STMicroelectronics.X-CUBE-STSE01.1.0.0
2025-09-24 17:02:09,571 [WARN] PackLoader:240 - Cannot read IP mode file for portGmbH.I-Cube-SoM-uGOAL.1.1.0
2025-09-24 17:02:09,581 [WARN] PackLoader:240 - Cannot read IP mode file for STMicroelectronics.X-CUBE-ALS.1.0.1
2025-09-24 17:02:09,768 [WARN] PackLoader:240 - Cannot read IP mode file for STMicroelectronics.X-CUBE-AZRTOS-H7RS.1.0.0
2025-09-24 17:02:09,784 [WARN] PackLoader:240 - Cannot read IP mode file for STMicroelectronics.FP-ATR-ASTRA1.2.0.0
2025-09-24 17:02:09,935 [WARN] PackLoader:240 - Cannot read IP mode file for STMicroelectronics.X-CUBE-TOF1.3.4.2
2025-09-24 17:02:10,112 [WARN] PackLoader:240 - Cannot read IP mode file for STMicroelectronics.X-CUBE-TOF1.3.4.3
2025-09-24 17:02:10,340 [WARN] PackLoader:240 - Cannot read IP mode file for STMicroelectronics.X-CUBE-TOF1.3.4.0
2025-09-24 17:02:10,542 [WARN] PackLoader:240 - Cannot read IP mode file for STMicroelectronics.X-CUBE-TOF1.3.4.1
2025-09-24 17:02:10,779 [WARN] PackLoader:240 - Cannot read IP mode file for STMicroelectronics.X-CUBE-AZRTOS-H7.3.2.0
2025-09-24 17:02:10,799 [WARN] PackLoader:240 - Cannot read IP mode file for wolfSSL.I-CUBE-wolfSSH.1.4.17
2025-09-24 17:02:10,801 [INFO] ThirdParty:978 - Integrity check success = true
2025-09-24 17:02:10,801 [INFO] IntegrityCheckThread:100 - exiting critical section [integrity check]
2025-09-24 17:02:10,801 [INFO] IntegrityCheckThread:103 - End integrity checks thread
2025-09-24 21:05:53,815 [ERROR] LogOutputStream:75 - [STDERR_REDIRECT] 
