2025-05-20 15:04:10,711 [WARN] IP:2191 - I2C_Coeff_DF not found: check if there is a RefParameter without a condition.
2025-05-20 15:04:10,726 [WARN] IP:2191 - Analog_Filter not found: check if there is a RefParameter without a condition.
2025-05-20 15:04:10,727 [WARN] IP:2191 - I2C_Coeff_DF not found: check if there is a RefParameter without a condition.
2025-05-20 15:04:10,727 [WARN] IP:2191 - Analog_Filter not found: check if there is a RefParameter without a condition.
2025-05-20 15:04:10,738 [WARN] IP:2191 - I2C_Coeff_DF not found: check if there is a RefParameter without a condition.
2025-05-20 15:04:10,738 [WARN] IP:2191 - Analog_Filter not found: check if there is a RefParameter without a condition.
2025-05-20 15:04:10,739 [WARN] IP:2191 - I2C_Coeff_DF not found: check if there is a RefParameter without a condition.
2025-05-20 15:04:10,739 [WARN] IP:2191 - Analog_Filter not found: check if there is a RefParameter without a condition.
2025-05-20 15:04:11,006 [WARN] IP:2191 - I2C_Coeff_DF not found: check if there is a RefParameter without a condition.
2025-05-20 15:04:11,006 [WARN] IP:2191 - Analog_Filter not found: check if there is a RefParameter without a condition.
2025-05-20 15:04:11,007 [WARN] IP:2191 - I2C_Coeff_DF not found: check if there is a RefParameter without a condition.
2025-05-20 15:04:11,007 [WARN] IP:2191 - Analog_Filter not found: check if there is a RefParameter without a condition.
2025-05-20 15:04:11,013 [WARN] IP:2191 - I2C_Coeff_DF not found: check if there is a RefParameter without a condition.
2025-05-20 15:04:11,013 [WARN] IP:2191 - Analog_Filter not found: check if there is a RefParameter without a condition.
2025-05-20 15:04:11,014 [WARN] IP:2191 - I2C_Coeff_DF not found: check if there is a RefParameter without a condition.
2025-05-20 15:04:11,014 [WARN] IP:2191 - Analog_Filter not found: check if there is a RefParameter without a condition.
2025-05-20 15:04:11,271 [WARN] IP:2191 - I2C_Coeff_DF not found: check if there is a RefParameter without a condition.
2025-05-20 15:04:11,272 [WARN] IP:2191 - Analog_Filter not found: check if there is a RefParameter without a condition.
2025-05-20 15:04:11,272 [WARN] IP:2191 - I2C_Coeff_DF not found: check if there is a RefParameter without a condition.
2025-05-20 15:04:11,272 [WARN] IP:2191 - Analog_Filter not found: check if there is a RefParameter without a condition.
2025-05-20 15:04:11,279 [WARN] IP:2191 - I2C_Coeff_DF not found: check if there is a RefParameter without a condition.
2025-05-20 15:04:11,279 [WARN] IP:2191 - Analog_Filter not found: check if there is a RefParameter without a condition.
2025-05-20 15:04:11,279 [WARN] IP:2191 - I2C_Coeff_DF not found: check if there is a RefParameter without a condition.
2025-05-20 15:04:11,279 [WARN] IP:2191 - Analog_Filter not found: check if there is a RefParameter without a condition.
2025-05-20 15:04:17,107 [WARN] IP:2191 - I2C_Coeff_DF not found: check if there is a RefParameter without a condition.
2025-05-20 15:04:17,107 [WARN] IP:2191 - Analog_Filter not found: check if there is a RefParameter without a condition.
2025-05-20 15:04:17,109 [WARN] IP:2191 - I2C_Coeff_DF not found: check if there is a RefParameter without a condition.
2025-05-20 15:04:17,109 [WARN] IP:2191 - Analog_Filter not found: check if there is a RefParameter without a condition.
2025-05-20 15:04:17,114 [WARN] IP:2191 - I2C_Coeff_DF not found: check if there is a RefParameter without a condition.
2025-05-20 15:04:17,114 [WARN] IP:2191 - Analog_Filter not found: check if there is a RefParameter without a condition.
2025-05-20 15:04:17,115 [WARN] IP:2191 - I2C_Coeff_DF not found: check if there is a RefParameter without a condition.
2025-05-20 15:04:17,115 [WARN] IP:2191 - Analog_Filter not found: check if there is a RefParameter without a condition.
2025-05-20 15:04:21,598 [WARN] IP:2191 - I2C_Coeff_DF not found: check if there is a RefParameter without a condition.
2025-05-20 15:04:21,598 [WARN] IP:2191 - Analog_Filter not found: check if there is a RefParameter without a condition.
2025-05-20 15:04:21,598 [WARN] IP:2191 - I2C_Coeff_DF not found: check if there is a RefParameter without a condition.
2025-05-20 15:04:21,599 [WARN] IP:2191 - Analog_Filter not found: check if there is a RefParameter without a condition.
2025-05-20 15:04:21,603 [WARN] IP:2191 - I2C_Coeff_DF not found: check if there is a RefParameter without a condition.
2025-05-20 15:04:21,603 [WARN] IP:2191 - Analog_Filter not found: check if there is a RefParameter without a condition.
2025-05-20 15:04:21,603 [WARN] IP:2191 - I2C_Coeff_DF not found: check if there is a RefParameter without a condition.
2025-05-20 15:04:21,604 [WARN] IP:2191 - Analog_Filter not found: check if there is a RefParameter without a condition.
2025-05-20 15:04:21,742 [WARN] IP:2191 - I2C_Coeff_DF not found: check if there is a RefParameter without a condition.
2025-05-20 15:04:21,742 [WARN] IP:2191 - Analog_Filter not found: check if there is a RefParameter without a condition.
2025-05-20 15:04:21,742 [WARN] IP:2191 - I2C_Coeff_DF not found: check if there is a RefParameter without a condition.
2025-05-20 15:04:21,742 [WARN] IP:2191 - Analog_Filter not found: check if there is a RefParameter without a condition.
2025-05-20 15:04:21,745 [WARN] IP:2191 - I2C_Coeff_DF not found: check if there is a RefParameter without a condition.
2025-05-20 15:04:21,745 [WARN] IP:2191 - Analog_Filter not found: check if there is a RefParameter without a condition.
2025-05-20 15:04:21,745 [WARN] IP:2191 - I2C_Coeff_DF not found: check if there is a RefParameter without a condition.
2025-05-20 15:04:21,745 [WARN] IP:2191 - Analog_Filter not found: check if there is a RefParameter without a condition.
2025-05-20 15:04:21,896 [WARN] IP:2191 - I2C_Coeff_DF not found: check if there is a RefParameter without a condition.
2025-05-20 15:04:21,896 [WARN] IP:2191 - Analog_Filter not found: check if there is a RefParameter without a condition.
2025-05-20 15:04:21,896 [WARN] IP:2191 - I2C_Coeff_DF not found: check if there is a RefParameter without a condition.
2025-05-20 15:04:21,896 [WARN] IP:2191 - Analog_Filter not found: check if there is a RefParameter without a condition.
2025-05-20 15:04:21,901 [WARN] IP:2191 - I2C_Coeff_DF not found: check if there is a RefParameter without a condition.
2025-05-20 15:04:21,901 [WARN] IP:2191 - Analog_Filter not found: check if there is a RefParameter without a condition.
2025-05-20 15:04:21,902 [WARN] IP:2191 - I2C_Coeff_DF not found: check if there is a RefParameter without a condition.
2025-05-20 15:04:21,902 [WARN] IP:2191 - Analog_Filter not found: check if there is a RefParameter without a condition.
2025-05-20 15:04:22,810 [WARN] IP:2191 - I2C_Coeff_DF not found: check if there is a RefParameter without a condition.
2025-05-20 15:04:22,811 [WARN] IP:2191 - Analog_Filter not found: check if there is a RefParameter without a condition.
2025-05-20 15:04:22,812 [WARN] IP:2191 - I2C_Coeff_DF not found: check if there is a RefParameter without a condition.
2025-05-20 15:04:22,812 [WARN] IP:2191 - Analog_Filter not found: check if there is a RefParameter without a condition.
2025-05-20 15:04:22,814 [WARN] IP:2191 - I2C_Coeff_DF not found: check if there is a RefParameter without a condition.
2025-05-20 15:04:22,814 [WARN] IP:2191 - Analog_Filter not found: check if there is a RefParameter without a condition.
2025-05-20 15:04:22,814 [WARN] IP:2191 - I2C_Coeff_DF not found: check if there is a RefParameter without a condition.
2025-05-20 15:04:22,814 [WARN] IP:2191 - Analog_Filter not found: check if there is a RefParameter without a condition.
2025-05-20 15:04:55,583 [WARN] IP:2191 - I2C_Coeff_DF not found: check if there is a RefParameter without a condition.
2025-05-20 15:04:55,590 [WARN] IP:2191 - Analog_Filter not found: check if there is a RefParameter without a condition.
2025-05-20 15:04:55,591 [WARN] IP:2191 - I2C_Coeff_DF not found: check if there is a RefParameter without a condition.
2025-05-20 15:04:55,591 [WARN] IP:2191 - Analog_Filter not found: check if there is a RefParameter without a condition.
2025-05-20 15:04:55,597 [WARN] IP:2191 - I2C_Coeff_DF not found: check if there is a RefParameter without a condition.
2025-05-20 15:04:55,597 [WARN] IP:2191 - Analog_Filter not found: check if there is a RefParameter without a condition.
2025-05-20 15:04:55,597 [WARN] IP:2191 - I2C_Coeff_DF not found: check if there is a RefParameter without a condition.
2025-05-20 15:04:55,597 [WARN] IP:2191 - Analog_Filter not found: check if there is a RefParameter without a condition.
2025-05-20 15:04:55,751 [WARN] IP:2191 - I2C_Coeff_DF not found: check if there is a RefParameter without a condition.
2025-05-20 15:04:55,751 [WARN] IP:2191 - Analog_Filter not found: check if there is a RefParameter without a condition.
2025-05-20 15:04:55,751 [WARN] IP:2191 - I2C_Coeff_DF not found: check if there is a RefParameter without a condition.
2025-05-20 15:04:55,751 [WARN] IP:2191 - Analog_Filter not found: check if there is a RefParameter without a condition.
2025-05-20 15:04:55,757 [WARN] IP:2191 - I2C_Coeff_DF not found: check if there is a RefParameter without a condition.
2025-05-20 15:04:55,757 [WARN] IP:2191 - Analog_Filter not found: check if there is a RefParameter without a condition.
2025-05-20 15:04:55,757 [WARN] IP:2191 - I2C_Coeff_DF not found: check if there is a RefParameter without a condition.
2025-05-20 15:04:55,757 [WARN] IP:2191 - Analog_Filter not found: check if there is a RefParameter without a condition.
2025-05-20 15:04:55,908 [WARN] IP:2191 - I2C_Coeff_DF not found: check if there is a RefParameter without a condition.
2025-05-20 15:04:55,908 [WARN] IP:2191 - Analog_Filter not found: check if there is a RefParameter without a condition.
2025-05-20 15:04:55,908 [WARN] IP:2191 - I2C_Coeff_DF not found: check if there is a RefParameter without a condition.
2025-05-20 15:04:55,908 [WARN] IP:2191 - Analog_Filter not found: check if there is a RefParameter without a condition.
2025-05-20 15:04:55,911 [WARN] IP:2191 - I2C_Coeff_DF not found: check if there is a RefParameter without a condition.
2025-05-20 15:04:55,911 [WARN] IP:2191 - Analog_Filter not found: check if there is a RefParameter without a condition.
2025-05-20 15:04:55,911 [WARN] IP:2191 - I2C_Coeff_DF not found: check if there is a RefParameter without a condition.
2025-05-20 15:04:55,911 [WARN] IP:2191 - Analog_Filter not found: check if there is a RefParameter without a condition.
2025-05-20 15:05:14,672 [WARN] IP:2191 - I2C_Coeff_DF not found: check if there is a RefParameter without a condition.
2025-05-20 15:05:14,673 [WARN] IP:2191 - Analog_Filter not found: check if there is a RefParameter without a condition.
2025-05-20 15:05:14,673 [WARN] IP:2191 - I2C_Coeff_DF not found: check if there is a RefParameter without a condition.
2025-05-20 15:05:14,673 [WARN] IP:2191 - Analog_Filter not found: check if there is a RefParameter without a condition.
2025-05-20 15:05:14,677 [WARN] IP:2191 - I2C_Coeff_DF not found: check if there is a RefParameter without a condition.
2025-05-20 15:05:14,677 [WARN] IP:2191 - Analog_Filter not found: check if there is a RefParameter without a condition.
2025-05-20 15:05:14,678 [WARN] IP:2191 - I2C_Coeff_DF not found: check if there is a RefParameter without a condition.
2025-05-20 15:05:14,678 [WARN] IP:2191 - Analog_Filter not found: check if there is a RefParameter without a condition.
2025-05-20 15:05:14,816 [WARN] IP:2191 - I2C_Coeff_DF not found: check if there is a RefParameter without a condition.
2025-05-20 15:05:14,816 [WARN] IP:2191 - Analog_Filter not found: check if there is a RefParameter without a condition.
2025-05-20 15:05:14,817 [WARN] IP:2191 - I2C_Coeff_DF not found: check if there is a RefParameter without a condition.
2025-05-20 15:05:14,817 [WARN] IP:2191 - Analog_Filter not found: check if there is a RefParameter without a condition.
2025-05-20 15:05:14,821 [WARN] IP:2191 - I2C_Coeff_DF not found: check if there is a RefParameter without a condition.
2025-05-20 15:05:14,821 [WARN] IP:2191 - Analog_Filter not found: check if there is a RefParameter without a condition.
2025-05-20 15:05:14,821 [WARN] IP:2191 - I2C_Coeff_DF not found: check if there is a RefParameter without a condition.
2025-05-20 15:05:14,821 [WARN] IP:2191 - Analog_Filter not found: check if there is a RefParameter without a condition.
2025-05-20 15:05:15,005 [WARN] IP:2191 - I2C_Coeff_DF not found: check if there is a RefParameter without a condition.
2025-05-20 15:05:15,005 [WARN] IP:2191 - Analog_Filter not found: check if there is a RefParameter without a condition.
2025-05-20 15:05:15,005 [WARN] IP:2191 - I2C_Coeff_DF not found: check if there is a RefParameter without a condition.
2025-05-20 15:05:15,005 [WARN] IP:2191 - Analog_Filter not found: check if there is a RefParameter without a condition.
2025-05-20 15:05:15,009 [WARN] IP:2191 - I2C_Coeff_DF not found: check if there is a RefParameter without a condition.
2025-05-20 15:05:15,009 [WARN] IP:2191 - Analog_Filter not found: check if there is a RefParameter without a condition.
2025-05-20 15:05:15,009 [WARN] IP:2191 - I2C_Coeff_DF not found: check if there is a RefParameter without a condition.
2025-05-20 15:05:15,009 [WARN] IP:2191 - Analog_Filter not found: check if there is a RefParameter without a condition.
2025-05-20 15:05:17,291 [WARN] IP:2191 - I2C_Coeff_DF not found: check if there is a RefParameter without a condition.
2025-05-20 15:05:17,291 [WARN] IP:2191 - Analog_Filter not found: check if there is a RefParameter without a condition.
2025-05-20 15:05:17,291 [WARN] IP:2191 - I2C_Coeff_DF not found: check if there is a RefParameter without a condition.
2025-05-20 15:05:17,291 [WARN] IP:2191 - Analog_Filter not found: check if there is a RefParameter without a condition.
2025-05-20 15:05:17,294 [WARN] IP:2191 - I2C_Coeff_DF not found: check if there is a RefParameter without a condition.
2025-05-20 15:05:17,294 [WARN] IP:2191 - Analog_Filter not found: check if there is a RefParameter without a condition.
2025-05-20 15:05:17,295 [WARN] IP:2191 - I2C_Coeff_DF not found: check if there is a RefParameter without a condition.
2025-05-20 15:05:17,295 [WARN] IP:2191 - Analog_Filter not found: check if there is a RefParameter without a condition.
2025-05-20 15:05:17,378 [WARN] IP:2191 - I2C_Coeff_DF not found: check if there is a RefParameter without a condition.
2025-05-20 15:05:17,378 [WARN] IP:2191 - Analog_Filter not found: check if there is a RefParameter without a condition.
2025-05-20 15:05:17,378 [WARN] IP:2191 - I2C_Coeff_DF not found: check if there is a RefParameter without a condition.
2025-05-20 15:05:17,378 [WARN] IP:2191 - Analog_Filter not found: check if there is a RefParameter without a condition.
2025-05-20 15:05:17,381 [WARN] IP:2191 - I2C_Coeff_DF not found: check if there is a RefParameter without a condition.
2025-05-20 15:05:17,381 [WARN] IP:2191 - Analog_Filter not found: check if there is a RefParameter without a condition.
2025-05-20 15:05:17,381 [WARN] IP:2191 - I2C_Coeff_DF not found: check if there is a RefParameter without a condition.
2025-05-20 15:05:17,381 [WARN] IP:2191 - Analog_Filter not found: check if there is a RefParameter without a condition.
2025-05-20 15:05:17,500 [WARN] IP:2191 - I2C_Coeff_DF not found: check if there is a RefParameter without a condition.
2025-05-20 15:05:17,500 [WARN] IP:2191 - Analog_Filter not found: check if there is a RefParameter without a condition.
2025-05-20 15:05:17,500 [WARN] IP:2191 - I2C_Coeff_DF not found: check if there is a RefParameter without a condition.
2025-05-20 15:05:17,500 [WARN] IP:2191 - Analog_Filter not found: check if there is a RefParameter without a condition.
2025-05-20 15:05:17,503 [WARN] IP:2191 - I2C_Coeff_DF not found: check if there is a RefParameter without a condition.
2025-05-20 15:05:17,503 [WARN] IP:2191 - Analog_Filter not found: check if there is a RefParameter without a condition.
2025-05-20 15:05:17,503 [WARN] IP:2191 - I2C_Coeff_DF not found: check if there is a RefParameter without a condition.
2025-05-20 15:05:17,503 [WARN] IP:2191 - Analog_Filter not found: check if there is a RefParameter without a condition.
2025-05-20 15:05:36,317 [WARN] IP:2191 - I2C_Coeff_DF not found: check if there is a RefParameter without a condition.
2025-05-20 15:05:36,317 [WARN] IP:2191 - Analog_Filter not found: check if there is a RefParameter without a condition.
2025-05-20 15:05:36,318 [WARN] IP:2191 - I2C_Coeff_DF not found: check if there is a RefParameter without a condition.
2025-05-20 15:05:36,318 [WARN] IP:2191 - Analog_Filter not found: check if there is a RefParameter without a condition.
2025-05-20 15:05:36,321 [WARN] IP:2191 - I2C_Coeff_DF not found: check if there is a RefParameter without a condition.
2025-05-20 15:05:36,321 [WARN] IP:2191 - Analog_Filter not found: check if there is a RefParameter without a condition.
2025-05-20 15:05:36,321 [WARN] IP:2191 - I2C_Coeff_DF not found: check if there is a RefParameter without a condition.
2025-05-20 15:05:36,321 [WARN] IP:2191 - Analog_Filter not found: check if there is a RefParameter without a condition.
2025-05-20 15:05:36,444 [WARN] IP:2191 - I2C_Coeff_DF not found: check if there is a RefParameter without a condition.
2025-05-20 15:05:36,444 [WARN] IP:2191 - Analog_Filter not found: check if there is a RefParameter without a condition.
2025-05-20 15:05:36,444 [WARN] IP:2191 - I2C_Coeff_DF not found: check if there is a RefParameter without a condition.
2025-05-20 15:05:36,444 [WARN] IP:2191 - Analog_Filter not found: check if there is a RefParameter without a condition.
2025-05-20 15:05:36,447 [WARN] IP:2191 - I2C_Coeff_DF not found: check if there is a RefParameter without a condition.
2025-05-20 15:05:36,447 [WARN] IP:2191 - Analog_Filter not found: check if there is a RefParameter without a condition.
2025-05-20 15:05:36,447 [WARN] IP:2191 - I2C_Coeff_DF not found: check if there is a RefParameter without a condition.
2025-05-20 15:05:36,447 [WARN] IP:2191 - Analog_Filter not found: check if there is a RefParameter without a condition.
2025-05-20 15:05:36,569 [WARN] IP:2191 - I2C_Coeff_DF not found: check if there is a RefParameter without a condition.
2025-05-20 15:05:36,569 [WARN] IP:2191 - Analog_Filter not found: check if there is a RefParameter without a condition.
2025-05-20 15:05:36,569 [WARN] IP:2191 - I2C_Coeff_DF not found: check if there is a RefParameter without a condition.
2025-05-20 15:05:36,569 [WARN] IP:2191 - Analog_Filter not found: check if there is a RefParameter without a condition.
2025-05-20 15:05:36,571 [WARN] IP:2191 - I2C_Coeff_DF not found: check if there is a RefParameter without a condition.
2025-05-20 15:05:36,571 [WARN] IP:2191 - Analog_Filter not found: check if there is a RefParameter without a condition.
2025-05-20 15:05:36,572 [WARN] IP:2191 - I2C_Coeff_DF not found: check if there is a RefParameter without a condition.
2025-05-20 15:05:36,572 [WARN] IP:2191 - Analog_Filter not found: check if there is a RefParameter without a condition.
2025-05-20 15:05:38,559 [WARN] IP:2191 - I2C_Coeff_DF not found: check if there is a RefParameter without a condition.
2025-05-20 15:05:38,559 [WARN] IP:2191 - Analog_Filter not found: check if there is a RefParameter without a condition.
2025-05-20 15:05:38,560 [WARN] IP:2191 - I2C_Coeff_DF not found: check if there is a RefParameter without a condition.
2025-05-20 15:05:38,560 [WARN] IP:2191 - Analog_Filter not found: check if there is a RefParameter without a condition.
2025-05-20 15:05:38,562 [WARN] IP:2191 - I2C_Coeff_DF not found: check if there is a RefParameter without a condition.
2025-05-20 15:05:38,562 [WARN] IP:2191 - Analog_Filter not found: check if there is a RefParameter without a condition.
2025-05-20 15:05:38,562 [WARN] IP:2191 - I2C_Coeff_DF not found: check if there is a RefParameter without a condition.
2025-05-20 15:05:38,562 [WARN] IP:2191 - Analog_Filter not found: check if there is a RefParameter without a condition.
2025-05-20 15:05:46,013 [WARN] IP:2191 - I2C_Coeff_DF not found: check if there is a RefParameter without a condition.
2025-05-20 15:05:46,013 [WARN] IP:2191 - Analog_Filter not found: check if there is a RefParameter without a condition.
2025-05-20 15:05:46,013 [WARN] IP:2191 - I2C_Coeff_DF not found: check if there is a RefParameter without a condition.
2025-05-20 15:05:46,014 [WARN] IP:2191 - Analog_Filter not found: check if there is a RefParameter without a condition.
2025-05-20 15:05:46,026 [WARN] IP:2191 - I2C_Coeff_DF not found: check if there is a RefParameter without a condition.
2025-05-20 15:05:46,026 [WARN] IP:2191 - Analog_Filter not found: check if there is a RefParameter without a condition.
2025-05-20 15:05:46,027 [WARN] IP:2191 - I2C_Coeff_DF not found: check if there is a RefParameter without a condition.
2025-05-20 15:05:46,028 [WARN] IP:2191 - Analog_Filter not found: check if there is a RefParameter without a condition.
2025-05-20 15:05:46,292 [WARN] IP:2191 - I2C_Coeff_DF not found: check if there is a RefParameter without a condition.
2025-05-20 15:05:46,293 [WARN] IP:2191 - Analog_Filter not found: check if there is a RefParameter without a condition.
2025-05-20 15:05:46,293 [WARN] IP:2191 - I2C_Coeff_DF not found: check if there is a RefParameter without a condition.
2025-05-20 15:05:46,293 [WARN] IP:2191 - Analog_Filter not found: check if there is a RefParameter without a condition.
2025-05-20 15:05:46,299 [WARN] IP:2191 - I2C_Coeff_DF not found: check if there is a RefParameter without a condition.
2025-05-20 15:05:46,299 [WARN] IP:2191 - Analog_Filter not found: check if there is a RefParameter without a condition.
2025-05-20 15:05:46,300 [WARN] IP:2191 - I2C_Coeff_DF not found: check if there is a RefParameter without a condition.
2025-05-20 15:05:46,300 [WARN] IP:2191 - Analog_Filter not found: check if there is a RefParameter without a condition.
2025-05-20 15:05:46,518 [WARN] IP:2191 - I2C_Coeff_DF not found: check if there is a RefParameter without a condition.
2025-05-20 15:05:46,518 [WARN] IP:2191 - Analog_Filter not found: check if there is a RefParameter without a condition.
2025-05-20 15:05:46,520 [WARN] IP:2191 - I2C_Coeff_DF not found: check if there is a RefParameter without a condition.
2025-05-20 15:05:46,520 [WARN] IP:2191 - Analog_Filter not found: check if there is a RefParameter without a condition.
2025-05-20 15:05:46,525 [WARN] IP:2191 - I2C_Coeff_DF not found: check if there is a RefParameter without a condition.
2025-05-20 15:05:46,525 [WARN] IP:2191 - Analog_Filter not found: check if there is a RefParameter without a condition.
2025-05-20 15:05:46,525 [WARN] IP:2191 - I2C_Coeff_DF not found: check if there is a RefParameter without a condition.
2025-05-20 15:05:46,525 [WARN] IP:2191 - Analog_Filter not found: check if there is a RefParameter without a condition.
2025-05-20 15:05:55,921 [WARN] IP:2191 - I2C_Coeff_DF not found: check if there is a RefParameter without a condition.
2025-05-20 15:05:55,921 [WARN] IP:2191 - Analog_Filter not found: check if there is a RefParameter without a condition.
2025-05-20 15:05:55,922 [WARN] IP:2191 - I2C_Coeff_DF not found: check if there is a RefParameter without a condition.
2025-05-20 15:05:55,922 [WARN] IP:2191 - Analog_Filter not found: check if there is a RefParameter without a condition.
2025-05-20 15:05:55,925 [WARN] IP:2191 - I2C_Coeff_DF not found: check if there is a RefParameter without a condition.
2025-05-20 15:05:55,926 [WARN] IP:2191 - Analog_Filter not found: check if there is a RefParameter without a condition.
2025-05-20 15:05:55,926 [WARN] IP:2191 - I2C_Coeff_DF not found: check if there is a RefParameter without a condition.
2025-05-20 15:05:55,926 [WARN] IP:2191 - Analog_Filter not found: check if there is a RefParameter without a condition.
2025-05-20 15:05:56,027 [WARN] IP:2191 - I2C_Coeff_DF not found: check if there is a RefParameter without a condition.
2025-05-20 15:05:56,027 [WARN] IP:2191 - Analog_Filter not found: check if there is a RefParameter without a condition.
2025-05-20 15:05:56,027 [WARN] IP:2191 - I2C_Coeff_DF not found: check if there is a RefParameter without a condition.
2025-05-20 15:05:56,027 [WARN] IP:2191 - Analog_Filter not found: check if there is a RefParameter without a condition.
2025-05-20 15:05:56,029 [WARN] IP:2191 - I2C_Coeff_DF not found: check if there is a RefParameter without a condition.
2025-05-20 15:05:56,029 [WARN] IP:2191 - Analog_Filter not found: check if there is a RefParameter without a condition.
2025-05-20 15:05:56,030 [WARN] IP:2191 - I2C_Coeff_DF not found: check if there is a RefParameter without a condition.
2025-05-20 15:05:56,030 [WARN] IP:2191 - Analog_Filter not found: check if there is a RefParameter without a condition.
2025-05-20 15:05:56,170 [WARN] IP:2191 - I2C_Coeff_DF not found: check if there is a RefParameter without a condition.
2025-05-20 15:05:56,170 [WARN] IP:2191 - Analog_Filter not found: check if there is a RefParameter without a condition.
2025-05-20 15:05:56,171 [WARN] IP:2191 - I2C_Coeff_DF not found: check if there is a RefParameter without a condition.
2025-05-20 15:05:56,171 [WARN] IP:2191 - Analog_Filter not found: check if there is a RefParameter without a condition.
2025-05-20 15:05:56,173 [WARN] IP:2191 - I2C_Coeff_DF not found: check if there is a RefParameter without a condition.
2025-05-20 15:05:56,173 [WARN] IP:2191 - Analog_Filter not found: check if there is a RefParameter without a condition.
2025-05-20 15:05:56,173 [WARN] IP:2191 - I2C_Coeff_DF not found: check if there is a RefParameter without a condition.
2025-05-20 15:05:56,173 [WARN] IP:2191 - Analog_Filter not found: check if there is a RefParameter without a condition.
2025-05-20 15:05:57,351 [WARN] IP:2191 - I2C_Coeff_DF not found: check if there is a RefParameter without a condition.
2025-05-20 15:05:57,351 [WARN] IP:2191 - Analog_Filter not found: check if there is a RefParameter without a condition.
2025-05-20 15:05:57,351 [WARN] IP:2191 - I2C_Coeff_DF not found: check if there is a RefParameter without a condition.
2025-05-20 15:05:57,351 [WARN] IP:2191 - Analog_Filter not found: check if there is a RefParameter without a condition.
2025-05-20 15:05:57,354 [WARN] IP:2191 - I2C_Coeff_DF not found: check if there is a RefParameter without a condition.
2025-05-20 15:05:57,354 [WARN] IP:2191 - Analog_Filter not found: check if there is a RefParameter without a condition.
2025-05-20 15:05:57,354 [WARN] IP:2191 - I2C_Coeff_DF not found: check if there is a RefParameter without a condition.
2025-05-20 15:05:57,354 [WARN] IP:2191 - Analog_Filter not found: check if there is a RefParameter without a condition.
2025-05-20 15:05:57,486 [WARN] IP:2191 - I2C_Coeff_DF not found: check if there is a RefParameter without a condition.
2025-05-20 15:05:57,486 [WARN] IP:2191 - Analog_Filter not found: check if there is a RefParameter without a condition.
2025-05-20 15:05:57,486 [WARN] IP:2191 - I2C_Coeff_DF not found: check if there is a RefParameter without a condition.
2025-05-20 15:05:57,486 [WARN] IP:2191 - Analog_Filter not found: check if there is a RefParameter without a condition.
2025-05-20 15:05:57,489 [WARN] IP:2191 - I2C_Coeff_DF not found: check if there is a RefParameter without a condition.
2025-05-20 15:05:57,489 [WARN] IP:2191 - Analog_Filter not found: check if there is a RefParameter without a condition.
2025-05-20 15:05:57,490 [WARN] IP:2191 - I2C_Coeff_DF not found: check if there is a RefParameter without a condition.
2025-05-20 15:05:57,490 [WARN] IP:2191 - Analog_Filter not found: check if there is a RefParameter without a condition.
2025-05-20 15:05:57,684 [WARN] IP:2191 - I2C_Coeff_DF not found: check if there is a RefParameter without a condition.
2025-05-20 15:05:57,684 [WARN] IP:2191 - Analog_Filter not found: check if there is a RefParameter without a condition.
2025-05-20 15:05:57,684 [WARN] IP:2191 - I2C_Coeff_DF not found: check if there is a RefParameter without a condition.
2025-05-20 15:05:57,684 [WARN] IP:2191 - Analog_Filter not found: check if there is a RefParameter without a condition.
2025-05-20 15:05:57,687 [WARN] IP:2191 - I2C_Coeff_DF not found: check if there is a RefParameter without a condition.
2025-05-20 15:05:57,687 [WARN] IP:2191 - Analog_Filter not found: check if there is a RefParameter without a condition.
2025-05-20 15:05:57,687 [WARN] IP:2191 - I2C_Coeff_DF not found: check if there is a RefParameter without a condition.
2025-05-20 15:05:57,687 [WARN] IP:2191 - Analog_Filter not found: check if there is a RefParameter without a condition.
2025-05-20 15:06:00,546 [INFO] UtilMem:75 - End SaveConfig() Used Memory: 516517152 Bytes (1073741824)
2025-05-20 15:06:03,718 [INFO] UtilMem:75 - End SaveConfig() Used Memory: 715023320 Bytes (1073741824)
2025-05-20 15:06:03,960 [INFO] BlockDiagram:2766 - set Specific Code input for plugin: SYS
2025-05-20 15:06:03,960 [INFO] BlockDiagram:2766 - set Specific Code input for plugin: RCC
2025-05-20 15:06:03,960 [INFO] BlockDiagram:2766 - set Specific Code input for plugin: I2C
2025-05-20 15:06:03,960 [INFO] BlockDiagram:2766 - set Specific Code input for plugin: I2C
2025-05-20 15:06:03,961 [INFO] BlockDiagram:2766 - set Specific Code input for plugin: NVIC
2025-05-20 15:06:03,961 [INFO] BlockDiagram:2766 - set Specific Code input for plugin: USART
2025-05-20 15:06:03,961 [INFO] BlockDiagram:2766 - set Specific Code input for plugin: USART
2025-05-20 15:06:03,961 [INFO] BlockDiagram:2766 - set Specific Code input for plugin: DMA
2025-05-20 15:06:03,961 [INFO] BlockDiagram:2766 - set Specific Code input for plugin: GPIO
2025-05-20 15:06:03,963 [INFO] CodeGenerator:807 - code generatio: config db path: /Applications/STM32CubeIDE.app/Contents/Eclipse/plugins/com.st.stm32cube.common.mx_6.12.0.202406281431//db/
2025-05-20 15:06:03,965 [WARN] IP:2191 - I2C_Coeff_DF not found: check if there is a RefParameter without a condition.
2025-05-20 15:06:03,965 [WARN] IP:2191 - Analog_Filter not found: check if there is a RefParameter without a condition.
2025-05-20 15:06:03,966 [WARN] IP:2191 - I2C_Coeff_DF not found: check if there is a RefParameter without a condition.
2025-05-20 15:06:03,966 [WARN] IP:2191 - Analog_Filter not found: check if there is a RefParameter without a condition.
2025-05-20 15:06:03,976 [INFO] Argument:325 - Argument : hdmavalue: null
2025-05-20 15:06:03,977 [INFO] Argument:327 - 	 sub Args: 
2025-05-20 15:06:03,977 [INFO] Argument:325 - Argument : Instancevalue: DMA2_Stream2
2025-05-20 15:06:03,977 [INFO] Argument:335 - Argument : Instancevalue: DMA2_Stream2
2025-05-20 15:06:03,977 [INFO] Argument:325 - Argument : Initvalue: null
2025-05-20 15:06:03,977 [INFO] Argument:327 - 	 sub Args: 
2025-05-20 15:06:03,977 [INFO] Argument:325 - Argument : Channelvalue: DMA_CHANNEL_4
2025-05-20 15:06:03,977 [INFO] Argument:335 - Argument : Channelvalue: DMA_CHANNEL_4
2025-05-20 15:06:03,977 [INFO] Argument:325 - Argument : Directionvalue: DMA_PERIPH_TO_MEMORY
2025-05-20 15:06:03,977 [INFO] Argument:335 - Argument : Directionvalue: DMA_PERIPH_TO_MEMORY
2025-05-20 15:06:03,977 [INFO] Argument:325 - Argument : PeriphIncvalue: DMA_PINC_DISABLE
2025-05-20 15:06:03,977 [INFO] Argument:335 - Argument : PeriphIncvalue: DMA_PINC_DISABLE
2025-05-20 15:06:03,977 [INFO] Argument:325 - Argument : MemIncvalue: DMA_MINC_ENABLE
2025-05-20 15:06:03,977 [INFO] Argument:335 - Argument : MemIncvalue: DMA_MINC_ENABLE
2025-05-20 15:06:03,977 [INFO] Argument:325 - Argument : PeriphDataAlignmentvalue: DMA_PDATAALIGN_BYTE
2025-05-20 15:06:03,977 [INFO] Argument:335 - Argument : PeriphDataAlignmentvalue: DMA_PDATAALIGN_BYTE
2025-05-20 15:06:03,977 [INFO] Argument:325 - Argument : MemDataAlignmentvalue: DMA_MDATAALIGN_BYTE
2025-05-20 15:06:03,977 [INFO] Argument:335 - Argument : MemDataAlignmentvalue: DMA_MDATAALIGN_BYTE
2025-05-20 15:06:03,977 [INFO] Argument:325 - Argument : Modevalue: DMA_NORMAL
2025-05-20 15:06:03,977 [INFO] Argument:335 - Argument : Modevalue: DMA_NORMAL
2025-05-20 15:06:03,977 [INFO] Argument:325 - Argument : Priorityvalue: DMA_PRIORITY_VERY_HIGH
2025-05-20 15:06:03,977 [INFO] Argument:335 - Argument : Priorityvalue: DMA_PRIORITY_VERY_HIGH
2025-05-20 15:06:03,977 [INFO] Argument:325 - Argument : FIFOModevalue: DMA_FIFOMODE_DISABLE
2025-05-20 15:06:03,977 [INFO] Argument:335 - Argument : FIFOModevalue: DMA_FIFOMODE_DISABLE
2025-05-20 15:06:03,977 [INFO] Argument:325 - Argument : FIFOThresholdvalue: null
2025-05-20 15:06:03,977 [INFO] Argument:335 - Argument : FIFOThresholdvalue: null
2025-05-20 15:06:03,977 [INFO] Argument:325 - Argument : MemBurstvalue: null
2025-05-20 15:06:03,977 [INFO] Argument:335 - Argument : MemBurstvalue: null
2025-05-20 15:06:03,977 [INFO] Argument:325 - Argument : PeriphBurstvalue: null
2025-05-20 15:06:03,977 [INFO] Argument:335 - Argument : PeriphBurstvalue: null
2025-05-20 15:06:03,977 [INFO] Argument:325 - Argument : Lockvalue: null
2025-05-20 15:06:03,977 [INFO] Argument:335 - Argument : Lockvalue: null
2025-05-20 15:06:03,977 [INFO] Argument:325 - Argument : Statevalue: null
2025-05-20 15:06:03,978 [INFO] Argument:335 - Argument : Statevalue: null
2025-05-20 15:06:03,978 [INFO] Argument:325 - Argument : Parentvalue: null
2025-05-20 15:06:03,979 [INFO] Argument:335 - Argument : Parentvalue: null
2025-05-20 15:06:03,979 [INFO] Argument:325 - Argument : XferCpltCallbackvalue: null
2025-05-20 15:06:03,979 [INFO] Argument:335 - Argument : XferCpltCallbackvalue: null
2025-05-20 15:06:03,979 [INFO] Argument:325 - Argument : XferHalfCpltCallbackvalue: null
2025-05-20 15:06:03,979 [INFO] Argument:335 - Argument : XferHalfCpltCallbackvalue: null
2025-05-20 15:06:03,979 [INFO] Argument:325 - Argument : XferM1CpltCallbackvalue: null
2025-05-20 15:06:03,979 [INFO] Argument:335 - Argument : XferM1CpltCallbackvalue: null
2025-05-20 15:06:03,979 [INFO] Argument:325 - Argument : XferErrorCallbackvalue: null
2025-05-20 15:06:03,979 [INFO] Argument:335 - Argument : XferErrorCallbackvalue: null
2025-05-20 15:06:03,979 [INFO] Argument:325 - Argument : ErrorCodevalue: null
2025-05-20 15:06:03,979 [INFO] Argument:335 - Argument : ErrorCodevalue: null
2025-05-20 15:06:03,980 [INFO] Argument:325 - Argument : hdmavalue: null
2025-05-20 15:06:03,980 [INFO] Argument:327 - 	 sub Args: 
2025-05-20 15:06:03,980 [INFO] Argument:325 - Argument : Instancevalue: DMA2_Stream7
2025-05-20 15:06:03,980 [INFO] Argument:335 - Argument : Instancevalue: DMA2_Stream7
2025-05-20 15:06:03,980 [INFO] Argument:325 - Argument : Initvalue: null
2025-05-20 15:06:03,980 [INFO] Argument:327 - 	 sub Args: 
2025-05-20 15:06:03,980 [INFO] Argument:325 - Argument : Channelvalue: DMA_CHANNEL_4
2025-05-20 15:06:03,980 [INFO] Argument:335 - Argument : Channelvalue: DMA_CHANNEL_4
2025-05-20 15:06:03,980 [INFO] Argument:325 - Argument : Directionvalue: DMA_MEMORY_TO_PERIPH
2025-05-20 15:06:03,980 [INFO] Argument:335 - Argument : Directionvalue: DMA_MEMORY_TO_PERIPH
2025-05-20 15:06:03,980 [INFO] Argument:325 - Argument : PeriphIncvalue: DMA_PINC_DISABLE
2025-05-20 15:06:03,980 [INFO] Argument:335 - Argument : PeriphIncvalue: DMA_PINC_DISABLE
2025-05-20 15:06:03,980 [INFO] Argument:325 - Argument : MemIncvalue: DMA_MINC_ENABLE
2025-05-20 15:06:03,980 [INFO] Argument:335 - Argument : MemIncvalue: DMA_MINC_ENABLE
2025-05-20 15:06:03,980 [INFO] Argument:325 - Argument : PeriphDataAlignmentvalue: DMA_PDATAALIGN_BYTE
2025-05-20 15:06:03,980 [INFO] Argument:335 - Argument : PeriphDataAlignmentvalue: DMA_PDATAALIGN_BYTE
2025-05-20 15:06:03,980 [INFO] Argument:325 - Argument : MemDataAlignmentvalue: DMA_MDATAALIGN_BYTE
2025-05-20 15:06:03,980 [INFO] Argument:335 - Argument : MemDataAlignmentvalue: DMA_MDATAALIGN_BYTE
2025-05-20 15:06:03,980 [INFO] Argument:325 - Argument : Modevalue: DMA_NORMAL
2025-05-20 15:06:03,980 [INFO] Argument:335 - Argument : Modevalue: DMA_NORMAL
2025-05-20 15:06:03,980 [INFO] Argument:325 - Argument : Priorityvalue: DMA_PRIORITY_VERY_HIGH
2025-05-20 15:06:03,980 [INFO] Argument:335 - Argument : Priorityvalue: DMA_PRIORITY_VERY_HIGH
2025-05-20 15:06:03,980 [INFO] Argument:325 - Argument : FIFOModevalue: DMA_FIFOMODE_DISABLE
2025-05-20 15:06:03,980 [INFO] Argument:335 - Argument : FIFOModevalue: DMA_FIFOMODE_DISABLE
2025-05-20 15:06:03,980 [INFO] Argument:325 - Argument : FIFOThresholdvalue: null
2025-05-20 15:06:03,980 [INFO] Argument:335 - Argument : FIFOThresholdvalue: null
2025-05-20 15:06:03,981 [INFO] Argument:325 - Argument : MemBurstvalue: null
2025-05-20 15:06:03,981 [INFO] Argument:335 - Argument : MemBurstvalue: null
2025-05-20 15:06:03,981 [INFO] Argument:325 - Argument : PeriphBurstvalue: null
2025-05-20 15:06:03,981 [INFO] Argument:335 - Argument : PeriphBurstvalue: null
2025-05-20 15:06:03,981 [INFO] Argument:325 - Argument : Lockvalue: null
2025-05-20 15:06:03,981 [INFO] Argument:335 - Argument : Lockvalue: null
2025-05-20 15:06:03,981 [INFO] Argument:325 - Argument : Statevalue: null
2025-05-20 15:06:03,981 [INFO] Argument:335 - Argument : Statevalue: null
2025-05-20 15:06:03,981 [INFO] Argument:325 - Argument : Parentvalue: null
2025-05-20 15:06:03,981 [INFO] Argument:335 - Argument : Parentvalue: null
2025-05-20 15:06:03,981 [INFO] Argument:325 - Argument : XferCpltCallbackvalue: null
2025-05-20 15:06:03,981 [INFO] Argument:335 - Argument : XferCpltCallbackvalue: null
2025-05-20 15:06:03,981 [INFO] Argument:325 - Argument : XferHalfCpltCallbackvalue: null
2025-05-20 15:06:03,981 [INFO] Argument:335 - Argument : XferHalfCpltCallbackvalue: null
2025-05-20 15:06:03,981 [INFO] Argument:325 - Argument : XferM1CpltCallbackvalue: null
2025-05-20 15:06:03,981 [INFO] Argument:335 - Argument : XferM1CpltCallbackvalue: null
2025-05-20 15:06:03,981 [INFO] Argument:325 - Argument : XferErrorCallbackvalue: null
2025-05-20 15:06:03,981 [INFO] Argument:335 - Argument : XferErrorCallbackvalue: null
2025-05-20 15:06:03,981 [INFO] Argument:325 - Argument : ErrorCodevalue: null
2025-05-20 15:06:03,981 [INFO] Argument:335 - Argument : ErrorCodevalue: null
2025-05-20 15:06:03,983 [INFO] Argument:325 - Argument : hdmavalue: null
2025-05-20 15:06:03,983 [INFO] Argument:327 - 	 sub Args: 
2025-05-20 15:06:03,983 [INFO] Argument:325 - Argument : Instancevalue: DMA2_Stream1
2025-05-20 15:06:03,983 [INFO] Argument:335 - Argument : Instancevalue: DMA2_Stream1
2025-05-20 15:06:03,983 [INFO] Argument:325 - Argument : Initvalue: null
2025-05-20 15:06:03,983 [INFO] Argument:327 - 	 sub Args: 
2025-05-20 15:06:03,983 [INFO] Argument:325 - Argument : Channelvalue: DMA_CHANNEL_5
2025-05-20 15:06:03,985 [INFO] Argument:335 - Argument : Channelvalue: DMA_CHANNEL_5
2025-05-20 15:06:03,985 [INFO] Argument:325 - Argument : Directionvalue: DMA_PERIPH_TO_MEMORY
2025-05-20 15:06:03,985 [INFO] Argument:335 - Argument : Directionvalue: DMA_PERIPH_TO_MEMORY
2025-05-20 15:06:03,985 [INFO] Argument:325 - Argument : PeriphIncvalue: DMA_PINC_DISABLE
2025-05-20 15:06:03,985 [INFO] Argument:335 - Argument : PeriphIncvalue: DMA_PINC_DISABLE
2025-05-20 15:06:03,985 [INFO] Argument:325 - Argument : MemIncvalue: DMA_MINC_ENABLE
2025-05-20 15:06:03,985 [INFO] Argument:335 - Argument : MemIncvalue: DMA_MINC_ENABLE
2025-05-20 15:06:03,985 [INFO] Argument:325 - Argument : PeriphDataAlignmentvalue: DMA_PDATAALIGN_BYTE
2025-05-20 15:06:03,985 [INFO] Argument:335 - Argument : PeriphDataAlignmentvalue: DMA_PDATAALIGN_BYTE
2025-05-20 15:06:03,985 [INFO] Argument:325 - Argument : MemDataAlignmentvalue: DMA_MDATAALIGN_BYTE
2025-05-20 15:06:03,985 [INFO] Argument:335 - Argument : MemDataAlignmentvalue: DMA_MDATAALIGN_BYTE
2025-05-20 15:06:03,985 [INFO] Argument:325 - Argument : Modevalue: DMA_NORMAL
2025-05-20 15:06:03,985 [INFO] Argument:335 - Argument : Modevalue: DMA_NORMAL
2025-05-20 15:06:03,985 [INFO] Argument:325 - Argument : Priorityvalue: DMA_PRIORITY_VERY_HIGH
2025-05-20 15:06:03,985 [INFO] Argument:335 - Argument : Priorityvalue: DMA_PRIORITY_VERY_HIGH
2025-05-20 15:06:03,985 [INFO] Argument:325 - Argument : FIFOModevalue: DMA_FIFOMODE_DISABLE
2025-05-20 15:06:03,985 [INFO] Argument:335 - Argument : FIFOModevalue: DMA_FIFOMODE_DISABLE
2025-05-20 15:06:03,985 [INFO] Argument:325 - Argument : FIFOThresholdvalue: null
2025-05-20 15:06:03,985 [INFO] Argument:335 - Argument : FIFOThresholdvalue: null
2025-05-20 15:06:03,985 [INFO] Argument:325 - Argument : MemBurstvalue: null
2025-05-20 15:06:03,985 [INFO] Argument:335 - Argument : MemBurstvalue: null
2025-05-20 15:06:03,985 [INFO] Argument:325 - Argument : PeriphBurstvalue: null
2025-05-20 15:06:03,985 [INFO] Argument:335 - Argument : PeriphBurstvalue: null
2025-05-20 15:06:03,985 [INFO] Argument:325 - Argument : Lockvalue: null
2025-05-20 15:06:03,985 [INFO] Argument:335 - Argument : Lockvalue: null
2025-05-20 15:06:03,985 [INFO] Argument:325 - Argument : Statevalue: null
2025-05-20 15:06:03,985 [INFO] Argument:335 - Argument : Statevalue: null
2025-05-20 15:06:03,985 [INFO] Argument:325 - Argument : Parentvalue: null
2025-05-20 15:06:03,986 [INFO] Argument:335 - Argument : Parentvalue: null
2025-05-20 15:06:03,986 [INFO] Argument:325 - Argument : XferCpltCallbackvalue: null
2025-05-20 15:06:03,986 [INFO] Argument:335 - Argument : XferCpltCallbackvalue: null
2025-05-20 15:06:03,986 [INFO] Argument:325 - Argument : XferHalfCpltCallbackvalue: null
2025-05-20 15:06:03,986 [INFO] Argument:335 - Argument : XferHalfCpltCallbackvalue: null
2025-05-20 15:06:03,986 [INFO] Argument:325 - Argument : XferM1CpltCallbackvalue: null
2025-05-20 15:06:03,986 [INFO] Argument:335 - Argument : XferM1CpltCallbackvalue: null
2025-05-20 15:06:03,986 [INFO] Argument:325 - Argument : XferErrorCallbackvalue: null
2025-05-20 15:06:03,986 [INFO] Argument:335 - Argument : XferErrorCallbackvalue: null
2025-05-20 15:06:03,986 [INFO] Argument:325 - Argument : ErrorCodevalue: null
2025-05-20 15:06:03,986 [INFO] Argument:335 - Argument : ErrorCodevalue: null
2025-05-20 15:06:04,078 [INFO] CodeEngine:255 - oldGeneratedFile, /Users/liangnie/Documents/GitHub/STM32CUBEIDE/Liang Nie/UARTTESTING/MXTmpFiles/license.tmp_save
2025-05-20 15:06:04,191 [INFO] CodeEngine:279 - Generated code: /Users/liangnie/Documents/GitHub/STM32CUBEIDE/Liang Nie/UARTTESTING/MXTmpFiles/license.tmp
2025-05-20 15:06:04,227 [INFO] CodeEngine:255 - oldGeneratedFile, /Users/liangnie/Documents/GitHub/STM32CUBEIDE/Liang Nie/UARTTESTING/MXTmpFiles/gpio.tmp_save
2025-05-20 15:06:04,302 [INFO] CodeEngine:279 - Generated code: /Users/liangnie/Documents/GitHub/STM32CUBEIDE/Liang Nie/UARTTESTING/MXTmpFiles/gpio.tmp
2025-05-20 15:06:04,787 [INFO] CodeEngine:255 - oldGeneratedFile, /Users/liangnie/Documents/GitHub/STM32CUBEIDE/Liang Nie/UARTTESTING/MXTmpFiles/dma.tmp_save
2025-05-20 15:06:04,846 [INFO] CodeEngine:279 - Generated code: /Users/liangnie/Documents/GitHub/STM32CUBEIDE/Liang Nie/UARTTESTING/MXTmpFiles/dma.tmp
2025-05-20 15:06:04,848 [INFO] CodeEngine:255 - oldGeneratedFile, /Users/liangnie/Documents/GitHub/STM32CUBEIDE/Liang Nie/UARTTESTING/MXTmpFiles/dma_GV.tmp_save
2025-05-20 15:06:04,900 [INFO] CodeEngine:279 - Generated code: /Users/liangnie/Documents/GitHub/STM32CUBEIDE/Liang Nie/UARTTESTING/MXTmpFiles/dma_GV.tmp
2025-05-20 15:06:04,909 [INFO] CodeEngine:255 - oldGeneratedFile, /Users/liangnie/Documents/GitHub/STM32CUBEIDE/Liang Nie/UARTTESTING/Core/Src/stm32f4xx_it.c_save
2025-05-20 15:06:05,051 [INFO] CodeEngine:279 - Generated code: /Users/liangnie/Documents/GitHub/STM32CUBEIDE/Liang Nie/UARTTESTING/Core/Src/stm32f4xx_it.c
2025-05-20 15:06:05,053 [INFO] CodeEngine:255 - oldGeneratedFile, /Users/liangnie/Documents/GitHub/STM32CUBEIDE/Liang Nie/UARTTESTING/Core/Inc/stm32f4xx_it.h_save
2025-05-20 15:06:05,108 [INFO] CodeEngine:279 - Generated code: /Users/liangnie/Documents/GitHub/STM32CUBEIDE/Liang Nie/UARTTESTING/Core/Inc/stm32f4xx_it.h
2025-05-20 15:06:05,117 [INFO] CodeEngine:255 - oldGeneratedFile, /Users/liangnie/Documents/GitHub/STM32CUBEIDE/Liang Nie/UARTTESTING/Core/Src/stm32f4xx_hal_msp.c_save
2025-05-20 15:06:05,207 [INFO] CodeEngine:279 - Generated code: /Users/liangnie/Documents/GitHub/STM32CUBEIDE/Liang Nie/UARTTESTING/Core/Src/stm32f4xx_hal_msp.c
2025-05-20 15:06:05,209 [INFO] CodeEngine:255 - oldGeneratedFile, /Users/liangnie/Documents/GitHub/STM32CUBEIDE/Liang Nie/UARTTESTING/MXTmpFiles/system.tmp_save
2025-05-20 15:06:05,258 [INFO] CodeEngine:279 - Generated code: /Users/liangnie/Documents/GitHub/STM32CUBEIDE/Liang Nie/UARTTESTING/MXTmpFiles/system.tmp
2025-05-20 15:06:05,263 [INFO] CodeEngine:311 - oldGeneratedFile, /Users/liangnie/Documents/GitHub/STM32CUBEIDE/Liang Nie/UARTTESTING/Core/Inc/stm32f4xx_hal_conf.h_save
2025-05-20 15:06:05,320 [INFO] CodeEngine:335 - Generated code: /Users/liangnie/Documents/GitHub/STM32CUBEIDE/Liang Nie/UARTTESTING/Core/Inc/stm32f4xx_hal_conf.h
2025-05-20 15:06:05,362 [INFO] CodeEngine:255 - oldGeneratedFile, /Users/liangnie/Documents/GitHub/STM32CUBEIDE/Liang Nie/UARTTESTING/Core/Inc/main.h_save
2025-05-20 15:06:05,428 [INFO] CodeEngine:279 - Generated code: /Users/liangnie/Documents/GitHub/STM32CUBEIDE/Liang Nie/UARTTESTING/Core/Inc/main.h
2025-05-20 15:06:05,431 [INFO] CodeEngine:255 - oldGeneratedFile, /Users/liangnie/Documents/GitHub/STM32CUBEIDE/Liang Nie/UARTTESTING/Core/Src/main.c_save
2025-05-20 15:06:05,522 [INFO] CodeEngine:279 - Generated code: /Users/liangnie/Documents/GitHub/STM32CUBEIDE/Liang Nie/UARTTESTING/Core/Src/main.c
2025-05-20 15:06:05,967 [INFO] ProjectBuilder:3249 - Time for Copy HAL[1] : 158mS.
2025-05-20 15:06:05,969 [INFO] ProjectBuilder:4828 - Project Generator version: 4.4.0-B60
2025-05-20 15:06:06,155 [INFO] ConfigFileManager:1531 - The Die is : DIE413
2025-05-20 15:06:07,043 [INFO] ProjectBuilder:5097 - Time for Generating toolchain IDE Files: 1073mS.
2025-05-20 15:06:07,043 [INFO] ProjectBuilder:3107 - Time for Copy CMSIS : 0mS.
2025-05-20 15:06:07,044 [INFO] ProjectBuilder:3107 - Time for Copy CMSIS : 0mS.
