2024-05-15 18:10:46,219 [INFO] Activator:176 - 


2024-05-15 18:10:46,236 [INFO] Activator:177 - !SESSION log4j initialized
2024-05-15 18:11:30,596 [INFO] LogOutputStream:77 - [STDOUT_REDIRECT] 
2024-05-15 18:11:39,609 [INFO] LogOutputStream:77 - [STDOUT_REDIRECT] 
2024-05-15 18:11:50,383 [ERROR] LogOutputStream:75 - [STDERR_REDIRECT] java.net.URISyntaxException: Illegal character in path at index 56: file:/Users/liangnie/Documents/GitHub/STM32CUBEIDE/Liang Nie/.metadata/.log4j2.xml
2024-05-15 18:11:50,383 [ERROR] LogOutputStream:75 - [STDERR_REDIRECT] 	at java.base/java.net.URI$Parser.fail(URI.java:2976)
2024-05-15 18:11:50,384 [ERROR] LogOutputStream:75 - [STDERR_REDIRECT] 	at java.base/java.net.URI$Parser.checkChars(URI.java:3147)
2024-05-15 18:11:50,385 [ERROR] LogOutputStream:75 - [STDERR_REDIRECT] 	at java.base/java.net.URI$Parser.parseHierarchical(URI.java:3229)
2024-05-15 18:11:50,386 [ERROR] LogOutputStream:75 - [STDERR_REDIRECT] 	at java.base/java.net.URI$Parser.parse(URI.java:3177)
2024-05-15 18:11:50,387 [ERROR] LogOutputStream:75 - [STDERR_REDIRECT] 	at java.base/java.net.URI.<init>(URI.java:623)
2024-05-15 18:11:50,387 [ERROR] LogOutputStream:75 - [STDERR_REDIRECT] 	at java.base/java.net.URL.toURI(URL.java:1056)
2024-05-15 18:11:50,387 [ERROR] LogOutputStream:75 - [STDERR_REDIRECT] 	at com.st.stm32cube.common.mx.core.CubeMxInstance.getInstance(CubeMxInstance.java:81)
2024-05-15 18:11:50,388 [ERROR] LogOutputStream:75 - [STDERR_REDIRECT] 	at com.st.stm32cube.common.mx.userauth.UserAuthAdapter.<init>(UserAuthAdapter.java:25)
2024-05-15 18:11:50,388 [ERROR] LogOutputStream:75 - [STDERR_REDIRECT] 	at com.st.stm32cube.common.mx.userauth.UserAuthProvider.getUserAuthAdapter(UserAuthProvider.java:16)
2024-05-15 18:11:50,389 [ERROR] LogOutputStream:75 - [STDERR_REDIRECT] 	at com.st.stm32cube.common.ecosystemintegration.ui.core.MCUEcoSystemIntegrationUiHelper.getUserAuth(MCUEcoSystemIntegrationUiHelper.java:100)
2024-05-15 18:11:50,389 [ERROR] LogOutputStream:75 - [STDERR_REDIRECT] 	at com.st.stm32cube.ide.mcu.userauth.UserAuthStartup.earlyStartup(UserAuthStartup.java:41)
2024-05-15 18:11:50,390 [ERROR] LogOutputStream:75 - [STDERR_REDIRECT] 	at org.eclipse.ui.internal.EarlyStartupRunnable.runEarlyStartup(EarlyStartupRunnable.java:79)
2024-05-15 18:11:50,390 [ERROR] LogOutputStream:75 - [STDERR_REDIRECT] 	at org.eclipse.ui.internal.EarlyStartupRunnable.run(EarlyStartupRunnable.java:55)
2024-05-15 18:11:50,391 [ERROR] LogOutputStream:75 - [STDERR_REDIRECT] 	at org.eclipse.core.runtime.SafeRunner.run(SafeRunner.java:47)
2024-05-15 18:11:50,392 [ERROR] LogOutputStream:75 - [STDERR_REDIRECT] 	at org.eclipse.ui.internal.Workbench$39.run(Workbench.java:2762)
2024-05-15 18:11:50,392 [ERROR] LogOutputStream:75 - [STDERR_REDIRECT] 	at org.eclipse.core.internal.jobs.Worker.run(Worker.java:63)
2024-05-15 18:11:50,785 [ERROR] LogOutputStream:75 - [STDERR_REDIRECT] 
2024-05-15 18:11:52,530 [INFO] ApplicationProperties:184 - Using Application install path: /Applications/STM32CubeIDE.app/Contents/Eclipse/plugins/com.st.stm32cube.common.mx_6.11.1.202404110753
2024-05-15 18:11:52,565 [INFO] DbMcusXml:78 - Set database path to: /Applications/STM32CubeIDE.app/Contents/Eclipse/plugins/com.st.stm32cube.common.mx_6.11.1.202404110753//db//mcu/
2024-05-15 18:11:52,950 [INFO] ApiDb:274 - Set plugin database path to: /Applications/STM32CubeIDE.app/Contents/Eclipse/plugins/com.st.stm32cube.common.mx_6.11.1.202404110753//db//plugins/boardmanager/
2024-05-15 18:11:52,996 [WARN] ApiDb:259 - Overriding images path with different value:  => /Applications/STM32CubeIDE.app/Contents/Eclipse/plugins/com.st.stm32cube.common.mx_6.11.1.202404110753//db//plugins/mcufinder/images/
2024-05-15 18:11:53,057 [INFO] ApiDb:250 - Set database path to: /Users/liangnie/.stmcufinder/plugins/mcufinder//mcu/
2024-05-15 18:11:53,089 [INFO] DbMcusAds:125 - Set database path to: /Users/liangnie/.stmcufinder/plugins/mcufinder//mcu/
2024-05-15 18:11:53,156 [INFO] CrossReferenceDbSqlite:203 - Set database path to: /Users/liangnie/.stmcufinder/plugins/mcufinder//mcu/cs/
2024-05-15 18:11:53,998 [INFO] RulesReader:64 - Compatibility file has been processed (297 Rules)
2024-05-15 18:11:54,806 [INFO] DbMcusXml:78 - Set database path to: /Applications/STM32CubeIDE.app/Contents/Eclipse/plugins/com.st.stm32cube.common.mx_6.11.1.202404110753//db//mcu/
2024-05-15 18:11:54,807 [INFO] ApiDb:274 - Set plugin database path to: /Applications/STM32CubeIDE.app/Contents/Eclipse/plugins/com.st.stm32cube.common.mx_6.11.1.202404110753//db//plugins/boardmanager/
2024-05-15 18:11:54,807 [INFO] ApiDb:261 - Set plugin images path to: /Applications/STM32CubeIDE.app/Contents/Eclipse/plugins/com.st.stm32cube.common.mx_6.11.1.202404110753//db//plugins/mcufinder/images/
2024-05-15 18:11:54,808 [WARN] DbFile:41 - Overriding database path with different value: /Users/liangnie/.stmcufinder/plugins/mcufinder/ => /Users/liangnie/.stmcufinder/plugins/mcufinder
2024-05-15 18:11:54,808 [INFO] ApiDb:250 - Set database path to: /Users/liangnie/.stmcufinder/plugins/mcufinder//mcu/
2024-05-15 18:11:54,808 [WARN] DbFile:41 - Overriding database path with different value: /Users/liangnie/.stmcufinder/plugins/mcufinder/ => /Users/liangnie/.stmcufinder/plugins/mcufinder
2024-05-15 18:11:54,809 [INFO] DbMcusAds:125 - Set database path to: /Users/liangnie/.stmcufinder/plugins/mcufinder//mcu/
2024-05-15 18:11:54,809 [WARN] DbFile:41 - Overriding database path with different value: /Users/liangnie/.stmcufinder/plugins/mcufinder/ => /Users/liangnie/.stmcufinder/plugins/mcufinder
2024-05-15 18:11:54,809 [WARN] DbFile:41 - Overriding database path with different value: /Users/liangnie/.stmcufinder/plugins/mcufinder/ => /Users/liangnie/.stmcufinder/plugins/mcufinder
2024-05-15 18:11:54,810 [INFO] CrossReferenceDbSqlite:203 - Set database path to: /Users/liangnie/.stmcufinder/plugins/mcufinder//mcu/cs/
2024-05-15 18:11:55,440 [INFO] MainPanel:264 - HeapMemory: 371195904
2024-05-15 18:11:56,177 [INFO] DbMcusXml:78 - Set database path to: /Applications/STM32CubeIDE.app/Contents/Eclipse/plugins/com.st.stm32cube.common.mx_6.11.1.202404110753//db//mcu/
2024-05-15 18:11:56,177 [INFO] ApiDb:274 - Set plugin database path to: /Applications/STM32CubeIDE.app/Contents/Eclipse/plugins/com.st.stm32cube.common.mx_6.11.1.202404110753//db//plugins/boardmanager/
2024-05-15 18:11:56,178 [INFO] ApiDb:261 - Set plugin images path to: /Applications/STM32CubeIDE.app/Contents/Eclipse/plugins/com.st.stm32cube.common.mx_6.11.1.202404110753//db//plugins/mcufinder/images/
2024-05-15 18:11:56,179 [WARN] DbFile:41 - Overriding database path with different value: /Users/liangnie/.stmcufinder/plugins/mcufinder/ => /Users/liangnie/.stmcufinder/plugins/mcufinder
2024-05-15 18:11:56,179 [INFO] ApiDb:250 - Set database path to: /Users/liangnie/.stmcufinder/plugins/mcufinder//mcu/
2024-05-15 18:11:56,179 [WARN] DbFile:41 - Overriding database path with different value: /Users/liangnie/.stmcufinder/plugins/mcufinder/ => /Users/liangnie/.stmcufinder/plugins/mcufinder
2024-05-15 18:11:56,179 [INFO] DbMcusAds:125 - Set database path to: /Users/liangnie/.stmcufinder/plugins/mcufinder//mcu/
2024-05-15 18:11:56,180 [WARN] DbFile:41 - Overriding database path with different value: /Users/liangnie/.stmcufinder/plugins/mcufinder/ => /Users/liangnie/.stmcufinder/plugins/mcufinder
2024-05-15 18:11:56,180 [WARN] DbFile:41 - Overriding database path with different value: /Users/liangnie/.stmcufinder/plugins/mcufinder/ => /Users/liangnie/.stmcufinder/plugins/mcufinder
2024-05-15 18:11:56,180 [INFO] CrossReferenceDbSqlite:203 - Set database path to: /Users/liangnie/.stmcufinder/plugins/mcufinder//mcu/cs/
2024-05-15 18:11:56,696 [INFO] ApplicationProperties:184 - Using Application install path: /Applications/STM32CubeIDE.app/Contents/Eclipse/plugins/com.st.stm32cube.common.mx_6.11.1.202404110753
2024-05-15 18:11:56,699 [INFO] PluginManage:196 - Search for loadable plugins [exclusion list=, ]
2024-05-15 18:11:56,701 [INFO] PluginManage:310 - Check plugin analytics
2024-05-15 18:11:58,161 [INFO] AnalyticsPlugin:253 - Accepted Software Licenses: 
2024-05-15 18:11:58,161 [INFO] AnalyticsPlugin:255 - Accepted CMSIS Pack Licenses: 
2024-05-15 18:11:58,161 [INFO] AnalyticsPlugin:257 - Accepted Firmware Licenses: 
2024-05-15 18:11:58,168 [INFO] PluginManage:359 - Loaded plugin analytics (category:tool,tabindex:-1)
2024-05-15 18:11:58,170 [INFO] PluginManage:310 - Check plugin cadmodel
2024-05-15 18:12:03,671 [INFO] CADModel:105 - Init CAD model plugin
2024-05-15 18:12:03,672 [INFO] PluginManage:359 - Loaded plugin cadmodel (category:power,tabindex:5)
2024-05-15 18:12:03,672 [INFO] PluginManage:310 - Check plugin clock
2024-05-15 18:12:03,692 [INFO] PluginManage:359 - Loaded plugin clock (category:base,tabindex:2)
2024-05-15 18:12:03,692 [INFO] PluginManage:310 - Check plugin ddr
2024-05-15 18:12:03,696 [INFO] PluginManage:359 - Loaded plugin ddr (category:tool,tabindex:6)
2024-05-15 18:12:03,696 [INFO] PluginManage:310 - Check plugin filemanager
2024-05-15 18:12:06,223 [INFO] PluginManage:359 - Loaded plugin filemanager (category:base,tabindex:10)
2024-05-15 18:12:06,224 [INFO] PluginManage:310 - Check plugin ipmanager
2024-05-15 18:12:06,235 [INFO] PluginManage:359 - Loaded plugin ipmanager (category:base,tabindex:5)
2024-05-15 18:12:06,235 [INFO] PluginManage:310 - Check plugin lpbam
2024-05-15 18:12:06,262 [INFO] PluginManage:359 - Loaded plugin lpbam (category:base,tabindex:0)
2024-05-15 18:12:06,262 [INFO] PluginManage:310 - Check plugin memorymap
2024-05-15 18:12:06,290 [INFO] PluginManage:359 - Loaded plugin memorymap (category:base,tabindex:4)
2024-05-15 18:12:06,290 [INFO] PluginManage:310 - Check plugin pinoutandconfiguration
2024-05-15 18:12:06,306 [INFO] PluginManage:359 - Loaded plugin pinoutandconfiguration (category:base,tabindex:1)
2024-05-15 18:12:06,307 [INFO] PluginManage:310 - Check plugin pinoutconfig
2024-05-15 18:12:07,502 [WARN] SupportedApi:132 - Cannot load RTOS API schema: s4s-elt-must-match.1: The content of 'definitions' must match (annotation?, (simpleType | complexType)?, (unique | key | keyref)*)). A problem was found starting at: attribute.
2024-05-15 18:12:09,115 [INFO] PluginManage:359 - Loaded plugin pinoutconfig (category:base,tabindex:0)
2024-05-15 18:12:09,115 [INFO] PluginManage:310 - Check plugin power
2024-05-15 18:12:09,136 [INFO] PluginManage:359 - Loaded plugin power (category:power,tabindex:4)
2024-05-15 18:12:09,136 [INFO] PluginManage:310 - Check plugin projectmanager
2024-05-15 18:12:09,169 [INFO] PluginManage:359 - Loaded plugin projectmanager (category:projectmanager,tabindex:3)
2024-05-15 18:12:09,169 [INFO] PluginManage:310 - Check plugin thirdparty
2024-05-15 18:12:10,845 [WARN] IntegrityCheckThread:84 - waiting for thirdparty lock release [integrity check]
2024-05-15 18:12:10,846 [INFO] IntegrityCheckThread:86 - entering critical section [integrity check]
2024-05-15 18:12:10,846 [INFO] PluginManage:359 - Loaded plugin thirdparty (category:base,tabindex:-1)
2024-05-15 18:12:10,846 [INFO] ThirdPartyUpdaterWithRetryManager:70 - Updater plugin not ready yet. [1/15]
2024-05-15 18:12:10,847 [INFO] PluginManage:310 - Check plugin tools
2024-05-15 18:12:10,851 [INFO] PluginManage:359 - Loaded plugin tools (category:base,tabindex:7)
2024-05-15 18:12:10,851 [INFO] PluginManage:310 - Check plugin tutovideos
2024-05-15 18:12:12,428 [INFO] PluginManage:359 - Loaded plugin tutovideos (category:base,tabindex:-1)
2024-05-15 18:12:12,429 [INFO] PluginManage:310 - Check plugin updater
2024-05-15 18:12:12,451 [INFO] PluginManage:359 - Loaded plugin updater (category:base,tabindex:12)
2024-05-15 18:12:12,704 [INFO] PluginManage:310 - Check plugin userauth
2024-05-15 18:12:12,729 [INFO] UserAuth:114 - Init User Auth plugin
2024-05-15 18:12:12,729 [INFO] PluginManage:359 - Loaded plugin userauth (category:base,tabindex:14)
2024-05-15 18:12:12,730 [INFO] PluginManage:283 - PluginManage : Loaded plugins [17]
2024-05-15 18:12:13,855 [INFO] ThirdPartyUpdaterWithRetryManager:70 - Updater plugin not ready yet. [2/15]
2024-05-15 18:12:14,128 [INFO] PinOutPanel:1561 - setPackage(No Configuration,No Configuration)
2024-05-15 18:12:14,722 [INFO] CADModel:165 - CPN selected for project level
2024-05-15 18:12:14,723 [INFO] CADModel:114 - Register for checkConnection events
2024-05-15 18:12:14,829 [INFO] IPUIPlugin:80 - create IPUIPlugin
2024-05-15 18:12:14,830 [INFO] PluginManager:220 - loadIPPluginJar : add mdma
2024-05-15 18:12:14,852 [INFO] IPUIPlugin:80 - create IPUIPlugin
2024-05-15 18:12:14,853 [INFO] PluginManager:220 - loadIPPluginJar : add freertos
2024-05-15 18:12:14,866 [INFO] IPUIPlugin:80 - create IPUIPlugin
2024-05-15 18:12:14,867 [INFO] PluginManager:220 - loadIPPluginJar : add gic
2024-05-15 18:12:14,887 [INFO] IPUIPlugin:80 - create IPUIPlugin
2024-05-15 18:12:14,888 [INFO] PluginManager:220 - loadIPPluginJar : add adc
2024-05-15 18:12:14,894 [INFO] IPUIPlugin:80 - create IPUIPlugin
2024-05-15 18:12:14,900 [INFO] PluginManager:220 - loadIPPluginJar : add gtzc
2024-05-15 18:12:14,907 [INFO] IPUIPlugin:80 - create IPUIPlugin
2024-05-15 18:12:14,907 [INFO] PluginManager:220 - loadIPPluginJar : add quadspi
2024-05-15 18:12:14,914 [INFO] IPUIPlugin:80 - create IPUIPlugin
2024-05-15 18:12:14,914 [INFO] PluginManager:220 - loadIPPluginJar : add aes
2024-05-15 18:12:14,919 [INFO] IPUIPlugin:80 - create IPUIPlugin
2024-05-15 18:12:14,919 [INFO] PluginManager:220 - loadIPPluginJar : add pdm2pcm
2024-05-15 18:12:14,924 [INFO] IPUIPlugin:80 - create IPUIPlugin
2024-05-15 18:12:14,924 [INFO] PluginManager:220 - loadIPPluginJar : add hash
2024-05-15 18:12:14,927 [INFO] IPUIPlugin:80 - create IPUIPlugin
2024-05-15 18:12:14,928 [INFO] PluginManager:220 - loadIPPluginJar : add tim
2024-05-15 18:12:14,932 [INFO] IPUIPlugin:80 - create IPUIPlugin
2024-05-15 18:12:14,932 [INFO] PluginManager:220 - loadIPPluginJar : add tsc
2024-05-15 18:12:14,940 [INFO] IPUIPlugin:80 - create IPUIPlugin
2024-05-15 18:12:14,940 [INFO] PluginManager:220 - loadIPPluginJar : add extmemmanager
2024-05-15 18:12:14,943 [INFO] IPUIPlugin:80 - create IPUIPlugin
2024-05-15 18:12:14,943 [INFO] PluginManager:220 - loadIPPluginJar : add ts
2024-05-15 18:12:14,948 [INFO] IPUIPlugin:80 - create IPUIPlugin
2024-05-15 18:12:14,948 [INFO] PluginManager:220 - loadIPPluginJar : add can
2024-05-15 18:12:14,951 [INFO] IPUIPlugin:80 - create IPUIPlugin
2024-05-15 18:12:14,952 [INFO] PluginManager:220 - loadIPPluginJar : add dma3
2024-05-15 18:12:15,182 [INFO] IPUIPlugin:80 - create IPUIPlugin
2024-05-15 18:12:15,184 [INFO] PluginManager:220 - loadIPPluginJar : add dfsdm
2024-05-15 18:12:15,209 [INFO] IPUIPlugin:80 - create IPUIPlugin
2024-05-15 18:12:15,210 [INFO] PluginManager:220 - loadIPPluginJar : add spi
2024-05-15 18:12:15,214 [INFO] IPUIPlugin:80 - create IPUIPlugin
2024-05-15 18:12:15,214 [INFO] PluginManager:220 - loadIPPluginJar : add gfxmmu
2024-05-15 18:12:15,216 [INFO] IPUIPlugin:80 - create IPUIPlugin
2024-05-15 18:12:15,217 [INFO] PluginManager:220 - loadIPPluginJar : add genericplugin
2024-05-15 18:12:15,221 [INFO] IPUIPlugin:80 - create IPUIPlugin
2024-05-15 18:12:15,221 [INFO] PluginManager:220 - loadIPPluginJar : add cryp
2024-05-15 18:12:15,235 [INFO] IPUIPlugin:80 - create IPUIPlugin
2024-05-15 18:12:15,235 [INFO] PluginManager:220 - loadIPPluginJar : add gpio
2024-05-15 18:12:15,239 [INFO] IPUIPlugin:80 - create IPUIPlugin
2024-05-15 18:12:15,239 [INFO] PluginManager:220 - loadIPPluginJar : add comp
2024-05-15 18:12:15,242 [INFO] IPUIPlugin:80 - create IPUIPlugin
2024-05-15 18:12:15,242 [INFO] PluginManager:220 - loadIPPluginJar : add tracer_emb
2024-05-15 18:12:15,247 [INFO] IPUIPlugin:80 - create IPUIPlugin
2024-05-15 18:12:15,247 [INFO] PluginManager:220 - loadIPPluginJar : add openamp
2024-05-15 18:12:15,257 [INFO] IPUIPlugin:80 - create IPUIPlugin
2024-05-15 18:12:15,257 [INFO] PluginManager:220 - loadIPPluginJar : add stm32_wpan
2024-05-15 18:12:15,268 [INFO] IPUIPlugin:80 - create IPUIPlugin
2024-05-15 18:12:15,272 [INFO] PluginManager:220 - loadIPPluginJar : add plateformsettings
2024-05-15 18:12:15,278 [INFO] IPUIPlugin:80 - create IPUIPlugin
2024-05-15 18:12:15,278 [INFO] PluginManager:220 - loadIPPluginJar : add ipddr
2024-05-15 18:12:15,281 [INFO] IPUIPlugin:80 - create IPUIPlugin
2024-05-15 18:12:15,281 [INFO] PluginManager:220 - loadIPPluginJar : add usart
2024-05-15 18:12:15,284 [INFO] IPUIPlugin:80 - create IPUIPlugin
2024-05-15 18:12:15,284 [INFO] PluginManager:220 - loadIPPluginJar : add ltdc
2024-05-15 18:12:15,294 [INFO] IPUIPlugin:80 - create IPUIPlugin
2024-05-15 18:12:15,295 [INFO] PluginManager:220 - loadIPPluginJar : add nvic
2024-05-15 18:12:15,297 [INFO] IPUIPlugin:80 - create IPUIPlugin
2024-05-15 18:12:15,297 [INFO] PluginManager:220 - loadIPPluginJar : add fatfs
2024-05-15 18:12:15,310 [INFO] IPUIPlugin:80 - create IPUIPlugin
2024-05-15 18:12:15,310 [INFO] PluginManager:220 - loadIPPluginJar : add linkedlist
2024-05-15 18:12:15,319 [INFO] IPUIPlugin:80 - create IPUIPlugin
2024-05-15 18:12:15,320 [INFO] PluginManager:220 - loadIPPluginJar : add dma
2024-05-15 18:12:15,328 [INFO] IPUIPlugin:80 - create IPUIPlugin
2024-05-15 18:12:15,328 [INFO] PluginManager:220 - loadIPPluginJar : add fmc
2024-05-15 18:12:15,472 [INFO] IPUIPlugin:80 - create IPUIPlugin
2024-05-15 18:12:15,472 [INFO] PluginManager:220 - loadIPPluginJar : add i2s
2024-05-15 18:12:15,475 [INFO] IPUIPlugin:80 - create IPUIPlugin
2024-05-15 18:12:15,475 [INFO] PluginManager:220 - loadIPPluginJar : add ucpd
2024-05-15 18:12:15,483 [INFO] IPUIPlugin:80 - create IPUIPlugin
2024-05-15 18:12:15,483 [INFO] PluginManager:220 - loadIPPluginJar : add lorawan
2024-05-15 18:12:15,487 [INFO] IPUIPlugin:80 - create IPUIPlugin
2024-05-15 18:12:15,487 [INFO] PluginManager:220 - loadIPPluginJar : add opamp
2024-05-15 18:12:15,498 [INFO] IPUIPlugin:80 - create IPUIPlugin
2024-05-15 18:12:15,498 [INFO] PluginManager:220 - loadIPPluginJar : add i3c
2024-05-15 18:12:15,504 [INFO] IPUIPlugin:80 - create IPUIPlugin
2024-05-15 18:12:15,505 [INFO] PluginManager:220 - loadIPPluginJar : add touchsensing
2024-05-15 18:12:15,510 [INFO] IPUIPlugin:80 - create IPUIPlugin
2024-05-15 18:12:15,510 [INFO] PluginManager:220 - loadIPPluginJar : add i2c
2024-05-15 18:12:15,519 [INFO] IPUIPlugin:80 - create IPUIPlugin
2024-05-15 18:12:15,519 [INFO] PluginManager:220 - loadIPPluginJar : add resmgrutility
2024-05-15 18:12:15,525 [INFO] IPUIPlugin:80 - create IPUIPlugin
2024-05-15 18:12:15,525 [INFO] PluginManager:220 - loadIPPluginJar : add sai
2024-05-15 18:12:15,531 [INFO] IPUIPlugin:80 - create IPUIPlugin
2024-05-15 18:12:15,531 [INFO] PluginManager:220 - loadIPPluginJar : add usbx
2024-05-15 18:12:16,035 [INFO] CADModel:165 - CPN selected for project level
2024-05-15 18:12:16,035 [INFO] CADModel:114 - Register for checkConnection events
2024-05-15 18:12:16,036 [FATAL] Updater:308 - Updater called before beeing initialized
2024-05-15 18:12:16,037 [ERROR] CADModel:125 - Updater not yet initialized, retry later 
2024-05-15 18:12:16,864 [INFO] ThirdPartyUpdaterWithRetryManager:70 - Updater plugin not ready yet. [3/15]
2024-05-15 18:12:16,950 [INFO] CADModel:165 - CPN selected for project level
2024-05-15 18:12:16,952 [INFO] CADModel:114 - Register for checkConnection events
2024-05-15 18:12:16,952 [FATAL] Updater:308 - Updater called before beeing initialized
2024-05-15 18:12:16,952 [ERROR] CADModel:125 - Updater not yet initialized, retry later 
2024-05-15 18:12:17,091 [FATAL] Updater:308 - Updater called before beeing initialized
2024-05-15 18:12:17,571 [FATAL] Updater:308 - Updater called before beeing initialized
2024-05-15 18:12:17,593 [INFO] DbMcusAds:53 - JSON generation date=Thu May 02 01:37:29 PDT 2024 (1714639049318)
2024-05-15 18:12:17,593 [FATAL] Updater:308 - Updater called before beeing initialized
2024-05-15 18:12:18,016 [WARN] DetailPanel:346 - Failed to get advertising image, set to default
2024-05-15 18:12:18,951 [FATAL] Updater:308 - Updater called before beeing initialized
2024-05-15 18:12:18,963 [FATAL] Updater:308 - Updater called before beeing initialized
2024-05-15 18:12:18,965 [FATAL] Updater:308 - Updater called before beeing initialized
2024-05-15 18:12:18,965 [WARN] DetailPanel:346 - Failed to get advertising image, set to default
2024-05-15 18:12:18,967 [FATAL] Updater:308 - Updater called before beeing initialized
2024-05-15 18:12:19,145 [ERROR] Updater:1120 - MainUpdater not yet initialized. External WinMGr cannot be set.
2024-05-15 18:12:19,151 [INFO] Updater:1056 - Updater Version found : 6.11.1
2024-05-15 18:12:19,245 [INFO] ApplicationProperties:184 - Using Application install path: /Applications/STM32CubeIDE.app/Contents/Eclipse/plugins/com.st.stm32cube.common.mx_6.11.1.202404110753
2024-05-15 18:12:19,871 [FATAL] Updater:308 - Updater called before beeing initialized
2024-05-15 18:12:19,872 [ERROR] IntegrityCheckThread:130 - Cannot retrieve database content from updater: error 21
2024-05-15 18:12:19,873 [INFO] ThirdParty:978 - Integrity check success = false
2024-05-15 18:12:19,873 [INFO] IntegrityCheckThread:100 - exiting critical section [integrity check]
2024-05-15 18:12:19,873 [INFO] IntegrityCheckThread:103 - End integrity checks thread
2024-05-15 18:12:21,369 [INFO] MainUpdater:2873 - connection check result : 10
2024-05-15 18:12:21,370 [INFO] MainUpdater:290 - Updater Check For Update Now.
2024-05-15 18:12:21,370 [INFO] MicroXplorer:498 - Change Database Version : DB.6.0.111
2024-05-15 18:12:21,378 [INFO] McuFinderGlobals:63 - Set McuFinder mode to 2 (CubeIDE integrated)
2024-05-15 18:12:21,386 [INFO] UserAuth:415 - Internet connection configuration mode: 1
2024-05-15 18:12:21,409 [INFO] JxBrowserEngine:152 - Initiate JxBrowser Engine with user profile folder
2024-05-15 18:12:21,783 [INFO] CheckServerUpdateThread:120 - End of CheckServer Thread
2024-05-15 18:12:25,701 [INFO] WebApp:161 - Instantiating new browser for Auth
2024-05-15 18:12:31,309 [INFO] WebApp:779 - Register for checkConnection events
2024-05-15 18:12:31,309 [INFO] WebApp:414 - Apply proxy settings
2024-05-15 18:12:31,316 [INFO] WebApp:459 - Chromium authenticates against Manually configured proxy
2024-05-15 18:12:31,329 [INFO] WebApp:467 - Username used for proxy authentication: 
2024-05-15 18:12:31,963 [INFO] WebApp:192 - Starting web application
2024-05-15 18:12:31,963 [INFO] WebApp:544 - Web application path used /Applications/STM32CubeIDE.app/Contents/Eclipse/plugins/com.st.stm32cube.common.mx_6.11.1.202404110753/db/plugins/mcufinder/reactClient1/index.html
2024-05-15 18:13:28,476 [ERROR] LogOutputStream:75 - [STDERR_REDIRECT] 
2024-05-15 18:19:40,776 [INFO] Activator:176 - 


2024-05-15 18:19:40,779 [INFO] Activator:177 - !SESSION log4j initialized
2024-05-15 18:19:46,598 [INFO] LogOutputStream:77 - [STDOUT_REDIRECT] 
2024-05-15 18:19:48,820 [INFO] LogOutputStream:77 - [STDOUT_REDIRECT] 
2024-05-15 18:19:50,228 [ERROR] LogOutputStream:75 - [STDERR_REDIRECT] java.net.URISyntaxException: Illegal character in path at index 56: file:/Users/liangnie/Documents/GitHub/STM32CUBEIDE/Liang Nie/.metadata/.log4j2.xml
2024-05-15 18:19:50,229 [ERROR] LogOutputStream:75 - [STDERR_REDIRECT] 	at java.base/java.net.URI$Parser.fail(URI.java:2976)
2024-05-15 18:19:50,230 [ERROR] LogOutputStream:75 - [STDERR_REDIRECT] 	at java.base/java.net.URI$Parser.checkChars(URI.java:3147)
2024-05-15 18:19:50,230 [ERROR] LogOutputStream:75 - [STDERR_REDIRECT] 	at java.base/java.net.URI$Parser.parseHierarchical(URI.java:3229)
2024-05-15 18:19:50,231 [ERROR] LogOutputStream:75 - [STDERR_REDIRECT] 	at java.base/java.net.URI$Parser.parse(URI.java:3177)
2024-05-15 18:19:50,232 [ERROR] LogOutputStream:75 - [STDERR_REDIRECT] 	at java.base/java.net.URI.<init>(URI.java:623)
2024-05-15 18:19:50,232 [ERROR] LogOutputStream:75 - [STDERR_REDIRECT] 	at java.base/java.net.URL.toURI(URL.java:1056)
2024-05-15 18:19:50,233 [ERROR] LogOutputStream:75 - [STDERR_REDIRECT] 	at com.st.stm32cube.common.mx.core.CubeMxInstance.getInstance(CubeMxInstance.java:81)
2024-05-15 18:19:50,234 [ERROR] LogOutputStream:75 - [STDERR_REDIRECT] 	at com.st.stm32cube.common.mx.userauth.UserAuthAdapter.<init>(UserAuthAdapter.java:25)
2024-05-15 18:19:50,237 [ERROR] LogOutputStream:75 - [STDERR_REDIRECT] 	at com.st.stm32cube.common.mx.userauth.UserAuthProvider.getUserAuthAdapter(UserAuthProvider.java:16)
2024-05-15 18:19:50,238 [ERROR] LogOutputStream:75 - [STDERR_REDIRECT] 	at com.st.stm32cube.common.ecosystemintegration.ui.core.MCUEcoSystemIntegrationUiHelper.getUserAuth(MCUEcoSystemIntegrationUiHelper.java:100)
2024-05-15 18:19:50,238 [ERROR] LogOutputStream:75 - [STDERR_REDIRECT] 	at com.st.stm32cube.ide.mcu.userauth.UserAuthStartup.earlyStartup(UserAuthStartup.java:41)
2024-05-15 18:19:50,239 [ERROR] LogOutputStream:75 - [STDERR_REDIRECT] 	at org.eclipse.ui.internal.EarlyStartupRunnable.runEarlyStartup(EarlyStartupRunnable.java:79)
2024-05-15 18:19:50,239 [ERROR] LogOutputStream:75 - [STDERR_REDIRECT] 	at org.eclipse.ui.internal.EarlyStartupRunnable.run(EarlyStartupRunnable.java:55)
2024-05-15 18:19:50,239 [ERROR] LogOutputStream:75 - [STDERR_REDIRECT] 	at org.eclipse.core.runtime.SafeRunner.run(SafeRunner.java:47)
2024-05-15 18:19:50,240 [ERROR] LogOutputStream:75 - [STDERR_REDIRECT] 	at org.eclipse.ui.internal.Workbench$39.run(Workbench.java:2762)
2024-05-15 18:19:50,243 [ERROR] LogOutputStream:75 - [STDERR_REDIRECT] 	at org.eclipse.core.internal.jobs.Worker.run(Worker.java:63)
2024-05-15 18:19:50,344 [ERROR] LogOutputStream:75 - [STDERR_REDIRECT] 
