2025-06-09 13:01:48,987 [INFO] WebApp:194 - Connection lost
2025-06-09 13:02:23,694 [INFO] WebApp:191 - Connection restablished
2025-06-09 14:17:51,685 [INFO] WebApp:194 - Connection lost
2025-06-09 14:18:07,266 [INFO] WebApp:191 - Connection restablished
2025-06-09 16:49:49,260 [INFO] MainUpdater:2872 - connection check result : 10
2025-06-09 16:49:49,269 [INFO] MainUpdater:2872 - connection check result : 10
2025-06-09 16:49:51,332 [INFO] MicroXplorer:468 - Change Database Path : 
2025-06-09 16:49:51,332 [INFO] MicroXplorer:498 - Change Database Version : DB.6.0.141
2025-06-09 16:49:51,421 [ERROR] ProjectManagerView:395 - 
java.lang.NullPointerException: Cannot invoke "javax.swing.JTextField.getText()" because the return value of "java.util.List.get(int)" is null
	at com.st.microxplorer.plugins.projectmanager.gui.ProjectChoiceTab$9.caretUpdate(ProjectChoiceTab.java:2678) ~[filemanager.jar:?]
	at javax.swing.text.JTextComponent.fireCaretUpdate(JTextComponent.java:408) ~[?:?]
	at javax.swing.text.JTextComponent$MutableCaretEvent.fire(JTextComponent.java:4484) ~[?:?]
	at javax.swing.text.JTextComponent$MutableCaretEvent.stateChanged(JTextComponent.java:4506) ~[?:?]
	at javax.swing.text.DefaultCaret.fireStateChanged(DefaultCaret.java:857) ~[?:?]
	at javax.swing.text.DefaultCaret.changeCaretPosition(DefaultCaret.java:1343) ~[?:?]
	at javax.swing.text.DefaultCaret.handleSetDot(DefaultCaret.java:1242) ~[?:?]
	at javax.swing.text.DefaultCaret.setDot(DefaultCaret.java:1223) ~[?:?]
	at javax.swing.text.DefaultCaret$Handler.insertUpdate(DefaultCaret.java:1819) ~[?:?]
	at javax.swing.text.AbstractDocument.fireInsertUpdate(AbstractDocument.java:227) ~[?:?]
	at javax.swing.text.AbstractDocument.handleInsertString(AbstractDocument.java:781) ~[?:?]
	at javax.swing.text.AbstractDocument.insertString(AbstractDocument.java:740) ~[?:?]
	at javax.swing.text.PlainDocument.insertString(PlainDocument.java:131) ~[?:?]
	at javax.swing.text.AbstractDocument.replace(AbstractDocument.java:699) ~[?:?]
	at javax.swing.text.JTextComponent.setText(JTextComponent.java:1725) ~[?:?]
	at com.st.microxplorer.plugins.projectmanager.gui.ProjectChoiceTab.createHeapStackFields(ProjectChoiceTab.java:979) ~[filemanager.jar:?]
	at com.st.microxplorer.plugins.projectmanager.gui.ProjectChoiceTab.buildLinkSettingsPanel(ProjectChoiceTab.java:3766) ~[filemanager.jar:?]
	at com.st.microxplorer.plugins.projectmanager.gui.ProjectChoiceTab.defineWindowsFields(ProjectChoiceTab.java:1962) ~[filemanager.jar:?]
	at com.st.microxplorer.plugins.projectmanager.gui.ProjectChoiceTab.updateSettings(ProjectChoiceTab.java:555) ~[filemanager.jar:?]
	at com.st.microxplorer.plugins.projectmanager.gui.ProjectSettingsPanel.UpdateDialog(ProjectSettingsPanel.java:245) ~[filemanager.jar:?]
	at com.st.microxplorer.plugins.projectmanager.ProjectManagerView.propertyChange(ProjectManagerView.java:392) ~[filemanager.jar:?]
	at java.beans.PropertyChangeSupport.fire(PropertyChangeSupport.java:343) ~[?:?]
	at java.beans.PropertyChangeSupport.firePropertyChange(PropertyChangeSupport.java:335) ~[?:?]
	at java.beans.PropertyChangeSupport.firePropertyChange(PropertyChangeSupport.java:268) ~[?:?]
	at com.st.microxplorer.util.MXPropertyChangeSupport.firePropertyChange(MXPropertyChangeSupport.java:54) ~[STM32CubeMX.jar:?]
	at com.st.microxplorer.mxsystem.MxSystem.closeConfig(MxSystem.java:899) ~[STM32CubeMX.jar:?]
	at com.st.microxplorer.maingui.MainPanel.closeConfig(MainPanel.java:789) ~[STM32CubeMX.jar:?]
	at com.st.microxplorer.plugins.filemanager.engine.OpenFileManager.loadConfigurationFile(OpenFileManager.java:287) ~[filemanager.jar:?]
	at com.st.microxplorer.plugins.filemanager.engine.MainFileManager.userLoadConfig(MainFileManager.java:341) ~[filemanager.jar:?]
	at com.st.microxplorer.plugins.filemanager.engine.MainFileManager.userLoadConfig(MainFileManager.java:319) ~[filemanager.jar:?]
	at com.st.microxplorer.plugins.filemanager.FileManagerView.getSpecificTask(FileManagerView.java:246) ~[filemanager.jar:?]
	at com.st.stm32cube.common.mx.editor.CubeMxEditor.getMxTabbedPaneInstance(CubeMxEditor.java:1198) ~[com.st.stm32cube.common.mx_6.14.1.202504091515/:?]
	at com.st.stm32cube.common.mx.editor.CubeMxEditor$12$1.createSwingComponent(CubeMxEditor.java:1068) ~[com.st.stm32cube.common.mx_6.14.1.202504091515/:?]
	at com.st.stm32cube.common.mx.oss.core.awtswtbridge.EmbeddedSwingComposite.doComponentCreation(EmbeddedSwingComposite.java:492) ~[com.st.stm32cube.common.mx.oss_6.14.1.202504091515/:?]
	at com.st.stm32cube.common.mx.oss.core.awtswtbridge.EmbeddedSwingComposite$4.run(EmbeddedSwingComposite.java:291) ~[com.st.stm32cube.common.mx.oss_6.14.1.202504091515/:?]
	at com.st.stm32cube.common.mx.oss.core.awtswtbridge.AwtEnvironment$2.run(AwtEnvironment.java:166) ~[com.st.stm32cube.common.mx.oss_6.14.1.202504091515/:?]
	at java.awt.event.InvocationEvent.dispatch(InvocationEvent.java:318) ~[?:?]
	at java.awt.EventQueue.dispatchEventImpl(EventQueue.java:773) ~[?:?]
	at java.awt.EventQueue$4.run(EventQueue.java:720) ~[?:?]
	at java.awt.EventQueue$4.run(EventQueue.java:714) ~[?:?]
	at java.security.AccessController.doPrivileged(AccessController.java:400) ~[?:?]
	at java.security.ProtectionDomain$JavaSecurityAccessImpl.doIntersectionPrivilege(ProtectionDomain.java:87) ~[?:?]
	at java.awt.EventQueue.dispatchEvent(EventQueue.java:742) ~[?:?]
	at java.awt.EventDispatchThread.pumpOneEventForFilters(EventDispatchThread.java:203) ~[?:?]
	at java.awt.EventDispatchThread.pumpEventsForFilter(EventDispatchThread.java:124) ~[?:?]
	at java.awt.EventDispatchThread.pumpEventsForHierarchy(EventDispatchThread.java:113) ~[?:?]
	at java.awt.EventDispatchThread.pumpEvents(EventDispatchThread.java:109) ~[?:?]
	at java.awt.EventDispatchThread.pumpEvents(EventDispatchThread.java:101) ~[?:?]
	at java.awt.EventDispatchThread.run(EventDispatchThread.java:90) ~[?:?]
2025-06-09 16:49:51,426 [WARN] ThirdParty:871 - waiting for thirdparty lock release [close project]
2025-06-09 16:49:51,426 [INFO] ThirdParty:873 - entering critical section [close project]
2025-06-09 16:49:51,426 [INFO] ThirdParty:883 - exiting critical section [close project]
2025-06-09 16:49:51,449 [INFO] PinOutPanel:1589 - setPackage(No Configuration,No Configuration)
2025-06-09 16:49:51,486 [WARN] IpParametersView:155 - Warning: This peripheral hasn't parameters
2025-06-09 16:49:51,528 [WARN] MainPanel:289 - <html><b><center>Warning: This peripheral has no parameters to be configured<br></b></html>
2025-06-09 16:49:51,552 [INFO] UtilMem:75 - Begin LoadConfig() Used Memory: 378322848 Bytes (1048576000)
2025-06-09 16:49:51,586 [INFO] MicroXplorer:468 - Change Database Path : /Users/liangnie/.stm32cubemx/databases/DB.6.0.111/db/
2025-06-09 16:49:51,586 [INFO] MicroXplorer:498 - Change Database Version : DB.6.0.111
2025-06-09 16:49:54,210 [INFO] OpenFileManager:354 - Change cursor
2025-06-09 16:49:54,311 [INFO] RulesReader:64 - Compatibility file has been processed (297 Rules)
2025-06-09 16:49:54,341 [INFO] Mcu:2011 - Initializing MCU STM32F407I(E-G)Hx STM32F407IGHx STM32F407IGH6
2025-06-09 16:49:58,794 [INFO] Context:756 - Trying to add GPIOservice into a context  which must be forbidden
2025-06-09 16:50:00,165 [INFO] ImportTextPane:218 - (OptionalMessage_ERROR) Pin40 (VP_RIF_VS_RIF1) cannot be retrieved for this MCU
2025-06-09 16:50:00,758 [INFO] RtosManager:558 - Registered RTOS mode: class=CMSIS, group=RTOS, mode=CMSIS_V1, owner=FREERTOS
2025-06-09 16:50:00,758 [INFO] RtosManager:558 - Registered RTOS mode: class=CMSIS, group=RTOS2, mode=CMSIS_V2, owner=FREERTOS
2025-06-09 16:50:00,758 [INFO] RtosManager:558 - Registered RTOS mode: class=RTOS, group=Core, mode=CMSIS_V1, owner=FREERTOS
2025-06-09 16:50:00,758 [INFO] RtosManager:558 - Registered RTOS mode: class=RTOS, group=Core, mode=CMSIS_V2, owner=FREERTOS
2025-06-09 16:50:00,759 [WARN] ModelIntegratedComponent:184 - Missing modes for component STMicroelectronics:FreeRTOS:0.0.1:STMicroelectronics:RTOS:FreeRTOS:Core:::10.2.0:
2025-06-09 16:50:00,766 [WARN] ModelIntegratedComponent:63 - No mode defined for component null
2025-06-09 16:50:00,766 [WARN] ModelIntegratedComponent:63 - No mode defined for component null
2025-06-09 16:50:00,766 [WARN] ModelIntegratedComponent:63 - No mode defined for component null
2025-06-09 16:50:00,766 [WARN] ModelIntegratedComponent:63 - No mode defined for component null
2025-06-09 16:50:00,766 [WARN] ModelIntegratedComponent:63 - No mode defined for component null
2025-06-09 16:50:00,766 [WARN] ModelIntegratedComponent:63 - No mode defined for component null
2025-06-09 16:50:00,766 [WARN] ModelIntegratedComponent:63 - No mode defined for component null
2025-06-09 16:50:00,766 [WARN] ModelIntegratedComponent:63 - No mode defined for component null
2025-06-09 16:50:00,766 [WARN] ModelIntegratedComponent:63 - No mode defined for component null
2025-06-09 16:50:00,766 [WARN] ModelIntegratedComponent:63 - No mode defined for component null
2025-06-09 16:50:00,766 [WARN] ModelIntegratedComponent:63 - No mode defined for component null
2025-06-09 16:50:00,766 [WARN] ModelIntegratedComponent:63 - No mode defined for component null
2025-06-09 16:50:00,766 [WARN] ModelIntegratedComponent:63 - No mode defined for component null
2025-06-09 16:50:00,766 [WARN] ModelIntegratedComponent:63 - No mode defined for component null
2025-06-09 16:50:00,767 [WARN] ModelIntegratedComponent:63 - No mode defined for component null
2025-06-09 16:50:00,767 [WARN] ModelIntegratedComponent:63 - No mode defined for component null
2025-06-09 16:50:00,767 [WARN] ModelIntegratedComponent:63 - No mode defined for component null
2025-06-09 16:50:00,767 [WARN] ModelIntegratedComponent:63 - No mode defined for component null
2025-06-09 16:50:00,767 [WARN] ModelIntegratedComponent:63 - No mode defined for component null
2025-06-09 16:50:00,767 [WARN] ModelIntegratedComponent:63 - No mode defined for component null
2025-06-09 16:50:00,767 [WARN] ModelIntegratedComponent:63 - No mode defined for component null
2025-06-09 16:50:00,767 [WARN] ModelIntegratedComponent:63 - No mode defined for component null
2025-06-09 16:50:00,767 [WARN] ModelIntegratedComponent:63 - No mode defined for component null
2025-06-09 16:50:00,767 [WARN] ModelIntegratedComponent:63 - No mode defined for component null
2025-06-09 16:50:00,767 [WARN] ModelIntegratedComponent:63 - No mode defined for component null
2025-06-09 16:50:00,767 [WARN] ModelIntegratedComponent:63 - No mode defined for component null
2025-06-09 16:50:00,767 [WARN] ModelIntegratedComponent:63 - No mode defined for component null
2025-06-09 16:50:00,767 [WARN] ModelIntegratedComponent:63 - No mode defined for component null
2025-06-09 16:50:00,767 [WARN] ModelIntegratedComponent:63 - No mode defined for component null
2025-06-09 16:50:00,767 [WARN] ModelIntegratedComponent:63 - No mode defined for component null
2025-06-09 16:50:00,767 [WARN] ModelIntegratedComponent:63 - No mode defined for component null
2025-06-09 16:50:00,767 [WARN] ModelIntegratedComponent:63 - No mode defined for component null
2025-06-09 16:50:00,767 [WARN] ModelIntegratedComponent:63 - No mode defined for component null
2025-06-09 16:50:00,767 [WARN] ModelIntegratedComponent:63 - No mode defined for component null
2025-06-09 16:50:00,767 [WARN] ModelIntegratedComponent:63 - No mode defined for component null
2025-06-09 16:50:00,767 [WARN] ModelPack:524 - Component already loaded: STMicroelectronics:HAL Drivers:0.0.0:STMicroelectronics:Device:STMicro_Driver:XSPI:HAL::0.0.1:HAL_XSPI
2025-06-09 16:50:02,017 [INFO] ThirdPartyModel:298 - Start build external matchings
2025-06-09 16:50:05,844 [INFO] ThirdPartyModel:316 - End build external matchings
2025-06-09 16:50:05,921 [INFO] RtosManager:967 - Current active RTOS is FREERTOS [Cortex-M4NS]
2025-06-09 16:50:05,938 [INFO] ImportTextPane:218 - (OptionalMessage_ERROR) IP (DMA) : Parameter (Instance) has Id (USART3_RX) currently not set
2025-06-09 16:50:05,938 [INFO] ImportTextPane:218 - (OptionalMessage_ERROR) IP (DMA) : Parameter (Channel) has Id (USART3_RX) currently not set
2025-06-09 16:50:05,938 [INFO] ImportTextPane:218 - (OptionalMessage_ERROR) IP (DMA) : Parameter (Direction) has Id (USART3_RX) currently not set
2025-06-09 16:50:05,939 [INFO] ImportTextPane:218 - (OptionalMessage_ERROR) IP (DMA) : Parameter (PeriphInc) has Id (USART3_RX) currently not set
2025-06-09 16:50:05,939 [INFO] ImportTextPane:218 - (OptionalMessage_ERROR) IP (DMA) : Parameter (MemInc) has Id (USART3_RX) currently not set
2025-06-09 16:50:05,939 [INFO] ImportTextPane:218 - (OptionalMessage_ERROR) IP (DMA) : Parameter (PeriphDataAlignment) has Id (USART3_RX) currently not set
2025-06-09 16:50:05,939 [INFO] ImportTextPane:218 - (OptionalMessage_ERROR) IP (DMA) : Parameter (MemDataAlignment) has Id (USART3_RX) currently not set
2025-06-09 16:50:05,939 [INFO] ImportTextPane:218 - (OptionalMessage_ERROR) IP (DMA) : Parameter (Mode) has Id (USART3_RX) currently not set
2025-06-09 16:50:05,939 [INFO] ImportTextPane:218 - (OptionalMessage_ERROR) IP (DMA) : Parameter (Priority) has Id (USART3_RX) currently not set
2025-06-09 16:50:05,940 [INFO] ImportTextPane:218 - (OptionalMessage_ERROR) IP (DMA) : Parameter (FIFOMode) has Id (USART3_RX) currently not set
2025-06-09 16:50:05,940 [INFO] ImportTextPane:218 - (OptionalMessage_ERROR) IP (DMA) : Parameter (Instance) has Id (USART1_TX) currently not set
2025-06-09 16:50:05,940 [INFO] ImportTextPane:218 - (OptionalMessage_ERROR) IP (DMA) : Parameter (Channel) has Id (USART1_TX) currently not set
2025-06-09 16:50:05,940 [INFO] ImportTextPane:218 - (OptionalMessage_ERROR) IP (DMA) : Parameter (Direction) has Id (USART1_TX) currently not set
2025-06-09 16:50:05,940 [INFO] ImportTextPane:218 - (OptionalMessage_ERROR) IP (DMA) : Parameter (PeriphInc) has Id (USART1_TX) currently not set
2025-06-09 16:50:05,940 [INFO] ImportTextPane:218 - (OptionalMessage_ERROR) IP (DMA) : Parameter (MemInc) has Id (USART1_TX) currently not set
2025-06-09 16:50:05,940 [INFO] ImportTextPane:218 - (OptionalMessage_ERROR) IP (DMA) : Parameter (PeriphDataAlignment) has Id (USART1_TX) currently not set
2025-06-09 16:50:05,940 [INFO] ImportTextPane:218 - (OptionalMessage_ERROR) IP (DMA) : Parameter (MemDataAlignment) has Id (USART1_TX) currently not set
2025-06-09 16:50:05,940 [INFO] ImportTextPane:218 - (OptionalMessage_ERROR) IP (DMA) : Parameter (Mode) has Id (USART1_TX) currently not set
2025-06-09 16:50:05,940 [INFO] ImportTextPane:218 - (OptionalMessage_ERROR) IP (DMA) : Parameter (Priority) has Id (USART1_TX) currently not set
2025-06-09 16:50:05,940 [INFO] ImportTextPane:218 - (OptionalMessage_ERROR) IP (DMA) : Parameter (FIFOMode) has Id (USART1_TX) currently not set
2025-06-09 16:50:05,940 [INFO] ImportTextPane:218 - (OptionalMessage_ERROR) IP (DMA) : Parameter (Instance) has Id (USART1_RX) currently not set
2025-06-09 16:50:05,940 [INFO] ImportTextPane:218 - (OptionalMessage_ERROR) IP (DMA) : Parameter (Channel) has Id (USART1_RX) currently not set
2025-06-09 16:50:05,940 [INFO] ImportTextPane:218 - (OptionalMessage_ERROR) IP (DMA) : Parameter (Direction) has Id (USART1_RX) currently not set
2025-06-09 16:50:05,940 [INFO] ImportTextPane:218 - (OptionalMessage_ERROR) IP (DMA) : Parameter (PeriphInc) has Id (USART1_RX) currently not set
2025-06-09 16:50:05,940 [INFO] ImportTextPane:218 - (OptionalMessage_ERROR) IP (DMA) : Parameter (MemInc) has Id (USART1_RX) currently not set
2025-06-09 16:50:05,941 [INFO] ImportTextPane:218 - (OptionalMessage_ERROR) IP (DMA) : Parameter (PeriphDataAlignment) has Id (USART1_RX) currently not set
2025-06-09 16:50:05,941 [INFO] ImportTextPane:218 - (OptionalMessage_ERROR) IP (DMA) : Parameter (MemDataAlignment) has Id (USART1_RX) currently not set
2025-06-09 16:50:05,941 [INFO] ImportTextPane:218 - (OptionalMessage_ERROR) IP (DMA) : Parameter (Mode) has Id (USART1_RX) currently not set
2025-06-09 16:50:05,941 [INFO] ImportTextPane:218 - (OptionalMessage_ERROR) IP (DMA) : Parameter (Priority) has Id (USART1_RX) currently not set
2025-06-09 16:50:05,941 [INFO] ImportTextPane:218 - (OptionalMessage_ERROR) IP (DMA) : Parameter (FIFOMode) has Id (USART1_RX) currently not set
2025-06-09 16:50:05,941 [INFO] ImportTextPane:218 - (OptionalMessage_ERROR) IP (DMA) : Parameter (Instance) has Id (USART6_RX) currently not set
2025-06-09 16:50:05,941 [INFO] ImportTextPane:218 - (OptionalMessage_ERROR) IP (DMA) : Parameter (Channel) has Id (USART6_RX) currently not set
2025-06-09 16:50:05,941 [INFO] ImportTextPane:218 - (OptionalMessage_ERROR) IP (DMA) : Parameter (Direction) has Id (USART6_RX) currently not set
2025-06-09 16:50:05,941 [INFO] ImportTextPane:218 - (OptionalMessage_ERROR) IP (DMA) : Parameter (PeriphInc) has Id (USART6_RX) currently not set
2025-06-09 16:50:05,941 [INFO] ImportTextPane:218 - (OptionalMessage_ERROR) IP (DMA) : Parameter (MemInc) has Id (USART6_RX) currently not set
2025-06-09 16:50:05,941 [INFO] ImportTextPane:218 - (OptionalMessage_ERROR) IP (DMA) : Parameter (PeriphDataAlignment) has Id (USART6_RX) currently not set
2025-06-09 16:50:05,941 [INFO] ImportTextPane:218 - (OptionalMessage_ERROR) IP (DMA) : Parameter (MemDataAlignment) has Id (USART6_RX) currently not set
2025-06-09 16:50:05,941 [INFO] ImportTextPane:218 - (OptionalMessage_ERROR) IP (DMA) : Parameter (Mode) has Id (USART6_RX) currently not set
2025-06-09 16:50:05,941 [INFO] ImportTextPane:218 - (OptionalMessage_ERROR) IP (DMA) : Parameter (Priority) has Id (USART6_RX) currently not set
2025-06-09 16:50:05,942 [INFO] ImportTextPane:218 - (OptionalMessage_ERROR) IP (DMA) : Parameter (FIFOMode) has Id (USART6_RX) currently not set
2025-06-09 16:50:05,942 [INFO] ImportTextPane:218 - (OptionalMessage_ERROR) IP (DMA) : Parameter (Instance) has Id (USART6_TX) currently not set
2025-06-09 16:50:05,942 [INFO] ImportTextPane:218 - (OptionalMessage_ERROR) IP (DMA) : Parameter (Channel) has Id (USART6_TX) currently not set
2025-06-09 16:50:05,942 [INFO] ImportTextPane:218 - (OptionalMessage_ERROR) IP (DMA) : Parameter (Direction) has Id (USART6_TX) currently not set
2025-06-09 16:50:05,942 [INFO] ImportTextPane:218 - (OptionalMessage_ERROR) IP (DMA) : Parameter (PeriphInc) has Id (USART6_TX) currently not set
2025-06-09 16:50:05,942 [INFO] ImportTextPane:218 - (OptionalMessage_ERROR) IP (DMA) : Parameter (MemInc) has Id (USART6_TX) currently not set
2025-06-09 16:50:05,942 [INFO] ImportTextPane:218 - (OptionalMessage_ERROR) IP (DMA) : Parameter (PeriphDataAlignment) has Id (USART6_TX) currently not set
2025-06-09 16:50:05,942 [INFO] ImportTextPane:218 - (OptionalMessage_ERROR) IP (DMA) : Parameter (MemDataAlignment) has Id (USART6_TX) currently not set
2025-06-09 16:50:05,942 [INFO] ImportTextPane:218 - (OptionalMessage_ERROR) IP (DMA) : Parameter (Mode) has Id (USART6_TX) currently not set
2025-06-09 16:50:05,942 [INFO] ImportTextPane:218 - (OptionalMessage_ERROR) IP (DMA) : Parameter (Priority) has Id (USART6_TX) currently not set
2025-06-09 16:50:05,942 [INFO] ImportTextPane:218 - (OptionalMessage_ERROR) IP (DMA) : Parameter (FIFOMode) has Id (USART6_TX) currently not set
2025-06-09 16:50:05,942 [INFO] ImportTextPane:218 - (OptionalMessage_ERROR) IP (DMA) : Parameter (Instance) has Id (TIM4_CH3) currently not set
2025-06-09 16:50:05,942 [INFO] ImportTextPane:218 - (OptionalMessage_ERROR) IP (DMA) : Parameter (Channel) has Id (TIM4_CH3) currently not set
2025-06-09 16:50:05,942 [INFO] ImportTextPane:218 - (OptionalMessage_ERROR) IP (DMA) : Parameter (Direction) has Id (TIM4_CH3) currently not set
2025-06-09 16:50:05,942 [INFO] ImportTextPane:218 - (OptionalMessage_ERROR) IP (DMA) : Parameter (PeriphInc) has Id (TIM4_CH3) currently not set
2025-06-09 16:50:05,943 [INFO] ImportTextPane:218 - (OptionalMessage_ERROR) IP (DMA) : Parameter (MemInc) has Id (TIM4_CH3) currently not set
2025-06-09 16:50:05,943 [INFO] ImportTextPane:218 - (OptionalMessage_ERROR) IP (DMA) : Parameter (PeriphDataAlignment) has Id (TIM4_CH3) currently not set
2025-06-09 16:50:05,943 [INFO] ImportTextPane:218 - (OptionalMessage_ERROR) IP (DMA) : Parameter (MemDataAlignment) has Id (TIM4_CH3) currently not set
2025-06-09 16:50:05,943 [INFO] ImportTextPane:218 - (OptionalMessage_ERROR) IP (DMA) : Parameter (Mode) has Id (TIM4_CH3) currently not set
2025-06-09 16:50:05,943 [INFO] ImportTextPane:218 - (OptionalMessage_ERROR) IP (DMA) : Parameter (Priority) has Id (TIM4_CH3) currently not set
2025-06-09 16:50:05,943 [INFO] ImportTextPane:218 - (OptionalMessage_ERROR) IP (DMA) : Parameter (FIFOMode) has Id (TIM4_CH3) currently not set
2025-06-09 16:50:05,943 [INFO] ImportTextPane:218 - (OptionalMessage_ERROR) IP (DMA) : Parameter (Instance) has Id (TIM5_CH1) currently not set
2025-06-09 16:50:05,943 [INFO] ImportTextPane:218 - (OptionalMessage_ERROR) IP (DMA) : Parameter (Channel) has Id (TIM5_CH1) currently not set
2025-06-09 16:50:05,943 [INFO] ImportTextPane:218 - (OptionalMessage_ERROR) IP (DMA) : Parameter (Direction) has Id (TIM5_CH1) currently not set
2025-06-09 16:50:05,943 [INFO] ImportTextPane:218 - (OptionalMessage_ERROR) IP (DMA) : Parameter (PeriphInc) has Id (TIM5_CH1) currently not set
2025-06-09 16:50:05,943 [INFO] ImportTextPane:218 - (OptionalMessage_ERROR) IP (DMA) : Parameter (MemInc) has Id (TIM5_CH1) currently not set
2025-06-09 16:50:05,943 [INFO] ImportTextPane:218 - (OptionalMessage_ERROR) IP (DMA) : Parameter (PeriphDataAlignment) has Id (TIM5_CH1) currently not set
2025-06-09 16:50:05,943 [INFO] ImportTextPane:218 - (OptionalMessage_ERROR) IP (DMA) : Parameter (MemDataAlignment) has Id (TIM5_CH1) currently not set
2025-06-09 16:50:05,944 [INFO] ImportTextPane:218 - (OptionalMessage_ERROR) IP (DMA) : Parameter (Mode) has Id (TIM5_CH1) currently not set
2025-06-09 16:50:05,944 [INFO] ImportTextPane:218 - (OptionalMessage_ERROR) IP (DMA) : Parameter (Priority) has Id (TIM5_CH1) currently not set
2025-06-09 16:50:05,944 [INFO] ImportTextPane:218 - (OptionalMessage_ERROR) IP (DMA) : Parameter (FIFOMode) has Id (TIM5_CH1) currently not set
2025-06-09 16:50:05,944 [INFO] ImportTextPane:218 - (OptionalMessage_ERROR) IP (DMA) : Parameter (Instance) has Id (TIM5_CH2) currently not set
2025-06-09 16:50:05,944 [INFO] ImportTextPane:218 - (OptionalMessage_ERROR) IP (DMA) : Parameter (Channel) has Id (TIM5_CH2) currently not set
2025-06-09 16:50:05,944 [INFO] ImportTextPane:218 - (OptionalMessage_ERROR) IP (DMA) : Parameter (Direction) has Id (TIM5_CH2) currently not set
2025-06-09 16:50:05,944 [INFO] ImportTextPane:218 - (OptionalMessage_ERROR) IP (DMA) : Parameter (PeriphInc) has Id (TIM5_CH2) currently not set
2025-06-09 16:50:05,944 [INFO] ImportTextPane:218 - (OptionalMessage_ERROR) IP (DMA) : Parameter (MemInc) has Id (TIM5_CH2) currently not set
2025-06-09 16:50:05,944 [INFO] ImportTextPane:218 - (OptionalMessage_ERROR) IP (DMA) : Parameter (PeriphDataAlignment) has Id (TIM5_CH2) currently not set
2025-06-09 16:50:05,944 [INFO] ImportTextPane:218 - (OptionalMessage_ERROR) IP (DMA) : Parameter (MemDataAlignment) has Id (TIM5_CH2) currently not set
2025-06-09 16:50:05,944 [INFO] ImportTextPane:218 - (OptionalMessage_ERROR) IP (DMA) : Parameter (Mode) has Id (TIM5_CH2) currently not set
2025-06-09 16:50:05,944 [INFO] ImportTextPane:218 - (OptionalMessage_ERROR) IP (DMA) : Parameter (Priority) has Id (TIM5_CH2) currently not set
2025-06-09 16:50:05,944 [INFO] ImportTextPane:218 - (OptionalMessage_ERROR) IP (DMA) : Parameter (FIFOMode) has Id (TIM5_CH2) currently not set
2025-06-09 16:50:05,954 [WARN] IP:2250 - I2C_Coeff_DF not found: check if there is a RefParameter without a condition.
2025-06-09 16:50:05,954 [WARN] IP:2250 - Analog_Filter not found: check if there is a RefParameter without a condition.
2025-06-09 16:50:05,954 [INFO] ImportTextPane:218 - (OptionalMessage_ERROR) IP (RCC) : Parameter (48MHZClocksFreq_Value) has invalid value (84000000)
2025-06-09 16:50:05,955 [INFO] ImportTextPane:218 - (OptionalMessage_ERROR) IP (RCC) : Parameter (RTCHSEDivFreq_Value) has invalid value (6000000)
2025-06-09 16:50:06,343 [INFO] UtilMem:75 - End LoadConfig() Used Memory: 843729736 Bytes (1073741824)
2025-06-09 16:50:06,556 [WARN] ThirdParty:833 - waiting for thirdparty lock release [change project]
2025-06-09 16:50:06,558 [INFO] ThirdParty:835 - entering critical section [change project]
2025-06-09 16:50:06,558 [INFO] ThirdParty:1030 - CMSIS Pack Vendor :STMicroelectronics USBPD 4.1
2025-06-09 16:50:06,558 [INFO] ThirdParty:1030 - CMSIS Pack Vendor :STMicroelectronics X-CUBE-GNSS1 6.0.0
2025-06-09 16:50:06,559 [INFO] ThirdParty:1030 - CMSIS Pack Vendor :STMicroelectronics USB_HOST 2.0.0
2025-06-09 16:50:06,559 [INFO] ThirdParty:1030 - CMSIS Pack Vendor :STMicroelectronics FP-SNS-MOTENVWB1 1.4.0
2025-06-09 16:50:06,559 [INFO] ThirdParty:1030 - CMSIS Pack Vendor :STMicroelectronics X-CUBE-AZRTOS-F4 1.1.0
2025-06-09 16:50:06,559 [INFO] ThirdParty:1030 - CMSIS Pack Vendor :STMicroelectronics LIBJPEG 8.0.0
2025-06-09 16:50:06,559 [INFO] ThirdParty:1030 - CMSIS Pack Vendor :STMicroelectronics FP-ATR-ASTRA1 2.0.2
2025-06-09 16:50:06,559 [INFO] ThirdParty:1030 - CMSIS Pack Vendor :STMicroelectronics FP-ATR-ASTRA1 2.0.1
2025-06-09 16:50:06,559 [INFO] ThirdParty:1030 - CMSIS Pack Vendor :Avnet-IotConnect X-CUBE-IoTC-DA16k-PMOD 1.0.0
2025-06-09 16:50:06,559 [INFO] ThirdParty:1030 - CMSIS Pack Vendor :STMicroelectronics X-CUBE-SMBUS 2.1.0
2025-06-09 16:50:06,559 [INFO] ThirdParty:1030 - CMSIS Pack Vendor :STMicroelectronics X-CUBE-WB05N 1.1.0
2025-06-09 16:50:06,559 [INFO] ThirdParty:1030 - CMSIS Pack Vendor :STMicroelectronics X-CUBE-ISPU 2.1.0
2025-06-09 16:50:06,559 [INFO] ThirdParty:1030 - CMSIS Pack Vendor :STMicroelectronics X-CUBE-FREERTOS 1.2.0
2025-06-09 16:50:06,559 [INFO] ThirdParty:1030 - CMSIS Pack Vendor :wolfSSL I-CUBE-wolfSSL 5.6.6
2025-06-09 16:50:06,559 [INFO] ThirdParty:1030 - CMSIS Pack Vendor :STMicroelectronics X-CUBE-TOUCHGFX 4.23.1
2025-06-09 16:50:06,559 [INFO] ThirdParty:1030 - CMSIS Pack Vendor :STMicroelectronics X-CUBE-TOUCHGFX 4.23.0
2025-06-09 16:50:06,559 [INFO] ThirdParty:1030 - CMSIS Pack Vendor :STMicroelectronics X-CUBE-TOUCHGFX 4.23.2
2025-06-09 16:50:06,559 [INFO] ThirdParty:1030 - CMSIS Pack Vendor :STMicroelectronics X-CUBE-AZRTOS-F7 1.1.0
2025-06-09 16:50:06,559 [INFO] ThirdParty:1030 - CMSIS Pack Vendor :STMicroelectronics X-CUBE-AZRTOS-L5 2.0.0
2025-06-09 16:50:06,559 [INFO] ThirdParty:1030 - CMSIS Pack Vendor :STMicroelectronics USB_DEVICE 2.0.0
2025-06-09 16:50:06,559 [INFO] ThirdParty:1030 - CMSIS Pack Vendor :STMicroelectronics X-CUBE-NFC6 3.1.0
2025-06-09 16:50:06,559 [INFO] ThirdParty:1030 - CMSIS Pack Vendor :ITTIA_DB I-CUBE-ITTIADB 8.8.0
2025-06-09 16:50:06,559 [INFO] ThirdParty:1030 - CMSIS Pack Vendor :STMicroelectronics FP-SNS-MOTENV1 4.3.2
2025-06-09 16:50:06,559 [INFO] ThirdParty:1030 - CMSIS Pack Vendor :STMicroelectronics X-CUBE-MEMS1 11.0.0
2025-06-09 16:50:06,560 [INFO] ThirdParty:1030 - CMSIS Pack Vendor :STMicroelectronics FreeRTOS 0.0.1
2025-06-09 16:50:06,560 [INFO] ThirdParty:1030 - CMSIS Pack Vendor :STMicroelectronics X-CUBE-DPower 1.2.0
2025-06-09 16:50:06,560 [INFO] ThirdParty:1030 - CMSIS Pack Vendor :STMicroelectronics FP-SNS-FLIGHT1 5.0.2
2025-06-09 16:50:06,560 [INFO] ThirdParty:1030 - CMSIS Pack Vendor :STMicroelectronics X-CUBE-AI 9.0.0
2025-06-09 16:50:06,560 [INFO] ThirdParty:1030 - CMSIS Pack Vendor :STMicroelectronics PDM2PCM 3.3.0
2025-06-09 16:50:06,560 [INFO] ThirdParty:1030 - CMSIS Pack Vendor :STMicroelectronics X-CUBE-DISPLAY 3.0.0
2025-06-09 16:50:06,560 [INFO] ThirdParty:1030 - CMSIS Pack Vendor :STMicroelectronics X-CUBE-BLE1 7.0.0
2025-06-09 16:50:06,560 [INFO] ThirdParty:1030 - CMSIS Pack Vendor :STMicroelectronics X-CUBE-NFC10 1.0.0
2025-06-09 16:50:06,560 [INFO] ThirdParty:1030 - CMSIS Pack Vendor :STMicroelectronics X-CUBE-BLEMGR 4.0.0
2025-06-09 16:50:06,560 [INFO] ThirdParty:1030 - CMSIS Pack Vendor :STMicroelectronics X-CUBE-FREERTOS 1.3.1
2025-06-09 16:50:06,560 [INFO] ThirdParty:1030 - CMSIS Pack Vendor :STMicroelectronics HAL Drivers 0.0.0
2025-06-09 16:50:06,560 [INFO] ThirdParty:1030 - CMSIS Pack Vendor :emotas I-CUBE-CANOPEN 1.3.0
2025-06-09 16:50:06,560 [INFO] ThirdParty:1030 - CMSIS Pack Vendor :STMicroelectronics X-CUBE-FREERTOS 1.3.0
2025-06-09 16:50:06,560 [INFO] ThirdParty:1030 - CMSIS Pack Vendor :STMicroelectronics X-CUBE-NFC7 1.0.1
2025-06-09 16:50:06,560 [INFO] ThirdParty:1030 - CMSIS Pack Vendor :STMicroelectronics MBEDTLS 2.14.1
2025-06-09 16:50:06,560 [INFO] ThirdParty:1030 - CMSIS Pack Vendor :wolfSSL I-CUBE-wolfTPM 3.2.0
2025-06-09 16:50:06,560 [INFO] ThirdParty:1030 - CMSIS Pack Vendor :STMicroelectronics X-CUBE-NFC6 3.0.0
2025-06-09 16:50:06,560 [INFO] ThirdParty:1030 - CMSIS Pack Vendor :STMicroelectronics X-CUBE-BLEMGR 3.1.0
2025-06-09 16:50:06,560 [INFO] ThirdParty:1030 - CMSIS Pack Vendor :STMicroelectronics X-CUBE-AI 10.0.0
2025-06-09 16:50:06,560 [INFO] ThirdParty:1030 - CMSIS Pack Vendor :STMicroelectronics FP-SNS-SMARTAG2 1.2.0
2025-06-09 16:50:06,561 [INFO] ThirdParty:1030 - CMSIS Pack Vendor :STMicroelectronics FP-SNS-FLIGHT1 5.1.0
2025-06-09 16:50:06,561 [INFO] ThirdParty:1030 - CMSIS Pack Vendor :STMicroelectronics X-CUBE-MEMS1 11.1.0
2025-06-09 16:50:06,561 [INFO] ThirdParty:1030 - CMSIS Pack Vendor :STMicroelectronics X-CUBE-AZRTOS-WL 2.0.0
2025-06-09 16:50:06,561 [INFO] ThirdParty:1030 - CMSIS Pack Vendor :STMicroelectronics X-CUBE-DPower 1.3.0
2025-06-09 16:50:06,561 [INFO] ThirdParty:1030 - CMSIS Pack Vendor :STMicroelectronics FP-SNS-MOTENV1 5.0.0
2025-06-09 16:50:06,561 [INFO] ThirdParty:1030 - CMSIS Pack Vendor :STMicroelectronics USB_DEVICE 1.0.0
2025-06-09 16:50:06,561 [INFO] ThirdParty:1030 - CMSIS Pack Vendor :STMicroelectronics X-CUBE-AI 8.1.0
2025-06-09 16:50:06,561 [INFO] ThirdParty:1030 - CMSIS Pack Vendor :wolfSSL I-CUBE-wolfMQTT 1.19.0
2025-06-09 16:50:06,561 [INFO] ThirdParty:1030 - CMSIS Pack Vendor :STMicroelectronics X-CUBE-AZRTOS-L4 2.0.0
2025-06-09 16:50:06,561 [INFO] ThirdParty:1030 - CMSIS Pack Vendor :STMicroelectronics ThreadX 0.0.2
2025-06-09 16:50:06,561 [INFO] ThirdParty:1030 - CMSIS Pack Vendor :WES I-CUBE-Cesium 1.3.0
2025-06-09 16:50:06,561 [INFO] ThirdParty:1030 - CMSIS Pack Vendor :STMicroelectronics lwIP 2.1.2
2025-06-09 16:50:06,561 [INFO] ThirdParty:1030 - CMSIS Pack Vendor :STMicroelectronics X-CUBE-SFXS2LP1 4.0.0
2025-06-09 16:50:06,561 [INFO] ThirdParty:1030 - CMSIS Pack Vendor :STMicroelectronics X-CUBE-BLE2 3.3.0
2025-06-09 16:50:06,561 [INFO] ThirdParty:1030 - CMSIS Pack Vendor :STMicroelectronics PDM2PCM 3.2.0
2025-06-09 16:50:06,561 [INFO] ThirdParty:1030 - CMSIS Pack Vendor :STMicroelectronics X-CUBE-AZRTOS-H7 3.3.0
2025-06-09 16:50:06,561 [INFO] ThirdParty:1030 - CMSIS Pack Vendor :STMicroelectronics X-CUBE-NFC9 1.0.0
2025-06-09 16:50:06,561 [INFO] ThirdParty:1030 - CMSIS Pack Vendor :STMicroelectronics X-CUBE-BLE1 7.1.0
2025-06-09 16:50:06,561 [INFO] ThirdParty:1030 - CMSIS Pack Vendor :STMicroelectronics USB_DEVICE 3.0.0
2025-06-09 16:50:06,561 [INFO] ThirdParty:1030 - CMSIS Pack Vendor :STMicroelectronics X-CUBE-TCPP 4.1.0
2025-06-09 16:50:06,561 [INFO] ThirdParty:1030 - CMSIS Pack Vendor :STMicroelectronics X-CUBE-IPS 3.0.0
2025-06-09 16:50:06,562 [INFO] ThirdParty:1030 - CMSIS Pack Vendor :STMicroelectronics X-CUBE-AZRTOS-WB 2.0.0
2025-06-09 16:50:06,562 [INFO] ThirdParty:1030 - CMSIS Pack Vendor :STMicroelectronics X-CUBE-GNSS1 7.0.0
2025-06-09 16:50:06,562 [INFO] ThirdParty:1030 - CMSIS Pack Vendor :STMicroelectronics X-CUBE-GNSS1 7.0.1
2025-06-09 16:50:06,562 [INFO] ThirdParty:1030 - CMSIS Pack Vendor :STMicroelectronics X-CUBE-TOUCHGFX 4.25.0
2025-06-09 16:50:06,562 [INFO] ThirdParty:1030 - CMSIS Pack Vendor :STMicroelectronics X-CUBE-AI 10.1.0
2025-06-09 16:50:06,562 [INFO] ThirdParty:1030 - CMSIS Pack Vendor :STMicroelectronics FP-SNS-STBOX1 2.0.0
2025-06-09 16:50:06,562 [INFO] ThirdParty:1030 - CMSIS Pack Vendor :STMicroelectronics X-CUBE-ALGOBUILD 1.3.0
2025-06-09 16:50:06,562 [INFO] ThirdParty:1030 - CMSIS Pack Vendor :STMicroelectronics X-CUBE-MEMS1 11.2.0
2025-06-09 16:50:06,562 [INFO] ThirdParty:1030 - CMSIS Pack Vendor :STMicroelectronics X-CUBE-AZRTOS-G0 1.1.0
2025-06-09 16:50:06,562 [INFO] ThirdParty:1030 - CMSIS Pack Vendor :STMicroelectronics X-CUBE-SAFEA1 1.2.2
2025-06-09 16:50:06,562 [INFO] ThirdParty:1030 - CMSIS Pack Vendor :STMicroelectronics X-CUBE-NFC4 3.0.0
2025-06-09 16:50:06,563 [INFO] ThirdParty:1030 - CMSIS Pack Vendor :STMicroelectronics X-CUBE-SUBG2 5.0.0
2025-06-09 16:50:06,563 [INFO] ThirdParty:1030 - CMSIS Pack Vendor :STMicroelectronics X-CUBE-AZRTOS-H7RS 1.1.0
2025-06-09 16:50:06,563 [INFO] ThirdParty:1030 - CMSIS Pack Vendor :STMicroelectronics STM32_WPAN 1.0.0
2025-06-09 16:50:06,563 [INFO] ThirdParty:1030 - CMSIS Pack Vendor :wolfSSL I-CUBE-wolfMQTT 1.18.0
2025-06-09 16:50:06,563 [INFO] ThirdParty:1030 - CMSIS Pack Vendor :EmbeddedOffice I-CUBE-FS-RTOS 1.0.1
2025-06-09 16:50:06,563 [INFO] ThirdParty:1030 - CMSIS Pack Vendor :STMicroelectronics lwIP 2.0.3
2025-06-09 16:50:06,563 [INFO] ThirdParty:1030 - CMSIS Pack Vendor :STMicroelectronics USB_HOST 1.0.0
2025-06-09 16:50:06,563 [INFO] ThirdParty:1030 - CMSIS Pack Vendor :STMicroelectronics X-CUBE-AZRTOS-G4 2.0.0
2025-06-09 16:50:06,563 [INFO] ThirdParty:1030 - CMSIS Pack Vendor :STMicroelectronics X-CUBE-WB05N 2.0.0
2025-06-09 16:50:06,563 [INFO] ThirdParty:1030 - CMSIS Pack Vendor :STMicroelectronics PDM2PCM 3.1.0
2025-06-09 16:50:06,564 [INFO] ThirdParty:1030 - CMSIS Pack Vendor :Infineon AIROC-Wi-Fi-Bluetooth-STM32 1.5.1
2025-06-09 16:50:06,564 [INFO] ThirdParty:1030 - CMSIS Pack Vendor :STMicroelectronics X-CUBE-BLEMGR 3.0.0
2025-06-09 16:50:06,564 [INFO] ThirdParty:1030 - CMSIS Pack Vendor :STMicroelectronics X-CUBE-NFC7 2.0.0
2025-06-09 16:50:06,564 [INFO] ThirdParty:1030 - CMSIS Pack Vendor :STMicroelectronics X-CUBE-TCPP 4.2.0
2025-06-09 16:50:06,564 [INFO] ThirdParty:1030 - CMSIS Pack Vendor :RealThread X-CUBE-RT-Thread_Nano 4.1.1
2025-06-09 16:50:06,564 [INFO] ThirdParty:1030 - CMSIS Pack Vendor :STMicroelectronics FP-SNS-MOTENVWB1 1.3.1
2025-06-09 16:50:06,564 [INFO] ThirdParty:1030 - CMSIS Pack Vendor :STMicroelectronics FP-ATR-SIGFOX1 3.2.0
2025-06-09 16:50:06,564 [INFO] ThirdParty:1030 - CMSIS Pack Vendor :quantropi X-CUBE-qispace-sdk-base 1.9.3
2025-06-09 16:50:06,564 [INFO] ThirdParty:1030 - CMSIS Pack Vendor :STMicroelectronics X-CUBE-ISPU 2.0.0
2025-06-09 16:50:06,564 [INFO] ThirdParty:1030 - CMSIS Pack Vendor :STMicroelectronics X-CUBE-EEPRMA1 5.1.0
2025-06-09 16:50:06,564 [INFO] ThirdParty:1030 - CMSIS Pack Vendor :STMicroelectronics MBEDTLS 2.16.2
2025-06-09 16:50:06,564 [INFO] ThirdParty:1030 - CMSIS Pack Vendor :STMicroelectronics X-CUBE-IPS 3.1.0
2025-06-09 16:50:06,564 [INFO] ThirdParty:1030 - CMSIS Pack Vendor :STMicroelectronics X-CUBE-ALS 1.0.2
2025-06-09 16:50:06,564 [INFO] ThirdParty:1030 - CMSIS Pack Vendor :STMicroelectronics X-CUBE-MEMS1 10.0.0
2025-06-09 16:50:06,564 [INFO] ThirdParty:1030 - CMSIS Pack Vendor :STMicroelectronics X-CUBE-FREERTOS 1.1.0
2025-06-09 16:50:06,566 [INFO] ThirdParty:1030 - CMSIS Pack Vendor :STMicroelectronics X-CUBE-TOUCHGFX 4.24.0
2025-06-09 16:50:06,566 [INFO] ThirdParty:1030 - CMSIS Pack Vendor :STMicroelectronics X-CUBE-TOUCHGFX 4.24.2
2025-06-09 16:50:06,567 [INFO] ThirdParty:1030 - CMSIS Pack Vendor :STMicroelectronics X-CUBE-TOUCHGFX 4.24.1
2025-06-09 16:50:06,567 [INFO] ThirdParty:1030 - CMSIS Pack Vendor :portGmbH I-Cube-SoM-uGOAL 1.1.0
2025-06-09 16:50:06,567 [INFO] ThirdParty:1030 - CMSIS Pack Vendor :STMicroelectronics X-CUBE-ALS 1.0.1
2025-06-09 16:50:06,567 [INFO] ThirdParty:1030 - CMSIS Pack Vendor :STMicroelectronics ThreadX 1.0.0
2025-06-09 16:50:06,567 [INFO] ThirdParty:1030 - CMSIS Pack Vendor :SEGGER I-CUBE-embOS 1.3.1
2025-06-09 16:50:06,567 [INFO] ThirdParty:1030 - CMSIS Pack Vendor :STMicroelectronics X-CUBE-ALGOBUILD 1.4.0
2025-06-09 16:50:06,567 [INFO] ThirdParty:1030 - CMSIS Pack Vendor :STMicroelectronics X-CUBE-AZRTOS-H7RS 1.0.0
2025-06-09 16:50:06,567 [INFO] ThirdParty:1030 - CMSIS Pack Vendor :STMicroelectronics FP-ATR-ASTRA1 2.0.0
2025-06-09 16:50:06,567 [INFO] ThirdParty:1030 - CMSIS Pack Vendor :STMicroelectronics X-CUBE-TOF1 3.4.2
2025-06-09 16:50:06,567 [INFO] ThirdParty:1030 - CMSIS Pack Vendor :STMicroelectronics X-CUBE-TOF1 3.4.3
2025-06-09 16:50:06,567 [INFO] ThirdParty:1030 - CMSIS Pack Vendor :STMicroelectronics X-CUBE-AI 9.1.0
2025-06-09 16:50:06,567 [INFO] ThirdParty:1030 - CMSIS Pack Vendor :STMicroelectronics X-CUBE-TOF1 3.4.0
2025-06-09 16:50:06,567 [INFO] ThirdParty:1030 - CMSIS Pack Vendor :STMicroelectronics X-CUBE-TOF1 3.4.1
2025-06-09 16:50:06,567 [INFO] ThirdParty:1030 - CMSIS Pack Vendor :STMicroelectronics X-CUBE-AZRTOS-H7 3.2.0
2025-06-09 16:50:06,567 [INFO] ThirdParty:1030 - CMSIS Pack Vendor :wolfSSL I-CUBE-wolfSSH 1.4.17
2025-06-09 16:50:06,567 [INFO] ThirdParty:841 - exiting critical section [change project]
2025-06-09 16:50:07,207 [INFO] PinOutPanel:1589 - setPackage(No Configuration,No Configuration)
2025-06-09 16:50:07,209 [INFO] PinOutPanel:1589 - setPackage(STM32F407IGHx,UFBGA176)
2025-06-09 16:50:07,781 [INFO] UtilMem:75 - Before build in PCC Used Memory: 527235600 Bytes (1073741824)
2025-06-09 16:50:08,375 [INFO] UtilMem:75 - After build in PCC Used Memory: 574947856 Bytes (1073741824)
2025-06-09 16:50:08,437 [INFO] ApiDbMcu:508 - Load IP Config File for FREERTOS
2025-06-09 16:50:08,471 [INFO] IPUIPlugin:80 - create IPUIPlugin
2025-06-09 16:50:08,471 [INFO] IPUIPlugin:80 - create IPUIPlugin
2025-06-09 16:50:08,471 [INFO] IPUIPlugin:80 - create IPUIPlugin
2025-06-09 16:50:08,471 [INFO] IPUIPlugin:80 - create IPUIPlugin
2025-06-09 16:50:08,471 [INFO] IPUIPlugin:80 - create IPUIPlugin
2025-06-09 16:50:08,472 [INFO] IPUIPlugin:80 - create IPUIPlugin
2025-06-09 16:50:08,472 [INFO] IPUIPlugin:80 - create IPUIPlugin
2025-06-09 16:50:08,472 [INFO] IPUIPlugin:80 - create IPUIPlugin
2025-06-09 16:50:08,472 [INFO] IPUIPlugin:80 - create IPUIPlugin
2025-06-09 16:50:08,473 [INFO] IPUIPlugin:80 - create IPUIPlugin
2025-06-09 16:50:08,473 [INFO] IPUIPlugin:80 - create IPUIPlugin
2025-06-09 16:50:08,474 [INFO] IPUIPlugin:80 - create IPUIPlugin
2025-06-09 16:50:08,474 [INFO] IPUIPlugin:80 - create IPUIPlugin
2025-06-09 16:50:08,474 [INFO] IPUIPlugin:80 - create IPUIPlugin
2025-06-09 16:50:08,475 [INFO] IPUIPlugin:80 - create IPUIPlugin
2025-06-09 16:50:08,475 [INFO] IPUIPlugin:80 - create IPUIPlugin
2025-06-09 16:50:08,475 [INFO] IPUIPlugin:80 - create IPUIPlugin
2025-06-09 16:50:08,476 [INFO] IPUIPlugin:80 - create IPUIPlugin
2025-06-09 16:50:08,476 [INFO] IPUIPlugin:80 - create IPUIPlugin
2025-06-09 16:50:08,476 [INFO] IPUIPlugin:80 - create IPUIPlugin
2025-06-09 16:50:08,476 [INFO] IPUIPlugin:80 - create IPUIPlugin
2025-06-09 16:50:08,477 [INFO] IPUIPlugin:80 - create IPUIPlugin
2025-06-09 16:50:08,477 [INFO] IPUIPlugin:80 - create IPUIPlugin
2025-06-09 16:50:08,477 [INFO] IPUIPlugin:80 - create IPUIPlugin
2025-06-09 16:50:08,478 [INFO] IPUIPlugin:80 - create IPUIPlugin
2025-06-09 16:50:08,478 [INFO] IPUIPlugin:80 - create IPUIPlugin
2025-06-09 16:50:08,478 [INFO] IPUIPlugin:80 - create IPUIPlugin
2025-06-09 16:50:08,478 [INFO] IPUIPlugin:80 - create IPUIPlugin
2025-06-09 16:50:08,478 [INFO] IPUIPlugin:80 - create IPUIPlugin
2025-06-09 16:50:08,479 [INFO] IPUIPlugin:80 - create IPUIPlugin
2025-06-09 16:50:08,479 [INFO] IPUIPlugin:80 - create IPUIPlugin
2025-06-09 16:50:08,479 [INFO] IPUIPlugin:80 - create IPUIPlugin
2025-06-09 16:50:08,480 [INFO] IPUIPlugin:80 - create IPUIPlugin
2025-06-09 16:50:08,480 [INFO] IPUIPlugin:80 - create IPUIPlugin
2025-06-09 16:50:08,480 [INFO] IPUIPlugin:80 - create IPUIPlugin
2025-06-09 16:50:08,480 [INFO] IPUIPlugin:80 - create IPUIPlugin
2025-06-09 16:50:08,480 [INFO] IPUIPlugin:80 - create IPUIPlugin
2025-06-09 16:50:08,480 [INFO] IPUIPlugin:80 - create IPUIPlugin
2025-06-09 16:50:08,481 [INFO] IPUIPlugin:80 - create IPUIPlugin
2025-06-09 16:50:08,481 [INFO] IPUIPlugin:80 - create IPUIPlugin
2025-06-09 16:50:08,481 [INFO] IPUIPlugin:80 - create IPUIPlugin
2025-06-09 16:50:08,481 [INFO] IPUIPlugin:80 - create IPUIPlugin
2025-06-09 16:50:08,481 [INFO] IPUIPlugin:80 - create IPUIPlugin
2025-06-09 16:50:08,481 [INFO] IPUIPlugin:80 - create IPUIPlugin
2025-06-09 16:50:08,481 [INFO] IPUIPlugin:80 - create IPUIPlugin
2025-06-09 16:50:08,481 [INFO] IPUIPlugin:80 - create IPUIPlugin
2025-06-09 16:50:08,481 [INFO] IPUIPlugin:80 - create IPUIPlugin
2025-06-09 16:50:08,481 [INFO] IPUIPlugin:80 - create IPUIPlugin
2025-06-09 16:50:08,482 [INFO] IPUIPlugin:80 - create IPUIPlugin
2025-06-09 16:50:08,482 [INFO] IPUIPlugin:80 - create IPUIPlugin
2025-06-09 16:50:08,482 [INFO] IPUIPlugin:80 - create IPUIPlugin
2025-06-09 16:50:08,482 [INFO] IPUIPlugin:80 - create IPUIPlugin
2025-06-09 16:50:08,482 [INFO] IPUIPlugin:80 - create IPUIPlugin
2025-06-09 16:50:08,483 [INFO] IPUIPlugin:80 - create IPUIPlugin
2025-06-09 16:50:08,483 [INFO] IPUIPlugin:80 - create IPUIPlugin
2025-06-09 16:50:08,483 [INFO] IPUIPlugin:80 - create IPUIPlugin
2025-06-09 16:50:08,484 [INFO] IPUIPlugin:80 - create IPUIPlugin
2025-06-09 16:50:08,484 [INFO] IPUIPlugin:80 - create IPUIPlugin
2025-06-09 16:50:08,490 [INFO] ApiDbMcu:508 - Load IP Config File for PDM2PCM
2025-06-09 16:50:08,492 [INFO] Can:71 - Can Add PropertyChangeListener com.st.microxplorer.plugins.ip.can.Can@55bed771
2025-06-09 16:50:08,493 [INFO] Can:71 - Can Add PropertyChangeListener com.st.microxplorer.plugins.ip.can.Can@7aacb67d
2025-06-09 16:50:08,493 [WARN] IP:2250 - I2C_Coeff_DF not found: check if there is a RefParameter without a condition.
2025-06-09 16:50:08,494 [WARN] IP:2250 - Analog_Filter not found: check if there is a RefParameter without a condition.
2025-06-09 16:50:08,507 [WARN] FreeRTOS:1023 - Null or empty value: should not occur! (nothing added to the table)
2025-06-09 16:50:08,687 [INFO] CADModel:165 - CPN selected for project levelSTM32F407IGH6
2025-06-09 16:50:08,687 [INFO] CADModel:114 - Register for checkConnection events
2025-06-09 16:50:08,693 [INFO] RtosManager:725 - Active RTOS found at IOC load: FREERTOS [Cortex-M4NS]
2025-06-09 16:50:08,740 [INFO] OpenFileManager:385 - Restore cursor
2025-06-09 16:50:09,258 [WARN] IP:2250 - I2C_Coeff_DF not found: check if there is a RefParameter without a condition.
2025-06-09 16:50:09,258 [WARN] IP:2250 - Analog_Filter not found: check if there is a RefParameter without a condition.
2025-06-09 16:50:09,259 [WARN] IP:2250 - I2C_Coeff_DF not found: check if there is a RefParameter without a condition.
2025-06-09 16:50:09,259 [WARN] IP:2250 - Analog_Filter not found: check if there is a RefParameter without a condition.
2025-06-09 16:51:44,142 [WARN] IP:2250 - I2C_Coeff_DF not found: check if there is a RefParameter without a condition.
2025-06-09 16:51:44,147 [WARN] IP:2250 - Analog_Filter not found: check if there is a RefParameter without a condition.
2025-06-09 16:51:44,150 [WARN] IP:2250 - I2C_Coeff_DF not found: check if there is a RefParameter without a condition.
2025-06-09 16:51:44,150 [WARN] IP:2250 - Analog_Filter not found: check if there is a RefParameter without a condition.
2025-06-09 16:51:45,038 [WARN] IP:2250 - I2C_Coeff_DF not found: check if there is a RefParameter without a condition.
2025-06-09 16:51:45,038 [WARN] IP:2250 - Analog_Filter not found: check if there is a RefParameter without a condition.
2025-06-09 16:51:45,039 [WARN] IP:2250 - I2C_Coeff_DF not found: check if there is a RefParameter without a condition.
2025-06-09 16:51:45,039 [WARN] IP:2250 - Analog_Filter not found: check if there is a RefParameter without a condition.
2025-06-09 16:51:45,539 [WARN] IP:2250 - I2C_Coeff_DF not found: check if there is a RefParameter without a condition.
2025-06-09 16:51:45,539 [WARN] IP:2250 - Analog_Filter not found: check if there is a RefParameter without a condition.
2025-06-09 16:51:45,540 [WARN] IP:2250 - I2C_Coeff_DF not found: check if there is a RefParameter without a condition.
2025-06-09 16:51:45,541 [WARN] IP:2250 - Analog_Filter not found: check if there is a RefParameter without a condition.
2025-06-09 16:52:25,630 [INFO] NvicIntPanel:101 - NVIC parent = com.st.microxplorer.plugins.ip.nvic.MultiNvicIntPanel[,0,0,450x171,layout=javax.swing.BoxLayout,alignmentX=0.0,alignmentY=0.0,border=,flags=9,maximumSize=,minimumSize=,preferredSize=]
