2025-07-15 17:46:26,961 [INFO] Activator:176 - 


2025-07-15 17:46:26,968 [INFO] Activator:177 - !SESSION log4j initialized
2025-07-15 17:46:36,350 [INFO] LogOutputStream:77 - [STDOUT_REDIRECT] 
2025-07-15 17:46:37,281 [ERROR] LogOutputStream:75 - [STDERR_REDIRECT] 
2025-07-15 17:46:38,908 [INFO] LogOutputStream:77 - [STDOUT_REDIRECT] 
2025-07-15 17:46:39,447 [ERROR] ConfigurationRetriever:142 - IOException on connection: sw-center.st.com
2025-07-15 17:46:39,449 [ERROR] ConfigurationRetriever:142 - IOException on connection: sw-center.st.com
2025-07-15 17:46:39,450 [ERROR] ConfigurationRetriever:142 - IOException on connection: sw-center.st.com
2025-07-15 17:46:39,453 [ERROR] ConfigurationRetriever:142 - IOException on connection: sw-center.st.com
2025-07-15 17:46:39,454 [ERROR] ConfigurationRetriever:142 - IOException on connection: sw-center.st.com
2025-07-15 17:46:39,454 [ERROR] ConfigurationRetriever:142 - IOException on connection: sw-center.st.com
2025-07-15 17:46:42,459 [ERROR] LogOutputStream:75 - [STDERR_REDIRECT] java.net.URISyntaxException: Illegal character in path at index 56: file:/Users/liangnie/Documents/GitHub/STM32CUBEIDE/Liang Nie/.metadata/.log4j2.xml
2025-07-15 17:46:42,459 [ERROR] LogOutputStream:75 - [STDERR_REDIRECT] 	at java.base/java.net.URI$Parser.fail(URI.java:2995)
2025-07-15 17:46:42,459 [ERROR] LogOutputStream:75 - [STDERR_REDIRECT] 	at java.base/java.net.URI$Parser.checkChars(URI.java:3166)
2025-07-15 17:46:42,460 [ERROR] LogOutputStream:75 - [STDERR_REDIRECT] 	at java.base/java.net.URI$Parser.parseHierarchical(URI.java:3248)
2025-07-15 17:46:42,461 [ERROR] LogOutputStream:75 - [STDERR_REDIRECT] 	at java.base/java.net.URI$Parser.parse(URI.java:3196)
2025-07-15 17:46:42,461 [ERROR] LogOutputStream:75 - [STDERR_REDIRECT] 	at java.base/java.net.URI.<init>(URI.java:645)
2025-07-15 17:46:42,462 [ERROR] LogOutputStream:75 - [STDERR_REDIRECT] 	at java.base/java.net.URL.toURI(URL.java:1220)
2025-07-15 17:46:42,463 [ERROR] LogOutputStream:75 - [STDERR_REDIRECT] 	at com.st.stm32cube.common.mx.core.CubeMxInstance.getInstance(CubeMxInstance.java:81)
2025-07-15 17:46:42,464 [ERROR] LogOutputStream:75 - [STDERR_REDIRECT] 	at com.st.stm32cube.common.mx.userauth.UserAuthAdapter.<init>(UserAuthAdapter.java:25)
2025-07-15 17:46:42,464 [ERROR] LogOutputStream:75 - [STDERR_REDIRECT] 	at com.st.stm32cube.common.mx.userauth.UserAuthProvider.getUserAuthAdapter(UserAuthProvider.java:16)
2025-07-15 17:46:42,464 [ERROR] LogOutputStream:75 - [STDERR_REDIRECT] 	at com.st.stm32cube.common.ecosystemintegration.ui.core.MCUEcoSystemIntegrationUiHelper.getUserAuth(MCUEcoSystemIntegrationUiHelper.java:100)
2025-07-15 17:46:42,465 [ERROR] LogOutputStream:75 - [STDERR_REDIRECT] 	at com.st.stm32cube.ide.mcu.userauth.UserAuthStartup.earlyStartup(UserAuthStartup.java:32)
2025-07-15 17:46:42,465 [ERROR] LogOutputStream:75 - [STDERR_REDIRECT] 	at org.eclipse.ui.internal.EarlyStartupRunnable.runEarlyStartup(EarlyStartupRunnable.java:79)
2025-07-15 17:46:42,466 [ERROR] LogOutputStream:75 - [STDERR_REDIRECT] 	at org.eclipse.ui.internal.EarlyStartupRunnable.run(EarlyStartupRunnable.java:55)
2025-07-15 17:46:42,466 [ERROR] LogOutputStream:75 - [STDERR_REDIRECT] 	at org.eclipse.core.runtime.SafeRunner.run(SafeRunner.java:47)
2025-07-15 17:46:42,467 [ERROR] LogOutputStream:75 - [STDERR_REDIRECT] 	at org.eclipse.ui.internal.Workbench$39.run(Workbench.java:2733)
2025-07-15 17:46:42,467 [ERROR] LogOutputStream:75 - [STDERR_REDIRECT] 	at org.eclipse.core.internal.jobs.Worker.run(Worker.java:63)
2025-07-15 17:46:42,842 [INFO] ApplicationProperties:184 - Using Application install path: /Applications/STM32CubeIDE.app/Contents/Eclipse/plugins/com.st.stm32cube.common.mx_6.14.1.202504091515
2025-07-15 17:46:42,882 [INFO] DbMcusXml:78 - Set database path to: /Applications/STM32CubeIDE.app/Contents/Eclipse/plugins/com.st.stm32cube.common.mx_6.14.1.202504091515//db//mcu/
2025-07-15 17:46:42,883 [INFO] ApiDb:274 - Set plugin database path to: /Applications/STM32CubeIDE.app/Contents/Eclipse/plugins/com.st.stm32cube.common.mx_6.14.1.202504091515//db//plugins/boardmanager/
2025-07-15 17:46:42,883 [WARN] ApiDb:259 - Overriding images path with different value:  => /Applications/STM32CubeIDE.app/Contents/Eclipse/plugins/com.st.stm32cube.common.mx_6.14.1.202504091515//db//plugins/mcufinder/images/
2025-07-15 17:46:42,894 [INFO] ApiDb:250 - Set database path to: /Users/liangnie/.stmcufinder/plugins/mcufinder//mcu/
2025-07-15 17:46:42,896 [INFO] DbMcusAds:125 - Set database path to: /Users/liangnie/.stmcufinder/plugins/mcufinder//mcu/
2025-07-15 17:46:42,954 [INFO] CrossReferenceDbSqlite:203 - Set database path to: /Users/liangnie/.stmcufinder/plugins/mcufinder//mcu/cs/
2025-07-15 17:46:43,249 [INFO] RulesReader:64 - Compatibility file has been processed (302 Rules)
2025-07-15 17:46:43,437 [INFO] DbMcusXml:78 - Set database path to: /Applications/STM32CubeIDE.app/Contents/Eclipse/plugins/com.st.stm32cube.common.mx_6.14.1.202504091515//db//mcu/
2025-07-15 17:46:43,437 [INFO] ApiDb:274 - Set plugin database path to: /Applications/STM32CubeIDE.app/Contents/Eclipse/plugins/com.st.stm32cube.common.mx_6.14.1.202504091515//db//plugins/boardmanager/
2025-07-15 17:46:43,437 [INFO] ApiDb:261 - Set plugin images path to: /Applications/STM32CubeIDE.app/Contents/Eclipse/plugins/com.st.stm32cube.common.mx_6.14.1.202504091515//db//plugins/mcufinder/images/
2025-07-15 17:46:43,438 [WARN] DbFile:41 - Overriding database path with different value: /Users/liangnie/.stmcufinder/plugins/mcufinder/ => /Users/liangnie/.stmcufinder/plugins/mcufinder
2025-07-15 17:46:43,438 [INFO] ApiDb:250 - Set database path to: /Users/liangnie/.stmcufinder/plugins/mcufinder//mcu/
2025-07-15 17:46:43,438 [WARN] DbFile:41 - Overriding database path with different value: /Users/liangnie/.stmcufinder/plugins/mcufinder/ => /Users/liangnie/.stmcufinder/plugins/mcufinder
2025-07-15 17:46:43,438 [INFO] DbMcusAds:125 - Set database path to: /Users/liangnie/.stmcufinder/plugins/mcufinder//mcu/
2025-07-15 17:46:43,438 [WARN] DbFile:41 - Overriding database path with different value: /Users/liangnie/.stmcufinder/plugins/mcufinder/ => /Users/liangnie/.stmcufinder/plugins/mcufinder
2025-07-15 17:46:43,438 [WARN] DbFile:41 - Overriding database path with different value: /Users/liangnie/.stmcufinder/plugins/mcufinder/ => /Users/liangnie/.stmcufinder/plugins/mcufinder
2025-07-15 17:46:43,438 [INFO] CrossReferenceDbSqlite:203 - Set database path to: /Users/liangnie/.stmcufinder/plugins/mcufinder//mcu/cs/
2025-07-15 17:46:43,566 [INFO] MainPanel:272 - HeapMemory: 268435456
2025-07-15 17:46:44,813 [INFO] DbMcusXml:78 - Set database path to: /Applications/STM32CubeIDE.app/Contents/Eclipse/plugins/com.st.stm32cube.common.mx_6.14.1.202504091515//db//mcu/
2025-07-15 17:46:44,813 [INFO] ApiDb:274 - Set plugin database path to: /Applications/STM32CubeIDE.app/Contents/Eclipse/plugins/com.st.stm32cube.common.mx_6.14.1.202504091515//db//plugins/boardmanager/
2025-07-15 17:46:44,814 [INFO] ApiDb:261 - Set plugin images path to: /Applications/STM32CubeIDE.app/Contents/Eclipse/plugins/com.st.stm32cube.common.mx_6.14.1.202504091515//db//plugins/mcufinder/images/
2025-07-15 17:46:44,814 [WARN] DbFile:41 - Overriding database path with different value: /Users/liangnie/.stmcufinder/plugins/mcufinder/ => /Users/liangnie/.stmcufinder/plugins/mcufinder
2025-07-15 17:46:44,814 [INFO] ApiDb:250 - Set database path to: /Users/liangnie/.stmcufinder/plugins/mcufinder//mcu/
2025-07-15 17:46:44,815 [WARN] DbFile:41 - Overriding database path with different value: /Users/liangnie/.stmcufinder/plugins/mcufinder/ => /Users/liangnie/.stmcufinder/plugins/mcufinder
2025-07-15 17:46:44,815 [INFO] DbMcusAds:125 - Set database path to: /Users/liangnie/.stmcufinder/plugins/mcufinder//mcu/
2025-07-15 17:46:44,815 [WARN] DbFile:41 - Overriding database path with different value: /Users/liangnie/.stmcufinder/plugins/mcufinder/ => /Users/liangnie/.stmcufinder/plugins/mcufinder
2025-07-15 17:46:44,815 [WARN] DbFile:41 - Overriding database path with different value: /Users/liangnie/.stmcufinder/plugins/mcufinder/ => /Users/liangnie/.stmcufinder/plugins/mcufinder
2025-07-15 17:46:44,815 [INFO] CrossReferenceDbSqlite:203 - Set database path to: /Users/liangnie/.stmcufinder/plugins/mcufinder//mcu/cs/
2025-07-15 17:46:44,847 [INFO] ApplicationProperties:184 - Using Application install path: /Applications/STM32CubeIDE.app/Contents/Eclipse/plugins/com.st.stm32cube.common.mx_6.14.1.202504091515
2025-07-15 17:46:44,849 [INFO] PluginManage:196 - Search for loadable plugins [exclusion list=, ]
2025-07-15 17:46:44,851 [INFO] PluginManage:310 - Check plugin analytics
2025-07-15 17:46:45,215 [INFO] AnalyticsPlugin:253 - Accepted Software Licenses: 
2025-07-15 17:46:45,216 [INFO] AnalyticsPlugin:255 - Accepted CMSIS Pack Licenses: 
2025-07-15 17:46:45,220 [ERROR] ConfigurationRetriever:142 - IOException on connection: sw-center.st.com
2025-07-15 17:46:45,221 [ERROR] ConfigurationRetriever:142 - IOException on connection: sw-center.st.com
2025-07-15 17:46:45,221 [ERROR] ConfigurationRetriever:142 - IOException on connection: sw-center.st.com
2025-07-15 17:46:45,216 [INFO] AnalyticsPlugin:257 - Accepted Firmware Licenses: FW.F4.1.28.0,FW.H7.1.11.0
2025-07-15 17:46:45,235 [INFO] PluginManage:359 - Loaded plugin analytics (category:tool,tabindex:-1)
2025-07-15 17:46:45,235 [INFO] PluginManage:310 - Check plugin cadmodel
2025-07-15 17:46:45,259 [INFO] CADModel:105 - Init CAD model plugin
2025-07-15 17:46:45,259 [INFO] PluginManage:359 - Loaded plugin cadmodel (category:power,tabindex:5)
2025-07-15 17:46:45,260 [INFO] PluginManage:310 - Check plugin clock
2025-07-15 17:46:45,286 [INFO] PluginManage:359 - Loaded plugin clock (category:base,tabindex:2)
2025-07-15 17:46:45,286 [INFO] PluginManage:310 - Check plugin ddr
2025-07-15 17:46:45,290 [INFO] PluginManage:359 - Loaded plugin ddr (category:tool,tabindex:6)
2025-07-15 17:46:45,290 [INFO] PluginManage:310 - Check plugin filemanager
2025-07-15 17:46:45,501 [INFO] PluginManage:359 - Loaded plugin filemanager (category:base,tabindex:10)
2025-07-15 17:46:45,501 [INFO] PluginManage:310 - Check plugin ipmanager
2025-07-15 17:46:45,509 [INFO] PluginManage:359 - Loaded plugin ipmanager (category:base,tabindex:5)
2025-07-15 17:46:45,510 [INFO] PluginManage:310 - Check plugin lpbam
2025-07-15 17:46:45,521 [INFO] PluginManage:359 - Loaded plugin lpbam (category:base,tabindex:0)
2025-07-15 17:46:45,521 [INFO] PluginManage:310 - Check plugin memorymap
2025-07-15 17:46:45,537 [INFO] PluginManage:359 - Loaded plugin memorymap (category:base,tabindex:4)
2025-07-15 17:46:45,537 [INFO] PluginManage:310 - Check plugin pinoutandconfiguration
2025-07-15 17:46:45,548 [INFO] PluginManage:359 - Loaded plugin pinoutandconfiguration (category:base,tabindex:1)
2025-07-15 17:46:45,549 [INFO] PluginManage:310 - Check plugin pinoutconfig
2025-07-15 17:46:45,695 [WARN] SupportedApi:132 - Cannot load RTOS API schema: s4s-elt-must-match.1: The content of 'definitions' must match (annotation?, (simpleType | complexType)?, (unique | key | keyref)*)). A problem was found starting at: attribute.
2025-07-15 17:46:45,887 [INFO] PluginManage:359 - Loaded plugin pinoutconfig (category:base,tabindex:0)
2025-07-15 17:46:45,888 [INFO] PluginManage:310 - Check plugin power
2025-07-15 17:46:45,915 [INFO] PluginManage:359 - Loaded plugin power (category:power,tabindex:4)
2025-07-15 17:46:45,947 [INFO] PluginManage:310 - Check plugin projectmanager
2025-07-15 17:46:45,997 [INFO] PluginManage:359 - Loaded plugin projectmanager (category:projectmanager,tabindex:4)
2025-07-15 17:46:45,998 [INFO] PluginManage:310 - Check plugin rif
2025-07-15 17:46:46,008 [INFO] PluginManage:359 - Loaded plugin rif (category:base,tabindex:3)
2025-07-15 17:46:46,008 [INFO] PluginManage:310 - Check plugin thirdparty
2025-07-15 17:46:46,167 [WARN] IntegrityCheckThread:84 - waiting for thirdparty lock release [integrity check]
2025-07-15 17:46:46,167 [INFO] PluginManage:359 - Loaded plugin thirdparty (category:base,tabindex:-1)
2025-07-15 17:46:46,168 [INFO] IntegrityCheckThread:86 - entering critical section [integrity check]
2025-07-15 17:46:46,168 [INFO] PluginManage:310 - Check plugin tools
2025-07-15 17:46:46,168 [INFO] ThirdPartyUpdaterWithRetryManager:70 - Updater plugin not ready yet. [1/15]
2025-07-15 17:46:46,171 [INFO] PluginManage:359 - Loaded plugin tools (category:base,tabindex:7)
2025-07-15 17:46:46,171 [INFO] PluginManage:310 - Check plugin tutovideos
2025-07-15 17:46:46,419 [INFO] PluginManage:359 - Loaded plugin tutovideos (category:base,tabindex:-1)
2025-07-15 17:46:46,420 [INFO] PluginManage:310 - Check plugin updater
2025-07-15 17:46:46,446 [INFO] PluginManage:359 - Loaded plugin updater (category:base,tabindex:12)
2025-07-15 17:46:46,446 [INFO] PluginManage:310 - Check plugin userauth
2025-07-15 17:46:46,454 [INFO] UserAuth:118 - Init User Auth plugin
2025-07-15 17:46:46,455 [INFO] PluginManage:359 - Loaded plugin userauth (category:base,tabindex:14)
2025-07-15 17:46:46,455 [INFO] PluginManage:283 - PluginManage : Loaded plugins [18]
2025-07-15 17:46:46,667 [INFO] PinOutPanel:1589 - setPackage(No Configuration,No Configuration)
2025-07-15 17:46:46,770 [INFO] CADModel:165 - CPN selected for project level
2025-07-15 17:46:46,771 [INFO] CADModel:114 - Register for checkConnection events
2025-07-15 17:46:46,788 [INFO] IPUIPlugin:80 - create IPUIPlugin
2025-07-15 17:46:46,788 [INFO] PluginManager:220 - loadIPPluginJar : add mdma
2025-07-15 17:46:46,798 [INFO] IPUIPlugin:80 - create IPUIPlugin
2025-07-15 17:46:46,798 [INFO] PluginManager:220 - loadIPPluginJar : add freertos
2025-07-15 17:46:46,803 [INFO] IPUIPlugin:80 - create IPUIPlugin
2025-07-15 17:46:46,804 [INFO] PluginManager:220 - loadIPPluginJar : add gic
2025-07-15 17:46:46,817 [INFO] IPUIPlugin:80 - create IPUIPlugin
2025-07-15 17:46:46,817 [INFO] PluginManager:220 - loadIPPluginJar : add adc
2025-07-15 17:46:46,821 [INFO] IPUIPlugin:80 - create IPUIPlugin
2025-07-15 17:46:46,821 [INFO] PluginManager:220 - loadIPPluginJar : add gtzc
2025-07-15 17:46:46,822 [INFO] IPUIPlugin:80 - create IPUIPlugin
2025-07-15 17:46:46,822 [INFO] PluginManager:220 - loadIPPluginJar : add quadspi
2025-07-15 17:46:46,826 [INFO] IPUIPlugin:80 - create IPUIPlugin
2025-07-15 17:46:46,827 [INFO] PluginManager:220 - loadIPPluginJar : add aes
2025-07-15 17:46:46,837 [INFO] IPUIPlugin:80 - create IPUIPlugin
2025-07-15 17:46:46,837 [INFO] PluginManager:220 - loadIPPluginJar : add pdm2pcm
2025-07-15 17:46:46,840 [INFO] IPUIPlugin:80 - create IPUIPlugin
2025-07-15 17:46:46,840 [INFO] PluginManager:220 - loadIPPluginJar : add hash
2025-07-15 17:46:46,842 [INFO] IPUIPlugin:80 - create IPUIPlugin
2025-07-15 17:46:46,843 [INFO] PluginManager:220 - loadIPPluginJar : add tim
2025-07-15 17:46:46,845 [INFO] IPUIPlugin:80 - create IPUIPlugin
2025-07-15 17:46:46,845 [INFO] PluginManager:220 - loadIPPluginJar : add tsc
2025-07-15 17:46:46,849 [INFO] IPUIPlugin:80 - create IPUIPlugin
2025-07-15 17:46:46,849 [INFO] PluginManager:220 - loadIPPluginJar : add extmemmanager
2025-07-15 17:46:46,851 [INFO] IPUIPlugin:80 - create IPUIPlugin
2025-07-15 17:46:46,851 [INFO] PluginManager:220 - loadIPPluginJar : add ts
2025-07-15 17:46:46,853 [INFO] IPUIPlugin:80 - create IPUIPlugin
2025-07-15 17:46:46,853 [INFO] PluginManager:220 - loadIPPluginJar : add radio
2025-07-15 17:46:46,856 [INFO] IPUIPlugin:80 - create IPUIPlugin
2025-07-15 17:46:46,856 [INFO] PluginManager:220 - loadIPPluginJar : add can
2025-07-15 17:46:46,860 [INFO] IPUIPlugin:80 - create IPUIPlugin
2025-07-15 17:46:46,860 [INFO] PluginManager:220 - loadIPPluginJar : add dma3
2025-07-15 17:46:46,863 [INFO] IPUIPlugin:80 - create IPUIPlugin
2025-07-15 17:46:46,863 [INFO] PluginManager:220 - loadIPPluginJar : add dfsdm
2025-07-15 17:46:46,865 [INFO] IPUIPlugin:80 - create IPUIPlugin
2025-07-15 17:46:46,866 [INFO] PluginManager:220 - loadIPPluginJar : add spi
2025-07-15 17:46:46,868 [INFO] IPUIPlugin:80 - create IPUIPlugin
2025-07-15 17:46:46,870 [INFO] PluginManager:220 - loadIPPluginJar : add gfxmmu
2025-07-15 17:46:46,871 [INFO] IPUIPlugin:80 - create IPUIPlugin
2025-07-15 17:46:46,872 [INFO] PluginManager:220 - loadIPPluginJar : add genericplugin
2025-07-15 17:46:46,877 [INFO] IPUIPlugin:80 - create IPUIPlugin
2025-07-15 17:46:46,877 [INFO] PluginManager:220 - loadIPPluginJar : add cryp
2025-07-15 17:46:46,884 [INFO] IPUIPlugin:80 - create IPUIPlugin
2025-07-15 17:46:46,884 [INFO] PluginManager:220 - loadIPPluginJar : add gpio
2025-07-15 17:46:46,888 [INFO] IPUIPlugin:80 - create IPUIPlugin
2025-07-15 17:46:46,888 [INFO] PluginManager:220 - loadIPPluginJar : add ddr_ctrl_phy
2025-07-15 17:46:46,890 [INFO] IPUIPlugin:80 - create IPUIPlugin
2025-07-15 17:46:46,890 [INFO] PluginManager:220 - loadIPPluginJar : add comp
2025-07-15 17:46:46,893 [INFO] IPUIPlugin:80 - create IPUIPlugin
2025-07-15 17:46:46,893 [INFO] PluginManager:220 - loadIPPluginJar : add tracer_emb
2025-07-15 17:46:46,897 [INFO] IPUIPlugin:80 - create IPUIPlugin
2025-07-15 17:46:46,897 [INFO] PluginManager:220 - loadIPPluginJar : add openamp
2025-07-15 17:46:46,903 [INFO] IPUIPlugin:80 - create IPUIPlugin
2025-07-15 17:46:46,903 [INFO] PluginManager:220 - loadIPPluginJar : add stm32_wpan
2025-07-15 17:46:46,912 [INFO] IPUIPlugin:80 - create IPUIPlugin
2025-07-15 17:46:46,914 [INFO] PluginManager:220 - loadIPPluginJar : add plateformsettings
2025-07-15 17:46:46,918 [INFO] IPUIPlugin:80 - create IPUIPlugin
2025-07-15 17:46:46,918 [INFO] PluginManager:220 - loadIPPluginJar : add ipddr
2025-07-15 17:46:46,922 [INFO] IPUIPlugin:80 - create IPUIPlugin
2025-07-15 17:46:46,922 [INFO] PluginManager:220 - loadIPPluginJar : add usart
2025-07-15 17:46:46,924 [INFO] IPUIPlugin:80 - create IPUIPlugin
2025-07-15 17:46:46,924 [INFO] PluginManager:220 - loadIPPluginJar : add ltdc
2025-07-15 17:46:46,929 [INFO] IPUIPlugin:80 - create IPUIPlugin
2025-07-15 17:46:46,929 [INFO] PluginManager:220 - loadIPPluginJar : add nvic
2025-07-15 17:46:46,931 [INFO] IPUIPlugin:80 - create IPUIPlugin
2025-07-15 17:46:46,931 [INFO] PluginManager:220 - loadIPPluginJar : add fatfs
2025-07-15 17:46:46,938 [INFO] IPUIPlugin:80 - create IPUIPlugin
2025-07-15 17:46:46,938 [INFO] PluginManager:220 - loadIPPluginJar : add linkedlist
2025-07-15 17:46:46,946 [INFO] IPUIPlugin:80 - create IPUIPlugin
2025-07-15 17:46:46,946 [INFO] PluginManager:220 - loadIPPluginJar : add dma
2025-07-15 17:46:46,951 [INFO] IPUIPlugin:80 - create IPUIPlugin
2025-07-15 17:46:46,951 [INFO] PluginManager:220 - loadIPPluginJar : add fmc
2025-07-15 17:46:46,954 [INFO] IPUIPlugin:80 - create IPUIPlugin
2025-07-15 17:46:46,954 [INFO] PluginManager:220 - loadIPPluginJar : add i2s
2025-07-15 17:46:46,957 [INFO] IPUIPlugin:80 - create IPUIPlugin
2025-07-15 17:46:46,957 [INFO] PluginManager:220 - loadIPPluginJar : add ucpd
2025-07-15 17:46:46,960 [INFO] IPUIPlugin:80 - create IPUIPlugin
2025-07-15 17:46:46,960 [INFO] PluginManager:220 - loadIPPluginJar : add lorawan
2025-07-15 17:46:46,964 [INFO] IPUIPlugin:80 - create IPUIPlugin
2025-07-15 17:46:46,964 [INFO] PluginManager:220 - loadIPPluginJar : add opamp
2025-07-15 17:46:46,966 [INFO] IPUIPlugin:80 - create IPUIPlugin
2025-07-15 17:46:46,967 [INFO] PluginManager:220 - loadIPPluginJar : add i3c
2025-07-15 17:46:46,970 [INFO] IPUIPlugin:80 - create IPUIPlugin
2025-07-15 17:46:46,970 [INFO] PluginManager:220 - loadIPPluginJar : add touchsensing
2025-07-15 17:46:46,974 [INFO] IPUIPlugin:80 - create IPUIPlugin
2025-07-15 17:46:46,975 [INFO] PluginManager:220 - loadIPPluginJar : add i2c
2025-07-15 17:46:46,984 [INFO] IPUIPlugin:80 - create IPUIPlugin
2025-07-15 17:46:46,984 [INFO] PluginManager:220 - loadIPPluginJar : add resmgrutility
2025-07-15 17:46:46,987 [INFO] IPUIPlugin:80 - create IPUIPlugin
2025-07-15 17:46:46,987 [INFO] PluginManager:220 - loadIPPluginJar : add sai
2025-07-15 17:46:46,991 [INFO] IPUIPlugin:80 - create IPUIPlugin
2025-07-15 17:46:46,992 [INFO] PluginManager:220 - loadIPPluginJar : add usbx
2025-07-15 17:46:47,123 [FATAL] Updater:351 - Updater called before beeing initialized
2025-07-15 17:46:47,158 [INFO] RulesReader:64 - Compatibility file has been processed (302 Rules)
2025-07-15 17:46:47,175 [INFO] RulesReader:64 - Compatibility file has been processed (302 Rules)
2025-07-15 17:46:47,186 [INFO] CADModel:165 - CPN selected for project level
2025-07-15 17:46:47,186 [INFO] CADModel:114 - Register for checkConnection events
2025-07-15 17:46:47,186 [FATAL] Updater:351 - Updater called before beeing initialized
2025-07-15 17:46:47,186 [ERROR] CADModel:125 - Updater not yet initialized, retry later 
2025-07-15 17:46:47,484 [FATAL] Updater:351 - Updater called before beeing initialized
2025-07-15 17:46:47,486 [INFO] CADModel:165 - CPN selected for project level
2025-07-15 17:46:47,486 [INFO] CADModel:114 - Register for checkConnection events
2025-07-15 17:46:47,486 [FATAL] Updater:351 - Updater called before beeing initialized
2025-07-15 17:46:47,486 [ERROR] CADModel:125 - Updater not yet initialized, retry later 
2025-07-15 17:46:47,493 [FATAL] Updater:351 - Updater called before beeing initialized
2025-07-15 17:46:47,635 [FATAL] Updater:351 - Updater called before beeing initialized
2025-07-15 17:46:47,641 [INFO] DbMcusAds:53 - JSON generation date=Wed May 07 02:07:55 PDT 2025 (1746608875484)
2025-07-15 17:46:47,641 [FATAL] Updater:351 - Updater called before beeing initialized
2025-07-15 17:46:47,735 [WARN] DetailPanel:346 - Failed to get advertising image, set to default
2025-07-15 17:46:48,289 [FATAL] Updater:351 - Updater called before beeing initialized
2025-07-15 17:46:48,292 [FATAL] Updater:351 - Updater called before beeing initialized
2025-07-15 17:46:48,292 [FATAL] Updater:351 - Updater called before beeing initialized
2025-07-15 17:46:48,292 [WARN] DetailPanel:346 - Failed to get advertising image, set to default
2025-07-15 17:46:48,294 [FATAL] Updater:351 - Updater called before beeing initialized
2025-07-15 17:46:48,358 [ERROR] Updater:1198 - MainUpdater not yet initialized. External WinMGr cannot be set.
2025-07-15 17:46:48,360 [INFO] Updater:1134 - Updater Version found : 6.14.1
2025-07-15 17:46:48,385 [INFO] ApplicationProperties:184 - Using Application install path: /Applications/STM32CubeIDE.app/Contents/Eclipse/plugins/com.st.stm32cube.common.mx_6.14.1.202504091515
2025-07-15 17:46:48,714 [INFO] MainUpdater:2872 - connection check result : 22
2025-07-15 17:46:48,715 [INFO] MainUpdater:289 - Updater Check For Update Now.
2025-07-15 17:46:48,715 [INFO] MicroXplorer:498 - Change Database Version : DB.6.0.141
2025-07-15 17:46:48,722 [INFO] McuFinderGlobals:63 - Set McuFinder mode to 2 (CubeIDE integrated)
2025-07-15 17:46:48,724 [INFO] UserAuth:484 - Internet connection configuration mode: 2
2025-07-15 17:46:48,733 [INFO] UserAuth:484 - Internet connection configuration mode: 2
2025-07-15 17:46:48,963 [INFO] CheckServerUpdateThread:120 - End of CheckServer Thread
2025-07-15 17:46:49,656 [WARN] PackLoader:240 - Cannot read IP mode file for STMicroelectronics.FP-SNS-MOTENVWB1.1.4.0
2025-07-15 17:46:49,665 [WARN] PackLoader:240 - Cannot read IP mode file for STMicroelectronics.FP-ATR-ASTRA1.2.0.2
2025-07-15 17:46:49,669 [WARN] PackLoader:240 - Cannot read IP mode file for STMicroelectronics.FP-ATR-ASTRA1.2.0.1
2025-07-15 17:46:49,677 [WARN] PackLoader:240 - Cannot read IP mode file for STMicroelectronics.X-CUBE-SMBUS.2.1.0
2025-07-15 17:46:49,685 [WARN] PackLoader:240 - Cannot read IP mode file for STMicroelectronics.X-CUBE-WB05N.1.1.0
2025-07-15 17:46:49,695 [WARN] PackLoader:240 - Cannot read IP mode file for STMicroelectronics.X-CUBE-TOUCHGFX.4.23.1
2025-07-15 17:46:49,697 [WARN] PackLoader:240 - Cannot read IP mode file for STMicroelectronics.X-CUBE-TOUCHGFX.4.23.0
2025-07-15 17:46:49,699 [WARN] PackLoader:240 - Cannot read IP mode file for STMicroelectronics.X-CUBE-TOUCHGFX.4.23.2
2025-07-15 17:46:49,730 [WARN] PackLoader:240 - Cannot read IP mode file for STMicroelectronics.X-CUBE-AZRTOS-F7.1.1.0
2025-07-15 17:46:49,741 [WARN] PackLoader:240 - Cannot read IP mode file for STMicroelectronics.FP-SNS-MOTENV1.4.3.2
2025-07-15 17:46:49,864 [WARN] PackLoader:240 - Cannot read IP mode file for STMicroelectronics.X-CUBE-MEMS1.11.0.0
2025-07-15 17:46:50,179 [WARN] PackLoader:240 - Cannot read IP mode file for STMicroelectronics.FP-SNS-FLIGHT1.5.0.2
2025-07-15 17:46:50,195 [WARN] PackLoader:240 - Cannot read IP mode file for STMicroelectronics.X-CUBE-DISPLAY.3.0.0
2025-07-15 17:46:50,208 [WARN] PackLoader:240 - Cannot read IP mode file for STMicroelectronics.X-CUBE-BLE1.7.0.0
2025-07-15 17:46:50,218 [WARN] PackLoader:240 - Cannot read IP mode file for STMicroelectronics.X-CUBE-NFC10.1.0.0
2025-07-15 17:46:50,233 [WARN] PackLoader:240 - Cannot read IP mode file for STMicroelectronics.X-CUBE-BLEMGR.4.0.0
2025-07-15 17:46:50,243 [WARN] PackLoader:240 - Cannot read IP mode file for emotas.I-CUBE-CANOPEN.1.3.0
2025-07-15 17:46:50,255 [WARN] PackLoader:240 - Cannot read IP mode file for STMicroelectronics.X-CUBE-BLEMGR.3.1.0
2025-07-15 17:46:50,263 [WARN] PackLoader:240 - Cannot read IP mode file for STMicroelectronics.X-CUBE-AI.10.0.0
2025-07-15 17:46:50,269 [WARN] PackLoader:240 - Cannot read IP mode file for STMicroelectronics.FP-SNS-SMARTAG2.1.2.0
2025-07-15 17:46:50,274 [WARN] PackLoader:240 - Cannot read IP mode file for STMicroelectronics.FP-SNS-FLIGHT1.5.1.0
2025-07-15 17:46:50,348 [WARN] PackLoader:240 - Cannot read IP mode file for STMicroelectronics.X-CUBE-MEMS1.11.1.0
2025-07-15 17:46:50,537 [INFO] LogOutputStream:77 - [STDOUT_REDIRECT] 1 : Invalid condition id : UX_CORESTACK_Condition cause : null
2025-07-15 17:46:50,537 [INFO] LogOutputStream:77 - [STDOUT_REDIRECT] 1 : Invalid condition id : UX_CORESTACK_Condition cause : null
2025-07-15 17:46:50,538 [INFO] LogOutputStream:77 - [STDOUT_REDIRECT] 1 : Invalid condition id : UX_CORESTACK_Condition cause : null
2025-07-15 17:46:50,538 [INFO] LogOutputStream:77 - [STDOUT_REDIRECT] 1 : Invalid condition id : UX_CORESTACK_Condition cause : null
2025-07-15 17:46:50,538 [INFO] LogOutputStream:77 - [STDOUT_REDIRECT] 1 : Invalid condition id : UX_CORESTACK_Condition cause : null
2025-07-15 17:46:50,541 [WARN] PackLoader:240 - Cannot read IP mode file for STMicroelectronics.X-CUBE-AZRTOS-WL.2.0.0
2025-07-15 17:46:50,545 [WARN] PackLoader:240 - Cannot read IP mode file for STMicroelectronics.FP-SNS-MOTENV1.5.0.0
2025-07-15 17:46:50,548 [WARN] PackLoader:240 - Cannot read IP mode file for wolfSSL.I-CUBE-wolfMQTT.1.19.0
2025-07-15 17:46:50,552 [WARN] PackLoader:240 - Cannot read IP mode file for WES.I-CUBE-Cesium.1.3.0
2025-07-15 17:46:50,556 [WARN] PackLoader:240 - Cannot read IP mode file for STMicroelectronics.X-CUBE-BLE2.3.3.0
2025-07-15 17:46:50,560 [WARN] PackLoader:240 - Cannot read IP mode file for STMicroelectronics.X-CUBE-NFC9.1.0.0
2025-07-15 17:46:50,565 [WARN] PackLoader:240 - Cannot read IP mode file for STMicroelectronics.X-CUBE-BLE1.7.1.0
2025-07-15 17:46:50,569 [WARN] PackLoader:240 - Cannot read IP mode file for STMicroelectronics.X-CUBE-TCPP.4.1.0
2025-07-15 17:46:50,573 [WARN] PackLoader:240 - Cannot read IP mode file for STMicroelectronics.X-CUBE-AI.10.1.0
2025-07-15 17:46:50,579 [WARN] PackLoader:240 - Cannot read IP mode file for STMicroelectronics.X-CUBE-ALGOBUILD.1.3.0
2025-07-15 17:46:50,702 [WARN] PackLoader:240 - Cannot read IP mode file for STMicroelectronics.X-CUBE-MEMS1.11.2.0
2025-07-15 17:46:51,055 [WARN] PackLoader:240 - Cannot read IP mode file for STMicroelectronics.X-CUBE-AZRTOS-G0.1.1.0
2025-07-15 17:46:51,075 [WARN] PackLoader:240 - Cannot read IP mode file for STMicroelectronics.X-CUBE-SAFEA1.1.2.2
2025-07-15 17:46:51,085 [WARN] PackLoader:240 - Cannot read IP mode file for STMicroelectronics.X-CUBE-NFC4.3.0.0
2025-07-15 17:46:51,089 [WARN] PackLoader:240 - Cannot read IP mode file for wolfSSL.I-CUBE-wolfMQTT.1.18.0
2025-07-15 17:46:51,102 [WARN] PackLoader:240 - Cannot read IP mode file for EmbeddedOffice.I-CUBE-FS-RTOS.1.0.1
2025-07-15 17:46:51,109 [WARN] PackLoader:240 - Cannot read IP mode file for STMicroelectronics.X-CUBE-WB05N.2.0.0
2025-07-15 17:46:51,122 [WARN] PackLoader:240 - Cannot read IP mode file for STMicroelectronics.X-CUBE-BLEMGR.3.0.0
2025-07-15 17:46:51,133 [WARN] PackLoader:240 - Cannot read IP mode file for STMicroelectronics.X-CUBE-TCPP.4.2.0
2025-07-15 17:46:51,142 [WARN] PackLoader:240 - Cannot read IP mode file for RealThread.X-CUBE-RT-Thread_Nano.4.1.1
2025-07-15 17:46:51,148 [WARN] PackLoader:240 - Cannot read IP mode file for STMicroelectronics.FP-ATR-SIGFOX1.3.2.0
2025-07-15 17:46:51,152 [WARN] ConditionMgr:438 - getConditionDescription Invalid condition id : Cortex-A Device cause : null
2025-07-15 17:46:51,171 [WARN] ConditionMgr:1044 - genDependencies : Invalid condition id : Cortex-A Device cause : null
2025-07-15 17:46:51,171 [WARN] ConditionMgr:1044 - genDependencies : Invalid condition id : Cortex-A Device cause : null
2025-07-15 17:46:51,171 [WARN] ConditionMgr:1044 - genDependencies : Invalid condition id : Cortex-A Device cause : null
2025-07-15 17:46:51,179 [WARN] PackLoader:240 - Cannot read IP mode file for STMicroelectronics.X-CUBE-EEPRMA1.5.1.0
2025-07-15 17:46:51,190 [WARN] PackLoader:240 - Cannot read IP mode file for STMicroelectronics.X-CUBE-ST67W61.1.0.0
2025-07-15 17:46:51,254 [WARN] PackLoader:240 - Cannot read IP mode file for SEGGER.I-CUBE-embOS.1.3.1
2025-07-15 17:46:51,316 [WARN] PackLoader:240 - Cannot read IP mode file for STMicroelectronics.X-CUBE-ALGOBUILD.1.4.0
2025-07-15 17:46:51,380 [WARN] PackLoader:240 - Cannot read IP mode file for STMicroelectronics.X-CUBE-MEMS1.11.3.0
2025-07-15 17:46:51,512 [WARN] PackLoader:240 - Cannot read IP mode file for STMicroelectronics.X-CUBE-AI.9.1.0
2025-07-15 17:46:51,517 [WARN] PackLoader:240 - Cannot read IP mode file for STMicroelectronics.X-CUBE-GNSS1.6.0.0
2025-07-15 17:46:51,536 [WARN] PackLoader:240 - Cannot read IP mode file for STMicroelectronics.X-CUBE-AZRTOS-F4.1.1.0
2025-07-15 17:46:51,541 [WARN] PackLoader:240 - Cannot read IP mode file for Avnet-IotConnect.X-CUBE-IoTC-DA16k-PMOD.1.0.0
2025-07-15 17:46:51,544 [WARN] PackLoader:240 - Cannot read IP mode file for STMicroelectronics.X-CUBE-ISPU.2.1.0
2025-07-15 17:46:51,549 [WARN] PackLoader:240 - Cannot read IP mode file for STMicroelectronics.X-CUBE-FREERTOS.1.2.0
2025-07-15 17:46:51,552 [WARN] PackLoader:240 - Cannot read IP mode file for wolfSSL.I-CUBE-wolfSSL.5.6.6
2025-07-15 17:46:51,570 [WARN] PackLoader:240 - Cannot read IP mode file for STMicroelectronics.X-CUBE-AZRTOS-L5.2.0.0
2025-07-15 17:46:51,579 [WARN] PackLoader:240 - Cannot read IP mode file for STMicroelectronics.X-CUBE-NFC6.3.1.0
2025-07-15 17:46:51,586 [WARN] PackLoader:240 - Cannot read IP mode file for ITTIA_DB.I-CUBE-ITTIADB.8.8.0
2025-07-15 17:46:51,591 [WARN] PackLoader:240 - Cannot read IP mode file for STMicroelectronics.X-CUBE-DPower.1.2.0
2025-07-15 17:46:51,594 [WARN] PackLoader:240 - Cannot read IP mode file for STMicroelectronics.X-CUBE-AI.9.0.0
2025-07-15 17:46:51,599 [WARN] PackLoader:240 - Cannot read IP mode file for STMicroelectronics.X-CUBE-FREERTOS.1.3.1
2025-07-15 17:46:51,603 [WARN] PackLoader:240 - Cannot read IP mode file for STMicroelectronics.X-CUBE-FREERTOS.1.3.0
2025-07-15 17:46:51,607 [WARN] PackLoader:240 - Cannot read IP mode file for STMicroelectronics.X-CUBE-NFC7.1.0.1
2025-07-15 17:46:51,611 [WARN] PackLoader:240 - Cannot read IP mode file for wolfSSL.I-CUBE-wolfTPM.3.2.0
2025-07-15 17:46:51,617 [WARN] PackLoader:240 - Cannot read IP mode file for STMicroelectronics.X-CUBE-NFC6.3.0.0
2025-07-15 17:46:51,625 [WARN] PackLoader:240 - Cannot read IP mode file for STMicroelectronics.X-CUBE-DPower.1.3.0
2025-07-15 17:46:51,629 [WARN] PackLoader:240 - Cannot read IP mode file for STMicroelectronics.X-CUBE-AI.8.1.0
2025-07-15 17:46:51,649 [WARN] ConditionMgr:438 - getConditionDescription Invalid condition id : LAN8742 Phy interface Condition cause : null
2025-07-15 17:46:51,649 [WARN] PackLoader:240 - Cannot read IP mode file for STMicroelectronics.X-CUBE-AZRTOS-L4.2.0.0
2025-07-15 17:46:51,651 [WARN] ConditionMgr:1044 - genDependencies : Invalid condition id : LAN8742 Phy interface Condition cause : null
2025-07-15 17:46:51,651 [WARN] ConditionMgr:1044 - genDependencies : Invalid condition id : LAN8742 Phy interface Condition cause : null
2025-07-15 17:46:51,652 [WARN] ConditionMgr:1044 - genDependencies : Invalid condition id : LAN8742 Phy interface Condition cause : null
2025-07-15 17:46:51,660 [WARN] PackLoader:240 - Cannot read IP mode file for STMicroelectronics.X-CUBE-SFXS2LP1.4.0.0
2025-07-15 17:46:51,683 [WARN] PackLoader:240 - Cannot read IP mode file for STMicroelectronics.X-CUBE-AZRTOS-H7.3.3.0
2025-07-15 17:46:51,696 [WARN] PackLoader:240 - Cannot read IP mode file for STMicroelectronics.X-CUBE-IPS.3.0.0
2025-07-15 17:46:51,725 [WARN] ConditionMgr:438 - getConditionDescription Invalid condition id : UX DEVICE CLASS RTOS Condition cause : null
2025-07-15 17:46:51,725 [WARN] ConditionMgr:438 - getConditionDescription Invalid condition id : UX DEVICE CLASS RTOS Condition cause : null
2025-07-15 17:46:51,728 [WARN] PackLoader:240 - Cannot read IP mode file for STMicroelectronics.X-CUBE-AZRTOS-WB.2.0.0
2025-07-15 17:46:51,729 [WARN] ConditionMgr:1044 - genDependencies : Invalid condition id : UX DEVICE CLASS RTOS Condition cause : null
2025-07-15 17:46:51,729 [WARN] ConditionMgr:1044 - genDependencies : Invalid condition id : UX DEVICE CLASS RTOS Condition cause : null
2025-07-15 17:46:51,729 [WARN] ConditionMgr:1044 - genDependencies : Invalid condition id : UX DEVICE CLASS RTOS Condition cause : null
2025-07-15 17:46:51,730 [WARN] ConditionMgr:1044 - genDependencies : Invalid condition id : UX DEVICE CLASS RTOS Condition cause : null
2025-07-15 17:46:51,730 [WARN] ConditionMgr:1044 - genDependencies : Invalid condition id : UX DEVICE CLASS RTOS Condition cause : null
2025-07-15 17:46:51,736 [WARN] PackLoader:240 - Cannot read IP mode file for STMicroelectronics.X-CUBE-GNSS1.7.0.0
2025-07-15 17:46:51,742 [WARN] PackLoader:240 - Cannot read IP mode file for STMicroelectronics.X-CUBE-GNSS1.7.0.1
2025-07-15 17:46:51,746 [WARN] PackLoader:240 - Cannot read IP mode file for STMicroelectronics.X-CUBE-TOUCHGFX.4.25.0
2025-07-15 17:46:51,752 [WARN] PackLoader:240 - Cannot read IP mode file for STMicroelectronics.FP-SNS-STBOX1.2.0.0
2025-07-15 17:46:51,766 [WARN] PackLoader:240 - Cannot read IP mode file for STMicroelectronics.X-CUBE-SUBG2.5.0.0
2025-07-15 17:46:51,795 [WARN] PackLoader:240 - Cannot read IP mode file for STMicroelectronics.X-CUBE-AZRTOS-H7RS.1.1.0
2025-07-15 17:46:51,816 [WARN] PackLoader:240 - Cannot read IP mode file for STMicroelectronics.X-CUBE-AZRTOS-G4.2.0.0
2025-07-15 17:46:51,833 [WARN] PackLoader:240 - Cannot read IP mode file for Infineon.AIROC-Wi-Fi-Bluetooth-STM32.1.5.1
2025-07-15 17:46:51,841 [WARN] PackLoader:240 - Cannot read IP mode file for STMicroelectronics.X-CUBE-NFC7.2.0.0
2025-07-15 17:46:51,845 [WARN] PackLoader:240 - Cannot read IP mode file for STMicroelectronics.FP-SNS-MOTENVWB1.1.3.1
2025-07-15 17:46:51,849 [WARN] PackLoader:240 - Cannot read IP mode file for STMicroelectronics.X-CUBE-ISPU.2.0.0
2025-07-15 17:46:51,864 [WARN] PackLoader:240 - Cannot read IP mode file for STMicroelectronics.X-CUBE-IPS.3.1.0
2025-07-15 17:46:51,872 [WARN] PackLoader:240 - Cannot read IP mode file for STMicroelectronics.X-CUBE-ALS.1.0.2
2025-07-15 17:46:51,901 [WARN] PackLoader:240 - Cannot read IP mode file for STMicroelectronics.X-CUBE-MEMS1.10.0.0
2025-07-15 17:46:51,979 [WARN] PackLoader:240 - Cannot read IP mode file for STMicroelectronics.X-CUBE-FREERTOS.1.1.0
2025-07-15 17:46:51,982 [WARN] PackLoader:240 - Cannot read IP mode file for STMicroelectronics.X-CUBE-TOUCHGFX.4.24.0
2025-07-15 17:46:51,984 [WARN] PackLoader:240 - Cannot read IP mode file for STMicroelectronics.X-CUBE-TOUCHGFX.4.24.2
2025-07-15 17:46:51,986 [WARN] PackLoader:240 - Cannot read IP mode file for STMicroelectronics.X-CUBE-TOUCHGFX.4.24.1
2025-07-15 17:46:51,990 [WARN] PackLoader:240 - Cannot read IP mode file for portGmbH.I-Cube-SoM-uGOAL.1.1.0
2025-07-15 17:46:51,992 [WARN] PackLoader:240 - Cannot read IP mode file for STMicroelectronics.X-CUBE-ALS.1.0.1
2025-07-15 17:46:52,006 [WARN] PackLoader:240 - Cannot read IP mode file for STMicroelectronics.X-CUBE-AZRTOS-H7RS.1.0.0
2025-07-15 17:46:52,010 [WARN] PackLoader:240 - Cannot read IP mode file for STMicroelectronics.FP-ATR-ASTRA1.2.0.0
2025-07-15 17:46:52,019 [WARN] PackLoader:240 - Cannot read IP mode file for STMicroelectronics.X-CUBE-TOF1.3.4.2
2025-07-15 17:46:52,035 [WARN] PackLoader:240 - Cannot read IP mode file for STMicroelectronics.X-CUBE-TOF1.3.4.3
2025-07-15 17:46:52,051 [WARN] PackLoader:240 - Cannot read IP mode file for STMicroelectronics.X-CUBE-TOF1.3.4.0
2025-07-15 17:46:52,067 [WARN] PackLoader:240 - Cannot read IP mode file for STMicroelectronics.X-CUBE-TOF1.3.4.1
2025-07-15 17:46:52,090 [WARN] PackLoader:240 - Cannot read IP mode file for STMicroelectronics.X-CUBE-AZRTOS-H7.3.2.0
2025-07-15 17:46:52,094 [WARN] PackLoader:240 - Cannot read IP mode file for wolfSSL.I-CUBE-wolfSSH.1.4.17
2025-07-15 17:46:52,094 [INFO] ThirdParty:978 - Integrity check success = true
2025-07-15 17:46:52,094 [INFO] IntegrityCheckThread:100 - exiting critical section [integrity check]
2025-07-15 17:46:52,094 [INFO] IntegrityCheckThread:103 - End integrity checks thread
