2025-04-09 09:23:19,533 [INFO] WebApp:189 - Connection lost
2025-04-09 09:23:23,591 [INFO] WebApp:186 - Connection restablished
2025-04-09 09:23:23,789 [INFO] WebApp:189 - Connection lost
2025-04-09 09:23:24,247 [INFO] WebApp:186 - Connection restablished
2025-04-09 09:23:33,812 [INFO] WebApp:189 - Connection lost
2025-04-09 09:23:34,413 [INFO] WebApp:186 - Connection restablished
2025-04-09 09:23:34,766 [INFO] WebApp:189 - Connection lost
2025-04-09 09:23:35,596 [INFO] WebApp:186 - Connection restablished
2025-04-09 17:39:41,668 [INFO] WebApp:189 - Connection lost
2025-04-09 17:40:03,175 [INFO] WebApp:186 - Connection restablished
2025-04-09 20:26:24,574 [INFO] MainUpdater:2873 - connection check result : 10
2025-04-09 20:26:24,576 [INFO] MainUpdater:2873 - connection check result : 10
2025-04-09 20:26:25,905 [INFO] MicroXplorer:468 - Change Database Path : 
2025-04-09 20:26:25,906 [INFO] MicroXplorer:498 - Change Database Version : DB.6.0.120
2025-04-09 20:26:25,935 [ERROR] ProjectManagerView:394 - 
java.lang.NullPointerException: Cannot invoke "javax.swing.JTextField.getText()" because the return value of "java.util.List.get(int)" is null
	at com.st.microxplorer.plugins.projectmanager.gui.ProjectChoiceTab$10.caretUpdate(ProjectChoiceTab.java:2622) ~[filemanager.jar:?]
	at javax.swing.text.JTextComponent.fireCaretUpdate(JTextComponent.java:412) ~[?:?]
	at javax.swing.text.JTextComponent$MutableCaretEvent.fire(JTextComponent.java:4491) ~[?:?]
	at javax.swing.text.JTextComponent$MutableCaretEvent.stateChanged(JTextComponent.java:4513) ~[?:?]
	at javax.swing.text.DefaultCaret.fireStateChanged(DefaultCaret.java:842) ~[?:?]
	at javax.swing.text.DefaultCaret.changeCaretPosition(DefaultCaret.java:1313) ~[?:?]
	at javax.swing.text.DefaultCaret.handleSetDot(DefaultCaret.java:1212) ~[?:?]
	at javax.swing.text.DefaultCaret.setDot(DefaultCaret.java:1193) ~[?:?]
	at javax.swing.text.DefaultCaret$Handler.insertUpdate(DefaultCaret.java:1789) ~[?:?]
	at javax.swing.text.AbstractDocument.fireInsertUpdate(AbstractDocument.java:226) ~[?:?]
	at javax.swing.text.AbstractDocument.handleInsertString(AbstractDocument.java:780) ~[?:?]
	at javax.swing.text.AbstractDocument.insertString(AbstractDocument.java:739) ~[?:?]
	at javax.swing.text.PlainDocument.insertString(PlainDocument.java:131) ~[?:?]
	at javax.swing.text.AbstractDocument.replace(AbstractDocument.java:698) ~[?:?]
	at javax.swing.text.JTextComponent.setText(JTextComponent.java:1729) ~[?:?]
	at com.st.microxplorer.plugins.projectmanager.gui.ProjectChoiceTab.createHeapStackFields(ProjectChoiceTab.java:972) ~[filemanager.jar:?]
	at com.st.microxplorer.plugins.projectmanager.gui.ProjectChoiceTab.buildLinkSettingsPanel(ProjectChoiceTab.java:3597) ~[filemanager.jar:?]
	at com.st.microxplorer.plugins.projectmanager.gui.ProjectChoiceTab.defineWindowsFields(ProjectChoiceTab.java:1940) ~[filemanager.jar:?]
	at com.st.microxplorer.plugins.projectmanager.gui.ProjectChoiceTab.updateSettings(ProjectChoiceTab.java:550) ~[filemanager.jar:?]
	at com.st.microxplorer.plugins.projectmanager.gui.ProjectSettingsPanel.UpdateDialog(ProjectSettingsPanel.java:245) ~[filemanager.jar:?]
	at com.st.microxplorer.plugins.projectmanager.ProjectManagerView.propertyChange(ProjectManagerView.java:391) ~[filemanager.jar:?]
	at java.beans.PropertyChangeSupport.fire(PropertyChangeSupport.java:343) ~[?:?]
	at java.beans.PropertyChangeSupport.firePropertyChange(PropertyChangeSupport.java:335) ~[?:?]
	at java.beans.PropertyChangeSupport.firePropertyChange(PropertyChangeSupport.java:268) ~[?:?]
	at com.st.microxplorer.util.MXPropertyChangeSupport.firePropertyChange(MXPropertyChangeSupport.java:54) ~[STM32CubeMX.jar:?]
	at com.st.microxplorer.mxsystem.MxSystem.closeConfig(MxSystem.java:900) ~[STM32CubeMX.jar:?]
	at com.st.microxplorer.maingui.MainPanel.closeConfig(MainPanel.java:781) ~[STM32CubeMX.jar:?]
	at com.st.microxplorer.plugins.filemanager.engine.OpenFileManager.loadConfigurationFile(OpenFileManager.java:265) ~[filemanager.jar:?]
	at com.st.microxplorer.plugins.filemanager.engine.MainFileManager.userLoadConfig(MainFileManager.java:352) ~[filemanager.jar:?]
	at com.st.microxplorer.plugins.filemanager.engine.MainFileManager.userLoadConfig(MainFileManager.java:330) ~[filemanager.jar:?]
	at com.st.microxplorer.plugins.filemanager.FileManagerView.getSpecificTask(FileManagerView.java:246) ~[filemanager.jar:?]
	at com.st.stm32cube.common.mx.editor.CubeMxEditor.getMxTabbedPaneInstance(CubeMxEditor.java:1198) ~[com.st.stm32cube.common.mx_6.12.0.202406281431/:?]
	at com.st.stm32cube.common.mx.editor.CubeMxEditor$12$1.createSwingComponent(CubeMxEditor.java:1068) ~[com.st.stm32cube.common.mx_6.12.0.202406281431/:?]
	at com.st.stm32cube.common.mx.oss.core.awtswtbridge.EmbeddedSwingComposite.doComponentCreation(EmbeddedSwingComposite.java:492) ~[com.st.stm32cube.common.mx.oss_6.12.0.202406281431/:?]
	at com.st.stm32cube.common.mx.oss.core.awtswtbridge.EmbeddedSwingComposite$4.run(EmbeddedSwingComposite.java:291) ~[com.st.stm32cube.common.mx.oss_6.12.0.202406281431/:?]
	at com.st.stm32cube.common.mx.oss.core.awtswtbridge.AwtEnvironment$2.run(AwtEnvironment.java:166) ~[com.st.stm32cube.common.mx.oss_6.12.0.202406281431/:?]
	at java.awt.event.InvocationEvent.dispatch(InvocationEvent.java:318) ~[?:?]
	at java.awt.EventQueue.dispatchEventImpl(EventQueue.java:773) ~[?:?]
	at java.awt.EventQueue$4.run(EventQueue.java:720) ~[?:?]
	at java.awt.EventQueue$4.run(EventQueue.java:714) ~[?:?]
	at java.security.AccessController.doPrivileged(AccessController.java:399) ~[?:?]
	at java.security.ProtectionDomain$JavaSecurityAccessImpl.doIntersectionPrivilege(ProtectionDomain.java:86) ~[?:?]
	at java.awt.EventQueue.dispatchEvent(EventQueue.java:742) ~[?:?]
	at java.awt.EventDispatchThread.pumpOneEventForFilters(EventDispatchThread.java:203) ~[?:?]
	at java.awt.EventDispatchThread.pumpEventsForFilter(EventDispatchThread.java:124) ~[?:?]
	at java.awt.EventDispatchThread.pumpEventsForHierarchy(EventDispatchThread.java:113) ~[?:?]
	at java.awt.EventDispatchThread.pumpEvents(EventDispatchThread.java:109) ~[?:?]
	at java.awt.EventDispatchThread.pumpEvents(EventDispatchThread.java:101) ~[?:?]
	at java.awt.EventDispatchThread.run(EventDispatchThread.java:90) ~[?:?]
2025-04-09 20:26:25,939 [WARN] ThirdParty:871 - waiting for thirdparty lock release [close project]
2025-04-09 20:26:25,939 [INFO] ThirdParty:873 - entering critical section [close project]
2025-04-09 20:26:25,939 [INFO] ThirdParty:883 - exiting critical section [close project]
2025-04-09 20:26:25,944 [INFO] PinOutPanel:1561 - setPackage(No Configuration,No Configuration)
2025-04-09 20:26:25,966 [WARN] IpParametersView:151 - Warning: This peripheral hasn't parameters
2025-04-09 20:26:25,975 [WARN] MainPanel:284 - <html><b><center>Warning: This peripheral has no parameters to be configured<br></b></html>
2025-04-09 20:26:25,981 [INFO] UtilMem:75 - Begin LoadConfig() Used Memory: 663776432 Bytes (1073741824)
2025-04-09 20:26:25,983 [INFO] MicroXplorer:468 - Change Database Path : 
2025-04-09 20:26:25,983 [INFO] MicroXplorer:498 - Change Database Version : DB.6.0.120
2025-04-09 20:26:25,983 [INFO] OpenFileManager:332 - Change cursor
2025-04-09 20:26:26,006 [INFO] Mcu:2032 - Initializing MCU STM32H723ZGTx STM32H723ZGTx STM32H723ZGT6
2025-04-09 20:26:28,977 [INFO] Context:742 - Trying to add GPIOservice into a context  which must be forbidden
2025-04-09 20:26:30,030 [INFO] RtosManager:555 - Registered RTOS mode: class=CMSIS, group=RTOS, mode=CMSIS_V1, owner=FREERTOS
2025-04-09 20:26:30,030 [INFO] RtosManager:555 - Registered RTOS mode: class=CMSIS, group=RTOS2, mode=CMSIS_V2, owner=FREERTOS
2025-04-09 20:26:30,030 [INFO] RtosManager:555 - Registered RTOS mode: class=RTOS, group=Core, mode=CMSIS_V1, owner=FREERTOS
2025-04-09 20:26:30,031 [INFO] RtosManager:555 - Registered RTOS mode: class=RTOS, group=Core, mode=CMSIS_V2, owner=FREERTOS
2025-04-09 20:26:30,031 [WARN] ModelIntegratedComponent:184 - Missing modes for component STMicroelectronics:FreeRTOS:0.0.1:STMicroelectronics:RTOS:FreeRTOS:Core:::10.2.0:
2025-04-09 20:26:30,032 [WARN] ModelIntegratedComponent:63 - No mode defined for component null
2025-04-09 20:26:30,032 [WARN] ModelIntegratedComponent:63 - No mode defined for component null
2025-04-09 20:26:30,032 [WARN] ModelIntegratedComponent:63 - No mode defined for component null
2025-04-09 20:26:30,032 [WARN] ModelIntegratedComponent:63 - No mode defined for component null
2025-04-09 20:26:30,032 [WARN] ModelIntegratedComponent:63 - No mode defined for component null
2025-04-09 20:26:30,032 [WARN] ModelIntegratedComponent:63 - No mode defined for component null
2025-04-09 20:26:30,032 [WARN] ModelIntegratedComponent:63 - No mode defined for component null
2025-04-09 20:26:30,032 [WARN] ModelIntegratedComponent:63 - No mode defined for component null
2025-04-09 20:26:30,032 [WARN] ModelIntegratedComponent:63 - No mode defined for component null
2025-04-09 20:26:30,032 [WARN] ModelIntegratedComponent:63 - No mode defined for component null
2025-04-09 20:26:30,032 [WARN] ModelIntegratedComponent:63 - No mode defined for component null
2025-04-09 20:26:30,032 [WARN] ModelIntegratedComponent:63 - No mode defined for component null
2025-04-09 20:26:30,032 [WARN] ModelIntegratedComponent:63 - No mode defined for component null
2025-04-09 20:26:30,032 [WARN] ModelIntegratedComponent:63 - No mode defined for component null
2025-04-09 20:26:30,032 [WARN] ModelIntegratedComponent:63 - No mode defined for component null
2025-04-09 20:26:30,032 [WARN] ModelIntegratedComponent:63 - No mode defined for component null
2025-04-09 20:26:30,032 [WARN] ModelIntegratedComponent:63 - No mode defined for component null
2025-04-09 20:26:30,032 [WARN] ModelIntegratedComponent:63 - No mode defined for component null
2025-04-09 20:26:30,032 [WARN] ModelIntegratedComponent:63 - No mode defined for component null
2025-04-09 20:26:30,032 [WARN] ModelIntegratedComponent:63 - No mode defined for component null
2025-04-09 20:26:30,032 [WARN] ModelIntegratedComponent:63 - No mode defined for component null
2025-04-09 20:26:30,032 [WARN] ModelIntegratedComponent:63 - No mode defined for component null
2025-04-09 20:26:30,032 [WARN] ModelIntegratedComponent:63 - No mode defined for component null
2025-04-09 20:26:30,032 [WARN] ModelIntegratedComponent:63 - No mode defined for component null
2025-04-09 20:26:30,032 [WARN] ModelIntegratedComponent:63 - No mode defined for component null
2025-04-09 20:26:30,032 [WARN] ModelIntegratedComponent:63 - No mode defined for component null
2025-04-09 20:26:30,032 [WARN] ModelIntegratedComponent:63 - No mode defined for component null
2025-04-09 20:26:30,032 [WARN] ModelIntegratedComponent:63 - No mode defined for component null
2025-04-09 20:26:30,032 [WARN] ModelIntegratedComponent:63 - No mode defined for component null
2025-04-09 20:26:30,032 [WARN] ModelIntegratedComponent:63 - No mode defined for component null
2025-04-09 20:26:30,032 [WARN] ModelIntegratedComponent:63 - No mode defined for component null
2025-04-09 20:26:30,032 [WARN] ModelIntegratedComponent:63 - No mode defined for component null
2025-04-09 20:26:30,032 [WARN] ModelIntegratedComponent:63 - No mode defined for component null
2025-04-09 20:26:30,033 [WARN] ModelIntegratedComponent:63 - No mode defined for component null
2025-04-09 20:26:30,033 [WARN] ModelIntegratedComponent:63 - No mode defined for component null
2025-04-09 20:26:30,033 [WARN] ModelPack:524 - Component already loaded: STMicroelectronics:HAL Drivers:0.0.0:STMicroelectronics:Device:STMicro_Driver:XSPI:HAL::0.0.1:HAL_XSPI
2025-04-09 20:26:30,102 [WARN] ModelIntegratedComponent:182 - Modes not found for component STMicroelectronics:USB_DEVICE:1.0.0:STMicroelectronics:USB::USB Device:Audio FS::1.0:USB_DEVICE_1_0_RESTRICTED_FS
2025-04-09 20:26:30,103 [WARN] ModelIntegratedComponent:188 - Modes not found for component STMicroelectronics:USB_DEVICE:1.0.0:STMicroelectronics:USB::USB Device:Audio FS::1.0:USB_DEVICE_1_0_RESTRICTED_FS
2025-04-09 20:26:30,103 [WARN] ModelIntegratedComponent:182 - Modes not found for component STMicroelectronics:USB_DEVICE:1.0.0:STMicroelectronics:USB::USB Device:CDC FS::1.0:USB_DEVICE_1_0_RESTRICTED_FS
2025-04-09 20:26:30,103 [WARN] ModelIntegratedComponent:188 - Modes not found for component STMicroelectronics:USB_DEVICE:1.0.0:STMicroelectronics:USB::USB Device:CDC FS::1.0:USB_DEVICE_1_0_RESTRICTED_FS
2025-04-09 20:26:30,103 [WARN] ModelIntegratedComponent:182 - Modes not found for component STMicroelectronics:USB_DEVICE:1.0.0:STMicroelectronics:USB::USB Device:DFU FS::1.0:USB_DEVICE_1_0_RESTRICTED_FS
2025-04-09 20:26:30,103 [WARN] ModelIntegratedComponent:188 - Modes not found for component STMicroelectronics:USB_DEVICE:1.0.0:STMicroelectronics:USB::USB Device:DFU FS::1.0:USB_DEVICE_1_0_RESTRICTED_FS
2025-04-09 20:26:30,103 [WARN] ModelIntegratedComponent:182 - Modes not found for component STMicroelectronics:USB_DEVICE:1.0.0:STMicroelectronics:USB::USB Device:HID FS::1.0:USB_DEVICE_1_0_RESTRICTED_FS
2025-04-09 20:26:30,103 [WARN] ModelIntegratedComponent:188 - Modes not found for component STMicroelectronics:USB_DEVICE:1.0.0:STMicroelectronics:USB::USB Device:HID FS::1.0:USB_DEVICE_1_0_RESTRICTED_FS
2025-04-09 20:26:30,103 [WARN] ModelIntegratedComponent:182 - Modes not found for component STMicroelectronics:USB_DEVICE:1.0.0:STMicroelectronics:USB::USB Device:Custom HID FS::1.0:USB_DEVICE_1_0_RESTRICTED_FS
2025-04-09 20:26:30,103 [WARN] ModelIntegratedComponent:188 - Modes not found for component STMicroelectronics:USB_DEVICE:1.0.0:STMicroelectronics:USB::USB Device:Custom HID FS::1.0:USB_DEVICE_1_0_RESTRICTED_FS
2025-04-09 20:26:30,103 [WARN] ModelIntegratedComponent:182 - Modes not found for component STMicroelectronics:USB_DEVICE:1.0.0:STMicroelectronics:USB::USB Device:MSC FS::1.0:USB_DEVICE_1_0_RESTRICTED_FS
2025-04-09 20:26:30,103 [WARN] ModelIntegratedComponent:188 - Modes not found for component STMicroelectronics:USB_DEVICE:1.0.0:STMicroelectronics:USB::USB Device:MSC FS::1.0:USB_DEVICE_1_0_RESTRICTED_FS
2025-04-09 20:26:30,108 [WARN] ModelIntegratedComponent:182 - Modes not found for component STMicroelectronics:USB_HOST:1.0.0:STMicroelectronics:USB::USB Host:Audio FS::1.0:USB_HOST_1_0_RESTRICTED_FS
2025-04-09 20:26:30,109 [WARN] ModelIntegratedComponent:188 - Modes not found for component STMicroelectronics:USB_HOST:1.0.0:STMicroelectronics:USB::USB Host:Audio FS::1.0:USB_HOST_1_0_RESTRICTED_FS
2025-04-09 20:26:30,109 [WARN] ModelIntegratedComponent:182 - Modes not found for component STMicroelectronics:USB_HOST:1.0.0:STMicroelectronics:USB::USB Host:CDC FS::1.0:USB_HOST_1_0_RESTRICTED_FS
2025-04-09 20:26:30,109 [WARN] ModelIntegratedComponent:188 - Modes not found for component STMicroelectronics:USB_HOST:1.0.0:STMicroelectronics:USB::USB Host:CDC FS::1.0:USB_HOST_1_0_RESTRICTED_FS
2025-04-09 20:26:30,109 [WARN] ModelIntegratedComponent:182 - Modes not found for component STMicroelectronics:USB_HOST:1.0.0:STMicroelectronics:USB::USB Host:MSC FS::1.0:USB_HOST_1_0_RESTRICTED_FS
2025-04-09 20:26:30,109 [WARN] ModelIntegratedComponent:188 - Modes not found for component STMicroelectronics:USB_HOST:1.0.0:STMicroelectronics:USB::USB Host:MSC FS::1.0:USB_HOST_1_0_RESTRICTED_FS
2025-04-09 20:26:30,109 [WARN] ModelIntegratedComponent:182 - Modes not found for component STMicroelectronics:USB_HOST:1.0.0:STMicroelectronics:USB::USB Host:HID FS::1.0:USB_HOST_1_0_RESTRICTED_FS
2025-04-09 20:26:30,109 [WARN] ModelIntegratedComponent:188 - Modes not found for component STMicroelectronics:USB_HOST:1.0.0:STMicroelectronics:USB::USB Host:HID FS::1.0:USB_HOST_1_0_RESTRICTED_FS
2025-04-09 20:26:30,109 [WARN] ModelIntegratedComponent:182 - Modes not found for component STMicroelectronics:USB_HOST:1.0.0:STMicroelectronics:USB::USB Host:MTP FS::1.0:USB_HOST_1_0_RESTRICTED_FS
2025-04-09 20:26:30,109 [WARN] ModelIntegratedComponent:188 - Modes not found for component STMicroelectronics:USB_HOST:1.0.0:STMicroelectronics:USB::USB Host:MTP FS::1.0:USB_HOST_1_0_RESTRICTED_FS
2025-04-09 20:26:30,221 [INFO] ThirdPartyModel:298 - Start build external matchings
2025-04-09 20:26:32,111 [INFO] ThirdPartyModel:316 - End build external matchings
2025-04-09 20:26:32,128 [INFO] RtosManager:919 - Current active RTOS is FREERTOS [Cortex-M7NS]
2025-04-09 20:26:32,161 [INFO] HwResourcesManager:1923 - RZone for current mcu STM32H723ZGTx : STM32_DIE483_564_1024
2025-04-09 20:26:32,177 [INFO] HwResourcesManager:288 - provisioning FMC Bank1 added
2025-04-09 20:26:32,178 [INFO] HwResourcesManager:288 - provisioning OctoSPI2 added
2025-04-09 20:26:32,179 [INFO] HwResourcesManager:288 - provisioning FMC Bank3 added
2025-04-09 20:26:32,180 [INFO] HwResourcesManager:288 - provisioning OctoSPI1 added
2025-04-09 20:26:32,181 [INFO] HwResourcesManager:288 - provisioning FMC SDRAM Bank1 added
2025-04-09 20:26:32,182 [INFO] HwResourcesManager:288 - provisioning FMC SDRAM Bank2 added
2025-04-09 20:26:32,189 [INFO] HwResourcesManager:472 - Memory Region RAM_ITCM added without MPC
2025-04-09 20:26:32,192 [INFO] HwResourcesManager:472 - Memory Region Flash added without MPC
2025-04-09 20:26:32,193 [INFO] HwResourcesManager:472 - Memory Region RAM1_AHB_C added without MPC
2025-04-09 20:26:32,194 [INFO] HwResourcesManager:472 - Memory Region RAM2_AHB_C added without MPC
2025-04-09 20:26:32,195 [INFO] HwResourcesManager:472 - Memory Region System added without MPC
2025-04-09 20:26:32,196 [INFO] HwResourcesManager:472 - Memory Region RAM_DTCM added without MPC
2025-04-09 20:26:32,197 [INFO] HwResourcesManager:472 - Memory Region RAM_AXI added without MPC
2025-04-09 20:26:32,198 [INFO] HwResourcesManager:472 - Memory Region RAM1_AHB added without MPC
2025-04-09 20:26:32,199 [INFO] HwResourcesManager:472 - Memory Region RAM2_AHB added without MPC
2025-04-09 20:26:32,200 [INFO] HwResourcesManager:472 - Memory Region RAM_AHB_D3 added without MPC
2025-04-09 20:26:32,202 [INFO] HwResourcesManager:472 - Memory Region BKPSRAM added without MPC
2025-04-09 20:26:32,221 [INFO] MemInfoExtractor$FMCInfoExtractor:862 - Cannot find FMC BANK1 start address in the info provided by HWResourceManager => Set it to the default value
2025-04-09 20:26:32,221 [INFO] MemInfoExtractor$FMCInfoExtractor:865 - Cannot find FMC SDRAM BANK1 start address in the info provided by HWResourceManager => Set it to the default value
2025-04-09 20:26:32,223 [INFO] MemInfoExtractor$OctoQuadSPIInfoExtractor:1587 - Cannot find OCTOSPI1 start address in the info provided by HWResourceManager => Set it to the default value
2025-04-09 20:26:32,223 [INFO] MemInfoExtractor$OctoQuadSPIInfoExtractor:1587 - Cannot find OCTOSPI2 start address in the info provided by HWResourceManager => Set it to the default value
2025-04-09 20:26:32,242 [ERROR] HwResourcesManager:1531 - Cannot find MPC for the given IP: FLASH
2025-04-09 20:26:32,245 [ERROR] HwResourcesManager:1531 - Cannot find MPC for the given IP: FLASH
2025-04-09 20:26:32,253 [ERROR] HwResourcesManager:1531 - Cannot find MPC for the given IP: FLASH
2025-04-09 20:26:32,259 [ERROR] HwResourcesManager:1531 - Cannot find MPC for the given IP: FLASH
2025-04-09 20:26:32,298 [ERROR] HwResourcesManager:1531 - Cannot find MPC for the given IP: FLASH
2025-04-09 20:26:32,300 [ERROR] HwResourcesManager:1531 - Cannot find MPC for the given IP: FLASH
2025-04-09 20:26:32,308 [ERROR] HwResourcesManager:1531 - Cannot find MPC for the given IP: FLASH
2025-04-09 20:26:32,340 [INFO] ImportTextPane:205 - (OptionalMessage_ERROR) IP (DMA) : Parameter (Instance) has Id (USART3_TX) currently not set
2025-04-09 20:26:32,340 [INFO] ImportTextPane:205 - (OptionalMessage_ERROR) IP (DMA) : Parameter (Request) has Id (USART3_TX) currently not set
2025-04-09 20:26:32,340 [INFO] ImportTextPane:205 - (OptionalMessage_ERROR) IP (DMA) : Parameter (Direction) has Id (USART3_TX) currently not set
2025-04-09 20:26:32,340 [INFO] ImportTextPane:205 - (OptionalMessage_ERROR) IP (DMA) : Parameter (PeriphInc) has Id (USART3_TX) currently not set
2025-04-09 20:26:32,340 [INFO] ImportTextPane:205 - (OptionalMessage_ERROR) IP (DMA) : Parameter (MemInc) has Id (USART3_TX) currently not set
2025-04-09 20:26:32,341 [INFO] ImportTextPane:205 - (OptionalMessage_ERROR) IP (DMA) : Parameter (PeriphDataAlignment) has Id (USART3_TX) currently not set
2025-04-09 20:26:32,341 [INFO] ImportTextPane:205 - (OptionalMessage_ERROR) IP (DMA) : Parameter (MemDataAlignment) has Id (USART3_TX) currently not set
2025-04-09 20:26:32,341 [INFO] ImportTextPane:205 - (OptionalMessage_ERROR) IP (DMA) : Parameter (Mode) has Id (USART3_TX) currently not set
2025-04-09 20:26:32,341 [INFO] ImportTextPane:205 - (OptionalMessage_ERROR) IP (DMA) : Parameter (Priority) has Id (USART3_TX) currently not set
2025-04-09 20:26:32,341 [INFO] ImportTextPane:205 - (OptionalMessage_ERROR) IP (DMA) : Parameter (FIFOMode) has Id (USART3_TX) currently not set
2025-04-09 20:26:32,341 [INFO] ImportTextPane:205 - (OptionalMessage_ERROR) IP (DMA) : Parameter (SignalID) has Id (USART3_TX) currently not set
2025-04-09 20:26:32,341 [INFO] ImportTextPane:205 - (OptionalMessage_ERROR) IP (DMA) : Parameter (Polarity) has Id (USART3_TX) currently not set
2025-04-09 20:26:32,341 [INFO] ImportTextPane:205 - (OptionalMessage_ERROR) IP (DMA) : Parameter (RequestNumber) has Id (USART3_TX) currently not set
2025-04-09 20:26:32,341 [INFO] ImportTextPane:205 - (OptionalMessage_ERROR) IP (DMA) : Parameter (SyncSignalID) has Id (USART3_TX) currently not set
2025-04-09 20:26:32,342 [INFO] ImportTextPane:205 - (OptionalMessage_ERROR) IP (DMA) : Parameter (SyncPolarity) has Id (USART3_TX) currently not set
2025-04-09 20:26:32,342 [INFO] ImportTextPane:205 - (OptionalMessage_ERROR) IP (DMA) : Parameter (SyncEnable) has Id (USART3_TX) currently not set
2025-04-09 20:26:32,342 [INFO] ImportTextPane:205 - (OptionalMessage_ERROR) IP (DMA) : Parameter (EventEnable) has Id (USART3_TX) currently not set
2025-04-09 20:26:32,342 [INFO] ImportTextPane:205 - (OptionalMessage_ERROR) IP (DMA) : Parameter (SyncRequestNumber) has Id (USART3_TX) currently not set
2025-04-09 20:26:32,342 [INFO] ImportTextPane:205 - (OptionalMessage_ERROR) IP (DMA) : Parameter (Instance) has Id (USART2_TX) currently not set
2025-04-09 20:26:32,342 [INFO] ImportTextPane:205 - (OptionalMessage_ERROR) IP (DMA) : Parameter (Request) has Id (USART2_TX) currently not set
2025-04-09 20:26:32,342 [INFO] ImportTextPane:205 - (OptionalMessage_ERROR) IP (DMA) : Parameter (Direction) has Id (USART2_TX) currently not set
2025-04-09 20:26:32,342 [INFO] ImportTextPane:205 - (OptionalMessage_ERROR) IP (DMA) : Parameter (PeriphInc) has Id (USART2_TX) currently not set
2025-04-09 20:26:32,342 [INFO] ImportTextPane:205 - (OptionalMessage_ERROR) IP (DMA) : Parameter (MemInc) has Id (USART2_TX) currently not set
2025-04-09 20:26:32,342 [INFO] ImportTextPane:205 - (OptionalMessage_ERROR) IP (DMA) : Parameter (PeriphDataAlignment) has Id (USART2_TX) currently not set
2025-04-09 20:26:32,342 [INFO] ImportTextPane:205 - (OptionalMessage_ERROR) IP (DMA) : Parameter (MemDataAlignment) has Id (USART2_TX) currently not set
2025-04-09 20:26:32,342 [INFO] ImportTextPane:205 - (OptionalMessage_ERROR) IP (DMA) : Parameter (Mode) has Id (USART2_TX) currently not set
2025-04-09 20:26:32,342 [INFO] ImportTextPane:205 - (OptionalMessage_ERROR) IP (DMA) : Parameter (Priority) has Id (USART2_TX) currently not set
2025-04-09 20:26:32,342 [INFO] ImportTextPane:205 - (OptionalMessage_ERROR) IP (DMA) : Parameter (FIFOMode) has Id (USART2_TX) currently not set
2025-04-09 20:26:32,342 [INFO] ImportTextPane:205 - (OptionalMessage_ERROR) IP (DMA) : Parameter (SignalID) has Id (USART2_TX) currently not set
2025-04-09 20:26:32,342 [INFO] ImportTextPane:205 - (OptionalMessage_ERROR) IP (DMA) : Parameter (Polarity) has Id (USART2_TX) currently not set
2025-04-09 20:26:32,342 [INFO] ImportTextPane:205 - (OptionalMessage_ERROR) IP (DMA) : Parameter (RequestNumber) has Id (USART2_TX) currently not set
2025-04-09 20:26:32,342 [INFO] ImportTextPane:205 - (OptionalMessage_ERROR) IP (DMA) : Parameter (SyncSignalID) has Id (USART2_TX) currently not set
2025-04-09 20:26:32,342 [INFO] ImportTextPane:205 - (OptionalMessage_ERROR) IP (DMA) : Parameter (SyncPolarity) has Id (USART2_TX) currently not set
2025-04-09 20:26:32,342 [INFO] ImportTextPane:205 - (OptionalMessage_ERROR) IP (DMA) : Parameter (SyncEnable) has Id (USART2_TX) currently not set
2025-04-09 20:26:32,342 [INFO] ImportTextPane:205 - (OptionalMessage_ERROR) IP (DMA) : Parameter (EventEnable) has Id (USART2_TX) currently not set
2025-04-09 20:26:32,342 [INFO] ImportTextPane:205 - (OptionalMessage_ERROR) IP (DMA) : Parameter (SyncRequestNumber) has Id (USART2_TX) currently not set
2025-04-09 20:26:32,342 [INFO] ImportTextPane:205 - (OptionalMessage_ERROR) IP (DMA) : Parameter (Instance) has Id (USART1_TX) currently not set
2025-04-09 20:26:32,343 [INFO] ImportTextPane:205 - (OptionalMessage_ERROR) IP (DMA) : Parameter (Request) has Id (USART1_TX) currently not set
2025-04-09 20:26:32,343 [INFO] ImportTextPane:205 - (OptionalMessage_ERROR) IP (DMA) : Parameter (Direction) has Id (USART1_TX) currently not set
2025-04-09 20:26:32,343 [INFO] ImportTextPane:205 - (OptionalMessage_ERROR) IP (DMA) : Parameter (PeriphInc) has Id (USART1_TX) currently not set
2025-04-09 20:26:32,343 [INFO] ImportTextPane:205 - (OptionalMessage_ERROR) IP (DMA) : Parameter (MemInc) has Id (USART1_TX) currently not set
2025-04-09 20:26:32,343 [INFO] ImportTextPane:205 - (OptionalMessage_ERROR) IP (DMA) : Parameter (PeriphDataAlignment) has Id (USART1_TX) currently not set
2025-04-09 20:26:32,343 [INFO] ImportTextPane:205 - (OptionalMessage_ERROR) IP (DMA) : Parameter (MemDataAlignment) has Id (USART1_TX) currently not set
2025-04-09 20:26:32,343 [INFO] ImportTextPane:205 - (OptionalMessage_ERROR) IP (DMA) : Parameter (Mode) has Id (USART1_TX) currently not set
2025-04-09 20:26:32,343 [INFO] ImportTextPane:205 - (OptionalMessage_ERROR) IP (DMA) : Parameter (Priority) has Id (USART1_TX) currently not set
2025-04-09 20:26:32,343 [INFO] ImportTextPane:205 - (OptionalMessage_ERROR) IP (DMA) : Parameter (FIFOMode) has Id (USART1_TX) currently not set
2025-04-09 20:26:32,343 [INFO] ImportTextPane:205 - (OptionalMessage_ERROR) IP (DMA) : Parameter (SignalID) has Id (USART1_TX) currently not set
2025-04-09 20:26:32,343 [INFO] ImportTextPane:205 - (OptionalMessage_ERROR) IP (DMA) : Parameter (Polarity) has Id (USART1_TX) currently not set
2025-04-09 20:26:32,343 [INFO] ImportTextPane:205 - (OptionalMessage_ERROR) IP (DMA) : Parameter (RequestNumber) has Id (USART1_TX) currently not set
2025-04-09 20:26:32,343 [INFO] ImportTextPane:205 - (OptionalMessage_ERROR) IP (DMA) : Parameter (SyncSignalID) has Id (USART1_TX) currently not set
2025-04-09 20:26:32,343 [INFO] ImportTextPane:205 - (OptionalMessage_ERROR) IP (DMA) : Parameter (SyncPolarity) has Id (USART1_TX) currently not set
2025-04-09 20:26:32,343 [INFO] ImportTextPane:205 - (OptionalMessage_ERROR) IP (DMA) : Parameter (SyncEnable) has Id (USART1_TX) currently not set
2025-04-09 20:26:32,343 [INFO] ImportTextPane:205 - (OptionalMessage_ERROR) IP (DMA) : Parameter (EventEnable) has Id (USART1_TX) currently not set
2025-04-09 20:26:32,343 [INFO] ImportTextPane:205 - (OptionalMessage_ERROR) IP (DMA) : Parameter (SyncRequestNumber) has Id (USART1_TX) currently not set
2025-04-09 20:26:32,343 [INFO] ImportTextPane:205 - (OptionalMessage_ERROR) IP (DMA) : Parameter (Instance) has Id (USART1_RX) currently not set
2025-04-09 20:26:32,343 [INFO] ImportTextPane:205 - (OptionalMessage_ERROR) IP (DMA) : Parameter (Request) has Id (USART1_RX) currently not set
2025-04-09 20:26:32,343 [INFO] ImportTextPane:205 - (OptionalMessage_ERROR) IP (DMA) : Parameter (Direction) has Id (USART1_RX) currently not set
2025-04-09 20:26:32,343 [INFO] ImportTextPane:205 - (OptionalMessage_ERROR) IP (DMA) : Parameter (PeriphInc) has Id (USART1_RX) currently not set
2025-04-09 20:26:32,343 [INFO] ImportTextPane:205 - (OptionalMessage_ERROR) IP (DMA) : Parameter (MemInc) has Id (USART1_RX) currently not set
2025-04-09 20:26:32,343 [INFO] ImportTextPane:205 - (OptionalMessage_ERROR) IP (DMA) : Parameter (PeriphDataAlignment) has Id (USART1_RX) currently not set
2025-04-09 20:26:32,344 [INFO] ImportTextPane:205 - (OptionalMessage_ERROR) IP (DMA) : Parameter (MemDataAlignment) has Id (USART1_RX) currently not set
2025-04-09 20:26:32,344 [INFO] ImportTextPane:205 - (OptionalMessage_ERROR) IP (DMA) : Parameter (Mode) has Id (USART1_RX) currently not set
2025-04-09 20:26:32,344 [INFO] ImportTextPane:205 - (OptionalMessage_ERROR) IP (DMA) : Parameter (Priority) has Id (USART1_RX) currently not set
2025-04-09 20:26:32,344 [INFO] ImportTextPane:205 - (OptionalMessage_ERROR) IP (DMA) : Parameter (FIFOMode) has Id (USART1_RX) currently not set
2025-04-09 20:26:32,344 [INFO] ImportTextPane:205 - (OptionalMessage_ERROR) IP (DMA) : Parameter (SignalID) has Id (USART1_RX) currently not set
2025-04-09 20:26:32,344 [INFO] ImportTextPane:205 - (OptionalMessage_ERROR) IP (DMA) : Parameter (Polarity) has Id (USART1_RX) currently not set
2025-04-09 20:26:32,344 [INFO] ImportTextPane:205 - (OptionalMessage_ERROR) IP (DMA) : Parameter (RequestNumber) has Id (USART1_RX) currently not set
2025-04-09 20:26:32,344 [INFO] ImportTextPane:205 - (OptionalMessage_ERROR) IP (DMA) : Parameter (SyncSignalID) has Id (USART1_RX) currently not set
2025-04-09 20:26:32,344 [INFO] ImportTextPane:205 - (OptionalMessage_ERROR) IP (DMA) : Parameter (SyncPolarity) has Id (USART1_RX) currently not set
2025-04-09 20:26:32,344 [INFO] ImportTextPane:205 - (OptionalMessage_ERROR) IP (DMA) : Parameter (SyncEnable) has Id (USART1_RX) currently not set
2025-04-09 20:26:32,344 [INFO] ImportTextPane:205 - (OptionalMessage_ERROR) IP (DMA) : Parameter (EventEnable) has Id (USART1_RX) currently not set
2025-04-09 20:26:32,344 [INFO] ImportTextPane:205 - (OptionalMessage_ERROR) IP (DMA) : Parameter (SyncRequestNumber) has Id (USART1_RX) currently not set
2025-04-09 20:26:32,344 [INFO] ImportTextPane:205 - (OptionalMessage_ERROR) IP (DMA) : Parameter (Instance) has Id (USART2_RX) currently not set
2025-04-09 20:26:32,344 [INFO] ImportTextPane:205 - (OptionalMessage_ERROR) IP (DMA) : Parameter (Request) has Id (USART2_RX) currently not set
2025-04-09 20:26:32,344 [INFO] ImportTextPane:205 - (OptionalMessage_ERROR) IP (DMA) : Parameter (Direction) has Id (USART2_RX) currently not set
2025-04-09 20:26:32,344 [INFO] ImportTextPane:205 - (OptionalMessage_ERROR) IP (DMA) : Parameter (PeriphInc) has Id (USART2_RX) currently not set
2025-04-09 20:26:32,344 [INFO] ImportTextPane:205 - (OptionalMessage_ERROR) IP (DMA) : Parameter (MemInc) has Id (USART2_RX) currently not set
2025-04-09 20:26:32,344 [INFO] ImportTextPane:205 - (OptionalMessage_ERROR) IP (DMA) : Parameter (PeriphDataAlignment) has Id (USART2_RX) currently not set
2025-04-09 20:26:32,344 [INFO] ImportTextPane:205 - (OptionalMessage_ERROR) IP (DMA) : Parameter (MemDataAlignment) has Id (USART2_RX) currently not set
2025-04-09 20:26:32,344 [INFO] ImportTextPane:205 - (OptionalMessage_ERROR) IP (DMA) : Parameter (Mode) has Id (USART2_RX) currently not set
2025-04-09 20:26:32,344 [INFO] ImportTextPane:205 - (OptionalMessage_ERROR) IP (DMA) : Parameter (Priority) has Id (USART2_RX) currently not set
2025-04-09 20:26:32,344 [INFO] ImportTextPane:205 - (OptionalMessage_ERROR) IP (DMA) : Parameter (FIFOMode) has Id (USART2_RX) currently not set
2025-04-09 20:26:32,344 [INFO] ImportTextPane:205 - (OptionalMessage_ERROR) IP (DMA) : Parameter (SignalID) has Id (USART2_RX) currently not set
2025-04-09 20:26:32,344 [INFO] ImportTextPane:205 - (OptionalMessage_ERROR) IP (DMA) : Parameter (Polarity) has Id (USART2_RX) currently not set
2025-04-09 20:26:32,345 [INFO] ImportTextPane:205 - (OptionalMessage_ERROR) IP (DMA) : Parameter (RequestNumber) has Id (USART2_RX) currently not set
2025-04-09 20:26:32,345 [INFO] ImportTextPane:205 - (OptionalMessage_ERROR) IP (DMA) : Parameter (SyncSignalID) has Id (USART2_RX) currently not set
2025-04-09 20:26:32,345 [INFO] ImportTextPane:205 - (OptionalMessage_ERROR) IP (DMA) : Parameter (SyncPolarity) has Id (USART2_RX) currently not set
2025-04-09 20:26:32,345 [INFO] ImportTextPane:205 - (OptionalMessage_ERROR) IP (DMA) : Parameter (SyncEnable) has Id (USART2_RX) currently not set
2025-04-09 20:26:32,345 [INFO] ImportTextPane:205 - (OptionalMessage_ERROR) IP (DMA) : Parameter (EventEnable) has Id (USART2_RX) currently not set
2025-04-09 20:26:32,345 [INFO] ImportTextPane:205 - (OptionalMessage_ERROR) IP (DMA) : Parameter (SyncRequestNumber) has Id (USART2_RX) currently not set
2025-04-09 20:26:32,345 [INFO] ImportTextPane:205 - (OptionalMessage_ERROR) IP (DMA) : Parameter (Instance) has Id (USART3_RX) currently not set
2025-04-09 20:26:32,345 [INFO] ImportTextPane:205 - (OptionalMessage_ERROR) IP (DMA) : Parameter (Request) has Id (USART3_RX) currently not set
2025-04-09 20:26:32,345 [INFO] ImportTextPane:205 - (OptionalMessage_ERROR) IP (DMA) : Parameter (Direction) has Id (USART3_RX) currently not set
2025-04-09 20:26:32,345 [INFO] ImportTextPane:205 - (OptionalMessage_ERROR) IP (DMA) : Parameter (PeriphInc) has Id (USART3_RX) currently not set
2025-04-09 20:26:32,345 [INFO] ImportTextPane:205 - (OptionalMessage_ERROR) IP (DMA) : Parameter (MemInc) has Id (USART3_RX) currently not set
2025-04-09 20:26:32,345 [INFO] ImportTextPane:205 - (OptionalMessage_ERROR) IP (DMA) : Parameter (PeriphDataAlignment) has Id (USART3_RX) currently not set
2025-04-09 20:26:32,345 [INFO] ImportTextPane:205 - (OptionalMessage_ERROR) IP (DMA) : Parameter (MemDataAlignment) has Id (USART3_RX) currently not set
2025-04-09 20:26:32,345 [INFO] ImportTextPane:205 - (OptionalMessage_ERROR) IP (DMA) : Parameter (Mode) has Id (USART3_RX) currently not set
2025-04-09 20:26:32,345 [INFO] ImportTextPane:205 - (OptionalMessage_ERROR) IP (DMA) : Parameter (Priority) has Id (USART3_RX) currently not set
2025-04-09 20:26:32,345 [INFO] ImportTextPane:205 - (OptionalMessage_ERROR) IP (DMA) : Parameter (FIFOMode) has Id (USART3_RX) currently not set
2025-04-09 20:26:32,345 [INFO] ImportTextPane:205 - (OptionalMessage_ERROR) IP (DMA) : Parameter (SignalID) has Id (USART3_RX) currently not set
2025-04-09 20:26:32,345 [INFO] ImportTextPane:205 - (OptionalMessage_ERROR) IP (DMA) : Parameter (Polarity) has Id (USART3_RX) currently not set
2025-04-09 20:26:32,345 [INFO] ImportTextPane:205 - (OptionalMessage_ERROR) IP (DMA) : Parameter (RequestNumber) has Id (USART3_RX) currently not set
2025-04-09 20:26:32,345 [INFO] ImportTextPane:205 - (OptionalMessage_ERROR) IP (DMA) : Parameter (SyncSignalID) has Id (USART3_RX) currently not set
2025-04-09 20:26:32,345 [INFO] ImportTextPane:205 - (OptionalMessage_ERROR) IP (DMA) : Parameter (SyncPolarity) has Id (USART3_RX) currently not set
2025-04-09 20:26:32,345 [INFO] ImportTextPane:205 - (OptionalMessage_ERROR) IP (DMA) : Parameter (SyncEnable) has Id (USART3_RX) currently not set
2025-04-09 20:26:32,345 [INFO] ImportTextPane:205 - (OptionalMessage_ERROR) IP (DMA) : Parameter (EventEnable) has Id (USART3_RX) currently not set
2025-04-09 20:26:32,345 [INFO] ImportTextPane:205 - (OptionalMessage_ERROR) IP (DMA) : Parameter (SyncRequestNumber) has Id (USART3_RX) currently not set
2025-04-09 20:26:32,345 [INFO] ImportTextPane:205 - (OptionalMessage_ERROR) IP (DMA) : Parameter (Instance) has Id (ADC1) currently not set
2025-04-09 20:26:32,345 [INFO] ImportTextPane:205 - (OptionalMessage_ERROR) IP (DMA) : Parameter (Request) has Id (ADC1) currently not set
2025-04-09 20:26:32,345 [INFO] ImportTextPane:205 - (OptionalMessage_ERROR) IP (DMA) : Parameter (Direction) has Id (ADC1) currently not set
2025-04-09 20:26:32,345 [INFO] ImportTextPane:205 - (OptionalMessage_ERROR) IP (DMA) : Parameter (PeriphInc) has Id (ADC1) currently not set
2025-04-09 20:26:32,345 [INFO] ImportTextPane:205 - (OptionalMessage_ERROR) IP (DMA) : Parameter (MemInc) has Id (ADC1) currently not set
2025-04-09 20:26:32,345 [INFO] ImportTextPane:205 - (OptionalMessage_ERROR) IP (DMA) : Parameter (PeriphDataAlignment) has Id (ADC1) currently not set
2025-04-09 20:26:32,345 [INFO] ImportTextPane:205 - (OptionalMessage_ERROR) IP (DMA) : Parameter (MemDataAlignment) has Id (ADC1) currently not set
2025-04-09 20:26:32,345 [INFO] ImportTextPane:205 - (OptionalMessage_ERROR) IP (DMA) : Parameter (Mode) has Id (ADC1) currently not set
2025-04-09 20:26:32,345 [INFO] ImportTextPane:205 - (OptionalMessage_ERROR) IP (DMA) : Parameter (Priority) has Id (ADC1) currently not set
2025-04-09 20:26:32,346 [INFO] ImportTextPane:205 - (OptionalMessage_ERROR) IP (DMA) : Parameter (FIFOMode) has Id (ADC1) currently not set
2025-04-09 20:26:32,346 [INFO] ImportTextPane:205 - (OptionalMessage_ERROR) IP (DMA) : Parameter (SignalID) has Id (ADC1) currently not set
2025-04-09 20:26:32,346 [INFO] ImportTextPane:205 - (OptionalMessage_ERROR) IP (DMA) : Parameter (Polarity) has Id (ADC1) currently not set
2025-04-09 20:26:32,346 [INFO] ImportTextPane:205 - (OptionalMessage_ERROR) IP (DMA) : Parameter (RequestNumber) has Id (ADC1) currently not set
2025-04-09 20:26:32,346 [INFO] ImportTextPane:205 - (OptionalMessage_ERROR) IP (DMA) : Parameter (SyncSignalID) has Id (ADC1) currently not set
2025-04-09 20:26:32,346 [INFO] ImportTextPane:205 - (OptionalMessage_ERROR) IP (DMA) : Parameter (SyncPolarity) has Id (ADC1) currently not set
2025-04-09 20:26:32,346 [INFO] ImportTextPane:205 - (OptionalMessage_ERROR) IP (DMA) : Parameter (SyncEnable) has Id (ADC1) currently not set
2025-04-09 20:26:32,346 [INFO] ImportTextPane:205 - (OptionalMessage_ERROR) IP (DMA) : Parameter (EventEnable) has Id (ADC1) currently not set
2025-04-09 20:26:32,346 [INFO] ImportTextPane:205 - (OptionalMessage_ERROR) IP (DMA) : Parameter (SyncRequestNumber) has Id (ADC1) currently not set
2025-04-09 20:26:32,346 [INFO] ImportTextPane:205 - (OptionalMessage_ERROR) IP (DMA) : Parameter (Instance) has Id (ADC2) currently not set
2025-04-09 20:26:32,346 [INFO] ImportTextPane:205 - (OptionalMessage_ERROR) IP (DMA) : Parameter (Request) has Id (ADC2) currently not set
2025-04-09 20:26:32,346 [INFO] ImportTextPane:205 - (OptionalMessage_ERROR) IP (DMA) : Parameter (Direction) has Id (ADC2) currently not set
2025-04-09 20:26:32,346 [INFO] ImportTextPane:205 - (OptionalMessage_ERROR) IP (DMA) : Parameter (PeriphInc) has Id (ADC2) currently not set
2025-04-09 20:26:32,346 [INFO] ImportTextPane:205 - (OptionalMessage_ERROR) IP (DMA) : Parameter (MemInc) has Id (ADC2) currently not set
2025-04-09 20:26:32,346 [INFO] ImportTextPane:205 - (OptionalMessage_ERROR) IP (DMA) : Parameter (PeriphDataAlignment) has Id (ADC2) currently not set
2025-04-09 20:26:32,346 [INFO] ImportTextPane:205 - (OptionalMessage_ERROR) IP (DMA) : Parameter (MemDataAlignment) has Id (ADC2) currently not set
2025-04-09 20:26:32,346 [INFO] ImportTextPane:205 - (OptionalMessage_ERROR) IP (DMA) : Parameter (Mode) has Id (ADC2) currently not set
2025-04-09 20:26:32,346 [INFO] ImportTextPane:205 - (OptionalMessage_ERROR) IP (DMA) : Parameter (Priority) has Id (ADC2) currently not set
2025-04-09 20:26:32,346 [INFO] ImportTextPane:205 - (OptionalMessage_ERROR) IP (DMA) : Parameter (FIFOMode) has Id (ADC2) currently not set
2025-04-09 20:26:32,346 [INFO] ImportTextPane:205 - (OptionalMessage_ERROR) IP (DMA) : Parameter (SignalID) has Id (ADC2) currently not set
2025-04-09 20:26:32,346 [INFO] ImportTextPane:205 - (OptionalMessage_ERROR) IP (DMA) : Parameter (Polarity) has Id (ADC2) currently not set
2025-04-09 20:26:32,346 [INFO] ImportTextPane:205 - (OptionalMessage_ERROR) IP (DMA) : Parameter (RequestNumber) has Id (ADC2) currently not set
2025-04-09 20:26:32,346 [INFO] ImportTextPane:205 - (OptionalMessage_ERROR) IP (DMA) : Parameter (SyncSignalID) has Id (ADC2) currently not set
2025-04-09 20:26:32,346 [INFO] ImportTextPane:205 - (OptionalMessage_ERROR) IP (DMA) : Parameter (SyncPolarity) has Id (ADC2) currently not set
2025-04-09 20:26:32,346 [INFO] ImportTextPane:205 - (OptionalMessage_ERROR) IP (DMA) : Parameter (SyncEnable) has Id (ADC2) currently not set
2025-04-09 20:26:32,346 [INFO] ImportTextPane:205 - (OptionalMessage_ERROR) IP (DMA) : Parameter (EventEnable) has Id (ADC2) currently not set
2025-04-09 20:26:32,346 [INFO] ImportTextPane:205 - (OptionalMessage_ERROR) IP (DMA) : Parameter (SyncRequestNumber) has Id (ADC2) currently not set
2025-04-09 20:26:32,346 [INFO] ImportTextPane:205 - (OptionalMessage_ERROR) IP (DMA) : Parameter (Instance) has Id (UART8_RX) currently not set
2025-04-09 20:26:32,346 [INFO] ImportTextPane:205 - (OptionalMessage_ERROR) IP (DMA) : Parameter (Request) has Id (UART8_RX) currently not set
2025-04-09 20:26:32,346 [INFO] ImportTextPane:205 - (OptionalMessage_ERROR) IP (DMA) : Parameter (Direction) has Id (UART8_RX) currently not set
2025-04-09 20:26:32,347 [INFO] ImportTextPane:205 - (OptionalMessage_ERROR) IP (DMA) : Parameter (PeriphInc) has Id (UART8_RX) currently not set
2025-04-09 20:26:32,347 [INFO] ImportTextPane:205 - (OptionalMessage_ERROR) IP (DMA) : Parameter (MemInc) has Id (UART8_RX) currently not set
2025-04-09 20:26:32,347 [INFO] ImportTextPane:205 - (OptionalMessage_ERROR) IP (DMA) : Parameter (PeriphDataAlignment) has Id (UART8_RX) currently not set
2025-04-09 20:26:32,347 [INFO] ImportTextPane:205 - (OptionalMessage_ERROR) IP (DMA) : Parameter (MemDataAlignment) has Id (UART8_RX) currently not set
2025-04-09 20:26:32,347 [INFO] ImportTextPane:205 - (OptionalMessage_ERROR) IP (DMA) : Parameter (Mode) has Id (UART8_RX) currently not set
2025-04-09 20:26:32,347 [INFO] ImportTextPane:205 - (OptionalMessage_ERROR) IP (DMA) : Parameter (Priority) has Id (UART8_RX) currently not set
2025-04-09 20:26:32,347 [INFO] ImportTextPane:205 - (OptionalMessage_ERROR) IP (DMA) : Parameter (FIFOMode) has Id (UART8_RX) currently not set
2025-04-09 20:26:32,347 [INFO] ImportTextPane:205 - (OptionalMessage_ERROR) IP (DMA) : Parameter (SignalID) has Id (UART8_RX) currently not set
2025-04-09 20:26:32,347 [INFO] ImportTextPane:205 - (OptionalMessage_ERROR) IP (DMA) : Parameter (Polarity) has Id (UART8_RX) currently not set
2025-04-09 20:26:32,347 [INFO] ImportTextPane:205 - (OptionalMessage_ERROR) IP (DMA) : Parameter (RequestNumber) has Id (UART8_RX) currently not set
2025-04-09 20:26:32,347 [INFO] ImportTextPane:205 - (OptionalMessage_ERROR) IP (DMA) : Parameter (SyncSignalID) has Id (UART8_RX) currently not set
2025-04-09 20:26:32,347 [INFO] ImportTextPane:205 - (OptionalMessage_ERROR) IP (DMA) : Parameter (SyncPolarity) has Id (UART8_RX) currently not set
2025-04-09 20:26:32,347 [INFO] ImportTextPane:205 - (OptionalMessage_ERROR) IP (DMA) : Parameter (SyncEnable) has Id (UART8_RX) currently not set
2025-04-09 20:26:32,347 [INFO] ImportTextPane:205 - (OptionalMessage_ERROR) IP (DMA) : Parameter (EventEnable) has Id (UART8_RX) currently not set
2025-04-09 20:26:32,347 [INFO] ImportTextPane:205 - (OptionalMessage_ERROR) IP (DMA) : Parameter (SyncRequestNumber) has Id (UART8_RX) currently not set
2025-04-09 20:26:32,350 [WARN] IP:2191 - ClockDivider not found: check if there is a RefParameter without a condition.
2025-04-09 20:26:32,350 [WARN] IP:2191 - ClockDividerCCU not found: check if there is a RefParameter without a condition.
2025-04-09 20:26:32,350 [WARN] IP:2191 - MinOscClkPeriodsCCU not found: check if there is a RefParameter without a condition.
2025-04-09 20:26:32,350 [WARN] IP:2191 - TimeQuantaPerBitTimeCCU not found: check if there is a RefParameter without a condition.
2025-04-09 20:26:32,350 [WARN] IP:2191 - WatchdogStartValueCCU not found: check if there is a RefParameter without a condition.
2025-04-09 20:26:32,351 [WARN] IP:2191 - ClockDivider not found: check if there is a RefParameter without a condition.
2025-04-09 20:26:32,351 [WARN] IP:2191 - ClockDividerCCU not found: check if there is a RefParameter without a condition.
2025-04-09 20:26:32,351 [WARN] IP:2191 - MinOscClkPeriodsCCU not found: check if there is a RefParameter without a condition.
2025-04-09 20:26:32,352 [WARN] IP:2191 - TimeQuantaPerBitTimeCCU not found: check if there is a RefParameter without a condition.
2025-04-09 20:26:32,352 [WARN] IP:2191 - WatchdogStartValueCCU not found: check if there is a RefParameter without a condition.
2025-04-09 20:26:32,352 [WARN] IP:2191 - ClockDivider not found: check if there is a RefParameter without a condition.
2025-04-09 20:26:32,352 [WARN] IP:2191 - ClockDividerCCU not found: check if there is a RefParameter without a condition.
2025-04-09 20:26:32,352 [WARN] IP:2191 - MinOscClkPeriodsCCU not found: check if there is a RefParameter without a condition.
2025-04-09 20:26:32,352 [WARN] IP:2191 - TimeQuantaPerBitTimeCCU not found: check if there is a RefParameter without a condition.
2025-04-09 20:26:32,352 [WARN] IP:2191 - WatchdogStartValueCCU not found: check if there is a RefParameter without a condition.
2025-04-09 20:26:32,362 [WARN] IP:2191 - DefaultDataRegion not found: check if there is a RefParameter without a condition.
2025-04-09 20:26:32,362 [ERROR] HwResourcesManager:1531 - Cannot find MPC for the given IP: FLASH
2025-04-09 20:26:32,362 [ERROR] HwResourcesManager:1531 - Cannot find MPC for the given IP: FLASH
2025-04-09 20:26:32,362 [ERROR] HwResourcesManager:1531 - Cannot find MPC for the given IP: FLASH
2025-04-09 20:26:32,362 [ERROR] HwResourcesManager:1531 - Cannot find MPC for the given IP: FLASH
2025-04-09 20:26:32,364 [WARN] IP:2191 - SelfCalibration not found: check if there is a RefParameter without a condition.
2025-04-09 20:26:32,365 [WARN] IP:2191 - SelfCalibration not found: check if there is a RefParameter without a condition.
2025-04-09 20:26:32,370 [INFO] ImportTextPane:205 - (OptionalMessage_ERROR) IP (RCC) : Invalid parameter (FamilyName)
2025-04-09 20:26:32,375 [INFO] ImportTextPane:205 - (OptionalMessage_ERROR) IP (RCC) : Parameter (PLL2_VCI_Range) has Id (AdvancedSettings) currently not set
2025-04-09 20:26:32,376 [INFO] ImportTextPane:205 - (OptionalMessage_ERROR) IP (RCC) : Parameter (PLL2_VCO_SEL) has Id (AdvancedSettings) currently not set
2025-04-09 20:26:32,376 [INFO] ImportTextPane:205 - (OptionalMessage_ERROR) IP (RCC) : Parameter (USBFreq_Value) has invalid value (128000000)
2025-04-09 20:26:32,450 [ERROR] HwResourcesManager:1531 - Cannot find MPC for the given IP: FLASH
2025-04-09 20:26:32,452 [ERROR] HwResourcesManager:1531 - Cannot find MPC for the given IP: FLASH
2025-04-09 20:26:32,459 [ERROR] HwResourcesManager:1531 - Cannot find MPC for the given IP: FLASH
2025-04-09 20:26:32,472 [ERROR] HwResourcesManager:1531 - Cannot find MPC for the given IP: FLASH
2025-04-09 20:26:32,474 [ERROR] HwResourcesManager:1531 - Cannot find MPC for the given IP: FLASH
2025-04-09 20:26:32,482 [ERROR] HwResourcesManager:1531 - Cannot find MPC for the given IP: FLASH
2025-04-09 20:26:33,083 [INFO] UtilMem:75 - End LoadConfig() Used Memory: 742489064 Bytes (1073741824)
2025-04-09 20:26:33,442 [WARN] ThirdParty:833 - waiting for thirdparty lock release [change project]
2025-04-09 20:26:33,442 [INFO] ThirdParty:835 - entering critical section [change project]
2025-04-09 20:26:33,442 [INFO] ThirdParty:1030 - CMSIS Pack Vendor :STMicroelectronics USBPD 4.1
2025-04-09 20:26:33,442 [INFO] ThirdParty:1030 - CMSIS Pack Vendor :STMicroelectronics X-CUBE-GNSS1 6.0.0
2025-04-09 20:26:33,442 [INFO] ThirdParty:1030 - CMSIS Pack Vendor :STMicroelectronics USB_HOST 2.0.0
2025-04-09 20:26:33,442 [INFO] ThirdParty:1030 - CMSIS Pack Vendor :STMicroelectronics FP-SNS-MOTENVWB1 1.4.0
2025-04-09 20:26:33,442 [INFO] ThirdParty:1030 - CMSIS Pack Vendor :STMicroelectronics X-CUBE-AZRTOS-F4 1.1.0
2025-04-09 20:26:33,442 [INFO] ThirdParty:1030 - CMSIS Pack Vendor :STMicroelectronics LIBJPEG 8.0.0
2025-04-09 20:26:33,442 [INFO] ThirdParty:1030 - CMSIS Pack Vendor :STMicroelectronics FP-ATR-ASTRA1 2.0.2
2025-04-09 20:26:33,442 [INFO] ThirdParty:1030 - CMSIS Pack Vendor :STMicroelectronics FP-ATR-ASTRA1 2.0.1
2025-04-09 20:26:33,442 [INFO] ThirdParty:1030 - CMSIS Pack Vendor :STMicroelectronics X-CUBE-SMBUS 2.1.0
2025-04-09 20:26:33,442 [INFO] ThirdParty:1030 - CMSIS Pack Vendor :STMicroelectronics X-CUBE-WB05N 1.1.0
2025-04-09 20:26:33,442 [INFO] ThirdParty:1030 - CMSIS Pack Vendor :STMicroelectronics X-CUBE-ISPU 2.1.0
2025-04-09 20:26:33,442 [INFO] ThirdParty:1030 - CMSIS Pack Vendor :STMicroelectronics X-CUBE-FREERTOS 1.2.0
2025-04-09 20:26:33,442 [INFO] ThirdParty:1030 - CMSIS Pack Vendor :wolfSSL I-CUBE-wolfSSL 5.6.6
2025-04-09 20:26:33,442 [INFO] ThirdParty:1030 - CMSIS Pack Vendor :STMicroelectronics X-CUBE-TOUCHGFX 4.23.1
2025-04-09 20:26:33,442 [INFO] ThirdParty:1030 - CMSIS Pack Vendor :STMicroelectronics X-CUBE-TOUCHGFX 4.23.0
2025-04-09 20:26:33,442 [INFO] ThirdParty:1030 - CMSIS Pack Vendor :STMicroelectronics X-CUBE-TOUCHGFX 4.23.2
2025-04-09 20:26:33,442 [INFO] ThirdParty:1030 - CMSIS Pack Vendor :STMicroelectronics X-CUBE-AZRTOS-F7 1.1.0
2025-04-09 20:26:33,442 [INFO] ThirdParty:1030 - CMSIS Pack Vendor :STMicroelectronics X-CUBE-AZRTOS-L5 2.0.0
2025-04-09 20:26:33,442 [INFO] ThirdParty:1030 - CMSIS Pack Vendor :STMicroelectronics USB_DEVICE 2.0.0
2025-04-09 20:26:33,442 [INFO] ThirdParty:1030 - CMSIS Pack Vendor :STMicroelectronics X-CUBE-NFC6 3.1.0
2025-04-09 20:26:33,442 [INFO] ThirdParty:1030 - CMSIS Pack Vendor :ITTIA_DB I-CUBE-ITTIADB 8.8.0
2025-04-09 20:26:33,443 [INFO] ThirdParty:1030 - CMSIS Pack Vendor :STMicroelectronics FP-SNS-MOTENV1 4.3.2
2025-04-09 20:26:33,443 [INFO] ThirdParty:1030 - CMSIS Pack Vendor :STMicroelectronics X-CUBE-MEMS1 11.0.0
2025-04-09 20:26:33,443 [INFO] ThirdParty:1030 - CMSIS Pack Vendor :STMicroelectronics FreeRTOS 0.0.1
2025-04-09 20:26:33,443 [INFO] ThirdParty:1030 - CMSIS Pack Vendor :STMicroelectronics X-CUBE-DPower 1.2.0
2025-04-09 20:26:33,443 [INFO] ThirdParty:1030 - CMSIS Pack Vendor :STMicroelectronics FP-SNS-FLIGHT1 5.0.2
2025-04-09 20:26:33,443 [INFO] ThirdParty:1030 - CMSIS Pack Vendor :STMicroelectronics X-CUBE-AI 9.0.0
2025-04-09 20:26:33,443 [INFO] ThirdParty:1030 - CMSIS Pack Vendor :STMicroelectronics PDM2PCM 3.3.0
2025-04-09 20:26:33,443 [INFO] ThirdParty:1030 - CMSIS Pack Vendor :STMicroelectronics X-CUBE-DISPLAY 3.0.0
2025-04-09 20:26:33,443 [INFO] ThirdParty:1030 - CMSIS Pack Vendor :STMicroelectronics X-CUBE-BLE1 7.0.0
2025-04-09 20:26:33,443 [INFO] ThirdParty:1030 - CMSIS Pack Vendor :STMicroelectronics X-CUBE-NFC10 1.0.0
2025-04-09 20:26:33,443 [INFO] ThirdParty:1030 - CMSIS Pack Vendor :STMicroelectronics X-CUBE-BLEMGR 4.0.0
2025-04-09 20:26:33,443 [INFO] ThirdParty:1030 - CMSIS Pack Vendor :STMicroelectronics HAL Drivers 0.0.0
2025-04-09 20:26:33,443 [INFO] ThirdParty:1030 - CMSIS Pack Vendor :emotas I-CUBE-CANOPEN 1.3.0
2025-04-09 20:26:33,443 [INFO] ThirdParty:1030 - CMSIS Pack Vendor :STMicroelectronics X-CUBE-FREERTOS 1.3.0
2025-04-09 20:26:33,443 [INFO] ThirdParty:1030 - CMSIS Pack Vendor :STMicroelectronics X-CUBE-NFC7 1.0.1
2025-04-09 20:26:33,443 [INFO] ThirdParty:1030 - CMSIS Pack Vendor :STMicroelectronics MBEDTLS 2.14.1
2025-04-09 20:26:33,443 [INFO] ThirdParty:1030 - CMSIS Pack Vendor :wolfSSL I-CUBE-wolfTPM 3.2.0
2025-04-09 20:26:33,443 [INFO] ThirdParty:1030 - CMSIS Pack Vendor :STMicroelectronics X-CUBE-NFC6 3.0.0
2025-04-09 20:26:33,443 [INFO] ThirdParty:1030 - CMSIS Pack Vendor :STMicroelectronics X-CUBE-BLEMGR 3.1.0
2025-04-09 20:26:33,443 [INFO] ThirdParty:1030 - CMSIS Pack Vendor :STMicroelectronics X-CUBE-AI 10.0.0
2025-04-09 20:26:33,443 [INFO] ThirdParty:1030 - CMSIS Pack Vendor :STMicroelectronics FP-SNS-SMARTAG2 1.2.0
2025-04-09 20:26:33,443 [INFO] ThirdParty:1030 - CMSIS Pack Vendor :STMicroelectronics X-CUBE-MEMS1 11.1.0
2025-04-09 20:26:33,443 [INFO] ThirdParty:1030 - CMSIS Pack Vendor :STMicroelectronics X-CUBE-AZRTOS-WL 2.0.0
2025-04-09 20:26:33,443 [INFO] ThirdParty:1030 - CMSIS Pack Vendor :STMicroelectronics FP-SNS-MOTENV1 5.0.0
2025-04-09 20:26:33,443 [INFO] ThirdParty:1030 - CMSIS Pack Vendor :STMicroelectronics USB_DEVICE 1.0.0
2025-04-09 20:26:33,443 [INFO] ThirdParty:1030 - CMSIS Pack Vendor :STMicroelectronics X-CUBE-AI 8.1.0
2025-04-09 20:26:33,443 [INFO] ThirdParty:1030 - CMSIS Pack Vendor :wolfSSL I-CUBE-wolfMQTT 1.19.0
2025-04-09 20:26:33,443 [INFO] ThirdParty:1030 - CMSIS Pack Vendor :STMicroelectronics X-CUBE-AZRTOS-L4 2.0.0
2025-04-09 20:26:33,443 [INFO] ThirdParty:1030 - CMSIS Pack Vendor :STMicroelectronics ThreadX 0.0.2
2025-04-09 20:26:33,443 [INFO] ThirdParty:1030 - CMSIS Pack Vendor :WES I-CUBE-Cesium 1.3.0
2025-04-09 20:26:33,443 [INFO] ThirdParty:1030 - CMSIS Pack Vendor :STMicroelectronics lwIP 2.1.2
2025-04-09 20:26:33,443 [INFO] ThirdParty:1030 - CMSIS Pack Vendor :STMicroelectronics X-CUBE-SFXS2LP1 4.0.0
2025-04-09 20:26:33,443 [INFO] ThirdParty:1030 - CMSIS Pack Vendor :STMicroelectronics X-CUBE-BLE2 3.3.0
2025-04-09 20:26:33,443 [INFO] ThirdParty:1030 - CMSIS Pack Vendor :STMicroelectronics PDM2PCM 3.2.0
2025-04-09 20:26:33,443 [INFO] ThirdParty:1030 - CMSIS Pack Vendor :STMicroelectronics X-CUBE-AZRTOS-H7 3.3.0
2025-04-09 20:26:33,443 [INFO] ThirdParty:1030 - CMSIS Pack Vendor :STMicroelectronics X-CUBE-NFC9 1.0.0
2025-04-09 20:26:33,443 [INFO] ThirdParty:1030 - CMSIS Pack Vendor :STMicroelectronics X-CUBE-BLE1 7.1.0
2025-04-09 20:26:33,443 [INFO] ThirdParty:1030 - CMSIS Pack Vendor :STMicroelectronics USB_DEVICE 3.0.0
2025-04-09 20:26:33,443 [INFO] ThirdParty:1030 - CMSIS Pack Vendor :STMicroelectronics X-CUBE-TCPP 4.1.0
2025-04-09 20:26:33,443 [INFO] ThirdParty:1030 - CMSIS Pack Vendor :STMicroelectronics X-CUBE-IPS 3.0.0
2025-04-09 20:26:33,443 [INFO] ThirdParty:1030 - CMSIS Pack Vendor :STMicroelectronics X-CUBE-AZRTOS-WB 2.0.0
2025-04-09 20:26:33,443 [INFO] ThirdParty:1030 - CMSIS Pack Vendor :STMicroelectronics X-CUBE-GNSS1 7.0.0
2025-04-09 20:26:33,443 [INFO] ThirdParty:1030 - CMSIS Pack Vendor :STMicroelectronics X-CUBE-GNSS1 7.0.1
2025-04-09 20:26:33,443 [INFO] ThirdParty:1030 - CMSIS Pack Vendor :STMicroelectronics X-CUBE-TOUCHGFX 4.25.0
2025-04-09 20:26:33,443 [INFO] ThirdParty:1030 - CMSIS Pack Vendor :STMicroelectronics FP-SNS-STBOX1 2.0.0
2025-04-09 20:26:33,443 [INFO] ThirdParty:1030 - CMSIS Pack Vendor :STMicroelectronics X-CUBE-ALGOBUILD 1.3.0
2025-04-09 20:26:33,444 [INFO] ThirdParty:1030 - CMSIS Pack Vendor :STMicroelectronics X-CUBE-AZRTOS-G0 1.1.0
2025-04-09 20:26:33,444 [INFO] ThirdParty:1030 - CMSIS Pack Vendor :STMicroelectronics X-CUBE-SAFEA1 1.2.2
2025-04-09 20:26:33,444 [INFO] ThirdParty:1030 - CMSIS Pack Vendor :STMicroelectronics X-CUBE-NFC4 3.0.0
2025-04-09 20:26:33,444 [INFO] ThirdParty:1030 - CMSIS Pack Vendor :STMicroelectronics X-CUBE-SUBG2 5.0.0
2025-04-09 20:26:33,444 [INFO] ThirdParty:1030 - CMSIS Pack Vendor :STMicroelectronics STM32_WPAN 1.0.0
2025-04-09 20:26:33,444 [INFO] ThirdParty:1030 - CMSIS Pack Vendor :wolfSSL I-CUBE-wolfMQTT 1.18.0
2025-04-09 20:26:33,444 [INFO] ThirdParty:1030 - CMSIS Pack Vendor :EmbeddedOffice I-CUBE-FS-RTOS 1.0.1
2025-04-09 20:26:33,444 [INFO] ThirdParty:1030 - CMSIS Pack Vendor :STMicroelectronics lwIP 2.0.3
2025-04-09 20:26:33,444 [INFO] ThirdParty:1030 - CMSIS Pack Vendor :STMicroelectronics USB_HOST 1.0.0
2025-04-09 20:26:33,444 [INFO] ThirdParty:1030 - CMSIS Pack Vendor :STMicroelectronics X-CUBE-AZRTOS-G4 2.0.0
2025-04-09 20:26:33,444 [INFO] ThirdParty:1030 - CMSIS Pack Vendor :STMicroelectronics PDM2PCM 3.1.0
2025-04-09 20:26:33,444 [INFO] ThirdParty:1030 - CMSIS Pack Vendor :Infineon AIROC-Wi-Fi-Bluetooth-STM32 1.5.1
2025-04-09 20:26:33,444 [INFO] ThirdParty:1030 - CMSIS Pack Vendor :STMicroelectronics X-CUBE-BLEMGR 3.0.0
2025-04-09 20:26:33,444 [INFO] ThirdParty:1030 - CMSIS Pack Vendor :RealThread X-CUBE-RT-Thread_Nano 4.1.1
2025-04-09 20:26:33,444 [INFO] ThirdParty:1030 - CMSIS Pack Vendor :STMicroelectronics FP-SNS-MOTENVWB1 1.3.1
2025-04-09 20:26:33,444 [INFO] ThirdParty:1030 - CMSIS Pack Vendor :STMicroelectronics FP-ATR-SIGFOX1 3.2.0
2025-04-09 20:26:33,444 [INFO] ThirdParty:1030 - CMSIS Pack Vendor :quantropi X-CUBE-qispace-sdk-base 1.9.3
2025-04-09 20:26:33,444 [INFO] ThirdParty:1030 - CMSIS Pack Vendor :STMicroelectronics X-CUBE-ISPU 2.0.0
2025-04-09 20:26:33,444 [INFO] ThirdParty:1030 - CMSIS Pack Vendor :STMicroelectronics X-CUBE-EEPRMA1 5.1.0
2025-04-09 20:26:33,444 [INFO] ThirdParty:1030 - CMSIS Pack Vendor :STMicroelectronics MBEDTLS 2.16.2
2025-04-09 20:26:33,444 [INFO] ThirdParty:1030 - CMSIS Pack Vendor :STMicroelectronics X-CUBE-ALS 1.0.2
2025-04-09 20:26:33,444 [INFO] ThirdParty:1030 - CMSIS Pack Vendor :STMicroelectronics X-CUBE-MEMS1 10.0.0
2025-04-09 20:26:33,444 [INFO] ThirdParty:1030 - CMSIS Pack Vendor :STMicroelectronics X-CUBE-FREERTOS 1.1.0
2025-04-09 20:26:33,444 [INFO] ThirdParty:1030 - CMSIS Pack Vendor :STMicroelectronics X-CUBE-TOUCHGFX 4.24.0
2025-04-09 20:26:33,444 [INFO] ThirdParty:1030 - CMSIS Pack Vendor :STMicroelectronics X-CUBE-TOUCHGFX 4.24.2
2025-04-09 20:26:33,444 [INFO] ThirdParty:1030 - CMSIS Pack Vendor :STMicroelectronics X-CUBE-TOUCHGFX 4.24.1
2025-04-09 20:26:33,444 [INFO] ThirdParty:1030 - CMSIS Pack Vendor :portGmbH I-Cube-SoM-uGOAL 1.1.0
2025-04-09 20:26:33,444 [INFO] ThirdParty:1030 - CMSIS Pack Vendor :STMicroelectronics X-CUBE-ALS 1.0.1
2025-04-09 20:26:33,444 [INFO] ThirdParty:1030 - CMSIS Pack Vendor :STMicroelectronics ThreadX 1.0.0
2025-04-09 20:26:33,444 [INFO] ThirdParty:1030 - CMSIS Pack Vendor :SEGGER I-CUBE-embOS 1.3.1
2025-04-09 20:26:33,444 [INFO] ThirdParty:1030 - CMSIS Pack Vendor :STMicroelectronics X-CUBE-ALGOBUILD 1.4.0
2025-04-09 20:26:33,444 [INFO] ThirdParty:1030 - CMSIS Pack Vendor :STMicroelectronics X-CUBE-AZRTOS-H7RS 1.0.0
2025-04-09 20:26:33,444 [INFO] ThirdParty:1030 - CMSIS Pack Vendor :STMicroelectronics FP-ATR-ASTRA1 2.0.0
2025-04-09 20:26:33,444 [INFO] ThirdParty:1030 - CMSIS Pack Vendor :STMicroelectronics X-CUBE-TOF1 3.4.2
2025-04-09 20:26:33,444 [INFO] ThirdParty:1030 - CMSIS Pack Vendor :STMicroelectronics X-CUBE-AI 9.1.0
2025-04-09 20:26:33,444 [INFO] ThirdParty:1030 - CMSIS Pack Vendor :STMicroelectronics X-CUBE-TOF1 3.4.0
2025-04-09 20:26:33,444 [INFO] ThirdParty:1030 - CMSIS Pack Vendor :STMicroelectronics X-CUBE-TOF1 3.4.1
2025-04-09 20:26:33,444 [INFO] ThirdParty:1030 - CMSIS Pack Vendor :STMicroelectronics X-CUBE-AZRTOS-H7 3.2.0
2025-04-09 20:26:33,444 [INFO] ThirdParty:1030 - CMSIS Pack Vendor :wolfSSL I-CUBE-wolfSSH 1.4.17
2025-04-09 20:26:33,444 [INFO] ThirdParty:841 - exiting critical section [change project]
2025-04-09 20:26:33,759 [INFO] PinOutPanel:1561 - setPackage(No Configuration,No Configuration)
2025-04-09 20:26:33,766 [INFO] PinOutPanel:1561 - setPackage(STM32H723ZGTx,LQFP144)
2025-04-09 20:26:33,945 [ERROR] HwResourcesManager:1531 - Cannot find MPC for the given IP: FLASH
2025-04-09 20:26:33,947 [ERROR] HwResourcesManager:1531 - Cannot find MPC for the given IP: FLASH
2025-04-09 20:26:33,984 [ERROR] HwResourcesManager:1531 - Cannot find MPC for the given IP: FLASH
2025-04-09 20:26:34,102 [INFO] MemInfoExtractor:277 - EVENT_MCU_SET_IP_PARAMETER
2025-04-09 20:26:34,450 [ERROR] HwResourcesManager:1531 - Cannot find MPC for the given IP: FLASH
2025-04-09 20:26:34,455 [ERROR] HwResourcesManager:1531 - Cannot find MPC for the given IP: FLASH
2025-04-09 20:26:34,465 [ERROR] HwResourcesManager:1531 - Cannot find MPC for the given IP: FLASH
2025-04-09 20:26:34,566 [INFO] MemInfoExtractor:277 - EVENT_MCU_SET_IP_PARAMETER
2025-04-09 20:26:34,580 [ERROR] HwResourcesManager:1531 - Cannot find MPC for the given IP: FLASH
2025-04-09 20:26:34,585 [ERROR] HwResourcesManager:1531 - Cannot find MPC for the given IP: FLASH
2025-04-09 20:26:34,620 [ERROR] HwResourcesManager:1531 - Cannot find MPC for the given IP: FLASH
2025-04-09 20:26:34,731 [INFO] MemInfoExtractor:277 - EVENT_MCU_SET_IP_PARAMETER
2025-04-09 20:26:34,833 [INFO] UtilMem:75 - Before build in PCC Used Memory: 852358736 Bytes (1073741824)
2025-04-09 20:26:36,305 [INFO] UtilMem:75 - After build in PCC Used Memory: 832314040 Bytes (1073741824)
2025-04-09 20:26:36,374 [INFO] ApiDbMcu:508 - Load IP Config File for FREERTOS
2025-04-09 20:26:36,441 [INFO] IPUIPlugin:80 - create IPUIPlugin
2025-04-09 20:26:36,442 [INFO] IPUIPlugin:80 - create IPUIPlugin
2025-04-09 20:26:36,442 [INFO] IPUIPlugin:80 - create IPUIPlugin
2025-04-09 20:26:36,442 [INFO] IPUIPlugin:80 - create IPUIPlugin
2025-04-09 20:26:36,442 [INFO] IPUIPlugin:80 - create IPUIPlugin
2025-04-09 20:26:36,442 [INFO] IPUIPlugin:80 - create IPUIPlugin
2025-04-09 20:26:36,442 [INFO] IPUIPlugin:80 - create IPUIPlugin
2025-04-09 20:26:36,442 [INFO] IPUIPlugin:80 - create IPUIPlugin
2025-04-09 20:26:36,443 [INFO] IPUIPlugin:80 - create IPUIPlugin
2025-04-09 20:26:36,443 [INFO] IPUIPlugin:80 - create IPUIPlugin
2025-04-09 20:26:36,443 [INFO] IPUIPlugin:80 - create IPUIPlugin
2025-04-09 20:26:36,443 [INFO] IPUIPlugin:80 - create IPUIPlugin
2025-04-09 20:26:36,443 [INFO] IPUIPlugin:80 - create IPUIPlugin
2025-04-09 20:26:36,443 [INFO] IPUIPlugin:80 - create IPUIPlugin
2025-04-09 20:26:36,444 [INFO] IPUIPlugin:80 - create IPUIPlugin
2025-04-09 20:26:36,444 [INFO] IPUIPlugin:80 - create IPUIPlugin
2025-04-09 20:26:36,444 [INFO] IPUIPlugin:80 - create IPUIPlugin
2025-04-09 20:26:36,444 [INFO] IPUIPlugin:80 - create IPUIPlugin
2025-04-09 20:26:36,445 [INFO] IPUIPlugin:80 - create IPUIPlugin
2025-04-09 20:26:36,446 [INFO] IPUIPlugin:80 - create IPUIPlugin
2025-04-09 20:26:36,446 [INFO] IPUIPlugin:80 - create IPUIPlugin
2025-04-09 20:26:36,446 [INFO] IPUIPlugin:80 - create IPUIPlugin
2025-04-09 20:26:36,446 [INFO] IPUIPlugin:80 - create IPUIPlugin
2025-04-09 20:26:36,446 [INFO] IPUIPlugin:80 - create IPUIPlugin
2025-04-09 20:26:36,446 [INFO] IPUIPlugin:80 - create IPUIPlugin
2025-04-09 20:26:36,447 [INFO] IPUIPlugin:80 - create IPUIPlugin
2025-04-09 20:26:36,447 [INFO] IPUIPlugin:80 - create IPUIPlugin
2025-04-09 20:26:36,447 [INFO] IPUIPlugin:80 - create IPUIPlugin
2025-04-09 20:26:36,447 [INFO] IPUIPlugin:80 - create IPUIPlugin
2025-04-09 20:26:36,448 [INFO] IPUIPlugin:80 - create IPUIPlugin
2025-04-09 20:26:36,448 [INFO] IPUIPlugin:80 - create IPUIPlugin
2025-04-09 20:26:36,448 [INFO] IPUIPlugin:80 - create IPUIPlugin
2025-04-09 20:26:36,449 [INFO] IPUIPlugin:80 - create IPUIPlugin
2025-04-09 20:26:36,449 [INFO] IPUIPlugin:80 - create IPUIPlugin
2025-04-09 20:26:36,449 [INFO] IPUIPlugin:80 - create IPUIPlugin
2025-04-09 20:26:36,449 [INFO] IPUIPlugin:80 - create IPUIPlugin
2025-04-09 20:26:36,450 [INFO] IPUIPlugin:80 - create IPUIPlugin
2025-04-09 20:26:36,450 [INFO] IPUIPlugin:80 - create IPUIPlugin
2025-04-09 20:26:36,451 [INFO] IPUIPlugin:80 - create IPUIPlugin
2025-04-09 20:26:36,451 [INFO] IPUIPlugin:80 - create IPUIPlugin
2025-04-09 20:26:36,452 [INFO] IPUIPlugin:80 - create IPUIPlugin
2025-04-09 20:26:36,452 [INFO] IPUIPlugin:80 - create IPUIPlugin
2025-04-09 20:26:36,453 [INFO] IPUIPlugin:80 - create IPUIPlugin
2025-04-09 20:26:36,453 [INFO] IPUIPlugin:80 - create IPUIPlugin
2025-04-09 20:26:36,453 [INFO] IPUIPlugin:80 - create IPUIPlugin
2025-04-09 20:26:36,454 [INFO] IPUIPlugin:80 - create IPUIPlugin
2025-04-09 20:26:36,454 [INFO] IPUIPlugin:80 - create IPUIPlugin
2025-04-09 20:26:36,454 [INFO] IPUIPlugin:80 - create IPUIPlugin
2025-04-09 20:26:36,455 [INFO] IPUIPlugin:80 - create IPUIPlugin
2025-04-09 20:26:36,455 [INFO] IPUIPlugin:80 - create IPUIPlugin
2025-04-09 20:26:36,456 [INFO] IPUIPlugin:80 - create IPUIPlugin
2025-04-09 20:26:36,456 [INFO] IPUIPlugin:80 - create IPUIPlugin
2025-04-09 20:26:36,457 [INFO] IPUIPlugin:80 - create IPUIPlugin
2025-04-09 20:26:36,458 [INFO] IPUIPlugin:80 - create IPUIPlugin
2025-04-09 20:26:36,458 [INFO] IPUIPlugin:80 - create IPUIPlugin
2025-04-09 20:26:36,458 [INFO] IPUIPlugin:80 - create IPUIPlugin
2025-04-09 20:26:36,459 [INFO] IPUIPlugin:80 - create IPUIPlugin
2025-04-09 20:26:36,459 [INFO] IPUIPlugin:80 - create IPUIPlugin
2025-04-09 20:26:36,460 [INFO] IPUIPlugin:80 - create IPUIPlugin
2025-04-09 20:26:36,460 [INFO] IPUIPlugin:80 - create IPUIPlugin
2025-04-09 20:26:36,461 [INFO] IPUIPlugin:80 - create IPUIPlugin
2025-04-09 20:26:36,461 [INFO] IPUIPlugin:80 - create IPUIPlugin
2025-04-09 20:26:36,462 [INFO] IPUIPlugin:80 - create IPUIPlugin
2025-04-09 20:26:36,462 [INFO] IPUIPlugin:80 - create IPUIPlugin
2025-04-09 20:26:36,463 [INFO] IPUIPlugin:80 - create IPUIPlugin
2025-04-09 20:26:36,463 [INFO] IPUIPlugin:80 - create IPUIPlugin
2025-04-09 20:26:36,464 [INFO] IPUIPlugin:80 - create IPUIPlugin
2025-04-09 20:26:36,465 [INFO] IPUIPlugin:80 - create IPUIPlugin
2025-04-09 20:26:36,465 [INFO] IPUIPlugin:80 - create IPUIPlugin
2025-04-09 20:26:36,465 [INFO] IPUIPlugin:80 - create IPUIPlugin
2025-04-09 20:26:36,466 [INFO] IPUIPlugin:80 - create IPUIPlugin
2025-04-09 20:26:36,466 [INFO] IPUIPlugin:80 - create IPUIPlugin
2025-04-09 20:26:36,466 [INFO] IPUIPlugin:80 - create IPUIPlugin
2025-04-09 20:26:36,467 [INFO] IPUIPlugin:80 - create IPUIPlugin
2025-04-09 20:26:36,468 [INFO] IPUIPlugin:80 - create IPUIPlugin
2025-04-09 20:26:36,468 [INFO] IPUIPlugin:80 - create IPUIPlugin
2025-04-09 20:26:36,468 [INFO] IPUIPlugin:80 - create IPUIPlugin
2025-04-09 20:26:36,468 [INFO] IPUIPlugin:80 - create IPUIPlugin
2025-04-09 20:26:36,468 [INFO] IPUIPlugin:80 - create IPUIPlugin
2025-04-09 20:26:36,469 [INFO] IPUIPlugin:80 - create IPUIPlugin
2025-04-09 20:26:36,469 [INFO] IPUIPlugin:80 - create IPUIPlugin
2025-04-09 20:26:36,469 [INFO] IPUIPlugin:80 - create IPUIPlugin
2025-04-09 20:26:36,469 [INFO] IPUIPlugin:80 - create IPUIPlugin
2025-04-09 20:26:36,469 [INFO] IPUIPlugin:80 - create IPUIPlugin
2025-04-09 20:26:36,469 [INFO] IPUIPlugin:80 - create IPUIPlugin
2025-04-09 20:26:36,470 [INFO] IPUIPlugin:80 - create IPUIPlugin
2025-04-09 20:26:36,470 [INFO] IPUIPlugin:80 - create IPUIPlugin
2025-04-09 20:26:36,470 [INFO] IPUIPlugin:80 - create IPUIPlugin
2025-04-09 20:26:36,470 [INFO] IPUIPlugin:80 - create IPUIPlugin
2025-04-09 20:26:36,470 [INFO] IPUIPlugin:80 - create IPUIPlugin
2025-04-09 20:26:36,471 [INFO] IPUIPlugin:80 - create IPUIPlugin
2025-04-09 20:26:36,471 [INFO] IPUIPlugin:80 - create IPUIPlugin
2025-04-09 20:26:36,472 [INFO] IPUIPlugin:80 - create IPUIPlugin
2025-04-09 20:26:36,472 [INFO] IPUIPlugin:80 - create IPUIPlugin
2025-04-09 20:26:36,473 [INFO] IPUIPlugin:80 - create IPUIPlugin
2025-04-09 20:26:36,474 [INFO] IPUIPlugin:80 - create IPUIPlugin
2025-04-09 20:26:36,474 [INFO] IPUIPlugin:80 - create IPUIPlugin
2025-04-09 20:26:36,475 [INFO] IPUIPlugin:80 - create IPUIPlugin
2025-04-09 20:26:36,475 [INFO] IPUIPlugin:80 - create IPUIPlugin
2025-04-09 20:26:36,476 [INFO] IPUIPlugin:80 - create IPUIPlugin
2025-04-09 20:26:36,476 [INFO] IPUIPlugin:80 - create IPUIPlugin
2025-04-09 20:26:36,477 [INFO] IPUIPlugin:80 - create IPUIPlugin
2025-04-09 20:26:36,478 [INFO] IPUIPlugin:80 - create IPUIPlugin
2025-04-09 20:26:36,479 [INFO] IPUIPlugin:80 - create IPUIPlugin
2025-04-09 20:26:36,480 [INFO] IPUIPlugin:80 - create IPUIPlugin
2025-04-09 20:26:36,481 [INFO] IPUIPlugin:80 - create IPUIPlugin
2025-04-09 20:26:36,487 [INFO] ApiDbMcu:508 - Load IP Config File for PDM2PCM
2025-04-09 20:26:36,508 [INFO] Can:71 - Can Add PropertyChangeListener com.st.microxplorer.plugins.ip.can.Can@17055449
2025-04-09 20:26:36,510 [INFO] Can:71 - Can Add PropertyChangeListener com.st.microxplorer.plugins.ip.can.Can@37a8fcef
2025-04-09 20:26:36,512 [INFO] Can:71 - Can Add PropertyChangeListener com.st.microxplorer.plugins.ip.can.Can@3d94d69f
2025-04-09 20:26:36,571 [ERROR] Conversion:226 - unexpected value found: 0 ==> then set to normal
2025-04-09 20:26:36,571 [WARN] FreeRTOS:1023 - Null or empty value: should not occur! (nothing added to the table)
2025-04-09 20:26:36,689 [INFO] CADModel:165 - CPN selected for project levelSTM32H723ZGT6
2025-04-09 20:26:36,689 [INFO] CADModel:114 - Register for checkConnection events
2025-04-09 20:26:36,694 [INFO] RtosManager:697 - Active RTOS found at IOC load: FREERTOS [Cortex-M7NS]
2025-04-09 20:26:36,739 [INFO] OpenFileManager:363 - Restore cursor
2025-04-09 20:26:36,982 [WARN] IP:2191 - ClockDivider not found: check if there is a RefParameter without a condition.
2025-04-09 20:26:36,982 [WARN] IP:2191 - ClockDividerCCU not found: check if there is a RefParameter without a condition.
2025-04-09 20:26:36,982 [WARN] IP:2191 - MinOscClkPeriodsCCU not found: check if there is a RefParameter without a condition.
2025-04-09 20:26:36,982 [WARN] IP:2191 - TimeQuantaPerBitTimeCCU not found: check if there is a RefParameter without a condition.
2025-04-09 20:26:36,982 [WARN] IP:2191 - WatchdogStartValueCCU not found: check if there is a RefParameter without a condition.
2025-04-09 20:26:37,012 [WARN] FreeRTOS:563 - Case being investigated as it may cause exception (when called to early by set config state
2025-04-09 20:26:37,012 [WARN] IP:2191 - ClockDivider not found: check if there is a RefParameter without a condition.
2025-04-09 20:26:37,013 [WARN] IP:2191 - ClockDividerCCU not found: check if there is a RefParameter without a condition.
2025-04-09 20:26:37,013 [WARN] IP:2191 - MinOscClkPeriodsCCU not found: check if there is a RefParameter without a condition.
2025-04-09 20:26:37,013 [WARN] IP:2191 - TimeQuantaPerBitTimeCCU not found: check if there is a RefParameter without a condition.
2025-04-09 20:26:37,013 [WARN] IP:2191 - WatchdogStartValueCCU not found: check if there is a RefParameter without a condition.
2025-04-09 20:26:37,193 [WARN] IP:2191 - SelfCalibration not found: check if there is a RefParameter without a condition.
2025-04-09 20:26:37,194 [WARN] IP:2191 - SelfCalibration not found: check if there is a RefParameter without a condition.
2025-04-09 20:26:37,260 [WARN] IP:2191 - SelfCalibration not found: check if there is a RefParameter without a condition.
2025-04-09 20:26:37,262 [WARN] IP:2191 - SelfCalibration not found: check if there is a RefParameter without a condition.
2025-04-09 20:26:37,319 [WARN] IP:2191 - ClockDivider not found: check if there is a RefParameter without a condition.
2025-04-09 20:26:37,319 [WARN] IP:2191 - ClockDividerCCU not found: check if there is a RefParameter without a condition.
2025-04-09 20:26:37,319 [WARN] IP:2191 - MinOscClkPeriodsCCU not found: check if there is a RefParameter without a condition.
2025-04-09 20:26:37,320 [WARN] IP:2191 - TimeQuantaPerBitTimeCCU not found: check if there is a RefParameter without a condition.
2025-04-09 20:26:37,320 [WARN] IP:2191 - WatchdogStartValueCCU not found: check if there is a RefParameter without a condition.
2025-04-09 20:27:21,522 [INFO] NvicIntPanel:101 - NVIC parent = com.st.microxplorer.plugins.ip.nvic.MultiNvicIntPanel[,0,0,450x254,layout=javax.swing.BoxLayout,alignmentX=0.0,alignmentY=0.0,border=,flags=9,maximumSize=,minimumSize=,preferredSize=]
2025-04-09 20:27:51,628 [INFO] NvicIntPanel:101 - NVIC parent = com.st.microxplorer.plugins.ip.nvic.MultiNvicIntPanel[,0,0,450x254,layout=javax.swing.BoxLayout,alignmentX=0.0,alignmentY=0.0,border=,flags=9,maximumSize=,minimumSize=,preferredSize=]
2025-04-09 20:40:41,436 [INFO] WebApp:189 - Connection lost
2025-04-09 20:41:05,623 [INFO] WebApp:186 - Connection restablished
2025-04-09 21:13:35,722 [INFO] WebApp:189 - Connection lost
2025-04-09 21:13:43,216 [INFO] WebApp:186 - Connection restablished
2025-04-09 21:13:44,020 [INFO] WebApp:189 - Connection lost
2025-04-09 21:13:44,136 [INFO] WebApp:186 - Connection restablished
2025-04-09 21:13:44,678 [INFO] WebApp:189 - Connection lost
2025-04-09 21:13:44,871 [INFO] WebApp:186 - Connection restablished
