2024-05-09 12:03:18,971 [INFO] MainUpdater:2873 - connection check result : 10
2024-05-09 12:03:18,987 [INFO] MainUpdater:2873 - connection check result : 10
2024-05-09 12:03:19,911 [INFO] MicroXplorer:468 - Change Database Path : 
2024-05-09 12:03:19,911 [INFO] MicroXplorer:498 - Change Database Version : DB.6.0.111
2024-05-09 12:03:19,927 [ERROR] ProjectManagerView:394 - 
java.lang.NullPointerException: Cannot invoke "javax.swing.JTextField.getText()" because the return value of "java.util.List.get(int)" is null
	at com.st.microxplorer.plugins.projectmanager.gui.ProjectChoiceTab$10.caretUpdate(ProjectChoiceTab.java:2504) ~[filemanager.jar:?]
	at javax.swing.text.JTextComponent.fireCaretUpdate(JTextComponent.java:412) ~[?:?]
	at javax.swing.text.JTextComponent$MutableCaretEvent.fire(JTextComponent.java:4491) ~[?:?]
	at javax.swing.text.JTextComponent$MutableCaretEvent.stateChanged(JTextComponent.java:4513) ~[?:?]
	at javax.swing.text.DefaultCaret.fireStateChanged(DefaultCaret.java:842) ~[?:?]
	at javax.swing.text.DefaultCaret.changeCaretPosition(DefaultCaret.java:1313) ~[?:?]
	at javax.swing.text.DefaultCaret.handleSetDot(DefaultCaret.java:1212) ~[?:?]
	at javax.swing.text.DefaultCaret.setDot(DefaultCaret.java:1193) ~[?:?]
	at javax.swing.text.DefaultCaret$Handler.insertUpdate(DefaultCaret.java:1789) ~[?:?]
	at javax.swing.text.AbstractDocument.fireInsertUpdate(AbstractDocument.java:226) ~[?:?]
	at javax.swing.text.AbstractDocument.handleInsertString(AbstractDocument.java:780) ~[?:?]
	at javax.swing.text.AbstractDocument.insertString(AbstractDocument.java:739) ~[?:?]
	at javax.swing.text.PlainDocument.insertString(PlainDocument.java:131) ~[?:?]
	at javax.swing.text.AbstractDocument.replace(AbstractDocument.java:698) ~[?:?]
	at javax.swing.text.JTextComponent.setText(JTextComponent.java:1729) ~[?:?]
	at com.st.microxplorer.plugins.projectmanager.gui.ProjectChoiceTab.createHeapStackFields(ProjectChoiceTab.java:944) ~[filemanager.jar:?]
	at com.st.microxplorer.plugins.projectmanager.gui.ProjectChoiceTab.buildLinkSettingsPanel(ProjectChoiceTab.java:3475) ~[filemanager.jar:?]
	at com.st.microxplorer.plugins.projectmanager.gui.ProjectChoiceTab.defineWindowsFields(ProjectChoiceTab.java:1816) ~[filemanager.jar:?]
	at com.st.microxplorer.plugins.projectmanager.gui.ProjectChoiceTab.updateSettings(ProjectChoiceTab.java:544) ~[filemanager.jar:?]
	at com.st.microxplorer.plugins.projectmanager.gui.ProjectSettingsPanel.UpdateDialog(ProjectSettingsPanel.java:245) ~[filemanager.jar:?]
	at com.st.microxplorer.plugins.projectmanager.ProjectManagerView.propertyChange(ProjectManagerView.java:391) ~[filemanager.jar:?]
	at java.beans.PropertyChangeSupport.fire(PropertyChangeSupport.java:343) ~[?:?]
	at java.beans.PropertyChangeSupport.firePropertyChange(PropertyChangeSupport.java:335) ~[?:?]
	at java.beans.PropertyChangeSupport.firePropertyChange(PropertyChangeSupport.java:268) ~[?:?]
	at com.st.microxplorer.util.MXPropertyChangeSupport.firePropertyChange(MXPropertyChangeSupport.java:54) ~[STM32CubeMX.jar:?]
	at com.st.microxplorer.mxsystem.MxSystem.closeConfig(MxSystem.java:900) ~[STM32CubeMX.jar:?]
	at com.st.microxplorer.maingui.MainPanel.closeConfig(MainPanel.java:776) ~[STM32CubeMX.jar:?]
	at com.st.microxplorer.plugins.filemanager.engine.OpenFileManager.loadConfigurationFile(OpenFileManager.java:245) ~[filemanager.jar:?]
	at com.st.microxplorer.plugins.filemanager.engine.MainFileManager.userLoadConfig(MainFileManager.java:315) ~[filemanager.jar:?]
	at com.st.microxplorer.plugins.filemanager.engine.MainFileManager.userLoadConfig(MainFileManager.java:293) ~[filemanager.jar:?]
	at com.st.microxplorer.plugins.filemanager.FileManagerView.getSpecificTask(FileManagerView.java:247) ~[filemanager.jar:?]
	at com.st.stm32cube.common.mx.editor.CubeMxEditor.getMxTabbedPaneInstance(CubeMxEditor.java:1198) ~[com.st.stm32cube.common.mx_6.11.1.202404110753/:?]
	at com.st.stm32cube.common.mx.editor.CubeMxEditor$12$1.createSwingComponent(CubeMxEditor.java:1068) ~[com.st.stm32cube.common.mx_6.11.1.202404110753/:?]
	at com.st.stm32cube.common.mx.oss.core.awtswtbridge.EmbeddedSwingComposite.doComponentCreation(EmbeddedSwingComposite.java:492) ~[com.st.stm32cube.common.mx.oss_6.11.1.202404110753/:?]
	at com.st.stm32cube.common.mx.oss.core.awtswtbridge.EmbeddedSwingComposite$4.run(EmbeddedSwingComposite.java:291) ~[com.st.stm32cube.common.mx.oss_6.11.1.202404110753/:?]
	at com.st.stm32cube.common.mx.oss.core.awtswtbridge.AwtEnvironment$2.run(AwtEnvironment.java:166) ~[com.st.stm32cube.common.mx.oss_6.11.1.202404110753/:?]
	at java.awt.event.InvocationEvent.dispatch(InvocationEvent.java:318) ~[?:?]
	at java.awt.EventQueue.dispatchEventImpl(EventQueue.java:773) ~[?:?]
	at java.awt.EventQueue$4.run(EventQueue.java:720) ~[?:?]
	at java.awt.EventQueue$4.run(EventQueue.java:714) ~[?:?]
	at java.security.AccessController.doPrivileged(AccessController.java:399) ~[?:?]
	at java.security.ProtectionDomain$JavaSecurityAccessImpl.doIntersectionPrivilege(ProtectionDomain.java:86) ~[?:?]
	at java.awt.EventQueue.dispatchEvent(EventQueue.java:742) ~[?:?]
	at java.awt.EventDispatchThread.pumpOneEventForFilters(EventDispatchThread.java:203) ~[?:?]
	at java.awt.EventDispatchThread.pumpEventsForFilter(EventDispatchThread.java:124) ~[?:?]
	at java.awt.EventDispatchThread.pumpEventsForHierarchy(EventDispatchThread.java:113) ~[?:?]
	at java.awt.EventDispatchThread.pumpEvents(EventDispatchThread.java:109) ~[?:?]
	at java.awt.EventDispatchThread.pumpEvents(EventDispatchThread.java:101) ~[?:?]
	at java.awt.EventDispatchThread.run(EventDispatchThread.java:90) ~[?:?]
2024-05-09 12:03:19,938 [WARN] ThirdParty:871 - waiting for thirdparty lock release [close project]
2024-05-09 12:03:19,938 [INFO] ThirdParty:873 - entering critical section [close project]
2024-05-09 12:03:19,938 [INFO] ThirdParty:883 - exiting critical section [close project]
2024-05-09 12:03:19,941 [INFO] PinOutPanel:1561 - setPackage(No Configuration,No Configuration)
2024-05-09 12:03:19,961 [WARN] IpParametersView:151 - Warning: This peripheral hasn't parameters
2024-05-09 12:03:19,976 [WARN] MainPanel:272 - <html><b><center>Warning: This peripheral has no parameters to be configured<br></b></html>
2024-05-09 12:03:19,992 [INFO] UtilMem:75 - Begin LoadConfig() Used Memory: 496475528 Bytes (667942912)
2024-05-09 12:03:22,650 [INFO] MicroXplorer:468 - Change Database Path : 
2024-05-09 12:03:22,651 [INFO] MicroXplorer:498 - Change Database Version : DB.6.0.111
2024-05-09 12:03:22,651 [INFO] OpenFileManager:312 - Change cursor
2024-05-09 12:03:22,678 [INFO] Mcu:2021 - Initializing MCU STM32F407I(E-G)Hx STM32F407IGHx STM32F407IGH6
2024-05-09 12:03:24,626 [INFO] Context:663 - Trying to add GPIOservice into a context  which must be forbidden
2024-05-09 12:03:25,233 [INFO] RtosManager:555 - Registered RTOS mode: class=CMSIS, group=RTOS, mode=CMSIS_V1, owner=FREERTOS
2024-05-09 12:03:25,234 [INFO] RtosManager:555 - Registered RTOS mode: class=CMSIS, group=RTOS2, mode=CMSIS_V2, owner=FREERTOS
2024-05-09 12:03:25,234 [INFO] RtosManager:555 - Registered RTOS mode: class=RTOS, group=Core, mode=CMSIS_V1, owner=FREERTOS
2024-05-09 12:03:25,234 [INFO] RtosManager:555 - Registered RTOS mode: class=RTOS, group=Core, mode=CMSIS_V2, owner=FREERTOS
2024-05-09 12:03:25,234 [WARN] ModelIntegratedComponent:184 - Missing modes for component STMicroelectronics:FreeRTOS:0.0.1:STMicroelectronics:RTOS:FreeRTOS:Core:::10.2.0:
2024-05-09 12:03:25,241 [WARN] ModelIntegratedComponent:63 - No mode defined for component null
2024-05-09 12:03:25,241 [WARN] ModelIntegratedComponent:63 - No mode defined for component null
2024-05-09 12:03:25,242 [WARN] ModelIntegratedComponent:63 - No mode defined for component null
2024-05-09 12:03:25,242 [WARN] ModelIntegratedComponent:63 - No mode defined for component null
2024-05-09 12:03:25,242 [WARN] ModelIntegratedComponent:63 - No mode defined for component null
2024-05-09 12:03:25,242 [WARN] ModelIntegratedComponent:63 - No mode defined for component null
2024-05-09 12:03:25,242 [WARN] ModelIntegratedComponent:63 - No mode defined for component null
2024-05-09 12:03:25,242 [WARN] ModelIntegratedComponent:63 - No mode defined for component null
2024-05-09 12:03:25,242 [WARN] ModelIntegratedComponent:63 - No mode defined for component null
2024-05-09 12:03:25,242 [WARN] ModelIntegratedComponent:63 - No mode defined for component null
2024-05-09 12:03:25,242 [WARN] ModelIntegratedComponent:63 - No mode defined for component null
2024-05-09 12:03:25,243 [WARN] ModelIntegratedComponent:63 - No mode defined for component null
2024-05-09 12:03:25,243 [WARN] ModelIntegratedComponent:63 - No mode defined for component null
2024-05-09 12:03:25,243 [WARN] ModelIntegratedComponent:63 - No mode defined for component null
2024-05-09 12:03:25,243 [WARN] ModelIntegratedComponent:63 - No mode defined for component null
2024-05-09 12:03:25,243 [WARN] ModelIntegratedComponent:63 - No mode defined for component null
2024-05-09 12:03:25,243 [WARN] ModelIntegratedComponent:63 - No mode defined for component null
2024-05-09 12:03:25,243 [WARN] ModelIntegratedComponent:63 - No mode defined for component null
2024-05-09 12:03:25,243 [WARN] ModelIntegratedComponent:63 - No mode defined for component null
2024-05-09 12:03:25,243 [WARN] ModelIntegratedComponent:63 - No mode defined for component null
2024-05-09 12:03:25,243 [WARN] ModelIntegratedComponent:63 - No mode defined for component null
2024-05-09 12:03:25,243 [WARN] ModelIntegratedComponent:63 - No mode defined for component null
2024-05-09 12:03:25,243 [WARN] ModelIntegratedComponent:63 - No mode defined for component null
2024-05-09 12:03:25,243 [WARN] ModelIntegratedComponent:63 - No mode defined for component null
2024-05-09 12:03:25,243 [WARN] ModelIntegratedComponent:63 - No mode defined for component null
2024-05-09 12:03:25,243 [WARN] ModelIntegratedComponent:63 - No mode defined for component null
2024-05-09 12:03:25,243 [WARN] ModelIntegratedComponent:63 - No mode defined for component null
2024-05-09 12:03:25,244 [WARN] ModelIntegratedComponent:63 - No mode defined for component null
2024-05-09 12:03:25,244 [WARN] ModelIntegratedComponent:63 - No mode defined for component null
2024-05-09 12:03:25,244 [WARN] ModelIntegratedComponent:63 - No mode defined for component null
2024-05-09 12:03:25,244 [WARN] ModelIntegratedComponent:63 - No mode defined for component null
2024-05-09 12:03:25,244 [WARN] ModelIntegratedComponent:63 - No mode defined for component null
2024-05-09 12:03:25,244 [WARN] ModelIntegratedComponent:63 - No mode defined for component null
2024-05-09 12:03:25,244 [WARN] ModelIntegratedComponent:63 - No mode defined for component null
2024-05-09 12:03:25,333 [INFO] ThirdPartyModel:298 - Start build external matchings
2024-05-09 12:03:25,709 [INFO] ThirdPartyModel:316 - End build external matchings
2024-05-09 12:03:25,719 [INFO] RtosManager:919 - Current active RTOS is FREERTOS [Cortex-M4NS]
2024-05-09 12:03:25,728 [INFO] ImportTextPane:194 - (OptionalMessage_ERROR) IP (DMA) : Parameter (Instance) has Id (USART3_RX) currently not set
2024-05-09 12:03:25,728 [INFO] ImportTextPane:194 - (OptionalMessage_ERROR) IP (DMA) : Parameter (Channel) has Id (USART3_RX) currently not set
2024-05-09 12:03:25,728 [INFO] ImportTextPane:194 - (OptionalMessage_ERROR) IP (DMA) : Parameter (Direction) has Id (USART3_RX) currently not set
2024-05-09 12:03:25,728 [INFO] ImportTextPane:194 - (OptionalMessage_ERROR) IP (DMA) : Parameter (PeriphInc) has Id (USART3_RX) currently not set
2024-05-09 12:03:25,728 [INFO] ImportTextPane:194 - (OptionalMessage_ERROR) IP (DMA) : Parameter (MemInc) has Id (USART3_RX) currently not set
2024-05-09 12:03:25,729 [INFO] ImportTextPane:194 - (OptionalMessage_ERROR) IP (DMA) : Parameter (PeriphDataAlignment) has Id (USART3_RX) currently not set
2024-05-09 12:03:25,729 [INFO] ImportTextPane:194 - (OptionalMessage_ERROR) IP (DMA) : Parameter (MemDataAlignment) has Id (USART3_RX) currently not set
2024-05-09 12:03:25,729 [INFO] ImportTextPane:194 - (OptionalMessage_ERROR) IP (DMA) : Parameter (Mode) has Id (USART3_RX) currently not set
2024-05-09 12:03:25,729 [INFO] ImportTextPane:194 - (OptionalMessage_ERROR) IP (DMA) : Parameter (Priority) has Id (USART3_RX) currently not set
2024-05-09 12:03:25,729 [INFO] ImportTextPane:194 - (OptionalMessage_ERROR) IP (DMA) : Parameter (FIFOMode) has Id (USART3_RX) currently not set
2024-05-09 12:03:25,729 [INFO] ImportTextPane:194 - (OptionalMessage_ERROR) IP (DMA) : Parameter (Instance) has Id (USART1_TX) currently not set
2024-05-09 12:03:25,729 [INFO] ImportTextPane:194 - (OptionalMessage_ERROR) IP (DMA) : Parameter (Channel) has Id (USART1_TX) currently not set
2024-05-09 12:03:25,729 [INFO] ImportTextPane:194 - (OptionalMessage_ERROR) IP (DMA) : Parameter (Direction) has Id (USART1_TX) currently not set
2024-05-09 12:03:25,730 [INFO] ImportTextPane:194 - (OptionalMessage_ERROR) IP (DMA) : Parameter (PeriphInc) has Id (USART1_TX) currently not set
2024-05-09 12:03:25,730 [INFO] ImportTextPane:194 - (OptionalMessage_ERROR) IP (DMA) : Parameter (MemInc) has Id (USART1_TX) currently not set
2024-05-09 12:03:25,730 [INFO] ImportTextPane:194 - (OptionalMessage_ERROR) IP (DMA) : Parameter (PeriphDataAlignment) has Id (USART1_TX) currently not set
2024-05-09 12:03:25,730 [INFO] ImportTextPane:194 - (OptionalMessage_ERROR) IP (DMA) : Parameter (MemDataAlignment) has Id (USART1_TX) currently not set
2024-05-09 12:03:25,730 [INFO] ImportTextPane:194 - (OptionalMessage_ERROR) IP (DMA) : Parameter (Mode) has Id (USART1_TX) currently not set
2024-05-09 12:03:25,730 [INFO] ImportTextPane:194 - (OptionalMessage_ERROR) IP (DMA) : Parameter (Priority) has Id (USART1_TX) currently not set
2024-05-09 12:03:25,730 [INFO] ImportTextPane:194 - (OptionalMessage_ERROR) IP (DMA) : Parameter (FIFOMode) has Id (USART1_TX) currently not set
2024-05-09 12:03:25,730 [INFO] ImportTextPane:194 - (OptionalMessage_ERROR) IP (DMA) : Parameter (Instance) has Id (USART1_RX) currently not set
2024-05-09 12:03:25,730 [INFO] ImportTextPane:194 - (OptionalMessage_ERROR) IP (DMA) : Parameter (Channel) has Id (USART1_RX) currently not set
2024-05-09 12:03:25,730 [INFO] ImportTextPane:194 - (OptionalMessage_ERROR) IP (DMA) : Parameter (Direction) has Id (USART1_RX) currently not set
2024-05-09 12:03:25,730 [INFO] ImportTextPane:194 - (OptionalMessage_ERROR) IP (DMA) : Parameter (PeriphInc) has Id (USART1_RX) currently not set
2024-05-09 12:03:25,730 [INFO] ImportTextPane:194 - (OptionalMessage_ERROR) IP (DMA) : Parameter (MemInc) has Id (USART1_RX) currently not set
2024-05-09 12:03:25,730 [INFO] ImportTextPane:194 - (OptionalMessage_ERROR) IP (DMA) : Parameter (PeriphDataAlignment) has Id (USART1_RX) currently not set
2024-05-09 12:03:25,730 [INFO] ImportTextPane:194 - (OptionalMessage_ERROR) IP (DMA) : Parameter (MemDataAlignment) has Id (USART1_RX) currently not set
2024-05-09 12:03:25,731 [INFO] ImportTextPane:194 - (OptionalMessage_ERROR) IP (DMA) : Parameter (Mode) has Id (USART1_RX) currently not set
2024-05-09 12:03:25,731 [INFO] ImportTextPane:194 - (OptionalMessage_ERROR) IP (DMA) : Parameter (Priority) has Id (USART1_RX) currently not set
2024-05-09 12:03:25,731 [INFO] ImportTextPane:194 - (OptionalMessage_ERROR) IP (DMA) : Parameter (FIFOMode) has Id (USART1_RX) currently not set
2024-05-09 12:03:25,731 [INFO] ImportTextPane:194 - (OptionalMessage_ERROR) IP (DMA) : Parameter (Instance) has Id (USART6_RX) currently not set
2024-05-09 12:03:25,731 [INFO] ImportTextPane:194 - (OptionalMessage_ERROR) IP (DMA) : Parameter (Channel) has Id (USART6_RX) currently not set
2024-05-09 12:03:25,731 [INFO] ImportTextPane:194 - (OptionalMessage_ERROR) IP (DMA) : Parameter (Direction) has Id (USART6_RX) currently not set
2024-05-09 12:03:25,731 [INFO] ImportTextPane:194 - (OptionalMessage_ERROR) IP (DMA) : Parameter (PeriphInc) has Id (USART6_RX) currently not set
2024-05-09 12:03:25,731 [INFO] ImportTextPane:194 - (OptionalMessage_ERROR) IP (DMA) : Parameter (MemInc) has Id (USART6_RX) currently not set
2024-05-09 12:03:25,731 [INFO] ImportTextPane:194 - (OptionalMessage_ERROR) IP (DMA) : Parameter (PeriphDataAlignment) has Id (USART6_RX) currently not set
2024-05-09 12:03:25,731 [INFO] ImportTextPane:194 - (OptionalMessage_ERROR) IP (DMA) : Parameter (MemDataAlignment) has Id (USART6_RX) currently not set
2024-05-09 12:03:25,731 [INFO] ImportTextPane:194 - (OptionalMessage_ERROR) IP (DMA) : Parameter (Mode) has Id (USART6_RX) currently not set
2024-05-09 12:03:25,732 [INFO] ImportTextPane:194 - (OptionalMessage_ERROR) IP (DMA) : Parameter (Priority) has Id (USART6_RX) currently not set
2024-05-09 12:03:25,732 [INFO] ImportTextPane:194 - (OptionalMessage_ERROR) IP (DMA) : Parameter (FIFOMode) has Id (USART6_RX) currently not set
2024-05-09 12:03:25,732 [INFO] ImportTextPane:194 - (OptionalMessage_ERROR) IP (DMA) : Parameter (Instance) has Id (USART6_TX) currently not set
2024-05-09 12:03:25,732 [INFO] ImportTextPane:194 - (OptionalMessage_ERROR) IP (DMA) : Parameter (Channel) has Id (USART6_TX) currently not set
2024-05-09 12:03:25,732 [INFO] ImportTextPane:194 - (OptionalMessage_ERROR) IP (DMA) : Parameter (Direction) has Id (USART6_TX) currently not set
2024-05-09 12:03:25,732 [INFO] ImportTextPane:194 - (OptionalMessage_ERROR) IP (DMA) : Parameter (PeriphInc) has Id (USART6_TX) currently not set
2024-05-09 12:03:25,732 [INFO] ImportTextPane:194 - (OptionalMessage_ERROR) IP (DMA) : Parameter (MemInc) has Id (USART6_TX) currently not set
2024-05-09 12:03:25,732 [INFO] ImportTextPane:194 - (OptionalMessage_ERROR) IP (DMA) : Parameter (PeriphDataAlignment) has Id (USART6_TX) currently not set
2024-05-09 12:03:25,732 [INFO] ImportTextPane:194 - (OptionalMessage_ERROR) IP (DMA) : Parameter (MemDataAlignment) has Id (USART6_TX) currently not set
2024-05-09 12:03:25,732 [INFO] ImportTextPane:194 - (OptionalMessage_ERROR) IP (DMA) : Parameter (Mode) has Id (USART6_TX) currently not set
2024-05-09 12:03:25,732 [INFO] ImportTextPane:194 - (OptionalMessage_ERROR) IP (DMA) : Parameter (Priority) has Id (USART6_TX) currently not set
2024-05-09 12:03:25,732 [INFO] ImportTextPane:194 - (OptionalMessage_ERROR) IP (DMA) : Parameter (FIFOMode) has Id (USART6_TX) currently not set
2024-05-09 12:03:25,736 [WARN] IP:2120 - I2C_Coeff_DF not found: check if there is a RefParameter without a condition.
2024-05-09 12:03:25,736 [WARN] IP:2120 - Analog_Filter not found: check if there is a RefParameter without a condition.
2024-05-09 12:03:25,737 [INFO] ImportTextPane:194 - (OptionalMessage_ERROR) IP (RCC) : Parameter (48MHZClocksFreq_Value) has invalid value (84000000)
2024-05-09 12:03:25,737 [INFO] ImportTextPane:194 - (OptionalMessage_ERROR) IP (RCC) : Parameter (RTCHSEDivFreq_Value) has invalid value (6000000)
2024-05-09 12:03:26,090 [INFO] UtilMem:75 - End LoadConfig() Used Memory: 278555800 Bytes (891289600)
2024-05-09 12:03:26,135 [WARN] ThirdParty:833 - waiting for thirdparty lock release [change project]
2024-05-09 12:03:26,136 [INFO] ThirdParty:835 - entering critical section [change project]
2024-05-09 12:03:26,136 [INFO] ThirdParty:1030 - CMSIS Pack Vendor :STMicroelectronics USBPD 4.1
2024-05-09 12:03:26,136 [INFO] ThirdParty:1030 - CMSIS Pack Vendor :STMicroelectronics X-CUBE-GNSS1 6.0.0
2024-05-09 12:03:26,136 [INFO] ThirdParty:1030 - CMSIS Pack Vendor :STMicroelectronics USB_HOST 2.0.0
2024-05-09 12:03:26,136 [INFO] ThirdParty:1030 - CMSIS Pack Vendor :STMicroelectronics FP-SNS-MOTENVWB1 1.4.0
2024-05-09 12:03:26,137 [INFO] ThirdParty:1030 - CMSIS Pack Vendor :STMicroelectronics X-CUBE-AZRTOS-F4 1.1.0
2024-05-09 12:03:26,137 [INFO] ThirdParty:1030 - CMSIS Pack Vendor :STMicroelectronics LIBJPEG 8.0.0
2024-05-09 12:03:26,137 [INFO] ThirdParty:1030 - CMSIS Pack Vendor :STMicroelectronics X-CUBE-SMBUS 2.1.0
2024-05-09 12:03:26,137 [INFO] ThirdParty:1030 - CMSIS Pack Vendor :STMicroelectronics USB_DEVICE 3.0.0
2024-05-09 12:03:26,137 [INFO] ThirdParty:1030 - CMSIS Pack Vendor :STMicroelectronics X-CUBE-TCPP 4.1.0
2024-05-09 12:03:26,137 [INFO] ThirdParty:1030 - CMSIS Pack Vendor :STMicroelectronics X-CUBE-FREERTOS 1.2.0
2024-05-09 12:03:26,137 [INFO] ThirdParty:1030 - CMSIS Pack Vendor :STMicroelectronics X-CUBE-AZRTOS-WB 2.0.0
2024-05-09 12:03:26,137 [INFO] ThirdParty:1030 - CMSIS Pack Vendor :wolfSSL I-CUBE-wolfSSL 5.6.6
2024-05-09 12:03:26,137 [INFO] ThirdParty:1030 - CMSIS Pack Vendor :STMicroelectronics X-CUBE-TOUCHGFX 4.23.1
2024-05-09 12:03:26,138 [INFO] ThirdParty:1030 - CMSIS Pack Vendor :STMicroelectronics X-CUBE-TOUCHGFX 4.23.0
2024-05-09 12:03:26,138 [INFO] ThirdParty:1030 - CMSIS Pack Vendor :STMicroelectronics X-CUBE-TOUCHGFX 4.23.2
2024-05-09 12:03:26,138 [INFO] ThirdParty:1030 - CMSIS Pack Vendor :STMicroelectronics X-CUBE-AZRTOS-F7 1.1.0
2024-05-09 12:03:26,138 [INFO] ThirdParty:1030 - CMSIS Pack Vendor :STMicroelectronics X-CUBE-AZRTOS-L5 2.0.0
2024-05-09 12:03:26,138 [INFO] ThirdParty:1030 - CMSIS Pack Vendor :STMicroelectronics USB_DEVICE 2.0.0
2024-05-09 12:03:26,138 [INFO] ThirdParty:1030 - CMSIS Pack Vendor :STMicroelectronics X-CUBE-NFC6 3.1.0
2024-05-09 12:03:26,139 [INFO] ThirdParty:1030 - CMSIS Pack Vendor :ITTIA_DB I-CUBE-ITTIADB 8.8.0
2024-05-09 12:03:26,139 [INFO] ThirdParty:1030 - CMSIS Pack Vendor :STMicroelectronics FP-SNS-MOTENV1 4.3.2
2024-05-09 12:03:26,140 [INFO] ThirdParty:1030 - CMSIS Pack Vendor :STMicroelectronics X-CUBE-ALGOBUILD 1.3.0
2024-05-09 12:03:26,140 [INFO] ThirdParty:1030 - CMSIS Pack Vendor :STMicroelectronics FreeRTOS 0.0.1
2024-05-09 12:03:26,141 [INFO] ThirdParty:1030 - CMSIS Pack Vendor :STMicroelectronics X-CUBE-AZRTOS-G0 1.1.0
2024-05-09 12:03:26,141 [INFO] ThirdParty:1030 - CMSIS Pack Vendor :STMicroelectronics X-CUBE-SAFEA1 1.2.2
2024-05-09 12:03:26,141 [INFO] ThirdParty:1030 - CMSIS Pack Vendor :STMicroelectronics X-CUBE-NFC4 3.0.0
2024-05-09 12:03:26,141 [INFO] ThirdParty:1030 - CMSIS Pack Vendor :STMicroelectronics X-CUBE-SUBG2 5.0.0
2024-05-09 12:03:26,141 [INFO] ThirdParty:1030 - CMSIS Pack Vendor :STMicroelectronics STM32_WPAN 1.0.0
2024-05-09 12:03:26,142 [INFO] ThirdParty:1030 - CMSIS Pack Vendor :STMicroelectronics lwIP 2.0.3
2024-05-09 12:03:26,142 [INFO] ThirdParty:1030 - CMSIS Pack Vendor :STMicroelectronics FP-SNS-FLIGHT1 5.0.2
2024-05-09 12:03:26,142 [INFO] ThirdParty:1030 - CMSIS Pack Vendor :STMicroelectronics USB_HOST 1.0.0
2024-05-09 12:03:26,142 [INFO] ThirdParty:1030 - CMSIS Pack Vendor :STMicroelectronics X-CUBE-AI 9.0.0
2024-05-09 12:03:26,142 [INFO] ThirdParty:1030 - CMSIS Pack Vendor :STMicroelectronics X-CUBE-AZRTOS-G4 2.0.0
2024-05-09 12:03:26,142 [INFO] ThirdParty:1030 - CMSIS Pack Vendor :STMicroelectronics PDM2PCM 3.1.0
2024-05-09 12:03:26,142 [INFO] ThirdParty:1030 - CMSIS Pack Vendor :Infineon AIROC-Wi-Fi-Bluetooth-STM32 1.5.1
2024-05-09 12:03:26,142 [INFO] ThirdParty:1030 - CMSIS Pack Vendor :STMicroelectronics X-CUBE-BLEMGR 3.0.0
2024-05-09 12:03:26,142 [INFO] ThirdParty:1030 - CMSIS Pack Vendor :STMicroelectronics PDM2PCM 3.3.0
2024-05-09 12:03:26,142 [INFO] ThirdParty:1030 - CMSIS Pack Vendor :STMicroelectronics X-CUBE-DISPLAY 3.0.0
2024-05-09 12:03:26,142 [INFO] ThirdParty:1030 - CMSIS Pack Vendor :STMicroelectronics FP-SNS-MOTENVWB1 1.3.1
2024-05-09 12:03:26,143 [INFO] ThirdParty:1030 - CMSIS Pack Vendor :STMicroelectronics X-CUBE-BLE1 7.0.0
2024-05-09 12:03:26,143 [INFO] ThirdParty:1030 - CMSIS Pack Vendor :STMicroelectronics FP-ATR-SIGFOX1 3.2.0
2024-05-09 12:03:26,143 [INFO] ThirdParty:1030 - CMSIS Pack Vendor :STMicroelectronics X-CUBE-ISPU 2.0.0
2024-05-09 12:03:26,143 [INFO] ThirdParty:1030 - CMSIS Pack Vendor :STMicroelectronics X-CUBE-EEPRMA1 5.1.0
2024-05-09 12:03:26,143 [INFO] ThirdParty:1030 - CMSIS Pack Vendor :STMicroelectronics HAL Drivers 0.0.0
2024-05-09 12:03:26,143 [INFO] ThirdParty:1030 - CMSIS Pack Vendor :STMicroelectronics MBEDTLS 2.16.2
2024-05-09 12:03:26,143 [INFO] ThirdParty:1030 - CMSIS Pack Vendor :emotas I-CUBE-CANOPEN 1.3.0
2024-05-09 12:03:26,143 [INFO] ThirdParty:1030 - CMSIS Pack Vendor :STMicroelectronics X-CUBE-MEMS1 10.0.0
2024-05-09 12:03:26,143 [INFO] ThirdParty:1030 - CMSIS Pack Vendor :STMicroelectronics X-CUBE-FREERTOS 1.1.0
2024-05-09 12:03:26,143 [INFO] ThirdParty:1030 - CMSIS Pack Vendor :STMicroelectronics X-CUBE-NFC7 1.0.1
2024-05-09 12:03:26,144 [INFO] ThirdParty:1030 - CMSIS Pack Vendor :STMicroelectronics MBEDTLS 2.14.1
2024-05-09 12:03:26,144 [INFO] ThirdParty:1030 - CMSIS Pack Vendor :STMicroelectronics X-CUBE-NFC6 3.0.0
2024-05-09 12:03:26,144 [INFO] ThirdParty:1030 - CMSIS Pack Vendor :portGmbH I-Cube-SoM-uGOAL 1.1.0
2024-05-09 12:03:26,145 [INFO] ThirdParty:1030 - CMSIS Pack Vendor :STMicroelectronics X-CUBE-ALS 1.0.1
2024-05-09 12:03:26,145 [INFO] ThirdParty:1030 - CMSIS Pack Vendor :STMicroelectronics X-CUBE-BLEMGR 3.1.0
2024-05-09 12:03:26,145 [INFO] ThirdParty:1030 - CMSIS Pack Vendor :STMicroelectronics ThreadX 1.0.0
2024-05-09 12:03:26,145 [INFO] ThirdParty:1030 - CMSIS Pack Vendor :STMicroelectronics FP-SNS-SMARTAG2 1.2.0
2024-05-09 12:03:26,145 [INFO] ThirdParty:1030 - CMSIS Pack Vendor :STMicroelectronics X-CUBE-AZRTOS-WL 2.0.0
2024-05-09 12:03:26,145 [INFO] ThirdParty:1030 - CMSIS Pack Vendor :SEGGER I-CUBE-embOS 1.3.1
2024-05-09 12:03:26,146 [INFO] ThirdParty:1030 - CMSIS Pack Vendor :STMicroelectronics FP-SNS-MOTENV1 5.0.0
2024-05-09 12:03:26,146 [INFO] ThirdParty:1030 - CMSIS Pack Vendor :STMicroelectronics USB_DEVICE 1.0.0
2024-05-09 12:03:26,146 [INFO] ThirdParty:1030 - CMSIS Pack Vendor :STMicroelectronics X-CUBE-AI 8.1.0
2024-05-09 12:03:26,146 [INFO] ThirdParty:1030 - CMSIS Pack Vendor :STMicroelectronics X-CUBE-AZRTOS-H7RS 1.0.0
2024-05-09 12:03:26,146 [INFO] ThirdParty:1030 - CMSIS Pack Vendor :STMicroelectronics X-CUBE-AZRTOS-L4 2.0.0
2024-05-09 12:03:26,146 [INFO] ThirdParty:1030 - CMSIS Pack Vendor :STMicroelectronics ThreadX 0.0.2
2024-05-09 12:03:26,146 [INFO] ThirdParty:1030 - CMSIS Pack Vendor :WES I-CUBE-Cesium 1.3.0
2024-05-09 12:03:26,147 [INFO] ThirdParty:1030 - CMSIS Pack Vendor :STMicroelectronics FP-ATR-ASTRA1 2.0.0
2024-05-09 12:03:26,147 [INFO] ThirdParty:1030 - CMSIS Pack Vendor :STMicroelectronics lwIP 2.1.2
2024-05-09 12:03:26,147 [INFO] ThirdParty:1030 - CMSIS Pack Vendor :STMicroelectronics X-CUBE-SFXS2LP1 4.0.0
2024-05-09 12:03:26,147 [INFO] ThirdParty:1030 - CMSIS Pack Vendor :STMicroelectronics X-CUBE-BLE2 3.3.0
2024-05-09 12:03:26,147 [INFO] ThirdParty:1030 - CMSIS Pack Vendor :STMicroelectronics X-CUBE-TOF1 3.4.0
2024-05-09 12:03:26,147 [INFO] ThirdParty:1030 - CMSIS Pack Vendor :STMicroelectronics X-CUBE-TOF1 3.4.1
2024-05-09 12:03:26,147 [INFO] ThirdParty:1030 - CMSIS Pack Vendor :STMicroelectronics X-CUBE-AZRTOS-H7 3.2.0
2024-05-09 12:03:26,147 [INFO] ThirdParty:1030 - CMSIS Pack Vendor :STMicroelectronics PDM2PCM 3.2.0
2024-05-09 12:03:26,147 [INFO] ThirdParty:841 - exiting critical section [change project]
2024-05-09 12:03:26,500 [INFO] PinOutPanel:1561 - setPackage(No Configuration,No Configuration)
2024-05-09 12:03:26,503 [INFO] PinOutPanel:1561 - setPackage(STM32F407IGHx,UFBGA176)
2024-05-09 12:03:26,984 [INFO] UtilMem:75 - Before build in PCC Used Memory: 358889672 Bytes (952107008)
2024-05-09 12:03:27,305 [INFO] UtilMem:75 - After build in PCC Used Memory: 404504776 Bytes (952107008)
2024-05-09 12:03:27,313 [INFO] ApiDbMcu:508 - Load IP Config File for FREERTOS
2024-05-09 12:03:27,349 [INFO] IPUIPlugin:80 - create IPUIPlugin
2024-05-09 12:03:27,349 [INFO] IPUIPlugin:80 - create IPUIPlugin
2024-05-09 12:03:27,349 [INFO] IPUIPlugin:80 - create IPUIPlugin
2024-05-09 12:03:27,349 [INFO] IPUIPlugin:80 - create IPUIPlugin
2024-05-09 12:03:27,349 [INFO] IPUIPlugin:80 - create IPUIPlugin
2024-05-09 12:03:27,350 [INFO] IPUIPlugin:80 - create IPUIPlugin
2024-05-09 12:03:27,350 [INFO] IPUIPlugin:80 - create IPUIPlugin
2024-05-09 12:03:27,350 [INFO] IPUIPlugin:80 - create IPUIPlugin
2024-05-09 12:03:27,351 [INFO] IPUIPlugin:80 - create IPUIPlugin
2024-05-09 12:03:27,351 [INFO] IPUIPlugin:80 - create IPUIPlugin
2024-05-09 12:03:27,351 [INFO] IPUIPlugin:80 - create IPUIPlugin
2024-05-09 12:03:27,351 [INFO] IPUIPlugin:80 - create IPUIPlugin
2024-05-09 12:03:27,351 [INFO] IPUIPlugin:80 - create IPUIPlugin
2024-05-09 12:03:27,352 [INFO] IPUIPlugin:80 - create IPUIPlugin
2024-05-09 12:03:27,352 [INFO] IPUIPlugin:80 - create IPUIPlugin
2024-05-09 12:03:27,352 [INFO] IPUIPlugin:80 - create IPUIPlugin
2024-05-09 12:03:27,352 [INFO] IPUIPlugin:80 - create IPUIPlugin
2024-05-09 12:03:27,353 [INFO] IPUIPlugin:80 - create IPUIPlugin
2024-05-09 12:03:27,353 [INFO] IPUIPlugin:80 - create IPUIPlugin
2024-05-09 12:03:27,353 [INFO] IPUIPlugin:80 - create IPUIPlugin
2024-05-09 12:03:27,353 [INFO] IPUIPlugin:80 - create IPUIPlugin
2024-05-09 12:03:27,353 [INFO] IPUIPlugin:80 - create IPUIPlugin
2024-05-09 12:03:27,354 [INFO] IPUIPlugin:80 - create IPUIPlugin
2024-05-09 12:03:27,354 [INFO] IPUIPlugin:80 - create IPUIPlugin
2024-05-09 12:03:27,354 [INFO] IPUIPlugin:80 - create IPUIPlugin
2024-05-09 12:03:27,354 [INFO] IPUIPlugin:80 - create IPUIPlugin
2024-05-09 12:03:27,355 [INFO] IPUIPlugin:80 - create IPUIPlugin
2024-05-09 12:03:27,356 [INFO] IPUIPlugin:80 - create IPUIPlugin
2024-05-09 12:03:27,356 [INFO] IPUIPlugin:80 - create IPUIPlugin
2024-05-09 12:03:27,356 [INFO] IPUIPlugin:80 - create IPUIPlugin
2024-05-09 12:03:27,356 [INFO] IPUIPlugin:80 - create IPUIPlugin
2024-05-09 12:03:27,356 [INFO] IPUIPlugin:80 - create IPUIPlugin
2024-05-09 12:03:27,357 [INFO] IPUIPlugin:80 - create IPUIPlugin
2024-05-09 12:03:27,357 [INFO] IPUIPlugin:80 - create IPUIPlugin
2024-05-09 12:03:27,357 [INFO] IPUIPlugin:80 - create IPUIPlugin
2024-05-09 12:03:27,357 [INFO] IPUIPlugin:80 - create IPUIPlugin
2024-05-09 12:03:27,357 [INFO] IPUIPlugin:80 - create IPUIPlugin
2024-05-09 12:03:27,357 [INFO] IPUIPlugin:80 - create IPUIPlugin
2024-05-09 12:03:27,357 [INFO] IPUIPlugin:80 - create IPUIPlugin
2024-05-09 12:03:27,357 [INFO] IPUIPlugin:80 - create IPUIPlugin
2024-05-09 12:03:27,357 [INFO] IPUIPlugin:80 - create IPUIPlugin
2024-05-09 12:03:27,357 [INFO] IPUIPlugin:80 - create IPUIPlugin
2024-05-09 12:03:27,358 [INFO] IPUIPlugin:80 - create IPUIPlugin
2024-05-09 12:03:27,358 [INFO] IPUIPlugin:80 - create IPUIPlugin
2024-05-09 12:03:27,358 [INFO] IPUIPlugin:80 - create IPUIPlugin
2024-05-09 12:03:27,358 [INFO] IPUIPlugin:80 - create IPUIPlugin
2024-05-09 12:03:27,358 [INFO] IPUIPlugin:80 - create IPUIPlugin
2024-05-09 12:03:27,358 [INFO] IPUIPlugin:80 - create IPUIPlugin
2024-05-09 12:03:27,358 [INFO] IPUIPlugin:80 - create IPUIPlugin
2024-05-09 12:03:27,359 [INFO] IPUIPlugin:80 - create IPUIPlugin
2024-05-09 12:03:27,359 [INFO] IPUIPlugin:80 - create IPUIPlugin
2024-05-09 12:03:27,359 [INFO] IPUIPlugin:80 - create IPUIPlugin
2024-05-09 12:03:27,359 [INFO] IPUIPlugin:80 - create IPUIPlugin
2024-05-09 12:03:27,360 [INFO] IPUIPlugin:80 - create IPUIPlugin
2024-05-09 12:03:27,360 [INFO] IPUIPlugin:80 - create IPUIPlugin
2024-05-09 12:03:27,361 [INFO] IPUIPlugin:80 - create IPUIPlugin
2024-05-09 12:03:27,361 [INFO] IPUIPlugin:80 - create IPUIPlugin
2024-05-09 12:03:27,361 [INFO] IPUIPlugin:80 - create IPUIPlugin
2024-05-09 12:03:27,364 [INFO] ApiDbMcu:508 - Load IP Config File for PDM2PCM
2024-05-09 12:03:27,366 [INFO] Can:71 - Can Add PropertyChangeListener com.st.microxplorer.plugins.ip.can.Can@3f05121e
2024-05-09 12:03:27,366 [INFO] Can:71 - Can Add PropertyChangeListener com.st.microxplorer.plugins.ip.can.Can@5568a82a
2024-05-09 12:03:27,367 [WARN] IP:2120 - I2C_Coeff_DF not found: check if there is a RefParameter without a condition.
2024-05-09 12:03:27,367 [WARN] IP:2120 - Analog_Filter not found: check if there is a RefParameter without a condition.
2024-05-09 12:03:27,378 [WARN] FreeRTOS:1023 - Null or empty value: should not occur! (nothing added to the table)
2024-05-09 12:03:27,459 [INFO] CADModel:165 - CPN selected for project levelSTM32F407IGH6
2024-05-09 12:03:27,459 [INFO] CADModel:114 - Register for checkConnection events
2024-05-09 12:03:27,462 [INFO] RtosManager:697 - Active RTOS found at IOC load: FREERTOS [Cortex-M4NS]
2024-05-09 12:03:27,504 [INFO] OpenFileManager:343 - Restore cursor
2024-05-09 12:03:27,897 [WARN] IP:2120 - I2C_Coeff_DF not found: check if there is a RefParameter without a condition.
2024-05-09 12:03:27,897 [WARN] IP:2120 - Analog_Filter not found: check if there is a RefParameter without a condition.
2024-05-09 12:03:27,897 [WARN] IP:2120 - I2C_Coeff_DF not found: check if there is a RefParameter without a condition.
2024-05-09 12:03:27,897 [WARN] IP:2120 - Analog_Filter not found: check if there is a RefParameter without a condition.
2024-05-09 12:03:38,663 [WARN] IP:2120 - I2C_Coeff_DF not found: check if there is a RefParameter without a condition.
2024-05-09 12:03:38,663 [WARN] IP:2120 - Analog_Filter not found: check if there is a RefParameter without a condition.
2024-05-09 12:03:38,664 [WARN] IP:2120 - I2C_Coeff_DF not found: check if there is a RefParameter without a condition.
2024-05-09 12:03:38,664 [WARN] IP:2120 - Analog_Filter not found: check if there is a RefParameter without a condition.
2024-05-09 12:03:38,803 [WARN] IP:2120 - I2C_Coeff_DF not found: check if there is a RefParameter without a condition.
2024-05-09 12:03:38,803 [WARN] IP:2120 - Analog_Filter not found: check if there is a RefParameter without a condition.
2024-05-09 12:03:38,931 [WARN] IP:2120 - I2C_Coeff_DF not found: check if there is a RefParameter without a condition.
2024-05-09 12:03:38,932 [WARN] IP:2120 - Analog_Filter not found: check if there is a RefParameter without a condition.
2024-05-09 12:03:41,439 [WARN] IP:2120 - I2C_Coeff_DF not found: check if there is a RefParameter without a condition.
2024-05-09 12:03:41,439 [WARN] IP:2120 - Analog_Filter not found: check if there is a RefParameter without a condition.
2024-05-09 12:03:41,441 [WARN] IP:2120 - I2C_Coeff_DF not found: check if there is a RefParameter without a condition.
2024-05-09 12:03:41,441 [WARN] IP:2120 - Analog_Filter not found: check if there is a RefParameter without a condition.
2024-05-09 12:03:41,642 [WARN] IP:2120 - I2C_Coeff_DF not found: check if there is a RefParameter without a condition.
2024-05-09 12:03:41,642 [WARN] IP:2120 - Analog_Filter not found: check if there is a RefParameter without a condition.
2024-05-09 12:03:41,741 [WARN] IP:2120 - I2C_Coeff_DF not found: check if there is a RefParameter without a condition.
2024-05-09 12:03:41,741 [WARN] IP:2120 - Analog_Filter not found: check if there is a RefParameter without a condition.
2024-05-09 12:03:43,832 [WARN] IP:2120 - I2C_Coeff_DF not found: check if there is a RefParameter without a condition.
2024-05-09 12:03:43,832 [WARN] IP:2120 - Analog_Filter not found: check if there is a RefParameter without a condition.
2024-05-09 12:03:43,832 [WARN] IP:2120 - I2C_Coeff_DF not found: check if there is a RefParameter without a condition.
2024-05-09 12:03:43,832 [WARN] IP:2120 - Analog_Filter not found: check if there is a RefParameter without a condition.
2024-05-09 12:03:43,930 [WARN] IP:2120 - I2C_Coeff_DF not found: check if there is a RefParameter without a condition.
2024-05-09 12:03:43,930 [WARN] IP:2120 - Analog_Filter not found: check if there is a RefParameter without a condition.
2024-05-09 12:03:44,039 [WARN] IP:2120 - I2C_Coeff_DF not found: check if there is a RefParameter without a condition.
2024-05-09 12:03:44,040 [WARN] IP:2120 - Analog_Filter not found: check if there is a RefParameter without a condition.
2024-05-09 12:05:24,707 [INFO] NvicIntPanel:101 - NVIC parent = com.st.microxplorer.plugins.ip.nvic.MultiNvicIntPanel[,0,0,0x0,invalid,layout=javax.swing.BoxLayout,alignmentX=0.0,alignmentY=0.0,border=,flags=9,maximumSize=,minimumSize=,preferredSize=]
2024-05-09 12:06:24,123 [INFO] UtilMem:75 - End SaveConfig() Used Memory: 553447128 Bytes (1073741824)
2024-05-09 12:06:25,557 [INFO] UtilMem:75 - End SaveConfig() Used Memory: 580785872 Bytes (1073741824)
2024-05-09 12:06:31,385 [INFO] UtilMem:75 - End SaveConfig() Used Memory: 755076520 Bytes (1073741824)
2024-05-09 12:06:34,362 [INFO] BlockDiagram:2759 - set Specific Code input for plugin: SPI
2024-05-09 12:06:34,362 [INFO] BlockDiagram:2759 - set Specific Code input for plugin: FREERTOS
2024-05-09 12:06:34,362 [INFO] BlockDiagram:2759 - set Specific Code input for plugin: TIM1_8
2024-05-09 12:06:34,362 [INFO] BlockDiagram:2759 - set Specific Code input for plugin: TIM1_8
2024-05-09 12:06:34,362 [INFO] BlockDiagram:2759 - set Specific Code input for plugin: CAN
2024-05-09 12:06:34,362 [INFO] BlockDiagram:2759 - set Specific Code input for plugin: CAN
2024-05-09 12:06:34,363 [INFO] BlockDiagram:2759 - set Specific Code input for plugin: TIM1_8
2024-05-09 12:06:34,363 [INFO] BlockDiagram:2759 - set Specific Code input for plugin: SYS
2024-05-09 12:06:34,363 [INFO] BlockDiagram:2759 - set Specific Code input for plugin: RCC
2024-05-09 12:06:34,363 [INFO] BlockDiagram:2759 - set Specific Code input for plugin: I2C
2024-05-09 12:06:34,363 [INFO] BlockDiagram:2759 - set Specific Code input for plugin: NVIC
2024-05-09 12:06:34,363 [INFO] BlockDiagram:2759 - set Specific Code input for plugin: USART
2024-05-09 12:06:34,363 [INFO] BlockDiagram:2759 - set Specific Code input for plugin: USART
2024-05-09 12:06:34,363 [INFO] BlockDiagram:2759 - set Specific Code input for plugin: USART
2024-05-09 12:06:34,363 [INFO] BlockDiagram:2759 - set Specific Code input for plugin: TIM1_8
2024-05-09 12:06:34,363 [INFO] BlockDiagram:2759 - set Specific Code input for plugin: DMA
2024-05-09 12:06:34,363 [INFO] BlockDiagram:2759 - set Specific Code input for plugin: TIM1_8
2024-05-09 12:06:34,366 [INFO] BlockDiagram:2759 - set Specific Code input for plugin: GPIO
2024-05-09 12:06:34,367 [INFO] CodeGenerator:807 - code generatio: config db path: /Applications/STM32CubeIDE.app/Contents/Eclipse/plugins/com.st.stm32cube.common.mx_6.11.1.202404110753//db/
2024-05-09 12:06:34,389 [WARN] IP:2120 - I2C_Coeff_DF not found: check if there is a RefParameter without a condition.
2024-05-09 12:06:34,389 [WARN] IP:2120 - Analog_Filter not found: check if there is a RefParameter without a condition.
2024-05-09 12:06:35,063 [INFO] CodeEngine:255 - oldGeneratedFile, /Users/liangnie/Documents/GitHub/STM32CUBEIDE/Liang Nie/RMTemplate/MXTmpFiles/license.tmp_save
2024-05-09 12:06:35,740 [INFO] CodeEngine:279 - Generated code: /Users/liangnie/Documents/GitHub/STM32CUBEIDE/Liang Nie/RMTemplate/MXTmpFiles/license.tmp
2024-05-09 12:06:35,863 [INFO] CodeEngine:255 - oldGeneratedFile, /Users/liangnie/Documents/GitHub/STM32CUBEIDE/Liang Nie/RMTemplate/MXTmpFiles/gpio.tmp_save
2024-05-09 12:06:36,064 [INFO] CodeEngine:279 - Generated code: /Users/liangnie/Documents/GitHub/STM32CUBEIDE/Liang Nie/RMTemplate/MXTmpFiles/gpio.tmp
2024-05-09 12:06:41,887 [INFO] Middleware:1439 - No code input for Bsp Dependency
2024-05-09 12:06:41,895 [INFO] CodeEngine:255 - oldGeneratedFile, /Users/liangnie/Documents/GitHub/STM32CUBEIDE/Liang Nie/RMTemplate/MXTmpFiles/rtos_inc.tmp_save
2024-05-09 12:06:42,018 [INFO] CodeEngine:279 - Generated code: /Users/liangnie/Documents/GitHub/STM32CUBEIDE/Liang Nie/RMTemplate/MXTmpFiles/rtos_inc.tmp
2024-05-09 12:06:42,022 [INFO] CodeEngine:255 - oldGeneratedFile, /Users/liangnie/Documents/GitHub/STM32CUBEIDE/Liang Nie/RMTemplate/MXTmpFiles/rtos_kernelInit.tmp_save
2024-05-09 12:06:42,120 [INFO] CodeEngine:279 - Generated code: /Users/liangnie/Documents/GitHub/STM32CUBEIDE/Liang Nie/RMTemplate/MXTmpFiles/rtos_kernelInit.tmp
2024-05-09 12:06:42,122 [INFO] CodeEngine:255 - oldGeneratedFile, /Users/liangnie/Documents/GitHub/STM32CUBEIDE/Liang Nie/RMTemplate/MXTmpFiles/rtos_kernelStart.tmp_save
2024-05-09 12:06:42,217 [INFO] CodeEngine:279 - Generated code: /Users/liangnie/Documents/GitHub/STM32CUBEIDE/Liang Nie/RMTemplate/MXTmpFiles/rtos_kernelStart.tmp
2024-05-09 12:06:42,220 [INFO] CodeEngine:255 - oldGeneratedFile, /Users/liangnie/Documents/GitHub/STM32CUBEIDE/Liang Nie/RMTemplate/MXTmpFiles/rtos_typedefs.tmp_save
2024-05-09 12:06:42,319 [INFO] CodeEngine:279 - Generated code: /Users/liangnie/Documents/GitHub/STM32CUBEIDE/Liang Nie/RMTemplate/MXTmpFiles/rtos_typedefs.tmp
2024-05-09 12:06:42,322 [INFO] CodeEngine:255 - oldGeneratedFile, /Users/liangnie/Documents/GitHub/STM32CUBEIDE/Liang Nie/RMTemplate/MXTmpFiles/rtos_vars.tmp_save
2024-05-09 12:06:42,426 [INFO] CodeEngine:279 - Generated code: /Users/liangnie/Documents/GitHub/STM32CUBEIDE/Liang Nie/RMTemplate/MXTmpFiles/rtos_vars.tmp
2024-05-09 12:06:42,429 [INFO] CodeEngine:255 - oldGeneratedFile, /Users/liangnie/Documents/GitHub/STM32CUBEIDE/Liang Nie/RMTemplate/MXTmpFiles/rtos_pfp.tmp_save
2024-05-09 12:06:42,522 [INFO] CodeEngine:279 - Generated code: /Users/liangnie/Documents/GitHub/STM32CUBEIDE/Liang Nie/RMTemplate/MXTmpFiles/rtos_pfp.tmp
2024-05-09 12:06:42,524 [INFO] CodeEngine:255 - oldGeneratedFile, /Users/liangnie/Documents/GitHub/STM32CUBEIDE/Liang Nie/RMTemplate/MXTmpFiles/rtos_obj_creat.tmp_save
2024-05-09 12:06:42,621 [INFO] CodeEngine:279 - Generated code: /Users/liangnie/Documents/GitHub/STM32CUBEIDE/Liang Nie/RMTemplate/MXTmpFiles/rtos_obj_creat.tmp
2024-05-09 12:06:42,623 [INFO] CodeEngine:255 - oldGeneratedFile, /Users/liangnie/Documents/GitHub/STM32CUBEIDE/Liang Nie/RMTemplate/MXTmpFiles/rtos_default_thread.tmp_save
2024-05-09 12:06:42,719 [INFO] CodeEngine:279 - Generated code: /Users/liangnie/Documents/GitHub/STM32CUBEIDE/Liang Nie/RMTemplate/MXTmpFiles/rtos_default_thread.tmp
2024-05-09 12:06:42,722 [INFO] CodeEngine:255 - oldGeneratedFile, /Users/liangnie/Documents/GitHub/STM32CUBEIDE/Liang Nie/RMTemplate/MXTmpFiles/rtos_threads.tmp_save
2024-05-09 12:06:42,821 [INFO] CodeEngine:279 - Generated code: /Users/liangnie/Documents/GitHub/STM32CUBEIDE/Liang Nie/RMTemplate/MXTmpFiles/rtos_threads.tmp
2024-05-09 12:06:42,833 [INFO] Middleware:1439 - No code input for Bsp Dependency
2024-05-09 12:06:42,838 [INFO] CodeEngine:255 - oldGeneratedFile, /Users/liangnie/Documents/GitHub/STM32CUBEIDE/Liang Nie/RMTemplate/MXTmpFiles/rtos_inc.tmp_save
2024-05-09 12:06:42,927 [INFO] CodeEngine:279 - Generated code: /Users/liangnie/Documents/GitHub/STM32CUBEIDE/Liang Nie/RMTemplate/MXTmpFiles/rtos_inc.tmp
2024-05-09 12:06:42,930 [INFO] CodeEngine:255 - oldGeneratedFile, /Users/liangnie/Documents/GitHub/STM32CUBEIDE/Liang Nie/RMTemplate/MXTmpFiles/rtos_kernelInit.tmp_save
2024-05-09 12:06:43,013 [INFO] CodeEngine:279 - Generated code: /Users/liangnie/Documents/GitHub/STM32CUBEIDE/Liang Nie/RMTemplate/MXTmpFiles/rtos_kernelInit.tmp
2024-05-09 12:06:43,015 [INFO] CodeEngine:255 - oldGeneratedFile, /Users/liangnie/Documents/GitHub/STM32CUBEIDE/Liang Nie/RMTemplate/MXTmpFiles/rtos_kernelStart.tmp_save
2024-05-09 12:06:43,115 [INFO] CodeEngine:279 - Generated code: /Users/liangnie/Documents/GitHub/STM32CUBEIDE/Liang Nie/RMTemplate/MXTmpFiles/rtos_kernelStart.tmp
2024-05-09 12:06:43,121 [INFO] CodeEngine:255 - oldGeneratedFile, /Users/liangnie/Documents/GitHub/STM32CUBEIDE/Liang Nie/RMTemplate/MXTmpFiles/rtos_typedefs.tmp_save
2024-05-09 12:06:43,223 [INFO] CodeEngine:279 - Generated code: /Users/liangnie/Documents/GitHub/STM32CUBEIDE/Liang Nie/RMTemplate/MXTmpFiles/rtos_typedefs.tmp
2024-05-09 12:06:43,227 [INFO] CodeEngine:255 - oldGeneratedFile, /Users/liangnie/Documents/GitHub/STM32CUBEIDE/Liang Nie/RMTemplate/MXTmpFiles/rtos_vars.tmp_save
2024-05-09 12:06:43,315 [INFO] CodeEngine:279 - Generated code: /Users/liangnie/Documents/GitHub/STM32CUBEIDE/Liang Nie/RMTemplate/MXTmpFiles/rtos_vars.tmp
2024-05-09 12:06:43,320 [INFO] CodeEngine:255 - oldGeneratedFile, /Users/liangnie/Documents/GitHub/STM32CUBEIDE/Liang Nie/RMTemplate/MXTmpFiles/rtos_pfp.tmp_save
2024-05-09 12:06:43,406 [INFO] CodeEngine:279 - Generated code: /Users/liangnie/Documents/GitHub/STM32CUBEIDE/Liang Nie/RMTemplate/MXTmpFiles/rtos_pfp.tmp
2024-05-09 12:06:43,410 [INFO] CodeEngine:255 - oldGeneratedFile, /Users/liangnie/Documents/GitHub/STM32CUBEIDE/Liang Nie/RMTemplate/MXTmpFiles/rtos_obj_creat.tmp_save
2024-05-09 12:06:43,517 [INFO] CodeEngine:279 - Generated code: /Users/liangnie/Documents/GitHub/STM32CUBEIDE/Liang Nie/RMTemplate/MXTmpFiles/rtos_obj_creat.tmp
2024-05-09 12:06:43,521 [INFO] CodeEngine:255 - oldGeneratedFile, /Users/liangnie/Documents/GitHub/STM32CUBEIDE/Liang Nie/RMTemplate/MXTmpFiles/rtos_default_thread.tmp_save
2024-05-09 12:06:43,610 [INFO] CodeEngine:279 - Generated code: /Users/liangnie/Documents/GitHub/STM32CUBEIDE/Liang Nie/RMTemplate/MXTmpFiles/rtos_default_thread.tmp
2024-05-09 12:06:43,613 [INFO] CodeEngine:255 - oldGeneratedFile, /Users/liangnie/Documents/GitHub/STM32CUBEIDE/Liang Nie/RMTemplate/MXTmpFiles/rtos_threads.tmp_save
2024-05-09 12:06:43,702 [INFO] CodeEngine:279 - Generated code: /Users/liangnie/Documents/GitHub/STM32CUBEIDE/Liang Nie/RMTemplate/MXTmpFiles/rtos_threads.tmp
2024-05-09 12:06:43,705 [INFO] CodeEngine:255 - oldGeneratedFile, /Users/liangnie/Documents/GitHub/STM32CUBEIDE/Liang Nie/RMTemplate/Core/Inc/FreeRTOSConfig.h_save
2024-05-09 12:06:43,840 [INFO] CodeEngine:279 - Generated code: /Users/liangnie/Documents/GitHub/STM32CUBEIDE/Liang Nie/RMTemplate/Core/Inc/FreeRTOSConfig.h
2024-05-09 12:06:43,845 [INFO] CodeEngine:255 - oldGeneratedFile, /Users/liangnie/Documents/GitHub/STM32CUBEIDE/Liang Nie/RMTemplate/Core/Src/freertos.c_save
2024-05-09 12:06:43,955 [INFO] CodeEngine:279 - Generated code: /Users/liangnie/Documents/GitHub/STM32CUBEIDE/Liang Nie/RMTemplate/Core/Src/freertos.c
2024-05-09 12:06:44,622 [INFO] CodeEngine:255 - oldGeneratedFile, /Users/liangnie/Documents/GitHub/STM32CUBEIDE/Liang Nie/RMTemplate/MXTmpFiles/dma.tmp_save
2024-05-09 12:06:44,777 [INFO] CodeEngine:279 - Generated code: /Users/liangnie/Documents/GitHub/STM32CUBEIDE/Liang Nie/RMTemplate/MXTmpFiles/dma.tmp
2024-05-09 12:06:44,780 [INFO] CodeEngine:255 - oldGeneratedFile, /Users/liangnie/Documents/GitHub/STM32CUBEIDE/Liang Nie/RMTemplate/MXTmpFiles/dma_GV.tmp_save
2024-05-09 12:06:44,871 [INFO] CodeEngine:279 - Generated code: /Users/liangnie/Documents/GitHub/STM32CUBEIDE/Liang Nie/RMTemplate/MXTmpFiles/dma_GV.tmp
2024-05-09 12:06:44,899 [INFO] CodeEngine:255 - oldGeneratedFile, /Users/liangnie/Documents/GitHub/STM32CUBEIDE/Liang Nie/RMTemplate/Core/Src/stm32f4xx_it.c_save
2024-05-09 12:06:45,288 [INFO] CodeEngine:279 - Generated code: /Users/liangnie/Documents/GitHub/STM32CUBEIDE/Liang Nie/RMTemplate/Core/Src/stm32f4xx_it.c
2024-05-09 12:06:45,294 [INFO] CodeEngine:255 - oldGeneratedFile, /Users/liangnie/Documents/GitHub/STM32CUBEIDE/Liang Nie/RMTemplate/Core/Inc/stm32f4xx_it.h_save
2024-05-09 12:06:45,563 [INFO] CodeEngine:279 - Generated code: /Users/liangnie/Documents/GitHub/STM32CUBEIDE/Liang Nie/RMTemplate/Core/Inc/stm32f4xx_it.h
2024-05-09 12:06:45,625 [INFO] CodeEngine:255 - oldGeneratedFile, /Users/liangnie/Documents/GitHub/STM32CUBEIDE/Liang Nie/RMTemplate/Core/Src/stm32f4xx_hal_msp.c_save
2024-05-09 12:06:46,242 [INFO] CodeEngine:279 - Generated code: /Users/liangnie/Documents/GitHub/STM32CUBEIDE/Liang Nie/RMTemplate/Core/Src/stm32f4xx_hal_msp.c
2024-05-09 12:06:46,247 [INFO] CodeEngine:255 - oldGeneratedFile, /Users/liangnie/Documents/GitHub/STM32CUBEIDE/Liang Nie/RMTemplate/MXTmpFiles/system.tmp_save
2024-05-09 12:06:46,372 [INFO] CodeEngine:279 - Generated code: /Users/liangnie/Documents/GitHub/STM32CUBEIDE/Liang Nie/RMTemplate/MXTmpFiles/system.tmp
2024-05-09 12:06:46,379 [INFO] CodeEngine:311 - oldGeneratedFile, /Users/liangnie/Documents/GitHub/STM32CUBEIDE/Liang Nie/RMTemplate/Core/Inc/stm32f4xx_hal_conf.h_save
2024-05-09 12:06:46,570 [INFO] CodeEngine:335 - Generated code: /Users/liangnie/Documents/GitHub/STM32CUBEIDE/Liang Nie/RMTemplate/Core/Inc/stm32f4xx_hal_conf.h
2024-05-09 12:06:46,639 [WARN] IPConfigManager:3513 - IP not found : TIM
2024-05-09 12:06:46,641 [WARN] CodeGenerator:3951 - IP not found : null
2024-05-09 12:06:46,645 [INFO] CodeEngine:255 - oldGeneratedFile, /Users/liangnie/Documents/GitHub/STM32CUBEIDE/Liang Nie/RMTemplate/Core/Inc/main.h_save
2024-05-09 12:06:46,851 [INFO] CodeEngine:279 - Generated code: /Users/liangnie/Documents/GitHub/STM32CUBEIDE/Liang Nie/RMTemplate/Core/Inc/main.h
2024-05-09 12:06:46,856 [INFO] CodeEngine:255 - oldGeneratedFile, /Users/liangnie/Documents/GitHub/STM32CUBEIDE/Liang Nie/RMTemplate/Core/Src/main.c_save
2024-05-09 12:06:47,422 [INFO] CodeEngine:279 - Generated code: /Users/liangnie/Documents/GitHub/STM32CUBEIDE/Liang Nie/RMTemplate/Core/Src/main.c
2024-05-09 12:06:47,994 [INFO] ProjectBuilder:3163 - Time for Copy HAL[1] : 247mS.
2024-05-09 12:06:48,004 [INFO] ProjectBuilder:4736 - Project Generator version: 4.3.0-B58
2024-05-09 12:06:48,177 [INFO] ConfigFileManager:1503 - The Die is : DIE413
2024-05-09 12:06:48,187 [INFO] ApiDbMcu:508 - Load IP Config File for FATFS
2024-05-09 12:06:48,189 [INFO] ApiDbMcu:508 - Load IP Config File for LIBJPEG
2024-05-09 12:06:48,196 [INFO] ApiDbMcu:508 - Load IP Config File for LWIP
2024-05-09 12:06:48,206 [INFO] ApiDbMcu:508 - Load IP Config File for MBEDTLS
2024-05-09 12:06:48,215 [INFO] ApiDbMcu:508 - Load IP Config File for USB_DEVICE
2024-05-09 12:06:48,220 [INFO] ApiDbMcu:508 - Load IP Config File for USB_HOST
2024-05-09 12:06:50,131 [INFO] ProjectBuilder:5002 - Time for Generating toolchain IDE Files: 2126mS.
2024-05-09 12:06:50,135 [INFO] ProjectBuilder:3034 - Time for Copy CMSIS : 1mS.
2024-05-09 12:06:50,139 [INFO] ProjectBuilder:3034 - Time for Copy CMSIS : 0mS.
2024-05-09 12:47:54,570 [INFO] NvicIntPanel:101 - NVIC parent = com.st.microxplorer.plugins.ip.nvic.MultiNvicIntPanel[,0,0,0x0,invalid,layout=javax.swing.BoxLayout,alignmentX=0.0,alignmentY=0.0,border=,flags=9,maximumSize=,minimumSize=,preferredSize=]
2024-05-09 12:48:00,323 [INFO] NvicIntPanel:101 - NVIC parent = com.st.microxplorer.plugins.ip.nvic.MultiNvicIntPanel[,0,0,0x0,invalid,layout=javax.swing.BoxLayout,alignmentX=0.0,alignmentY=0.0,border=,flags=9,maximumSize=,minimumSize=,preferredSize=]
2024-05-09 12:48:03,819 [INFO] NvicIntPanel:101 - NVIC parent = com.st.microxplorer.plugins.ip.nvic.MultiNvicIntPanel[,0,0,0x0,invalid,layout=javax.swing.BoxLayout,alignmentX=0.0,alignmentY=0.0,border=,flags=9,maximumSize=,minimumSize=,preferredSize=]
2024-05-09 12:48:07,755 [INFO] UtilMem:75 - End SaveConfig() Used Memory: 360908152 Bytes (1037041664)
2024-05-09 12:48:09,621 [INFO] UtilMem:75 - End SaveConfig() Used Memory: 388697464 Bytes (1037041664)
2024-05-09 12:48:13,532 [INFO] UtilMem:75 - End SaveConfig() Used Memory: 443745656 Bytes (1037041664)
2024-05-09 12:48:37,997 [INFO] UtilMem:75 - End SaveConfig() Used Memory: 447462128 Bytes (989855744)
2024-05-09 12:48:40,001 [INFO] UtilMem:75 - End SaveConfig() Used Memory: 476822256 Bytes (989855744)
2024-05-09 12:48:43,091 [INFO] UtilMem:75 - End SaveConfig() Used Memory: 608942832 Bytes (989855744)
2024-05-09 12:48:44,719 [INFO] BlockDiagram:2759 - set Specific Code input for plugin: SPI
2024-05-09 12:48:44,719 [INFO] BlockDiagram:2759 - set Specific Code input for plugin: FREERTOS
2024-05-09 12:48:44,719 [INFO] BlockDiagram:2759 - set Specific Code input for plugin: TIM1_8
2024-05-09 12:48:44,719 [INFO] BlockDiagram:2759 - set Specific Code input for plugin: TIM1_8
2024-05-09 12:48:44,719 [INFO] BlockDiagram:2759 - set Specific Code input for plugin: CAN
2024-05-09 12:48:44,719 [INFO] BlockDiagram:2759 - set Specific Code input for plugin: CAN
2024-05-09 12:48:44,719 [INFO] BlockDiagram:2759 - set Specific Code input for plugin: TIM1_8
2024-05-09 12:48:44,720 [INFO] BlockDiagram:2759 - set Specific Code input for plugin: SYS
2024-05-09 12:48:44,720 [INFO] BlockDiagram:2759 - set Specific Code input for plugin: RCC
2024-05-09 12:48:44,720 [INFO] BlockDiagram:2759 - set Specific Code input for plugin: I2C
2024-05-09 12:48:44,720 [INFO] BlockDiagram:2759 - set Specific Code input for plugin: NVIC
2024-05-09 12:48:44,720 [INFO] BlockDiagram:2759 - set Specific Code input for plugin: USART
2024-05-09 12:48:44,720 [INFO] BlockDiagram:2759 - set Specific Code input for plugin: USART
2024-05-09 12:48:44,720 [INFO] BlockDiagram:2759 - set Specific Code input for plugin: USART
2024-05-09 12:48:44,720 [INFO] BlockDiagram:2759 - set Specific Code input for plugin: TIM1_8
2024-05-09 12:48:44,720 [INFO] BlockDiagram:2759 - set Specific Code input for plugin: DMA
2024-05-09 12:48:44,720 [INFO] BlockDiagram:2759 - set Specific Code input for plugin: TIM1_8
2024-05-09 12:48:44,721 [INFO] BlockDiagram:2759 - set Specific Code input for plugin: GPIO
2024-05-09 12:48:44,722 [INFO] CodeGenerator:807 - code generatio: config db path: /Applications/STM32CubeIDE.app/Contents/Eclipse/plugins/com.st.stm32cube.common.mx_6.11.1.202404110753//db/
2024-05-09 12:48:44,740 [WARN] IP:2120 - I2C_Coeff_DF not found: check if there is a RefParameter without a condition.
2024-05-09 12:48:44,740 [WARN] IP:2120 - Analog_Filter not found: check if there is a RefParameter without a condition.
2024-05-09 12:48:44,767 [INFO] Argument:325 - Argument : hdmavalue: null
2024-05-09 12:48:44,767 [INFO] Argument:327 - 	 sub Args: 
2024-05-09 12:48:44,767 [INFO] Argument:325 - Argument : Instancevalue: DMA2_Stream3
2024-05-09 12:48:44,767 [INFO] Argument:335 - Argument : Instancevalue: DMA2_Stream3
2024-05-09 12:48:44,767 [INFO] Argument:325 - Argument : Initvalue: null
2024-05-09 12:48:44,768 [INFO] Argument:327 - 	 sub Args: 
2024-05-09 12:48:44,768 [INFO] Argument:325 - Argument : Channelvalue: DMA_CHANNEL_6
2024-05-09 12:48:44,768 [INFO] Argument:335 - Argument : Channelvalue: DMA_CHANNEL_6
2024-05-09 12:48:44,768 [INFO] Argument:325 - Argument : Directionvalue: DMA_PERIPH_TO_MEMORY
2024-05-09 12:48:44,768 [INFO] Argument:335 - Argument : Directionvalue: DMA_PERIPH_TO_MEMORY
2024-05-09 12:48:44,769 [INFO] Argument:325 - Argument : PeriphIncvalue: DMA_PINC_DISABLE
2024-05-09 12:48:44,770 [INFO] Argument:335 - Argument : PeriphIncvalue: DMA_PINC_DISABLE
2024-05-09 12:48:44,770 [INFO] Argument:325 - Argument : MemIncvalue: DMA_MINC_ENABLE
2024-05-09 12:48:44,770 [INFO] Argument:335 - Argument : MemIncvalue: DMA_MINC_ENABLE
2024-05-09 12:48:44,770 [INFO] Argument:325 - Argument : PeriphDataAlignmentvalue: DMA_PDATAALIGN_HALFWORD
2024-05-09 12:48:44,770 [INFO] Argument:335 - Argument : PeriphDataAlignmentvalue: DMA_PDATAALIGN_HALFWORD
2024-05-09 12:48:44,770 [INFO] Argument:325 - Argument : MemDataAlignmentvalue: DMA_MDATAALIGN_HALFWORD
2024-05-09 12:48:44,771 [INFO] Argument:335 - Argument : MemDataAlignmentvalue: DMA_MDATAALIGN_HALFWORD
2024-05-09 12:48:44,771 [INFO] Argument:325 - Argument : Modevalue: DMA_NORMAL
2024-05-09 12:48:44,771 [INFO] Argument:335 - Argument : Modevalue: DMA_NORMAL
2024-05-09 12:48:44,771 [INFO] Argument:325 - Argument : Priorityvalue: DMA_PRIORITY_LOW
2024-05-09 12:48:44,771 [INFO] Argument:335 - Argument : Priorityvalue: DMA_PRIORITY_LOW
2024-05-09 12:48:44,771 [INFO] Argument:325 - Argument : FIFOModevalue: DMA_FIFOMODE_DISABLE
2024-05-09 12:48:44,772 [INFO] Argument:335 - Argument : FIFOModevalue: DMA_FIFOMODE_DISABLE
2024-05-09 12:48:44,772 [INFO] Argument:325 - Argument : FIFOThresholdvalue: null
2024-05-09 12:48:44,772 [INFO] Argument:335 - Argument : FIFOThresholdvalue: null
2024-05-09 12:48:44,772 [INFO] Argument:325 - Argument : MemBurstvalue: null
2024-05-09 12:48:44,772 [INFO] Argument:335 - Argument : MemBurstvalue: null
2024-05-09 12:48:44,772 [INFO] Argument:325 - Argument : PeriphBurstvalue: null
2024-05-09 12:48:44,772 [INFO] Argument:335 - Argument : PeriphBurstvalue: null
2024-05-09 12:48:44,772 [INFO] Argument:325 - Argument : Lockvalue: null
2024-05-09 12:48:44,773 [INFO] Argument:335 - Argument : Lockvalue: null
2024-05-09 12:48:44,773 [INFO] Argument:325 - Argument : Statevalue: null
2024-05-09 12:48:44,773 [INFO] Argument:335 - Argument : Statevalue: null
2024-05-09 12:48:44,773 [INFO] Argument:325 - Argument : Parentvalue: null
2024-05-09 12:48:44,773 [INFO] Argument:335 - Argument : Parentvalue: null
2024-05-09 12:48:44,773 [INFO] Argument:325 - Argument : XferCpltCallbackvalue: null
2024-05-09 12:48:44,774 [INFO] Argument:335 - Argument : XferCpltCallbackvalue: null
2024-05-09 12:48:44,774 [INFO] Argument:325 - Argument : XferHalfCpltCallbackvalue: null
2024-05-09 12:48:44,774 [INFO] Argument:335 - Argument : XferHalfCpltCallbackvalue: null
2024-05-09 12:48:44,774 [INFO] Argument:325 - Argument : XferM1CpltCallbackvalue: null
2024-05-09 12:48:44,774 [INFO] Argument:335 - Argument : XferM1CpltCallbackvalue: null
2024-05-09 12:48:44,774 [INFO] Argument:325 - Argument : XferErrorCallbackvalue: null
2024-05-09 12:48:44,774 [INFO] Argument:335 - Argument : XferErrorCallbackvalue: null
2024-05-09 12:48:44,774 [INFO] Argument:325 - Argument : ErrorCodevalue: null
2024-05-09 12:48:44,774 [INFO] Argument:335 - Argument : ErrorCodevalue: null
2024-05-09 12:48:44,780 [INFO] Argument:325 - Argument : hdmavalue: null
2024-05-09 12:48:44,780 [INFO] Argument:327 - 	 sub Args: 
2024-05-09 12:48:44,780 [INFO] Argument:325 - Argument : Instancevalue: DMA1_Stream7
2024-05-09 12:48:44,780 [INFO] Argument:335 - Argument : Instancevalue: DMA1_Stream7
2024-05-09 12:48:44,780 [INFO] Argument:325 - Argument : Initvalue: null
2024-05-09 12:48:44,780 [INFO] Argument:327 - 	 sub Args: 
2024-05-09 12:48:44,781 [INFO] Argument:325 - Argument : Channelvalue: DMA_CHANNEL_2
2024-05-09 12:48:44,781 [INFO] Argument:335 - Argument : Channelvalue: DMA_CHANNEL_2
2024-05-09 12:48:44,781 [INFO] Argument:325 - Argument : Directionvalue: DMA_PERIPH_TO_MEMORY
2024-05-09 12:48:44,781 [INFO] Argument:335 - Argument : Directionvalue: DMA_PERIPH_TO_MEMORY
2024-05-09 12:48:44,781 [INFO] Argument:325 - Argument : PeriphIncvalue: DMA_PINC_DISABLE
2024-05-09 12:48:44,781 [INFO] Argument:335 - Argument : PeriphIncvalue: DMA_PINC_DISABLE
2024-05-09 12:48:44,781 [INFO] Argument:325 - Argument : MemIncvalue: DMA_MINC_ENABLE
2024-05-09 12:48:44,781 [INFO] Argument:335 - Argument : MemIncvalue: DMA_MINC_ENABLE
2024-05-09 12:48:44,781 [INFO] Argument:325 - Argument : PeriphDataAlignmentvalue: DMA_PDATAALIGN_HALFWORD
2024-05-09 12:48:44,781 [INFO] Argument:335 - Argument : PeriphDataAlignmentvalue: DMA_PDATAALIGN_HALFWORD
2024-05-09 12:48:44,781 [INFO] Argument:325 - Argument : MemDataAlignmentvalue: DMA_MDATAALIGN_HALFWORD
2024-05-09 12:48:44,781 [INFO] Argument:335 - Argument : MemDataAlignmentvalue: DMA_MDATAALIGN_HALFWORD
2024-05-09 12:48:44,781 [INFO] Argument:325 - Argument : Modevalue: DMA_NORMAL
2024-05-09 12:48:44,781 [INFO] Argument:335 - Argument : Modevalue: DMA_NORMAL
2024-05-09 12:48:44,781 [INFO] Argument:325 - Argument : Priorityvalue: DMA_PRIORITY_LOW
2024-05-09 12:48:44,781 [INFO] Argument:335 - Argument : Priorityvalue: DMA_PRIORITY_LOW
2024-05-09 12:48:44,781 [INFO] Argument:325 - Argument : FIFOModevalue: DMA_FIFOMODE_DISABLE
2024-05-09 12:48:44,781 [INFO] Argument:335 - Argument : FIFOModevalue: DMA_FIFOMODE_DISABLE
2024-05-09 12:48:44,781 [INFO] Argument:325 - Argument : FIFOThresholdvalue: null
2024-05-09 12:48:44,781 [INFO] Argument:335 - Argument : FIFOThresholdvalue: null
2024-05-09 12:48:44,781 [INFO] Argument:325 - Argument : MemBurstvalue: null
2024-05-09 12:48:44,781 [INFO] Argument:335 - Argument : MemBurstvalue: null
2024-05-09 12:48:44,781 [INFO] Argument:325 - Argument : PeriphBurstvalue: null
2024-05-09 12:48:44,781 [INFO] Argument:335 - Argument : PeriphBurstvalue: null
2024-05-09 12:48:44,781 [INFO] Argument:325 - Argument : Lockvalue: null
2024-05-09 12:48:44,781 [INFO] Argument:335 - Argument : Lockvalue: null
2024-05-09 12:48:44,781 [INFO] Argument:325 - Argument : Statevalue: null
2024-05-09 12:48:44,781 [INFO] Argument:335 - Argument : Statevalue: null
2024-05-09 12:48:44,781 [INFO] Argument:325 - Argument : Parentvalue: null
2024-05-09 12:48:44,781 [INFO] Argument:335 - Argument : Parentvalue: null
2024-05-09 12:48:44,781 [INFO] Argument:325 - Argument : XferCpltCallbackvalue: null
2024-05-09 12:48:44,781 [INFO] Argument:335 - Argument : XferCpltCallbackvalue: null
2024-05-09 12:48:44,781 [INFO] Argument:325 - Argument : XferHalfCpltCallbackvalue: null
2024-05-09 12:48:44,781 [INFO] Argument:335 - Argument : XferHalfCpltCallbackvalue: null
2024-05-09 12:48:44,781 [INFO] Argument:325 - Argument : XferM1CpltCallbackvalue: null
2024-05-09 12:48:44,782 [INFO] Argument:335 - Argument : XferM1CpltCallbackvalue: null
2024-05-09 12:48:44,782 [INFO] Argument:325 - Argument : XferErrorCallbackvalue: null
2024-05-09 12:48:44,782 [INFO] Argument:335 - Argument : XferErrorCallbackvalue: null
2024-05-09 12:48:44,782 [INFO] Argument:325 - Argument : ErrorCodevalue: null
2024-05-09 12:48:44,782 [INFO] Argument:335 - Argument : ErrorCodevalue: null
2024-05-09 12:48:44,800 [INFO] Argument:325 - Argument : hdmavalue: null
2024-05-09 12:48:44,800 [INFO] Argument:327 - 	 sub Args: 
2024-05-09 12:48:44,800 [INFO] Argument:325 - Argument : Instancevalue: DMA2_Stream7
2024-05-09 12:48:44,800 [INFO] Argument:335 - Argument : Instancevalue: DMA2_Stream7
2024-05-09 12:48:44,800 [INFO] Argument:325 - Argument : Initvalue: null
2024-05-09 12:48:44,800 [INFO] Argument:327 - 	 sub Args: 
2024-05-09 12:48:44,800 [INFO] Argument:325 - Argument : Channelvalue: DMA_CHANNEL_4
2024-05-09 12:48:44,800 [INFO] Argument:335 - Argument : Channelvalue: DMA_CHANNEL_4
2024-05-09 12:48:44,800 [INFO] Argument:325 - Argument : Directionvalue: DMA_MEMORY_TO_PERIPH
2024-05-09 12:48:44,800 [INFO] Argument:335 - Argument : Directionvalue: DMA_MEMORY_TO_PERIPH
2024-05-09 12:48:44,800 [INFO] Argument:325 - Argument : PeriphIncvalue: DMA_PINC_DISABLE
2024-05-09 12:48:44,800 [INFO] Argument:335 - Argument : PeriphIncvalue: DMA_PINC_DISABLE
2024-05-09 12:48:44,801 [INFO] Argument:325 - Argument : MemIncvalue: DMA_MINC_ENABLE
2024-05-09 12:48:44,801 [INFO] Argument:335 - Argument : MemIncvalue: DMA_MINC_ENABLE
2024-05-09 12:48:44,801 [INFO] Argument:325 - Argument : PeriphDataAlignmentvalue: DMA_PDATAALIGN_BYTE
2024-05-09 12:48:44,801 [INFO] Argument:335 - Argument : PeriphDataAlignmentvalue: DMA_PDATAALIGN_BYTE
2024-05-09 12:48:44,801 [INFO] Argument:325 - Argument : MemDataAlignmentvalue: DMA_MDATAALIGN_BYTE
2024-05-09 12:48:44,801 [INFO] Argument:335 - Argument : MemDataAlignmentvalue: DMA_MDATAALIGN_BYTE
2024-05-09 12:48:44,801 [INFO] Argument:325 - Argument : Modevalue: DMA_NORMAL
2024-05-09 12:48:44,801 [INFO] Argument:335 - Argument : Modevalue: DMA_NORMAL
2024-05-09 12:48:44,801 [INFO] Argument:325 - Argument : Priorityvalue: DMA_PRIORITY_VERY_HIGH
2024-05-09 12:48:44,801 [INFO] Argument:335 - Argument : Priorityvalue: DMA_PRIORITY_VERY_HIGH
2024-05-09 12:48:44,801 [INFO] Argument:325 - Argument : FIFOModevalue: DMA_FIFOMODE_DISABLE
2024-05-09 12:48:44,801 [INFO] Argument:335 - Argument : FIFOModevalue: DMA_FIFOMODE_DISABLE
2024-05-09 12:48:44,801 [INFO] Argument:325 - Argument : FIFOThresholdvalue: null
2024-05-09 12:48:44,801 [INFO] Argument:335 - Argument : FIFOThresholdvalue: null
2024-05-09 12:48:44,801 [INFO] Argument:325 - Argument : MemBurstvalue: null
2024-05-09 12:48:44,801 [INFO] Argument:335 - Argument : MemBurstvalue: null
2024-05-09 12:48:44,801 [INFO] Argument:325 - Argument : PeriphBurstvalue: null
2024-05-09 12:48:44,801 [INFO] Argument:335 - Argument : PeriphBurstvalue: null
2024-05-09 12:48:44,801 [INFO] Argument:325 - Argument : Lockvalue: null
2024-05-09 12:48:44,801 [INFO] Argument:335 - Argument : Lockvalue: null
2024-05-09 12:48:44,801 [INFO] Argument:325 - Argument : Statevalue: null
2024-05-09 12:48:44,801 [INFO] Argument:335 - Argument : Statevalue: null
2024-05-09 12:48:44,801 [INFO] Argument:325 - Argument : Parentvalue: null
2024-05-09 12:48:44,801 [INFO] Argument:335 - Argument : Parentvalue: null
2024-05-09 12:48:44,802 [INFO] Argument:325 - Argument : XferCpltCallbackvalue: null
2024-05-09 12:48:44,802 [INFO] Argument:335 - Argument : XferCpltCallbackvalue: null
2024-05-09 12:48:44,802 [INFO] Argument:325 - Argument : XferHalfCpltCallbackvalue: null
2024-05-09 12:48:44,802 [INFO] Argument:335 - Argument : XferHalfCpltCallbackvalue: null
2024-05-09 12:48:44,802 [INFO] Argument:325 - Argument : XferM1CpltCallbackvalue: null
2024-05-09 12:48:44,802 [INFO] Argument:335 - Argument : XferM1CpltCallbackvalue: null
2024-05-09 12:48:44,802 [INFO] Argument:325 - Argument : XferErrorCallbackvalue: null
2024-05-09 12:48:44,802 [INFO] Argument:335 - Argument : XferErrorCallbackvalue: null
2024-05-09 12:48:44,802 [INFO] Argument:325 - Argument : ErrorCodevalue: null
2024-05-09 12:48:44,802 [INFO] Argument:335 - Argument : ErrorCodevalue: null
2024-05-09 12:48:44,803 [INFO] Argument:325 - Argument : hdmavalue: null
2024-05-09 12:48:44,803 [INFO] Argument:327 - 	 sub Args: 
2024-05-09 12:48:44,803 [INFO] Argument:325 - Argument : Instancevalue: DMA2_Stream5
2024-05-09 12:48:44,803 [INFO] Argument:335 - Argument : Instancevalue: DMA2_Stream5
2024-05-09 12:48:44,803 [INFO] Argument:325 - Argument : Initvalue: null
2024-05-09 12:48:44,803 [INFO] Argument:327 - 	 sub Args: 
2024-05-09 12:48:44,803 [INFO] Argument:325 - Argument : Channelvalue: DMA_CHANNEL_4
2024-05-09 12:48:44,803 [INFO] Argument:335 - Argument : Channelvalue: DMA_CHANNEL_4
2024-05-09 12:48:44,803 [INFO] Argument:325 - Argument : Directionvalue: DMA_PERIPH_TO_MEMORY
2024-05-09 12:48:44,803 [INFO] Argument:335 - Argument : Directionvalue: DMA_PERIPH_TO_MEMORY
2024-05-09 12:48:44,803 [INFO] Argument:325 - Argument : PeriphIncvalue: DMA_PINC_DISABLE
2024-05-09 12:48:44,803 [INFO] Argument:335 - Argument : PeriphIncvalue: DMA_PINC_DISABLE
2024-05-09 12:48:44,803 [INFO] Argument:325 - Argument : MemIncvalue: DMA_MINC_ENABLE
2024-05-09 12:48:44,803 [INFO] Argument:335 - Argument : MemIncvalue: DMA_MINC_ENABLE
2024-05-09 12:48:44,804 [INFO] Argument:325 - Argument : PeriphDataAlignmentvalue: DMA_PDATAALIGN_BYTE
2024-05-09 12:48:44,804 [INFO] Argument:335 - Argument : PeriphDataAlignmentvalue: DMA_PDATAALIGN_BYTE
2024-05-09 12:48:44,804 [INFO] Argument:325 - Argument : MemDataAlignmentvalue: DMA_MDATAALIGN_BYTE
2024-05-09 12:48:44,804 [INFO] Argument:335 - Argument : MemDataAlignmentvalue: DMA_MDATAALIGN_BYTE
2024-05-09 12:48:44,804 [INFO] Argument:325 - Argument : Modevalue: DMA_NORMAL
2024-05-09 12:48:44,804 [INFO] Argument:335 - Argument : Modevalue: DMA_NORMAL
2024-05-09 12:48:44,804 [INFO] Argument:325 - Argument : Priorityvalue: DMA_PRIORITY_VERY_HIGH
2024-05-09 12:48:44,804 [INFO] Argument:335 - Argument : Priorityvalue: DMA_PRIORITY_VERY_HIGH
2024-05-09 12:48:44,804 [INFO] Argument:325 - Argument : FIFOModevalue: DMA_FIFOMODE_DISABLE
2024-05-09 12:48:44,804 [INFO] Argument:335 - Argument : FIFOModevalue: DMA_FIFOMODE_DISABLE
2024-05-09 12:48:44,804 [INFO] Argument:325 - Argument : FIFOThresholdvalue: null
2024-05-09 12:48:44,804 [INFO] Argument:335 - Argument : FIFOThresholdvalue: null
2024-05-09 12:48:44,804 [INFO] Argument:325 - Argument : MemBurstvalue: null
2024-05-09 12:48:44,804 [INFO] Argument:335 - Argument : MemBurstvalue: null
2024-05-09 12:48:44,804 [INFO] Argument:325 - Argument : PeriphBurstvalue: null
2024-05-09 12:48:44,804 [INFO] Argument:335 - Argument : PeriphBurstvalue: null
2024-05-09 12:48:44,804 [INFO] Argument:325 - Argument : Lockvalue: null
2024-05-09 12:48:44,804 [INFO] Argument:335 - Argument : Lockvalue: null
2024-05-09 12:48:44,804 [INFO] Argument:325 - Argument : Statevalue: null
2024-05-09 12:48:44,804 [INFO] Argument:335 - Argument : Statevalue: null
2024-05-09 12:48:44,804 [INFO] Argument:325 - Argument : Parentvalue: null
2024-05-09 12:48:44,804 [INFO] Argument:335 - Argument : Parentvalue: null
2024-05-09 12:48:44,804 [INFO] Argument:325 - Argument : XferCpltCallbackvalue: null
2024-05-09 12:48:44,804 [INFO] Argument:335 - Argument : XferCpltCallbackvalue: null
2024-05-09 12:48:44,804 [INFO] Argument:325 - Argument : XferHalfCpltCallbackvalue: null
2024-05-09 12:48:44,804 [INFO] Argument:335 - Argument : XferHalfCpltCallbackvalue: null
2024-05-09 12:48:44,804 [INFO] Argument:325 - Argument : XferM1CpltCallbackvalue: null
2024-05-09 12:48:44,804 [INFO] Argument:335 - Argument : XferM1CpltCallbackvalue: null
2024-05-09 12:48:44,804 [INFO] Argument:325 - Argument : XferErrorCallbackvalue: null
2024-05-09 12:48:44,804 [INFO] Argument:335 - Argument : XferErrorCallbackvalue: null
2024-05-09 12:48:44,805 [INFO] Argument:325 - Argument : ErrorCodevalue: null
2024-05-09 12:48:44,805 [INFO] Argument:335 - Argument : ErrorCodevalue: null
2024-05-09 12:48:44,807 [INFO] Argument:325 - Argument : hdmavalue: null
2024-05-09 12:48:44,807 [INFO] Argument:327 - 	 sub Args: 
2024-05-09 12:48:44,807 [INFO] Argument:325 - Argument : Instancevalue: DMA1_Stream1
2024-05-09 12:48:44,807 [INFO] Argument:335 - Argument : Instancevalue: DMA1_Stream1
2024-05-09 12:48:44,807 [INFO] Argument:325 - Argument : Initvalue: null
2024-05-09 12:48:44,807 [INFO] Argument:327 - 	 sub Args: 
2024-05-09 12:48:44,807 [INFO] Argument:325 - Argument : Channelvalue: DMA_CHANNEL_4
2024-05-09 12:48:44,807 [INFO] Argument:335 - Argument : Channelvalue: DMA_CHANNEL_4
2024-05-09 12:48:44,807 [INFO] Argument:325 - Argument : Directionvalue: DMA_PERIPH_TO_MEMORY
2024-05-09 12:48:44,807 [INFO] Argument:335 - Argument : Directionvalue: DMA_PERIPH_TO_MEMORY
2024-05-09 12:48:44,807 [INFO] Argument:325 - Argument : PeriphIncvalue: DMA_PINC_DISABLE
2024-05-09 12:48:44,807 [INFO] Argument:335 - Argument : PeriphIncvalue: DMA_PINC_DISABLE
2024-05-09 12:48:44,807 [INFO] Argument:325 - Argument : MemIncvalue: DMA_MINC_ENABLE
2024-05-09 12:48:44,807 [INFO] Argument:335 - Argument : MemIncvalue: DMA_MINC_ENABLE
2024-05-09 12:48:44,807 [INFO] Argument:325 - Argument : PeriphDataAlignmentvalue: DMA_PDATAALIGN_BYTE
2024-05-09 12:48:44,807 [INFO] Argument:335 - Argument : PeriphDataAlignmentvalue: DMA_PDATAALIGN_BYTE
2024-05-09 12:48:44,807 [INFO] Argument:325 - Argument : MemDataAlignmentvalue: DMA_MDATAALIGN_BYTE
2024-05-09 12:48:44,807 [INFO] Argument:335 - Argument : MemDataAlignmentvalue: DMA_MDATAALIGN_BYTE
2024-05-09 12:48:44,807 [INFO] Argument:325 - Argument : Modevalue: DMA_CIRCULAR
2024-05-09 12:48:44,807 [INFO] Argument:335 - Argument : Modevalue: DMA_CIRCULAR
2024-05-09 12:48:44,808 [INFO] Argument:325 - Argument : Priorityvalue: DMA_PRIORITY_VERY_HIGH
2024-05-09 12:48:44,808 [INFO] Argument:335 - Argument : Priorityvalue: DMA_PRIORITY_VERY_HIGH
2024-05-09 12:48:44,808 [INFO] Argument:325 - Argument : FIFOModevalue: DMA_FIFOMODE_DISABLE
2024-05-09 12:48:44,808 [INFO] Argument:335 - Argument : FIFOModevalue: DMA_FIFOMODE_DISABLE
2024-05-09 12:48:44,808 [INFO] Argument:325 - Argument : FIFOThresholdvalue: null
2024-05-09 12:48:44,808 [INFO] Argument:335 - Argument : FIFOThresholdvalue: null
2024-05-09 12:48:44,808 [INFO] Argument:325 - Argument : MemBurstvalue: null
2024-05-09 12:48:44,808 [INFO] Argument:335 - Argument : MemBurstvalue: null
2024-05-09 12:48:44,808 [INFO] Argument:325 - Argument : PeriphBurstvalue: null
2024-05-09 12:48:44,808 [INFO] Argument:335 - Argument : PeriphBurstvalue: null
2024-05-09 12:48:44,808 [INFO] Argument:325 - Argument : Lockvalue: null
2024-05-09 12:48:44,808 [INFO] Argument:335 - Argument : Lockvalue: null
2024-05-09 12:48:44,808 [INFO] Argument:325 - Argument : Statevalue: null
2024-05-09 12:48:44,808 [INFO] Argument:335 - Argument : Statevalue: null
2024-05-09 12:48:44,808 [INFO] Argument:325 - Argument : Parentvalue: null
2024-05-09 12:48:44,808 [INFO] Argument:335 - Argument : Parentvalue: null
2024-05-09 12:48:44,808 [INFO] Argument:325 - Argument : XferCpltCallbackvalue: null
2024-05-09 12:48:44,808 [INFO] Argument:335 - Argument : XferCpltCallbackvalue: null
2024-05-09 12:48:44,808 [INFO] Argument:325 - Argument : XferHalfCpltCallbackvalue: null
2024-05-09 12:48:44,808 [INFO] Argument:335 - Argument : XferHalfCpltCallbackvalue: null
2024-05-09 12:48:44,808 [INFO] Argument:325 - Argument : XferM1CpltCallbackvalue: null
2024-05-09 12:48:44,808 [INFO] Argument:335 - Argument : XferM1CpltCallbackvalue: null
2024-05-09 12:48:44,808 [INFO] Argument:325 - Argument : XferErrorCallbackvalue: null
2024-05-09 12:48:44,808 [INFO] Argument:335 - Argument : XferErrorCallbackvalue: null
2024-05-09 12:48:44,808 [INFO] Argument:325 - Argument : ErrorCodevalue: null
2024-05-09 12:48:44,808 [INFO] Argument:335 - Argument : ErrorCodevalue: null
2024-05-09 12:48:44,810 [INFO] Argument:325 - Argument : hdmavalue: null
2024-05-09 12:48:44,810 [INFO] Argument:327 - 	 sub Args: 
2024-05-09 12:48:44,810 [INFO] Argument:325 - Argument : Instancevalue: DMA2_Stream1
2024-05-09 12:48:44,810 [INFO] Argument:335 - Argument : Instancevalue: DMA2_Stream1
2024-05-09 12:48:44,810 [INFO] Argument:325 - Argument : Initvalue: null
2024-05-09 12:48:44,810 [INFO] Argument:327 - 	 sub Args: 
2024-05-09 12:48:44,810 [INFO] Argument:325 - Argument : Channelvalue: DMA_CHANNEL_5
2024-05-09 12:48:44,810 [INFO] Argument:335 - Argument : Channelvalue: DMA_CHANNEL_5
2024-05-09 12:48:44,810 [INFO] Argument:325 - Argument : Directionvalue: DMA_PERIPH_TO_MEMORY
2024-05-09 12:48:44,810 [INFO] Argument:335 - Argument : Directionvalue: DMA_PERIPH_TO_MEMORY
2024-05-09 12:48:44,810 [INFO] Argument:325 - Argument : PeriphIncvalue: DMA_PINC_DISABLE
2024-05-09 12:48:44,810 [INFO] Argument:335 - Argument : PeriphIncvalue: DMA_PINC_DISABLE
2024-05-09 12:48:44,810 [INFO] Argument:325 - Argument : MemIncvalue: DMA_MINC_ENABLE
2024-05-09 12:48:44,810 [INFO] Argument:335 - Argument : MemIncvalue: DMA_MINC_ENABLE
2024-05-09 12:48:44,810 [INFO] Argument:325 - Argument : PeriphDataAlignmentvalue: DMA_PDATAALIGN_BYTE
2024-05-09 12:48:44,810 [INFO] Argument:335 - Argument : PeriphDataAlignmentvalue: DMA_PDATAALIGN_BYTE
2024-05-09 12:48:44,811 [INFO] Argument:325 - Argument : MemDataAlignmentvalue: DMA_MDATAALIGN_BYTE
2024-05-09 12:48:44,811 [INFO] Argument:335 - Argument : MemDataAlignmentvalue: DMA_MDATAALIGN_BYTE
2024-05-09 12:48:44,811 [INFO] Argument:325 - Argument : Modevalue: DMA_NORMAL
2024-05-09 12:48:44,811 [INFO] Argument:335 - Argument : Modevalue: DMA_NORMAL
2024-05-09 12:48:44,811 [INFO] Argument:325 - Argument : Priorityvalue: DMA_PRIORITY_VERY_HIGH
2024-05-09 12:48:44,811 [INFO] Argument:335 - Argument : Priorityvalue: DMA_PRIORITY_VERY_HIGH
2024-05-09 12:48:44,811 [INFO] Argument:325 - Argument : FIFOModevalue: DMA_FIFOMODE_DISABLE
2024-05-09 12:48:44,811 [INFO] Argument:335 - Argument : FIFOModevalue: DMA_FIFOMODE_DISABLE
2024-05-09 12:48:44,811 [INFO] Argument:325 - Argument : FIFOThresholdvalue: null
2024-05-09 12:48:44,811 [INFO] Argument:335 - Argument : FIFOThresholdvalue: null
2024-05-09 12:48:44,811 [INFO] Argument:325 - Argument : MemBurstvalue: null
2024-05-09 12:48:44,811 [INFO] Argument:335 - Argument : MemBurstvalue: null
2024-05-09 12:48:44,811 [INFO] Argument:325 - Argument : PeriphBurstvalue: null
2024-05-09 12:48:44,811 [INFO] Argument:335 - Argument : PeriphBurstvalue: null
2024-05-09 12:48:44,811 [INFO] Argument:325 - Argument : Lockvalue: null
2024-05-09 12:48:44,811 [INFO] Argument:335 - Argument : Lockvalue: null
2024-05-09 12:48:44,811 [INFO] Argument:325 - Argument : Statevalue: null
2024-05-09 12:48:44,811 [INFO] Argument:335 - Argument : Statevalue: null
2024-05-09 12:48:44,811 [INFO] Argument:325 - Argument : Parentvalue: null
2024-05-09 12:48:44,811 [INFO] Argument:335 - Argument : Parentvalue: null
2024-05-09 12:48:44,811 [INFO] Argument:325 - Argument : XferCpltCallbackvalue: null
2024-05-09 12:48:44,811 [INFO] Argument:335 - Argument : XferCpltCallbackvalue: null
2024-05-09 12:48:44,811 [INFO] Argument:325 - Argument : XferHalfCpltCallbackvalue: null
2024-05-09 12:48:44,811 [INFO] Argument:335 - Argument : XferHalfCpltCallbackvalue: null
2024-05-09 12:48:44,811 [INFO] Argument:325 - Argument : XferM1CpltCallbackvalue: null
2024-05-09 12:48:44,811 [INFO] Argument:335 - Argument : XferM1CpltCallbackvalue: null
2024-05-09 12:48:44,811 [INFO] Argument:325 - Argument : XferErrorCallbackvalue: null
2024-05-09 12:48:44,811 [INFO] Argument:335 - Argument : XferErrorCallbackvalue: null
2024-05-09 12:48:44,812 [INFO] Argument:325 - Argument : ErrorCodevalue: null
2024-05-09 12:48:44,812 [INFO] Argument:335 - Argument : ErrorCodevalue: null
2024-05-09 12:48:44,813 [INFO] Argument:325 - Argument : hdmavalue: null
2024-05-09 12:48:44,813 [INFO] Argument:327 - 	 sub Args: 
2024-05-09 12:48:44,813 [INFO] Argument:325 - Argument : Instancevalue: DMA2_Stream6
2024-05-09 12:48:44,813 [INFO] Argument:335 - Argument : Instancevalue: DMA2_Stream6
2024-05-09 12:48:44,813 [INFO] Argument:325 - Argument : Initvalue: null
2024-05-09 12:48:44,813 [INFO] Argument:327 - 	 sub Args: 
2024-05-09 12:48:44,813 [INFO] Argument:325 - Argument : Channelvalue: DMA_CHANNEL_5
2024-05-09 12:48:44,813 [INFO] Argument:335 - Argument : Channelvalue: DMA_CHANNEL_5
2024-05-09 12:48:44,813 [INFO] Argument:325 - Argument : Directionvalue: DMA_MEMORY_TO_PERIPH
2024-05-09 12:48:44,813 [INFO] Argument:335 - Argument : Directionvalue: DMA_MEMORY_TO_PERIPH
2024-05-09 12:48:44,813 [INFO] Argument:325 - Argument : PeriphIncvalue: DMA_PINC_DISABLE
2024-05-09 12:48:44,813 [INFO] Argument:335 - Argument : PeriphIncvalue: DMA_PINC_DISABLE
2024-05-09 12:48:44,813 [INFO] Argument:325 - Argument : MemIncvalue: DMA_MINC_ENABLE
2024-05-09 12:48:44,813 [INFO] Argument:335 - Argument : MemIncvalue: DMA_MINC_ENABLE
2024-05-09 12:48:44,813 [INFO] Argument:325 - Argument : PeriphDataAlignmentvalue: DMA_PDATAALIGN_BYTE
2024-05-09 12:48:44,813 [INFO] Argument:335 - Argument : PeriphDataAlignmentvalue: DMA_PDATAALIGN_BYTE
2024-05-09 12:48:44,813 [INFO] Argument:325 - Argument : MemDataAlignmentvalue: DMA_MDATAALIGN_BYTE
2024-05-09 12:48:44,813 [INFO] Argument:335 - Argument : MemDataAlignmentvalue: DMA_MDATAALIGN_BYTE
2024-05-09 12:48:44,813 [INFO] Argument:325 - Argument : Modevalue: DMA_NORMAL
2024-05-09 12:48:44,813 [INFO] Argument:335 - Argument : Modevalue: DMA_NORMAL
2024-05-09 12:48:44,813 [INFO] Argument:325 - Argument : Priorityvalue: DMA_PRIORITY_VERY_HIGH
2024-05-09 12:48:44,813 [INFO] Argument:335 - Argument : Priorityvalue: DMA_PRIORITY_VERY_HIGH
2024-05-09 12:48:44,813 [INFO] Argument:325 - Argument : FIFOModevalue: DMA_FIFOMODE_DISABLE
2024-05-09 12:48:44,813 [INFO] Argument:335 - Argument : FIFOModevalue: DMA_FIFOMODE_DISABLE
2024-05-09 12:48:44,813 [INFO] Argument:325 - Argument : FIFOThresholdvalue: null
2024-05-09 12:48:44,813 [INFO] Argument:335 - Argument : FIFOThresholdvalue: null
2024-05-09 12:48:44,813 [INFO] Argument:325 - Argument : MemBurstvalue: null
2024-05-09 12:48:44,813 [INFO] Argument:335 - Argument : MemBurstvalue: null
2024-05-09 12:48:44,813 [INFO] Argument:325 - Argument : PeriphBurstvalue: null
2024-05-09 12:48:44,813 [INFO] Argument:335 - Argument : PeriphBurstvalue: null
2024-05-09 12:48:44,813 [INFO] Argument:325 - Argument : Lockvalue: null
2024-05-09 12:48:44,814 [INFO] Argument:335 - Argument : Lockvalue: null
2024-05-09 12:48:44,814 [INFO] Argument:325 - Argument : Statevalue: null
2024-05-09 12:48:44,814 [INFO] Argument:335 - Argument : Statevalue: null
2024-05-09 12:48:44,814 [INFO] Argument:325 - Argument : Parentvalue: null
2024-05-09 12:48:44,814 [INFO] Argument:335 - Argument : Parentvalue: null
2024-05-09 12:48:44,814 [INFO] Argument:325 - Argument : XferCpltCallbackvalue: null
2024-05-09 12:48:44,814 [INFO] Argument:335 - Argument : XferCpltCallbackvalue: null
2024-05-09 12:48:44,814 [INFO] Argument:325 - Argument : XferHalfCpltCallbackvalue: null
2024-05-09 12:48:44,814 [INFO] Argument:335 - Argument : XferHalfCpltCallbackvalue: null
2024-05-09 12:48:44,814 [INFO] Argument:325 - Argument : XferM1CpltCallbackvalue: null
2024-05-09 12:48:44,814 [INFO] Argument:335 - Argument : XferM1CpltCallbackvalue: null
2024-05-09 12:48:44,814 [INFO] Argument:325 - Argument : XferErrorCallbackvalue: null
2024-05-09 12:48:44,814 [INFO] Argument:335 - Argument : XferErrorCallbackvalue: null
2024-05-09 12:48:44,814 [INFO] Argument:325 - Argument : ErrorCodevalue: null
2024-05-09 12:48:44,814 [INFO] Argument:335 - Argument : ErrorCodevalue: null
2024-05-09 12:48:44,901 [INFO] CodeEngine:255 - oldGeneratedFile, /Users/liangnie/Documents/GitHub/STM32CUBEIDE/Liang Nie/RMTemplate/MXTmpFiles/license.tmp_save
2024-05-09 12:48:45,034 [INFO] CodeEngine:279 - Generated code: /Users/liangnie/Documents/GitHub/STM32CUBEIDE/Liang Nie/RMTemplate/MXTmpFiles/license.tmp
2024-05-09 12:48:45,077 [INFO] CodeEngine:255 - oldGeneratedFile, /Users/liangnie/Documents/GitHub/STM32CUBEIDE/Liang Nie/RMTemplate/MXTmpFiles/gpio.tmp_save
2024-05-09 12:48:45,165 [INFO] CodeEngine:279 - Generated code: /Users/liangnie/Documents/GitHub/STM32CUBEIDE/Liang Nie/RMTemplate/MXTmpFiles/gpio.tmp
2024-05-09 12:48:50,923 [INFO] Middleware:1439 - No code input for Bsp Dependency
2024-05-09 12:48:50,929 [INFO] CodeEngine:255 - oldGeneratedFile, /Users/liangnie/Documents/GitHub/STM32CUBEIDE/Liang Nie/RMTemplate/MXTmpFiles/rtos_inc.tmp_save
2024-05-09 12:48:50,994 [INFO] CodeEngine:279 - Generated code: /Users/liangnie/Documents/GitHub/STM32CUBEIDE/Liang Nie/RMTemplate/MXTmpFiles/rtos_inc.tmp
2024-05-09 12:48:50,997 [INFO] CodeEngine:255 - oldGeneratedFile, /Users/liangnie/Documents/GitHub/STM32CUBEIDE/Liang Nie/RMTemplate/MXTmpFiles/rtos_kernelInit.tmp_save
2024-05-09 12:48:51,061 [INFO] CodeEngine:279 - Generated code: /Users/liangnie/Documents/GitHub/STM32CUBEIDE/Liang Nie/RMTemplate/MXTmpFiles/rtos_kernelInit.tmp
2024-05-09 12:48:51,063 [INFO] CodeEngine:255 - oldGeneratedFile, /Users/liangnie/Documents/GitHub/STM32CUBEIDE/Liang Nie/RMTemplate/MXTmpFiles/rtos_kernelStart.tmp_save
2024-05-09 12:48:51,124 [INFO] CodeEngine:279 - Generated code: /Users/liangnie/Documents/GitHub/STM32CUBEIDE/Liang Nie/RMTemplate/MXTmpFiles/rtos_kernelStart.tmp
2024-05-09 12:48:51,126 [INFO] CodeEngine:255 - oldGeneratedFile, /Users/liangnie/Documents/GitHub/STM32CUBEIDE/Liang Nie/RMTemplate/MXTmpFiles/rtos_typedefs.tmp_save
2024-05-09 12:48:51,191 [INFO] CodeEngine:279 - Generated code: /Users/liangnie/Documents/GitHub/STM32CUBEIDE/Liang Nie/RMTemplate/MXTmpFiles/rtos_typedefs.tmp
2024-05-09 12:48:51,194 [INFO] CodeEngine:255 - oldGeneratedFile, /Users/liangnie/Documents/GitHub/STM32CUBEIDE/Liang Nie/RMTemplate/MXTmpFiles/rtos_vars.tmp_save
2024-05-09 12:48:51,262 [INFO] CodeEngine:279 - Generated code: /Users/liangnie/Documents/GitHub/STM32CUBEIDE/Liang Nie/RMTemplate/MXTmpFiles/rtos_vars.tmp
2024-05-09 12:48:51,265 [INFO] CodeEngine:255 - oldGeneratedFile, /Users/liangnie/Documents/GitHub/STM32CUBEIDE/Liang Nie/RMTemplate/MXTmpFiles/rtos_pfp.tmp_save
2024-05-09 12:48:51,335 [INFO] CodeEngine:279 - Generated code: /Users/liangnie/Documents/GitHub/STM32CUBEIDE/Liang Nie/RMTemplate/MXTmpFiles/rtos_pfp.tmp
2024-05-09 12:48:51,338 [INFO] CodeEngine:255 - oldGeneratedFile, /Users/liangnie/Documents/GitHub/STM32CUBEIDE/Liang Nie/RMTemplate/MXTmpFiles/rtos_obj_creat.tmp_save
2024-05-09 12:48:51,398 [INFO] CodeEngine:279 - Generated code: /Users/liangnie/Documents/GitHub/STM32CUBEIDE/Liang Nie/RMTemplate/MXTmpFiles/rtos_obj_creat.tmp
2024-05-09 12:48:51,401 [INFO] CodeEngine:255 - oldGeneratedFile, /Users/liangnie/Documents/GitHub/STM32CUBEIDE/Liang Nie/RMTemplate/MXTmpFiles/rtos_default_thread.tmp_save
2024-05-09 12:48:51,460 [INFO] CodeEngine:279 - Generated code: /Users/liangnie/Documents/GitHub/STM32CUBEIDE/Liang Nie/RMTemplate/MXTmpFiles/rtos_default_thread.tmp
2024-05-09 12:48:51,462 [INFO] CodeEngine:255 - oldGeneratedFile, /Users/liangnie/Documents/GitHub/STM32CUBEIDE/Liang Nie/RMTemplate/MXTmpFiles/rtos_threads.tmp_save
2024-05-09 12:48:51,520 [INFO] CodeEngine:279 - Generated code: /Users/liangnie/Documents/GitHub/STM32CUBEIDE/Liang Nie/RMTemplate/MXTmpFiles/rtos_threads.tmp
2024-05-09 12:48:51,534 [INFO] Middleware:1439 - No code input for Bsp Dependency
2024-05-09 12:48:51,538 [INFO] CodeEngine:255 - oldGeneratedFile, /Users/liangnie/Documents/GitHub/STM32CUBEIDE/Liang Nie/RMTemplate/MXTmpFiles/rtos_inc.tmp_save
2024-05-09 12:48:51,595 [INFO] CodeEngine:279 - Generated code: /Users/liangnie/Documents/GitHub/STM32CUBEIDE/Liang Nie/RMTemplate/MXTmpFiles/rtos_inc.tmp
2024-05-09 12:48:51,598 [INFO] CodeEngine:255 - oldGeneratedFile, /Users/liangnie/Documents/GitHub/STM32CUBEIDE/Liang Nie/RMTemplate/MXTmpFiles/rtos_kernelInit.tmp_save
2024-05-09 12:48:51,653 [INFO] CodeEngine:279 - Generated code: /Users/liangnie/Documents/GitHub/STM32CUBEIDE/Liang Nie/RMTemplate/MXTmpFiles/rtos_kernelInit.tmp
2024-05-09 12:48:51,655 [INFO] CodeEngine:255 - oldGeneratedFile, /Users/liangnie/Documents/GitHub/STM32CUBEIDE/Liang Nie/RMTemplate/MXTmpFiles/rtos_kernelStart.tmp_save
2024-05-09 12:48:51,710 [INFO] CodeEngine:279 - Generated code: /Users/liangnie/Documents/GitHub/STM32CUBEIDE/Liang Nie/RMTemplate/MXTmpFiles/rtos_kernelStart.tmp
2024-05-09 12:48:51,712 [INFO] CodeEngine:255 - oldGeneratedFile, /Users/liangnie/Documents/GitHub/STM32CUBEIDE/Liang Nie/RMTemplate/MXTmpFiles/rtos_typedefs.tmp_save
2024-05-09 12:48:51,770 [INFO] CodeEngine:279 - Generated code: /Users/liangnie/Documents/GitHub/STM32CUBEIDE/Liang Nie/RMTemplate/MXTmpFiles/rtos_typedefs.tmp
2024-05-09 12:48:51,776 [INFO] CodeEngine:255 - oldGeneratedFile, /Users/liangnie/Documents/GitHub/STM32CUBEIDE/Liang Nie/RMTemplate/MXTmpFiles/rtos_vars.tmp_save
2024-05-09 12:48:51,839 [INFO] CodeEngine:279 - Generated code: /Users/liangnie/Documents/GitHub/STM32CUBEIDE/Liang Nie/RMTemplate/MXTmpFiles/rtos_vars.tmp
2024-05-09 12:48:51,841 [INFO] CodeEngine:255 - oldGeneratedFile, /Users/liangnie/Documents/GitHub/STM32CUBEIDE/Liang Nie/RMTemplate/MXTmpFiles/rtos_pfp.tmp_save
2024-05-09 12:48:51,908 [INFO] CodeEngine:279 - Generated code: /Users/liangnie/Documents/GitHub/STM32CUBEIDE/Liang Nie/RMTemplate/MXTmpFiles/rtos_pfp.tmp
2024-05-09 12:48:51,910 [INFO] CodeEngine:255 - oldGeneratedFile, /Users/liangnie/Documents/GitHub/STM32CUBEIDE/Liang Nie/RMTemplate/MXTmpFiles/rtos_obj_creat.tmp_save
2024-05-09 12:48:51,972 [INFO] CodeEngine:279 - Generated code: /Users/liangnie/Documents/GitHub/STM32CUBEIDE/Liang Nie/RMTemplate/MXTmpFiles/rtos_obj_creat.tmp
2024-05-09 12:48:51,974 [INFO] CodeEngine:255 - oldGeneratedFile, /Users/liangnie/Documents/GitHub/STM32CUBEIDE/Liang Nie/RMTemplate/MXTmpFiles/rtos_default_thread.tmp_save
2024-05-09 12:48:52,032 [INFO] CodeEngine:279 - Generated code: /Users/liangnie/Documents/GitHub/STM32CUBEIDE/Liang Nie/RMTemplate/MXTmpFiles/rtos_default_thread.tmp
2024-05-09 12:48:52,034 [INFO] CodeEngine:255 - oldGeneratedFile, /Users/liangnie/Documents/GitHub/STM32CUBEIDE/Liang Nie/RMTemplate/MXTmpFiles/rtos_threads.tmp_save
2024-05-09 12:48:52,094 [INFO] CodeEngine:279 - Generated code: /Users/liangnie/Documents/GitHub/STM32CUBEIDE/Liang Nie/RMTemplate/MXTmpFiles/rtos_threads.tmp
2024-05-09 12:48:52,098 [INFO] CodeEngine:255 - oldGeneratedFile, /Users/liangnie/Documents/GitHub/STM32CUBEIDE/Liang Nie/RMTemplate/Core/Inc/FreeRTOSConfig.h_save
2024-05-09 12:48:52,177 [INFO] CodeEngine:279 - Generated code: /Users/liangnie/Documents/GitHub/STM32CUBEIDE/Liang Nie/RMTemplate/Core/Inc/FreeRTOSConfig.h
2024-05-09 12:48:52,181 [INFO] CodeEngine:255 - oldGeneratedFile, /Users/liangnie/Documents/GitHub/STM32CUBEIDE/Liang Nie/RMTemplate/Core/Src/freertos.c_save
2024-05-09 12:48:52,242 [INFO] CodeEngine:279 - Generated code: /Users/liangnie/Documents/GitHub/STM32CUBEIDE/Liang Nie/RMTemplate/Core/Src/freertos.c
2024-05-09 12:48:52,702 [INFO] CodeEngine:255 - oldGeneratedFile, /Users/liangnie/Documents/GitHub/STM32CUBEIDE/Liang Nie/RMTemplate/MXTmpFiles/dma.tmp_save
2024-05-09 12:48:52,783 [INFO] CodeEngine:279 - Generated code: /Users/liangnie/Documents/GitHub/STM32CUBEIDE/Liang Nie/RMTemplate/MXTmpFiles/dma.tmp
2024-05-09 12:48:52,787 [INFO] CodeEngine:255 - oldGeneratedFile, /Users/liangnie/Documents/GitHub/STM32CUBEIDE/Liang Nie/RMTemplate/MXTmpFiles/dma_GV.tmp_save
2024-05-09 12:48:52,859 [INFO] CodeEngine:279 - Generated code: /Users/liangnie/Documents/GitHub/STM32CUBEIDE/Liang Nie/RMTemplate/MXTmpFiles/dma_GV.tmp
2024-05-09 12:48:52,884 [INFO] CodeEngine:255 - oldGeneratedFile, /Users/liangnie/Documents/GitHub/STM32CUBEIDE/Liang Nie/RMTemplate/Core/Src/stm32f4xx_it.c_save
2024-05-09 12:48:53,243 [INFO] CodeEngine:279 - Generated code: /Users/liangnie/Documents/GitHub/STM32CUBEIDE/Liang Nie/RMTemplate/Core/Src/stm32f4xx_it.c
2024-05-09 12:48:53,246 [INFO] CodeEngine:255 - oldGeneratedFile, /Users/liangnie/Documents/GitHub/STM32CUBEIDE/Liang Nie/RMTemplate/Core/Inc/stm32f4xx_it.h_save
2024-05-09 12:48:53,331 [INFO] CodeEngine:279 - Generated code: /Users/liangnie/Documents/GitHub/STM32CUBEIDE/Liang Nie/RMTemplate/Core/Inc/stm32f4xx_it.h
2024-05-09 12:48:53,356 [INFO] CodeEngine:255 - oldGeneratedFile, /Users/liangnie/Documents/GitHub/STM32CUBEIDE/Liang Nie/RMTemplate/Core/Src/stm32f4xx_hal_msp.c_save
2024-05-09 12:48:53,594 [INFO] CodeEngine:279 - Generated code: /Users/liangnie/Documents/GitHub/STM32CUBEIDE/Liang Nie/RMTemplate/Core/Src/stm32f4xx_hal_msp.c
2024-05-09 12:48:53,598 [INFO] CodeEngine:255 - oldGeneratedFile, /Users/liangnie/Documents/GitHub/STM32CUBEIDE/Liang Nie/RMTemplate/MXTmpFiles/system.tmp_save
2024-05-09 12:48:53,654 [INFO] CodeEngine:279 - Generated code: /Users/liangnie/Documents/GitHub/STM32CUBEIDE/Liang Nie/RMTemplate/MXTmpFiles/system.tmp
2024-05-09 12:48:53,660 [INFO] CodeEngine:311 - oldGeneratedFile, /Users/liangnie/Documents/GitHub/STM32CUBEIDE/Liang Nie/RMTemplate/Core/Inc/stm32f4xx_hal_conf.h_save
2024-05-09 12:48:53,725 [INFO] CodeEngine:335 - Generated code: /Users/liangnie/Documents/GitHub/STM32CUBEIDE/Liang Nie/RMTemplate/Core/Inc/stm32f4xx_hal_conf.h
2024-05-09 12:48:53,750 [WARN] IPConfigManager:3513 - IP not found : TIM
2024-05-09 12:48:53,751 [WARN] CodeGenerator:3951 - IP not found : null
2024-05-09 12:48:53,756 [INFO] CodeEngine:255 - oldGeneratedFile, /Users/liangnie/Documents/GitHub/STM32CUBEIDE/Liang Nie/RMTemplate/Core/Inc/main.h_save
2024-05-09 12:48:53,843 [INFO] CodeEngine:279 - Generated code: /Users/liangnie/Documents/GitHub/STM32CUBEIDE/Liang Nie/RMTemplate/Core/Inc/main.h
2024-05-09 12:48:53,846 [INFO] CodeEngine:255 - oldGeneratedFile, /Users/liangnie/Documents/GitHub/STM32CUBEIDE/Liang Nie/RMTemplate/Core/Src/main.c_save
2024-05-09 12:48:54,082 [INFO] CodeEngine:279 - Generated code: /Users/liangnie/Documents/GitHub/STM32CUBEIDE/Liang Nie/RMTemplate/Core/Src/main.c
2024-05-09 12:48:54,522 [INFO] ProjectBuilder:3163 - Time for Copy HAL[1] : 227mS.
2024-05-09 12:48:54,525 [INFO] ProjectBuilder:4736 - Project Generator version: 4.3.0-B58
2024-05-09 12:48:54,605 [INFO] ConfigFileManager:1503 - The Die is : DIE413
2024-05-09 12:48:55,368 [INFO] ProjectBuilder:5002 - Time for Generating toolchain IDE Files: 843mS.
2024-05-09 12:48:55,368 [INFO] ProjectBuilder:3034 - Time for Copy CMSIS : 0mS.
2024-05-09 12:48:55,372 [INFO] ProjectBuilder:3034 - Time for Copy CMSIS : 0mS.
