2024-06-02 13:39:24,367 [INFO] Activator:176 - 


2024-06-02 13:39:24,378 [INFO] Activator:177 - !SESSION log4j initialized
2024-06-02 13:39:44,571 [INFO] LogOutputStream:77 - [STDOUT_REDIRECT] 
2024-06-02 13:39:48,325 [INFO] LogOutputStream:77 - [STDOUT_REDIRECT] 
2024-06-02 13:39:52,143 [ERROR] LogOutputStream:75 - [STDERR_REDIRECT] java.net.URISyntaxException: Illegal character in path at index 56: file:/Users/liangnie/Documents/GitHub/STM32CUBEIDE/Liang Nie/.metadata/.log4j2.xml
2024-06-02 13:39:52,144 [ERROR] LogOutputStream:75 - [STDERR_REDIRECT] 	at java.base/java.net.URI$Parser.fail(URI.java:2976)
2024-06-02 13:39:52,144 [ERROR] LogOutputStream:75 - [STDERR_REDIRECT] 	at java.base/java.net.URI$Parser.checkChars(URI.java:3147)
2024-06-02 13:39:52,144 [ERROR] LogOutputStream:75 - [STDERR_REDIRECT] 	at java.base/java.net.URI$Parser.parseHierarchical(URI.java:3229)
2024-06-02 13:39:52,145 [ERROR] LogOutputStream:75 - [STDERR_REDIRECT] 	at java.base/java.net.URI$Parser.parse(URI.java:3177)
2024-06-02 13:39:52,145 [ERROR] LogOutputStream:75 - [STDERR_REDIRECT] 	at java.base/java.net.URI.<init>(URI.java:623)
2024-06-02 13:39:52,146 [ERROR] LogOutputStream:75 - [STDERR_REDIRECT] 	at java.base/java.net.URL.toURI(URL.java:1056)
2024-06-02 13:39:52,146 [ERROR] LogOutputStream:75 - [STDERR_REDIRECT] 	at com.st.stm32cube.common.mx.core.CubeMxInstance.getInstance(CubeMxInstance.java:81)
2024-06-02 13:39:52,146 [ERROR] LogOutputStream:75 - [STDERR_REDIRECT] 	at com.st.stm32cube.common.mx.userauth.UserAuthAdapter.<init>(UserAuthAdapter.java:25)
2024-06-02 13:39:52,147 [ERROR] LogOutputStream:75 - [STDERR_REDIRECT] 	at com.st.stm32cube.common.mx.userauth.UserAuthProvider.getUserAuthAdapter(UserAuthProvider.java:16)
2024-06-02 13:39:52,147 [ERROR] LogOutputStream:75 - [STDERR_REDIRECT] 	at com.st.stm32cube.common.ecosystemintegration.ui.core.MCUEcoSystemIntegrationUiHelper.getUserAuth(MCUEcoSystemIntegrationUiHelper.java:100)
2024-06-02 13:39:52,148 [ERROR] LogOutputStream:75 - [STDERR_REDIRECT] 	at com.st.stm32cube.ide.mcu.userauth.UserAuthStartup.earlyStartup(UserAuthStartup.java:41)
2024-06-02 13:39:52,148 [ERROR] LogOutputStream:75 - [STDERR_REDIRECT] 	at org.eclipse.ui.internal.EarlyStartupRunnable.runEarlyStartup(EarlyStartupRunnable.java:79)
2024-06-02 13:39:52,148 [ERROR] LogOutputStream:75 - [STDERR_REDIRECT] 	at org.eclipse.ui.internal.EarlyStartupRunnable.run(EarlyStartupRunnable.java:55)
2024-06-02 13:39:52,149 [ERROR] LogOutputStream:75 - [STDERR_REDIRECT] 	at org.eclipse.core.runtime.SafeRunner.run(SafeRunner.java:47)
2024-06-02 13:39:52,149 [ERROR] LogOutputStream:75 - [STDERR_REDIRECT] 	at org.eclipse.ui.internal.Workbench$39.run(Workbench.java:2762)
2024-06-02 13:39:52,149 [ERROR] LogOutputStream:75 - [STDERR_REDIRECT] 	at org.eclipse.core.internal.jobs.Worker.run(Worker.java:63)
2024-06-02 13:39:52,557 [ERROR] LogOutputStream:75 - [STDERR_REDIRECT] 
2024-06-02 13:39:53,661 [INFO] ApplicationProperties:184 - Using Application install path: /Applications/STM32CubeIDE.app/Contents/Eclipse/plugins/com.st.stm32cube.common.mx_6.11.1.202404110753
2024-06-02 13:39:53,708 [INFO] DbMcusXml:78 - Set database path to: /Applications/STM32CubeIDE.app/Contents/Eclipse/plugins/com.st.stm32cube.common.mx_6.11.1.202404110753//db//mcu/
2024-06-02 13:39:53,711 [INFO] ApiDb:274 - Set plugin database path to: /Applications/STM32CubeIDE.app/Contents/Eclipse/plugins/com.st.stm32cube.common.mx_6.11.1.202404110753//db//plugins/boardmanager/
2024-06-02 13:39:53,712 [WARN] ApiDb:259 - Overriding images path with different value:  => /Applications/STM32CubeIDE.app/Contents/Eclipse/plugins/com.st.stm32cube.common.mx_6.11.1.202404110753//db//plugins/mcufinder/images/
2024-06-02 13:39:53,739 [INFO] ApiDb:250 - Set database path to: /Users/liangnie/.stmcufinder/plugins/mcufinder//mcu/
2024-06-02 13:39:53,741 [INFO] DbMcusAds:125 - Set database path to: /Users/liangnie/.stmcufinder/plugins/mcufinder//mcu/
2024-06-02 13:39:53,749 [INFO] CrossReferenceDbSqlite:203 - Set database path to: /Users/liangnie/.stmcufinder/plugins/mcufinder//mcu/cs/
2024-06-02 13:39:54,407 [INFO] RulesReader:64 - Compatibility file has been processed (297 Rules)
2024-06-02 13:39:54,759 [INFO] DbMcusXml:78 - Set database path to: /Applications/STM32CubeIDE.app/Contents/Eclipse/plugins/com.st.stm32cube.common.mx_6.11.1.202404110753//db//mcu/
2024-06-02 13:39:54,760 [INFO] ApiDb:274 - Set plugin database path to: /Applications/STM32CubeIDE.app/Contents/Eclipse/plugins/com.st.stm32cube.common.mx_6.11.1.202404110753//db//plugins/boardmanager/
2024-06-02 13:39:54,760 [INFO] ApiDb:261 - Set plugin images path to: /Applications/STM32CubeIDE.app/Contents/Eclipse/plugins/com.st.stm32cube.common.mx_6.11.1.202404110753//db//plugins/mcufinder/images/
2024-06-02 13:39:54,761 [WARN] DbFile:41 - Overriding database path with different value: /Users/liangnie/.stmcufinder/plugins/mcufinder/ => /Users/liangnie/.stmcufinder/plugins/mcufinder
2024-06-02 13:39:54,761 [INFO] ApiDb:250 - Set database path to: /Users/liangnie/.stmcufinder/plugins/mcufinder//mcu/
2024-06-02 13:39:54,761 [WARN] DbFile:41 - Overriding database path with different value: /Users/liangnie/.stmcufinder/plugins/mcufinder/ => /Users/liangnie/.stmcufinder/plugins/mcufinder
2024-06-02 13:39:54,762 [INFO] DbMcusAds:125 - Set database path to: /Users/liangnie/.stmcufinder/plugins/mcufinder//mcu/
2024-06-02 13:39:54,762 [WARN] DbFile:41 - Overriding database path with different value: /Users/liangnie/.stmcufinder/plugins/mcufinder/ => /Users/liangnie/.stmcufinder/plugins/mcufinder
2024-06-02 13:39:54,762 [WARN] DbFile:41 - Overriding database path with different value: /Users/liangnie/.stmcufinder/plugins/mcufinder/ => /Users/liangnie/.stmcufinder/plugins/mcufinder
2024-06-02 13:39:54,762 [INFO] CrossReferenceDbSqlite:203 - Set database path to: /Users/liangnie/.stmcufinder/plugins/mcufinder//mcu/cs/
2024-06-02 13:39:55,079 [INFO] MainPanel:264 - HeapMemory: 268435456
2024-06-02 13:39:55,397 [INFO] DbMcusXml:78 - Set database path to: /Applications/STM32CubeIDE.app/Contents/Eclipse/plugins/com.st.stm32cube.common.mx_6.11.1.202404110753//db//mcu/
2024-06-02 13:39:55,398 [INFO] ApiDb:274 - Set plugin database path to: /Applications/STM32CubeIDE.app/Contents/Eclipse/plugins/com.st.stm32cube.common.mx_6.11.1.202404110753//db//plugins/boardmanager/
2024-06-02 13:39:55,398 [INFO] ApiDb:261 - Set plugin images path to: /Applications/STM32CubeIDE.app/Contents/Eclipse/plugins/com.st.stm32cube.common.mx_6.11.1.202404110753//db//plugins/mcufinder/images/
2024-06-02 13:39:55,400 [WARN] DbFile:41 - Overriding database path with different value: /Users/liangnie/.stmcufinder/plugins/mcufinder/ => /Users/liangnie/.stmcufinder/plugins/mcufinder
2024-06-02 13:39:55,400 [INFO] ApiDb:250 - Set database path to: /Users/liangnie/.stmcufinder/plugins/mcufinder//mcu/
2024-06-02 13:39:55,400 [WARN] DbFile:41 - Overriding database path with different value: /Users/liangnie/.stmcufinder/plugins/mcufinder/ => /Users/liangnie/.stmcufinder/plugins/mcufinder
2024-06-02 13:39:55,401 [INFO] DbMcusAds:125 - Set database path to: /Users/liangnie/.stmcufinder/plugins/mcufinder//mcu/
2024-06-02 13:39:55,401 [WARN] DbFile:41 - Overriding database path with different value: /Users/liangnie/.stmcufinder/plugins/mcufinder/ => /Users/liangnie/.stmcufinder/plugins/mcufinder
2024-06-02 13:39:55,401 [WARN] DbFile:41 - Overriding database path with different value: /Users/liangnie/.stmcufinder/plugins/mcufinder/ => /Users/liangnie/.stmcufinder/plugins/mcufinder
2024-06-02 13:39:55,401 [INFO] CrossReferenceDbSqlite:203 - Set database path to: /Users/liangnie/.stmcufinder/plugins/mcufinder//mcu/cs/
2024-06-02 13:39:55,561 [INFO] ApplicationProperties:184 - Using Application install path: /Applications/STM32CubeIDE.app/Contents/Eclipse/plugins/com.st.stm32cube.common.mx_6.11.1.202404110753
2024-06-02 13:39:55,565 [INFO] PluginManage:196 - Search for loadable plugins [exclusion list=, ]
2024-06-02 13:39:55,567 [INFO] PluginManage:310 - Check plugin analytics
2024-06-02 13:39:56,332 [INFO] AnalyticsPlugin:253 - Accepted Software Licenses: 
2024-06-02 13:39:56,332 [INFO] AnalyticsPlugin:255 - Accepted CMSIS Pack Licenses: 
2024-06-02 13:39:56,332 [INFO] AnalyticsPlugin:257 - Accepted Firmware Licenses: 
2024-06-02 13:39:56,336 [INFO] PluginManage:359 - Loaded plugin analytics (category:tool,tabindex:-1)
2024-06-02 13:39:56,336 [INFO] PluginManage:310 - Check plugin cadmodel
2024-06-02 13:39:58,086 [INFO] CADModel:105 - Init CAD model plugin
2024-06-02 13:39:58,086 [INFO] PluginManage:359 - Loaded plugin cadmodel (category:power,tabindex:5)
2024-06-02 13:39:58,086 [INFO] PluginManage:310 - Check plugin clock
2024-06-02 13:39:58,106 [INFO] PluginManage:359 - Loaded plugin clock (category:base,tabindex:2)
2024-06-02 13:39:58,106 [INFO] PluginManage:310 - Check plugin ddr
2024-06-02 13:39:58,110 [INFO] PluginManage:359 - Loaded plugin ddr (category:tool,tabindex:6)
2024-06-02 13:39:58,110 [INFO] PluginManage:310 - Check plugin filemanager
2024-06-02 13:39:58,519 [INFO] PluginManage:359 - Loaded plugin filemanager (category:base,tabindex:10)
2024-06-02 13:39:58,520 [INFO] PluginManage:310 - Check plugin ipmanager
2024-06-02 13:39:58,536 [INFO] PluginManage:359 - Loaded plugin ipmanager (category:base,tabindex:5)
2024-06-02 13:39:58,537 [INFO] PluginManage:310 - Check plugin lpbam
2024-06-02 13:39:58,681 [INFO] PluginManage:359 - Loaded plugin lpbam (category:base,tabindex:0)
2024-06-02 13:39:58,681 [INFO] PluginManage:310 - Check plugin memorymap
2024-06-02 13:39:58,711 [INFO] PluginManage:359 - Loaded plugin memorymap (category:base,tabindex:4)
2024-06-02 13:39:58,711 [INFO] PluginManage:310 - Check plugin pinoutandconfiguration
2024-06-02 13:39:58,724 [INFO] PluginManage:359 - Loaded plugin pinoutandconfiguration (category:base,tabindex:1)
2024-06-02 13:39:58,724 [INFO] PluginManage:310 - Check plugin pinoutconfig
2024-06-02 13:39:58,969 [WARN] SupportedApi:132 - Cannot load RTOS API schema: s4s-elt-must-match.1: The content of 'definitions' must match (annotation?, (simpleType | complexType)?, (unique | key | keyref)*)). A problem was found starting at: attribute.
2024-06-02 13:39:59,515 [INFO] PluginManage:359 - Loaded plugin pinoutconfig (category:base,tabindex:0)
2024-06-02 13:39:59,519 [INFO] PluginManage:310 - Check plugin power
2024-06-02 13:39:59,546 [INFO] PluginManage:359 - Loaded plugin power (category:power,tabindex:4)
2024-06-02 13:39:59,547 [INFO] PluginManage:310 - Check plugin projectmanager
2024-06-02 13:39:59,573 [INFO] PluginManage:359 - Loaded plugin projectmanager (category:projectmanager,tabindex:3)
2024-06-02 13:39:59,573 [INFO] PluginManage:310 - Check plugin thirdparty
2024-06-02 13:40:00,124 [WARN] IntegrityCheckThread:84 - waiting for thirdparty lock release [integrity check]
2024-06-02 13:40:00,125 [INFO] IntegrityCheckThread:86 - entering critical section [integrity check]
2024-06-02 13:40:00,125 [INFO] ThirdPartyUpdaterWithRetryManager:70 - Updater plugin not ready yet. [1/15]
2024-06-02 13:40:00,126 [INFO] PluginManage:359 - Loaded plugin thirdparty (category:base,tabindex:-1)
2024-06-02 13:40:00,126 [INFO] PluginManage:310 - Check plugin tools
2024-06-02 13:40:00,131 [INFO] PluginManage:359 - Loaded plugin tools (category:base,tabindex:7)
2024-06-02 13:40:00,131 [INFO] PluginManage:310 - Check plugin tutovideos
2024-06-02 13:40:00,994 [INFO] PluginManage:359 - Loaded plugin tutovideos (category:base,tabindex:-1)
2024-06-02 13:40:00,995 [INFO] PluginManage:310 - Check plugin updater
2024-06-02 13:40:01,024 [INFO] PluginManage:359 - Loaded plugin updater (category:base,tabindex:12)
2024-06-02 13:40:01,025 [INFO] PluginManage:310 - Check plugin userauth
2024-06-02 13:40:01,040 [INFO] UserAuth:114 - Init User Auth plugin
2024-06-02 13:40:01,041 [INFO] PluginManage:359 - Loaded plugin userauth (category:base,tabindex:14)
2024-06-02 13:40:01,042 [INFO] PluginManage:283 - PluginManage : Loaded plugins [17]
2024-06-02 13:40:01,981 [INFO] PinOutPanel:1561 - setPackage(No Configuration,No Configuration)
2024-06-02 13:40:02,428 [INFO] CADModel:165 - CPN selected for project level
2024-06-02 13:40:02,428 [INFO] CADModel:114 - Register for checkConnection events
2024-06-02 13:40:02,450 [INFO] IPUIPlugin:80 - create IPUIPlugin
2024-06-02 13:40:02,451 [INFO] PluginManager:220 - loadIPPluginJar : add mdma
2024-06-02 13:40:02,463 [INFO] IPUIPlugin:80 - create IPUIPlugin
2024-06-02 13:40:02,463 [INFO] PluginManager:220 - loadIPPluginJar : add freertos
2024-06-02 13:40:02,471 [INFO] IPUIPlugin:80 - create IPUIPlugin
2024-06-02 13:40:02,471 [INFO] PluginManager:220 - loadIPPluginJar : add gic
2024-06-02 13:40:02,485 [INFO] IPUIPlugin:80 - create IPUIPlugin
2024-06-02 13:40:02,486 [INFO] PluginManager:220 - loadIPPluginJar : add adc
2024-06-02 13:40:02,490 [INFO] IPUIPlugin:80 - create IPUIPlugin
2024-06-02 13:40:02,490 [INFO] PluginManager:220 - loadIPPluginJar : add gtzc
2024-06-02 13:40:02,493 [INFO] IPUIPlugin:80 - create IPUIPlugin
2024-06-02 13:40:02,493 [INFO] PluginManager:220 - loadIPPluginJar : add quadspi
2024-06-02 13:40:02,496 [INFO] IPUIPlugin:80 - create IPUIPlugin
2024-06-02 13:40:02,496 [INFO] PluginManager:220 - loadIPPluginJar : add aes
2024-06-02 13:40:02,501 [INFO] IPUIPlugin:80 - create IPUIPlugin
2024-06-02 13:40:02,501 [INFO] PluginManager:220 - loadIPPluginJar : add pdm2pcm
2024-06-02 13:40:02,505 [INFO] IPUIPlugin:80 - create IPUIPlugin
2024-06-02 13:40:02,506 [INFO] PluginManager:220 - loadIPPluginJar : add hash
2024-06-02 13:40:02,508 [INFO] IPUIPlugin:80 - create IPUIPlugin
2024-06-02 13:40:02,509 [INFO] PluginManager:220 - loadIPPluginJar : add tim
2024-06-02 13:40:02,511 [INFO] IPUIPlugin:80 - create IPUIPlugin
2024-06-02 13:40:02,512 [INFO] PluginManager:220 - loadIPPluginJar : add tsc
2024-06-02 13:40:02,515 [INFO] IPUIPlugin:80 - create IPUIPlugin
2024-06-02 13:40:02,516 [INFO] PluginManager:220 - loadIPPluginJar : add extmemmanager
2024-06-02 13:40:02,518 [INFO] IPUIPlugin:80 - create IPUIPlugin
2024-06-02 13:40:02,518 [INFO] PluginManager:220 - loadIPPluginJar : add ts
2024-06-02 13:40:02,523 [INFO] IPUIPlugin:80 - create IPUIPlugin
2024-06-02 13:40:02,523 [INFO] PluginManager:220 - loadIPPluginJar : add can
2024-06-02 13:40:02,527 [INFO] IPUIPlugin:80 - create IPUIPlugin
2024-06-02 13:40:02,528 [INFO] PluginManager:220 - loadIPPluginJar : add dma3
2024-06-02 13:40:02,531 [INFO] IPUIPlugin:80 - create IPUIPlugin
2024-06-02 13:40:02,531 [INFO] PluginManager:220 - loadIPPluginJar : add dfsdm
2024-06-02 13:40:02,535 [INFO] IPUIPlugin:80 - create IPUIPlugin
2024-06-02 13:40:02,535 [INFO] PluginManager:220 - loadIPPluginJar : add spi
2024-06-02 13:40:02,539 [INFO] IPUIPlugin:80 - create IPUIPlugin
2024-06-02 13:40:02,539 [INFO] PluginManager:220 - loadIPPluginJar : add gfxmmu
2024-06-02 13:40:02,541 [INFO] IPUIPlugin:80 - create IPUIPlugin
2024-06-02 13:40:02,541 [INFO] PluginManager:220 - loadIPPluginJar : add genericplugin
2024-06-02 13:40:02,548 [INFO] IPUIPlugin:80 - create IPUIPlugin
2024-06-02 13:40:02,548 [INFO] PluginManager:220 - loadIPPluginJar : add cryp
2024-06-02 13:40:02,678 [INFO] IPUIPlugin:80 - create IPUIPlugin
2024-06-02 13:40:02,678 [INFO] PluginManager:220 - loadIPPluginJar : add gpio
2024-06-02 13:40:02,723 [INFO] IPUIPlugin:80 - create IPUIPlugin
2024-06-02 13:40:02,729 [INFO] PluginManager:220 - loadIPPluginJar : add comp
2024-06-02 13:40:02,741 [INFO] IPUIPlugin:80 - create IPUIPlugin
2024-06-02 13:40:02,743 [INFO] PluginManager:220 - loadIPPluginJar : add tracer_emb
2024-06-02 13:40:02,753 [INFO] IPUIPlugin:80 - create IPUIPlugin
2024-06-02 13:40:02,753 [INFO] PluginManager:220 - loadIPPluginJar : add openamp
2024-06-02 13:40:02,768 [INFO] IPUIPlugin:80 - create IPUIPlugin
2024-06-02 13:40:02,768 [INFO] PluginManager:220 - loadIPPluginJar : add stm32_wpan
2024-06-02 13:40:02,783 [INFO] IPUIPlugin:80 - create IPUIPlugin
2024-06-02 13:40:02,790 [INFO] PluginManager:220 - loadIPPluginJar : add plateformsettings
2024-06-02 13:40:02,862 [INFO] IPUIPlugin:80 - create IPUIPlugin
2024-06-02 13:40:02,862 [INFO] PluginManager:220 - loadIPPluginJar : add ipddr
2024-06-02 13:40:02,866 [INFO] IPUIPlugin:80 - create IPUIPlugin
2024-06-02 13:40:02,867 [INFO] PluginManager:220 - loadIPPluginJar : add usart
2024-06-02 13:40:02,869 [INFO] IPUIPlugin:80 - create IPUIPlugin
2024-06-02 13:40:02,870 [INFO] PluginManager:220 - loadIPPluginJar : add ltdc
2024-06-02 13:40:02,877 [INFO] IPUIPlugin:80 - create IPUIPlugin
2024-06-02 13:40:02,877 [INFO] PluginManager:220 - loadIPPluginJar : add nvic
2024-06-02 13:40:02,881 [INFO] IPUIPlugin:80 - create IPUIPlugin
2024-06-02 13:40:02,881 [INFO] PluginManager:220 - loadIPPluginJar : add fatfs
2024-06-02 13:40:02,896 [INFO] IPUIPlugin:80 - create IPUIPlugin
2024-06-02 13:40:02,896 [INFO] PluginManager:220 - loadIPPluginJar : add linkedlist
2024-06-02 13:40:02,907 [INFO] IPUIPlugin:80 - create IPUIPlugin
2024-06-02 13:40:02,907 [INFO] PluginManager:220 - loadIPPluginJar : add dma
2024-06-02 13:40:02,915 [INFO] IPUIPlugin:80 - create IPUIPlugin
2024-06-02 13:40:02,915 [INFO] PluginManager:220 - loadIPPluginJar : add fmc
2024-06-02 13:40:02,921 [INFO] IPUIPlugin:80 - create IPUIPlugin
2024-06-02 13:40:02,921 [INFO] PluginManager:220 - loadIPPluginJar : add i2s
2024-06-02 13:40:02,953 [INFO] IPUIPlugin:80 - create IPUIPlugin
2024-06-02 13:40:02,954 [INFO] PluginManager:220 - loadIPPluginJar : add ucpd
2024-06-02 13:40:02,963 [INFO] IPUIPlugin:80 - create IPUIPlugin
2024-06-02 13:40:02,963 [INFO] PluginManager:220 - loadIPPluginJar : add lorawan
2024-06-02 13:40:02,983 [INFO] IPUIPlugin:80 - create IPUIPlugin
2024-06-02 13:40:02,984 [INFO] PluginManager:220 - loadIPPluginJar : add opamp
2024-06-02 13:40:03,007 [INFO] IPUIPlugin:80 - create IPUIPlugin
2024-06-02 13:40:03,008 [INFO] PluginManager:220 - loadIPPluginJar : add i3c
2024-06-02 13:40:03,046 [INFO] IPUIPlugin:80 - create IPUIPlugin
2024-06-02 13:40:03,046 [INFO] PluginManager:220 - loadIPPluginJar : add touchsensing
2024-06-02 13:40:03,051 [INFO] IPUIPlugin:80 - create IPUIPlugin
2024-06-02 13:40:03,051 [INFO] PluginManager:220 - loadIPPluginJar : add i2c
2024-06-02 13:40:03,057 [INFO] IPUIPlugin:80 - create IPUIPlugin
2024-06-02 13:40:03,057 [INFO] PluginManager:220 - loadIPPluginJar : add resmgrutility
2024-06-02 13:40:03,062 [INFO] IPUIPlugin:80 - create IPUIPlugin
2024-06-02 13:40:03,062 [INFO] PluginManager:220 - loadIPPluginJar : add sai
2024-06-02 13:40:03,068 [INFO] IPUIPlugin:80 - create IPUIPlugin
2024-06-02 13:40:03,068 [INFO] PluginManager:220 - loadIPPluginJar : add usbx
2024-06-02 13:40:03,131 [INFO] ThirdPartyUpdaterWithRetryManager:70 - Updater plugin not ready yet. [2/15]
2024-06-02 13:40:03,298 [INFO] CADModel:165 - CPN selected for project level
2024-06-02 13:40:03,298 [INFO] CADModel:114 - Register for checkConnection events
2024-06-02 13:40:03,299 [FATAL] Updater:308 - Updater called before beeing initialized
2024-06-02 13:40:03,302 [ERROR] CADModel:125 - Updater not yet initialized, retry later 
2024-06-02 13:40:03,974 [INFO] CADModel:165 - CPN selected for project level
2024-06-02 13:40:03,975 [INFO] CADModel:114 - Register for checkConnection events
2024-06-02 13:40:03,975 [FATAL] Updater:308 - Updater called before beeing initialized
2024-06-02 13:40:03,975 [ERROR] CADModel:125 - Updater not yet initialized, retry later 
2024-06-02 13:40:03,985 [FATAL] Updater:308 - Updater called before beeing initialized
2024-06-02 13:40:04,200 [FATAL] Updater:308 - Updater called before beeing initialized
2024-06-02 13:40:04,213 [INFO] DbMcusAds:53 - JSON generation date=Thu May 16 02:22:01 PDT 2024 (1715851321109)
2024-06-02 13:40:04,214 [FATAL] Updater:308 - Updater called before beeing initialized
2024-06-02 13:40:04,445 [WARN] DetailPanel:346 - Failed to get advertising image, set to default
2024-06-02 13:40:04,698 [FATAL] Updater:308 - Updater called before beeing initialized
2024-06-02 13:40:04,701 [FATAL] Updater:308 - Updater called before beeing initialized
2024-06-02 13:40:04,702 [FATAL] Updater:308 - Updater called before beeing initialized
2024-06-02 13:40:04,702 [WARN] DetailPanel:346 - Failed to get advertising image, set to default
2024-06-02 13:40:04,705 [FATAL] Updater:308 - Updater called before beeing initialized
2024-06-02 13:40:04,784 [ERROR] Updater:1120 - MainUpdater not yet initialized. External WinMGr cannot be set.
2024-06-02 13:40:04,787 [INFO] Updater:1056 - Updater Version found : 6.11.1
2024-06-02 13:40:04,870 [INFO] ApplicationProperties:184 - Using Application install path: /Applications/STM32CubeIDE.app/Contents/Eclipse/plugins/com.st.stm32cube.common.mx_6.11.1.202404110753
2024-06-02 13:40:05,680 [INFO] MainUpdater:2873 - connection check result : 10
2024-06-02 13:40:05,681 [INFO] MainUpdater:3567 - Updater definition file requires update
2024-06-02 13:40:05,682 [INFO] MainUpdater:290 - Updater Check For Update Now.
2024-06-02 13:40:05,684 [INFO] MicroXplorer:498 - Change Database Version : DB.6.0.111
2024-06-02 13:40:05,696 [INFO] McuFinderGlobals:63 - Set McuFinder mode to 2 (CubeIDE integrated)
2024-06-02 13:40:05,696 [INFO] UserAuth:179 - activating auth plugin
2024-06-02 13:40:05,701 [INFO] UserAuth:415 - Internet connection configuration mode: 1
2024-06-02 13:40:05,727 [INFO] JxBrowserEngine:152 - Initiate JxBrowser Engine with user profile folder
2024-06-02 13:40:05,774 [INFO] ServerAccessManage:473 - Download File updaters.zip
2024-06-02 13:40:05,974 [INFO] FileExtend:240 - Unzip File : updaters.zip
2024-06-02 13:40:05,974 [INFO] FileExtend:255 - Standard Zip Deflate
2024-06-02 13:40:06,136 [WARN] MainUpdater:1194 - Updater busy. Cannot search thirdparties
2024-06-02 13:40:06,137 [INFO] ThirdPartyUpdaterWithRetryManager:96 - Updater plugin is busy. [1/15]
2024-06-02 13:40:06,466 [INFO] ServerAccessManage:473 - Download File PacksControlFlags.xml
2024-06-02 13:40:06,543 [INFO] ServerAccessManage:473 - Download File cubemx.pidx
2024-06-02 13:40:07,370 [INFO] ServerAccessManage:473 - Download File STMicroelectronics.X-CUBE-ALS.pdsc
2024-06-02 13:40:09,073 [INFO] WebApp:161 - Instantiating new browser for Auth
2024-06-02 13:40:09,142 [WARN] MainUpdater:1194 - Updater busy. Cannot search thirdparties
2024-06-02 13:40:09,146 [INFO] ThirdPartyUpdaterWithRetryManager:96 - Updater plugin is busy. [2/15]
2024-06-02 13:40:10,699 [INFO] WebApp:779 - Register for checkConnection events
2024-06-02 13:40:10,699 [INFO] WebApp:414 - Apply proxy settings
2024-06-02 13:40:10,704 [INFO] WebApp:459 - Chromium authenticates against Manually configured proxy
2024-06-02 13:40:10,714 [INFO] WebApp:467 - Username used for proxy authentication: 
2024-06-02 13:40:10,903 [INFO] ServerAccessManage:473 - Download File wolfSSL.I-CUBE-wolfMQTT.pdsc
2024-06-02 13:40:11,112 [INFO] WebApp:192 - Starting web application
2024-06-02 13:40:11,112 [INFO] WebApp:544 - Web application path used /Applications/STM32CubeIDE.app/Contents/Eclipse/plugins/com.st.stm32cube.common.mx_6.11.1.202404110753/db/plugins/mcufinder/reactClient1/index.html
2024-06-02 13:40:11,754 [ERROR] ServerAccessManage:1089 - Problem, file not found on Server
2024-06-02 13:40:12,158 [WARN] MainUpdater:1194 - Updater busy. Cannot search thirdparties
2024-06-02 13:40:12,158 [INFO] ThirdPartyUpdaterWithRetryManager:96 - Updater plugin is busy. [3/15]
2024-06-02 13:40:12,320 [WARN] PackLoader:240 - Cannot read IP mode file for STMicroelectronics.X-CUBE-ALS.1.0.2
2024-06-02 13:40:12,328 [WARN] PackLoader:240 - Cannot read IP mode file for wolfSSL.I-CUBE-wolfMQTT.1.18.0
2024-06-02 13:40:12,329 [INFO] PopulateThirdPartyThread:66 - Ending populate Thread
2024-06-02 13:40:12,331 [INFO] ThirdParty:1030 - CMSIS Pack Vendor :wolfSSL I-CUBE-wolfMQTT 1.18.0
2024-06-02 13:40:12,331 [INFO] ThirdParty:1030 - CMSIS Pack Vendor :STMicroelectronics X-CUBE-ALS 1.0.2
2024-06-02 13:40:12,332 [INFO] LoadServerUpdatesThread:375 - End of LoadServerUpdate Thread
2024-06-02 13:40:12,360 [INFO] CheckServerUpdateThread:120 - End of CheckServer Thread
2024-06-02 13:40:15,697 [WARN] PackLoader:240 - Cannot read IP mode file for STMicroelectronics.FP-SNS-MOTENVWB1.1.4.0
2024-06-02 13:40:15,720 [WARN] PackLoader:240 - Cannot read IP mode file for STMicroelectronics.X-CUBE-SMBUS.2.1.0
2024-06-02 13:40:15,730 [WARN] PackLoader:240 - Cannot read IP mode file for STMicroelectronics.X-CUBE-TOUCHGFX.4.23.1
2024-06-02 13:40:15,736 [WARN] PackLoader:240 - Cannot read IP mode file for STMicroelectronics.X-CUBE-TOUCHGFX.4.23.0
2024-06-02 13:40:15,741 [WARN] PackLoader:240 - Cannot read IP mode file for STMicroelectronics.X-CUBE-TOUCHGFX.4.23.2
2024-06-02 13:40:15,828 [WARN] PackLoader:240 - Cannot read IP mode file for STMicroelectronics.X-CUBE-AZRTOS-F7.1.1.0
2024-06-02 13:40:15,861 [WARN] PackLoader:240 - Cannot read IP mode file for STMicroelectronics.FP-SNS-MOTENV1.4.3.2
2024-06-02 13:40:15,873 [WARN] PackLoader:240 - Cannot read IP mode file for STMicroelectronics.FP-SNS-FLIGHT1.5.0.2
2024-06-02 13:40:15,889 [WARN] PackLoader:240 - Cannot read IP mode file for STMicroelectronics.X-CUBE-DISPLAY.3.0.0
2024-06-02 13:40:15,911 [WARN] PackLoader:240 - Cannot read IP mode file for STMicroelectronics.X-CUBE-BLE1.7.0.0
2024-06-02 13:40:15,925 [WARN] PackLoader:240 - Cannot read IP mode file for emotas.I-CUBE-CANOPEN.1.3.0
2024-06-02 13:40:15,944 [WARN] PackLoader:240 - Cannot read IP mode file for STMicroelectronics.X-CUBE-BLEMGR.3.1.0
2024-06-02 13:40:15,960 [WARN] PackLoader:240 - Cannot read IP mode file for STMicroelectronics.FP-SNS-SMARTAG2.1.2.0
2024-06-02 13:40:15,987 [INFO] LogOutputStream:77 - [STDOUT_REDIRECT] 1 : Invalid condition id : UX_CORESTACK_Condition cause : null
2024-06-02 13:40:15,988 [INFO] LogOutputStream:77 - [STDOUT_REDIRECT] 1 : Invalid condition id : UX_CORESTACK_Condition cause : null
2024-06-02 13:40:15,988 [INFO] LogOutputStream:77 - [STDOUT_REDIRECT] 1 : Invalid condition id : UX_CORESTACK_Condition cause : null
2024-06-02 13:40:15,989 [INFO] LogOutputStream:77 - [STDOUT_REDIRECT] 1 : Invalid condition id : UX_CORESTACK_Condition cause : null
2024-06-02 13:40:15,989 [INFO] LogOutputStream:77 - [STDOUT_REDIRECT] 1 : Invalid condition id : UX_CORESTACK_Condition cause : null
2024-06-02 13:40:15,999 [WARN] PackLoader:240 - Cannot read IP mode file for STMicroelectronics.X-CUBE-AZRTOS-WL.2.0.0
2024-06-02 13:40:16,012 [WARN] PackLoader:240 - Cannot read IP mode file for STMicroelectronics.FP-SNS-MOTENV1.5.0.0
2024-06-02 13:40:16,072 [WARN] PackLoader:240 - Cannot read IP mode file for WES.I-CUBE-Cesium.1.3.0
2024-06-02 13:40:16,085 [WARN] PackLoader:240 - Cannot read IP mode file for STMicroelectronics.X-CUBE-BLE2.3.3.0
2024-06-02 13:40:16,105 [WARN] PackLoader:240 - Cannot read IP mode file for STMicroelectronics.X-CUBE-TCPP.4.1.0
2024-06-02 13:40:16,122 [WARN] PackLoader:240 - Cannot read IP mode file for STMicroelectronics.X-CUBE-ALGOBUILD.1.3.0
2024-06-02 13:40:16,212 [WARN] PackLoader:240 - Cannot read IP mode file for STMicroelectronics.X-CUBE-AZRTOS-G0.1.1.0
2024-06-02 13:40:16,275 [WARN] PackLoader:240 - Cannot read IP mode file for STMicroelectronics.X-CUBE-SAFEA1.1.2.2
2024-06-02 13:40:16,584 [WARN] PackLoader:240 - Cannot read IP mode file for STMicroelectronics.X-CUBE-NFC4.3.0.0
2024-06-02 13:40:16,592 [WARN] PackLoader:240 - Cannot read IP mode file for wolfSSL.I-CUBE-wolfMQTT.1.18.0
2024-06-02 13:40:16,617 [WARN] PackLoader:240 - Cannot read IP mode file for STMicroelectronics.X-CUBE-BLEMGR.3.0.0
2024-06-02 13:40:16,634 [WARN] PackLoader:240 - Cannot read IP mode file for STMicroelectronics.FP-ATR-SIGFOX1.3.2.0
2024-06-02 13:40:16,646 [WARN] PackLoader:240 - Cannot read IP mode file for STMicroelectronics.X-CUBE-EEPRMA1.5.1.0
2024-06-02 13:40:17,027 [WARN] PackLoader:240 - Cannot read IP mode file for SEGGER.I-CUBE-embOS.1.3.1
2024-06-02 13:40:17,234 [WARN] PackLoader:240 - Cannot read IP mode file for STMicroelectronics.X-CUBE-ALGOBUILD.1.4.0
2024-06-02 13:40:17,361 [WARN] PackLoader:240 - Cannot read IP mode file for STMicroelectronics.X-CUBE-GNSS1.6.0.0
2024-06-02 13:40:17,604 [WARN] PackLoader:240 - Cannot read IP mode file for STMicroelectronics.X-CUBE-AZRTOS-F4.1.1.0
2024-06-02 13:40:17,629 [WARN] PackLoader:240 - Cannot read IP mode file for STMicroelectronics.X-CUBE-FREERTOS.1.2.0
2024-06-02 13:40:17,641 [WARN] PackLoader:240 - Cannot read IP mode file for wolfSSL.I-CUBE-wolfSSL.5.6.6
2024-06-02 13:40:17,945 [WARN] PackLoader:240 - Cannot read IP mode file for STMicroelectronics.X-CUBE-AZRTOS-L5.2.0.0
2024-06-02 13:40:17,973 [WARN] PackLoader:240 - Cannot read IP mode file for STMicroelectronics.X-CUBE-NFC6.3.1.0
2024-06-02 13:40:17,990 [WARN] PackLoader:240 - Cannot read IP mode file for ITTIA_DB.I-CUBE-ITTIADB.8.8.0
2024-06-02 13:40:17,997 [WARN] PackLoader:240 - Cannot read IP mode file for STMicroelectronics.X-CUBE-AI.9.0.0
2024-06-02 13:40:18,011 [WARN] PackLoader:240 - Cannot read IP mode file for STMicroelectronics.X-CUBE-NFC7.1.0.1
2024-06-02 13:40:18,029 [WARN] PackLoader:240 - Cannot read IP mode file for STMicroelectronics.X-CUBE-NFC6.3.0.0
2024-06-02 13:40:18,139 [WARN] PackLoader:240 - Cannot read IP mode file for STMicroelectronics.X-CUBE-AI.8.1.0
2024-06-02 13:40:18,233 [WARN] ConditionMgr:438 - getConditionDescription Invalid condition id : LAN8742 Phy interface Condition cause : null
2024-06-02 13:40:18,235 [WARN] PackLoader:240 - Cannot read IP mode file for STMicroelectronics.X-CUBE-AZRTOS-L4.2.0.0
2024-06-02 13:40:18,238 [WARN] ConditionMgr:1039 - genDependencies : Invalid condition id : LAN8742 Phy interface Condition cause : null
2024-06-02 13:40:18,240 [WARN] ConditionMgr:1039 - genDependencies : Invalid condition id : LAN8742 Phy interface Condition cause : null
2024-06-02 13:40:18,243 [WARN] ConditionMgr:1039 - genDependencies : Invalid condition id : LAN8742 Phy interface Condition cause : null
2024-06-02 13:40:18,257 [WARN] PackLoader:240 - Cannot read IP mode file for STMicroelectronics.X-CUBE-SFXS2LP1.4.0.0
2024-06-02 13:40:18,293 [WARN] ConditionMgr:438 - getConditionDescription Invalid condition id : UX DEVICE CLASS RTOS Condition cause : null
2024-06-02 13:40:18,294 [WARN] ConditionMgr:438 - getConditionDescription Invalid condition id : UX DEVICE CLASS RTOS Condition cause : null
2024-06-02 13:40:18,326 [WARN] PackLoader:240 - Cannot read IP mode file for STMicroelectronics.X-CUBE-AZRTOS-WB.2.0.0
2024-06-02 13:40:18,327 [WARN] ConditionMgr:1039 - genDependencies : Invalid condition id : UX DEVICE CLASS RTOS Condition cause : null
2024-06-02 13:40:18,328 [WARN] ConditionMgr:1039 - genDependencies : Invalid condition id : UX DEVICE CLASS RTOS Condition cause : null
2024-06-02 13:40:18,331 [WARN] ConditionMgr:1039 - genDependencies : Invalid condition id : UX DEVICE CLASS RTOS Condition cause : null
2024-06-02 13:40:18,332 [WARN] ConditionMgr:1039 - genDependencies : Invalid condition id : UX DEVICE CLASS RTOS Condition cause : null
2024-06-02 13:40:18,332 [WARN] ConditionMgr:1039 - genDependencies : Invalid condition id : UX DEVICE CLASS RTOS Condition cause : null
2024-06-02 13:40:18,353 [WARN] PackLoader:240 - Cannot read IP mode file for STMicroelectronics.X-CUBE-SUBG2.5.0.0
2024-06-02 13:40:18,403 [WARN] PackLoader:240 - Cannot read IP mode file for STMicroelectronics.X-CUBE-AZRTOS-G4.2.0.0
2024-06-02 13:40:18,484 [WARN] PackLoader:240 - Cannot read IP mode file for Infineon.AIROC-Wi-Fi-Bluetooth-STM32.1.5.1
2024-06-02 13:40:18,499 [WARN] PackLoader:240 - Cannot read IP mode file for STMicroelectronics.FP-SNS-MOTENVWB1.1.3.1
2024-06-02 13:40:18,507 [WARN] PackLoader:240 - Cannot read IP mode file for STMicroelectronics.X-CUBE-ISPU.2.0.0
2024-06-02 13:40:18,514 [WARN] PackLoader:240 - Cannot read IP mode file for STMicroelectronics.X-CUBE-ALS.1.0.2
2024-06-02 13:40:18,608 [WARN] PackLoader:240 - Cannot read IP mode file for STMicroelectronics.X-CUBE-MEMS1.10.0.0
2024-06-02 13:40:19,178 [WARN] PackLoader:240 - Cannot read IP mode file for STMicroelectronics.X-CUBE-FREERTOS.1.1.0
2024-06-02 13:40:19,192 [WARN] PackLoader:240 - Cannot read IP mode file for portGmbH.I-Cube-SoM-uGOAL.1.1.0
2024-06-02 13:40:19,198 [WARN] PackLoader:240 - Cannot read IP mode file for STMicroelectronics.X-CUBE-ALS.1.0.1
2024-06-02 13:40:19,246 [WARN] PackLoader:240 - Cannot read IP mode file for STMicroelectronics.X-CUBE-AZRTOS-H7RS.1.0.0
2024-06-02 13:40:19,279 [WARN] PackLoader:240 - Cannot read IP mode file for STMicroelectronics.FP-ATR-ASTRA1.2.0.0
2024-06-02 13:40:19,303 [WARN] PackLoader:240 - Cannot read IP mode file for STMicroelectronics.X-CUBE-TOF1.3.4.0
2024-06-02 13:40:19,402 [WARN] PackLoader:240 - Cannot read IP mode file for STMicroelectronics.X-CUBE-TOF1.3.4.1
2024-06-02 13:40:19,488 [WARN] PackLoader:240 - Cannot read IP mode file for STMicroelectronics.X-CUBE-AZRTOS-H7.3.2.0
2024-06-02 13:40:19,498 [INFO] ThirdParty:978 - Integrity check success = true
2024-06-02 13:40:19,498 [INFO] IntegrityCheckThread:100 - exiting critical section [integrity check]
2024-06-02 13:40:19,498 [INFO] IntegrityCheckThread:103 - End integrity checks thread
