2024-06-11 20:11:24,279 [ERROR] LogOutputStream:75 - [STDERR_REDIRECT] 
2024-06-11 20:11:34,997 [INFO] Activator:176 - 


2024-06-11 20:11:34,999 [INFO] Activator:177 - !SESSION log4j initialized
2024-06-11 20:11:41,185 [INFO] LogOutputStream:77 - [STDOUT_REDIRECT] 
2024-06-11 20:11:43,432 [INFO] LogOutputStream:77 - [STDOUT_REDIRECT] 
2024-06-11 20:11:45,583 [ERROR] LogOutputStream:75 - [STDERR_REDIRECT] java.net.URISyntaxException: Illegal character in path at index 56: file:/Users/liangnie/Documents/GitHub/STM32CUBEIDE/Liang Nie/.metadata/.log4j2.xml
2024-06-11 20:11:45,584 [ERROR] LogOutputStream:75 - [STDERR_REDIRECT] 	at java.base/java.net.URI$Parser.fail(URI.java:2976)
2024-06-11 20:11:45,585 [ERROR] LogOutputStream:75 - [STDERR_REDIRECT] 	at java.base/java.net.URI$Parser.checkChars(URI.java:3147)
2024-06-11 20:11:45,585 [ERROR] LogOutputStream:75 - [STDERR_REDIRECT] 	at java.base/java.net.URI$Parser.parseHierarchical(URI.java:3229)
2024-06-11 20:11:45,586 [ERROR] LogOutputStream:75 - [STDERR_REDIRECT] 	at java.base/java.net.URI$Parser.parse(URI.java:3177)
2024-06-11 20:11:45,586 [ERROR] LogOutputStream:75 - [STDERR_REDIRECT] 	at java.base/java.net.URI.<init>(URI.java:623)
2024-06-11 20:11:45,587 [ERROR] LogOutputStream:75 - [STDERR_REDIRECT] 	at java.base/java.net.URL.toURI(URL.java:1056)
2024-06-11 20:11:45,587 [ERROR] LogOutputStream:75 - [STDERR_REDIRECT] 	at com.st.stm32cube.common.mx.core.CubeMxInstance.getInstance(CubeMxInstance.java:81)
2024-06-11 20:11:45,588 [ERROR] LogOutputStream:75 - [STDERR_REDIRECT] 	at com.st.stm32cube.common.mx.userauth.UserAuthAdapter.<init>(UserAuthAdapter.java:25)
2024-06-11 20:11:45,588 [ERROR] LogOutputStream:75 - [STDERR_REDIRECT] 	at com.st.stm32cube.common.mx.userauth.UserAuthProvider.getUserAuthAdapter(UserAuthProvider.java:16)
2024-06-11 20:11:45,589 [ERROR] LogOutputStream:75 - [STDERR_REDIRECT] 	at com.st.stm32cube.common.ecosystemintegration.ui.core.MCUEcoSystemIntegrationUiHelper.getUserAuth(MCUEcoSystemIntegrationUiHelper.java:100)
2024-06-11 20:11:45,589 [ERROR] LogOutputStream:75 - [STDERR_REDIRECT] 	at com.st.stm32cube.ide.mcu.userauth.UserAuthStartup.earlyStartup(UserAuthStartup.java:41)
2024-06-11 20:11:45,590 [ERROR] LogOutputStream:75 - [STDERR_REDIRECT] 	at org.eclipse.ui.internal.EarlyStartupRunnable.runEarlyStartup(EarlyStartupRunnable.java:79)
2024-06-11 20:11:45,590 [ERROR] LogOutputStream:75 - [STDERR_REDIRECT] 	at org.eclipse.ui.internal.EarlyStartupRunnable.run(EarlyStartupRunnable.java:55)
2024-06-11 20:11:45,591 [ERROR] LogOutputStream:75 - [STDERR_REDIRECT] 	at org.eclipse.core.runtime.SafeRunner.run(SafeRunner.java:47)
2024-06-11 20:11:45,591 [ERROR] LogOutputStream:75 - [STDERR_REDIRECT] 	at org.eclipse.ui.internal.Workbench$39.run(Workbench.java:2762)
2024-06-11 20:11:45,591 [ERROR] LogOutputStream:75 - [STDERR_REDIRECT] 	at org.eclipse.core.internal.jobs.Worker.run(Worker.java:63)
2024-06-11 20:11:45,700 [ERROR] LogOutputStream:75 - [STDERR_REDIRECT] 
2024-06-11 20:11:46,246 [INFO] ApplicationProperties:184 - Using Application install path: /Applications/STM32CubeIDE.app/Contents/Eclipse/plugins/com.st.stm32cube.common.mx_6.11.1.202404110753
2024-06-11 20:11:46,285 [INFO] DbMcusXml:78 - Set database path to: /Applications/STM32CubeIDE.app/Contents/Eclipse/plugins/com.st.stm32cube.common.mx_6.11.1.202404110753//db//mcu/
2024-06-11 20:11:46,285 [INFO] ApiDb:274 - Set plugin database path to: /Applications/STM32CubeIDE.app/Contents/Eclipse/plugins/com.st.stm32cube.common.mx_6.11.1.202404110753//db//plugins/boardmanager/
2024-06-11 20:11:46,285 [WARN] ApiDb:259 - Overriding images path with different value:  => /Applications/STM32CubeIDE.app/Contents/Eclipse/plugins/com.st.stm32cube.common.mx_6.11.1.202404110753//db//plugins/mcufinder/images/
2024-06-11 20:11:46,297 [INFO] ApiDb:250 - Set database path to: /Users/liangnie/.stmcufinder/plugins/mcufinder//mcu/
2024-06-11 20:11:46,299 [INFO] DbMcusAds:125 - Set database path to: /Users/liangnie/.stmcufinder/plugins/mcufinder//mcu/
2024-06-11 20:11:46,303 [INFO] CrossReferenceDbSqlite:203 - Set database path to: /Users/liangnie/.stmcufinder/plugins/mcufinder//mcu/cs/
2024-06-11 20:11:46,532 [INFO] RulesReader:64 - Compatibility file has been processed (297 Rules)
2024-06-11 20:11:46,681 [INFO] DbMcusXml:78 - Set database path to: /Applications/STM32CubeIDE.app/Contents/Eclipse/plugins/com.st.stm32cube.common.mx_6.11.1.202404110753//db//mcu/
2024-06-11 20:11:46,681 [INFO] ApiDb:274 - Set plugin database path to: /Applications/STM32CubeIDE.app/Contents/Eclipse/plugins/com.st.stm32cube.common.mx_6.11.1.202404110753//db//plugins/boardmanager/
2024-06-11 20:11:46,682 [INFO] ApiDb:261 - Set plugin images path to: /Applications/STM32CubeIDE.app/Contents/Eclipse/plugins/com.st.stm32cube.common.mx_6.11.1.202404110753//db//plugins/mcufinder/images/
2024-06-11 20:11:46,682 [WARN] DbFile:41 - Overriding database path with different value: /Users/liangnie/.stmcufinder/plugins/mcufinder/ => /Users/liangnie/.stmcufinder/plugins/mcufinder
2024-06-11 20:11:46,682 [INFO] ApiDb:250 - Set database path to: /Users/liangnie/.stmcufinder/plugins/mcufinder//mcu/
2024-06-11 20:11:46,682 [WARN] DbFile:41 - Overriding database path with different value: /Users/liangnie/.stmcufinder/plugins/mcufinder/ => /Users/liangnie/.stmcufinder/plugins/mcufinder
2024-06-11 20:11:46,682 [INFO] DbMcusAds:125 - Set database path to: /Users/liangnie/.stmcufinder/plugins/mcufinder//mcu/
2024-06-11 20:11:46,683 [WARN] DbFile:41 - Overriding database path with different value: /Users/liangnie/.stmcufinder/plugins/mcufinder/ => /Users/liangnie/.stmcufinder/plugins/mcufinder
2024-06-11 20:11:46,683 [WARN] DbFile:41 - Overriding database path with different value: /Users/liangnie/.stmcufinder/plugins/mcufinder/ => /Users/liangnie/.stmcufinder/plugins/mcufinder
2024-06-11 20:11:46,683 [INFO] CrossReferenceDbSqlite:203 - Set database path to: /Users/liangnie/.stmcufinder/plugins/mcufinder//mcu/cs/
2024-06-11 20:11:46,796 [INFO] MainPanel:264 - HeapMemory: 268435456
2024-06-11 20:11:46,931 [INFO] DbMcusXml:78 - Set database path to: /Applications/STM32CubeIDE.app/Contents/Eclipse/plugins/com.st.stm32cube.common.mx_6.11.1.202404110753//db//mcu/
2024-06-11 20:11:46,931 [INFO] ApiDb:274 - Set plugin database path to: /Applications/STM32CubeIDE.app/Contents/Eclipse/plugins/com.st.stm32cube.common.mx_6.11.1.202404110753//db//plugins/boardmanager/
2024-06-11 20:11:46,931 [INFO] ApiDb:261 - Set plugin images path to: /Applications/STM32CubeIDE.app/Contents/Eclipse/plugins/com.st.stm32cube.common.mx_6.11.1.202404110753//db//plugins/mcufinder/images/
2024-06-11 20:11:46,932 [WARN] DbFile:41 - Overriding database path with different value: /Users/liangnie/.stmcufinder/plugins/mcufinder/ => /Users/liangnie/.stmcufinder/plugins/mcufinder
2024-06-11 20:11:46,932 [INFO] ApiDb:250 - Set database path to: /Users/liangnie/.stmcufinder/plugins/mcufinder//mcu/
2024-06-11 20:11:46,932 [WARN] DbFile:41 - Overriding database path with different value: /Users/liangnie/.stmcufinder/plugins/mcufinder/ => /Users/liangnie/.stmcufinder/plugins/mcufinder
2024-06-11 20:11:46,932 [INFO] DbMcusAds:125 - Set database path to: /Users/liangnie/.stmcufinder/plugins/mcufinder//mcu/
2024-06-11 20:11:46,932 [WARN] DbFile:41 - Overriding database path with different value: /Users/liangnie/.stmcufinder/plugins/mcufinder/ => /Users/liangnie/.stmcufinder/plugins/mcufinder
2024-06-11 20:11:46,933 [WARN] DbFile:41 - Overriding database path with different value: /Users/liangnie/.stmcufinder/plugins/mcufinder/ => /Users/liangnie/.stmcufinder/plugins/mcufinder
2024-06-11 20:11:46,933 [INFO] CrossReferenceDbSqlite:203 - Set database path to: /Users/liangnie/.stmcufinder/plugins/mcufinder//mcu/cs/
2024-06-11 20:11:46,955 [INFO] ApplicationProperties:184 - Using Application install path: /Applications/STM32CubeIDE.app/Contents/Eclipse/plugins/com.st.stm32cube.common.mx_6.11.1.202404110753
2024-06-11 20:11:46,958 [INFO] PluginManage:196 - Search for loadable plugins [exclusion list=, ]
2024-06-11 20:11:46,960 [INFO] PluginManage:310 - Check plugin analytics
2024-06-11 20:11:47,287 [INFO] AnalyticsPlugin:253 - Accepted Software Licenses: 
2024-06-11 20:11:47,291 [INFO] AnalyticsPlugin:255 - Accepted CMSIS Pack Licenses: 
2024-06-11 20:11:47,292 [INFO] AnalyticsPlugin:257 - Accepted Firmware Licenses: 
2024-06-11 20:11:47,301 [INFO] PluginManage:359 - Loaded plugin analytics (category:tool,tabindex:-1)
2024-06-11 20:11:47,302 [INFO] PluginManage:310 - Check plugin cadmodel
2024-06-11 20:11:48,526 [INFO] CADModel:105 - Init CAD model plugin
2024-06-11 20:11:48,526 [INFO] PluginManage:359 - Loaded plugin cadmodel (category:power,tabindex:5)
2024-06-11 20:11:48,527 [INFO] PluginManage:310 - Check plugin clock
2024-06-11 20:11:48,541 [INFO] PluginManage:359 - Loaded plugin clock (category:base,tabindex:2)
2024-06-11 20:11:48,541 [INFO] PluginManage:310 - Check plugin ddr
2024-06-11 20:11:48,544 [INFO] PluginManage:359 - Loaded plugin ddr (category:tool,tabindex:6)
2024-06-11 20:11:48,544 [INFO] PluginManage:310 - Check plugin filemanager
2024-06-11 20:11:48,725 [INFO] PluginManage:359 - Loaded plugin filemanager (category:base,tabindex:10)
2024-06-11 20:11:48,725 [INFO] PluginManage:310 - Check plugin ipmanager
2024-06-11 20:11:48,733 [INFO] PluginManage:359 - Loaded plugin ipmanager (category:base,tabindex:5)
2024-06-11 20:11:48,733 [INFO] PluginManage:310 - Check plugin lpbam
2024-06-11 20:11:48,746 [INFO] PluginManage:359 - Loaded plugin lpbam (category:base,tabindex:0)
2024-06-11 20:11:48,746 [INFO] PluginManage:310 - Check plugin memorymap
2024-06-11 20:11:48,766 [INFO] PluginManage:359 - Loaded plugin memorymap (category:base,tabindex:4)
2024-06-11 20:11:48,766 [INFO] PluginManage:310 - Check plugin pinoutandconfiguration
2024-06-11 20:11:48,776 [INFO] PluginManage:359 - Loaded plugin pinoutandconfiguration (category:base,tabindex:1)
2024-06-11 20:11:48,776 [INFO] PluginManage:310 - Check plugin pinoutconfig
2024-06-11 20:11:48,900 [WARN] SupportedApi:132 - Cannot load RTOS API schema: s4s-elt-must-match.1: The content of 'definitions' must match (annotation?, (simpleType | complexType)?, (unique | key | keyref)*)). A problem was found starting at: attribute.
2024-06-11 20:11:49,210 [INFO] PluginManage:359 - Loaded plugin pinoutconfig (category:base,tabindex:0)
2024-06-11 20:11:49,210 [INFO] PluginManage:310 - Check plugin power
2024-06-11 20:11:49,228 [INFO] PluginManage:359 - Loaded plugin power (category:power,tabindex:4)
2024-06-11 20:11:49,229 [INFO] PluginManage:310 - Check plugin projectmanager
2024-06-11 20:11:49,255 [INFO] PluginManage:359 - Loaded plugin projectmanager (category:projectmanager,tabindex:3)
2024-06-11 20:11:49,255 [INFO] PluginManage:310 - Check plugin thirdparty
2024-06-11 20:11:49,488 [WARN] IntegrityCheckThread:84 - waiting for thirdparty lock release [integrity check]
2024-06-11 20:11:49,489 [INFO] IntegrityCheckThread:86 - entering critical section [integrity check]
2024-06-11 20:11:49,490 [INFO] ThirdPartyUpdaterWithRetryManager:70 - Updater plugin not ready yet. [1/15]
2024-06-11 20:11:49,491 [INFO] PluginManage:359 - Loaded plugin thirdparty (category:base,tabindex:-1)
2024-06-11 20:11:49,496 [INFO] PluginManage:310 - Check plugin tools
2024-06-11 20:11:49,500 [INFO] PluginManage:359 - Loaded plugin tools (category:base,tabindex:7)
2024-06-11 20:11:49,501 [INFO] PluginManage:310 - Check plugin tutovideos
2024-06-11 20:11:49,790 [INFO] PluginManage:359 - Loaded plugin tutovideos (category:base,tabindex:-1)
2024-06-11 20:11:49,790 [INFO] PluginManage:310 - Check plugin updater
2024-06-11 20:11:49,805 [INFO] PluginManage:359 - Loaded plugin updater (category:base,tabindex:12)
2024-06-11 20:11:49,805 [INFO] PluginManage:310 - Check plugin userauth
2024-06-11 20:11:49,812 [INFO] UserAuth:114 - Init User Auth plugin
2024-06-11 20:11:49,812 [INFO] PluginManage:359 - Loaded plugin userauth (category:base,tabindex:14)
2024-06-11 20:11:49,812 [INFO] PluginManage:283 - PluginManage : Loaded plugins [17]
2024-06-11 20:11:50,248 [INFO] PinOutPanel:1561 - setPackage(No Configuration,No Configuration)
2024-06-11 20:11:50,430 [INFO] CADModel:165 - CPN selected for project level
2024-06-11 20:11:50,430 [INFO] CADModel:114 - Register for checkConnection events
2024-06-11 20:11:50,447 [INFO] IPUIPlugin:80 - create IPUIPlugin
2024-06-11 20:11:50,448 [INFO] PluginManager:220 - loadIPPluginJar : add mdma
2024-06-11 20:11:50,458 [INFO] IPUIPlugin:80 - create IPUIPlugin
2024-06-11 20:11:50,458 [INFO] PluginManager:220 - loadIPPluginJar : add freertos
2024-06-11 20:11:50,468 [INFO] IPUIPlugin:80 - create IPUIPlugin
2024-06-11 20:11:50,468 [INFO] PluginManager:220 - loadIPPluginJar : add gic
2024-06-11 20:11:50,484 [INFO] IPUIPlugin:80 - create IPUIPlugin
2024-06-11 20:11:50,485 [INFO] PluginManager:220 - loadIPPluginJar : add adc
2024-06-11 20:11:50,490 [INFO] IPUIPlugin:80 - create IPUIPlugin
2024-06-11 20:11:50,490 [INFO] PluginManager:220 - loadIPPluginJar : add gtzc
2024-06-11 20:11:50,492 [INFO] IPUIPlugin:80 - create IPUIPlugin
2024-06-11 20:11:50,492 [INFO] PluginManager:220 - loadIPPluginJar : add quadspi
2024-06-11 20:11:50,497 [INFO] IPUIPlugin:80 - create IPUIPlugin
2024-06-11 20:11:50,497 [INFO] PluginManager:220 - loadIPPluginJar : add aes
2024-06-11 20:11:50,503 [INFO] IPUIPlugin:80 - create IPUIPlugin
2024-06-11 20:11:50,503 [INFO] PluginManager:220 - loadIPPluginJar : add pdm2pcm
2024-06-11 20:11:50,506 [INFO] IPUIPlugin:80 - create IPUIPlugin
2024-06-11 20:11:50,506 [INFO] PluginManager:220 - loadIPPluginJar : add hash
2024-06-11 20:11:50,509 [INFO] IPUIPlugin:80 - create IPUIPlugin
2024-06-11 20:11:50,510 [INFO] PluginManager:220 - loadIPPluginJar : add tim
2024-06-11 20:11:50,513 [INFO] IPUIPlugin:80 - create IPUIPlugin
2024-06-11 20:11:50,513 [INFO] PluginManager:220 - loadIPPluginJar : add tsc
2024-06-11 20:11:50,519 [INFO] IPUIPlugin:80 - create IPUIPlugin
2024-06-11 20:11:50,520 [INFO] PluginManager:220 - loadIPPluginJar : add extmemmanager
2024-06-11 20:11:50,523 [INFO] IPUIPlugin:80 - create IPUIPlugin
2024-06-11 20:11:50,523 [INFO] PluginManager:220 - loadIPPluginJar : add ts
2024-06-11 20:11:50,528 [INFO] IPUIPlugin:80 - create IPUIPlugin
2024-06-11 20:11:50,528 [INFO] PluginManager:220 - loadIPPluginJar : add can
2024-06-11 20:11:50,531 [INFO] IPUIPlugin:80 - create IPUIPlugin
2024-06-11 20:11:50,531 [INFO] PluginManager:220 - loadIPPluginJar : add dma3
2024-06-11 20:11:50,535 [INFO] IPUIPlugin:80 - create IPUIPlugin
2024-06-11 20:11:50,535 [INFO] PluginManager:220 - loadIPPluginJar : add dfsdm
2024-06-11 20:11:50,542 [INFO] IPUIPlugin:80 - create IPUIPlugin
2024-06-11 20:11:50,542 [INFO] PluginManager:220 - loadIPPluginJar : add spi
2024-06-11 20:11:50,556 [INFO] IPUIPlugin:80 - create IPUIPlugin
2024-06-11 20:11:50,557 [INFO] PluginManager:220 - loadIPPluginJar : add gfxmmu
2024-06-11 20:11:50,578 [INFO] IPUIPlugin:80 - create IPUIPlugin
2024-06-11 20:11:50,578 [INFO] PluginManager:220 - loadIPPluginJar : add genericplugin
2024-06-11 20:11:50,586 [INFO] IPUIPlugin:80 - create IPUIPlugin
2024-06-11 20:11:50,587 [INFO] PluginManager:220 - loadIPPluginJar : add cryp
2024-06-11 20:11:50,597 [INFO] IPUIPlugin:80 - create IPUIPlugin
2024-06-11 20:11:50,597 [INFO] PluginManager:220 - loadIPPluginJar : add gpio
2024-06-11 20:11:50,599 [INFO] IPUIPlugin:80 - create IPUIPlugin
2024-06-11 20:11:50,600 [INFO] PluginManager:220 - loadIPPluginJar : add comp
2024-06-11 20:11:50,602 [INFO] IPUIPlugin:80 - create IPUIPlugin
2024-06-11 20:11:50,602 [INFO] PluginManager:220 - loadIPPluginJar : add tracer_emb
2024-06-11 20:11:50,607 [INFO] IPUIPlugin:80 - create IPUIPlugin
2024-06-11 20:11:50,607 [INFO] PluginManager:220 - loadIPPluginJar : add openamp
2024-06-11 20:11:50,627 [INFO] IPUIPlugin:80 - create IPUIPlugin
2024-06-11 20:11:50,628 [INFO] PluginManager:220 - loadIPPluginJar : add stm32_wpan
2024-06-11 20:11:50,639 [INFO] IPUIPlugin:80 - create IPUIPlugin
2024-06-11 20:11:50,642 [INFO] PluginManager:220 - loadIPPluginJar : add plateformsettings
2024-06-11 20:11:50,654 [INFO] IPUIPlugin:80 - create IPUIPlugin
2024-06-11 20:11:50,654 [INFO] PluginManager:220 - loadIPPluginJar : add ipddr
2024-06-11 20:11:50,658 [INFO] IPUIPlugin:80 - create IPUIPlugin
2024-06-11 20:11:50,658 [INFO] PluginManager:220 - loadIPPluginJar : add usart
2024-06-11 20:11:50,660 [INFO] IPUIPlugin:80 - create IPUIPlugin
2024-06-11 20:11:50,661 [INFO] PluginManager:220 - loadIPPluginJar : add ltdc
2024-06-11 20:11:50,666 [INFO] IPUIPlugin:80 - create IPUIPlugin
2024-06-11 20:11:50,666 [INFO] PluginManager:220 - loadIPPluginJar : add nvic
2024-06-11 20:11:50,668 [INFO] IPUIPlugin:80 - create IPUIPlugin
2024-06-11 20:11:50,668 [INFO] PluginManager:220 - loadIPPluginJar : add fatfs
2024-06-11 20:11:50,682 [INFO] IPUIPlugin:80 - create IPUIPlugin
2024-06-11 20:11:50,682 [INFO] PluginManager:220 - loadIPPluginJar : add linkedlist
2024-06-11 20:11:50,691 [INFO] IPUIPlugin:80 - create IPUIPlugin
2024-06-11 20:11:50,691 [INFO] PluginManager:220 - loadIPPluginJar : add dma
2024-06-11 20:11:50,701 [INFO] IPUIPlugin:80 - create IPUIPlugin
2024-06-11 20:11:50,702 [INFO] PluginManager:220 - loadIPPluginJar : add fmc
2024-06-11 20:11:50,706 [INFO] IPUIPlugin:80 - create IPUIPlugin
2024-06-11 20:11:50,706 [INFO] PluginManager:220 - loadIPPluginJar : add i2s
2024-06-11 20:11:50,710 [INFO] IPUIPlugin:80 - create IPUIPlugin
2024-06-11 20:11:50,710 [INFO] PluginManager:220 - loadIPPluginJar : add ucpd
2024-06-11 20:11:50,726 [INFO] IPUIPlugin:80 - create IPUIPlugin
2024-06-11 20:11:50,727 [INFO] PluginManager:220 - loadIPPluginJar : add lorawan
2024-06-11 20:11:50,730 [INFO] IPUIPlugin:80 - create IPUIPlugin
2024-06-11 20:11:50,730 [INFO] PluginManager:220 - loadIPPluginJar : add opamp
2024-06-11 20:11:50,733 [INFO] IPUIPlugin:80 - create IPUIPlugin
2024-06-11 20:11:50,733 [INFO] PluginManager:220 - loadIPPluginJar : add i3c
2024-06-11 20:11:50,738 [INFO] IPUIPlugin:80 - create IPUIPlugin
2024-06-11 20:11:50,738 [INFO] PluginManager:220 - loadIPPluginJar : add touchsensing
2024-06-11 20:11:50,747 [INFO] IPUIPlugin:80 - create IPUIPlugin
2024-06-11 20:11:50,747 [INFO] PluginManager:220 - loadIPPluginJar : add i2c
2024-06-11 20:11:50,753 [INFO] IPUIPlugin:80 - create IPUIPlugin
2024-06-11 20:11:50,753 [INFO] PluginManager:220 - loadIPPluginJar : add resmgrutility
2024-06-11 20:11:50,760 [INFO] IPUIPlugin:80 - create IPUIPlugin
2024-06-11 20:11:50,760 [INFO] PluginManager:220 - loadIPPluginJar : add sai
2024-06-11 20:11:50,764 [INFO] IPUIPlugin:80 - create IPUIPlugin
2024-06-11 20:11:50,764 [INFO] PluginManager:220 - loadIPPluginJar : add usbx
2024-06-11 20:11:50,997 [INFO] CADModel:165 - CPN selected for project level
2024-06-11 20:11:50,997 [INFO] CADModel:114 - Register for checkConnection events
2024-06-11 20:11:50,998 [FATAL] Updater:308 - Updater called before beeing initialized
2024-06-11 20:11:50,998 [ERROR] CADModel:125 - Updater not yet initialized, retry later 
2024-06-11 20:11:51,395 [INFO] CADModel:165 - CPN selected for project level
2024-06-11 20:11:51,396 [INFO] CADModel:114 - Register for checkConnection events
2024-06-11 20:11:51,396 [FATAL] Updater:308 - Updater called before beeing initialized
2024-06-11 20:11:51,397 [ERROR] CADModel:125 - Updater not yet initialized, retry later 
2024-06-11 20:11:51,401 [FATAL] Updater:308 - Updater called before beeing initialized
2024-06-11 20:11:51,579 [FATAL] Updater:308 - Updater called before beeing initialized
2024-06-11 20:11:51,591 [INFO] DbMcusAds:53 - JSON generation date=Thu May 16 02:22:00 PDT 2024 (1715851320852)
2024-06-11 20:11:51,591 [FATAL] Updater:308 - Updater called before beeing initialized
2024-06-11 20:11:51,951 [WARN] DetailPanel:346 - Failed to get advertising image, set to default
2024-06-11 20:11:52,325 [FATAL] Updater:308 - Updater called before beeing initialized
2024-06-11 20:11:52,329 [FATAL] Updater:308 - Updater called before beeing initialized
2024-06-11 20:11:52,330 [FATAL] Updater:308 - Updater called before beeing initialized
2024-06-11 20:11:52,330 [WARN] DetailPanel:346 - Failed to get advertising image, set to default
2024-06-11 20:11:52,332 [FATAL] Updater:308 - Updater called before beeing initialized
2024-06-11 20:11:52,457 [ERROR] Updater:1120 - MainUpdater not yet initialized. External WinMGr cannot be set.
2024-06-11 20:11:52,460 [INFO] Updater:1056 - Updater Version found : 6.11.1
2024-06-11 20:11:52,490 [INFO] ApplicationProperties:184 - Using Application install path: /Applications/STM32CubeIDE.app/Contents/Eclipse/plugins/com.st.stm32cube.common.mx_6.11.1.202404110753
2024-06-11 20:11:52,493 [INFO] ThirdPartyUpdaterWithRetryManager:70 - Updater plugin not ready yet. [2/15]
2024-06-11 20:11:53,817 [INFO] MainUpdater:2873 - connection check result : 10
2024-06-11 20:11:53,818 [INFO] MainUpdater:3567 - Updater definition file requires update
2024-06-11 20:11:53,818 [INFO] MainUpdater:290 - Updater Check For Update Now.
2024-06-11 20:11:53,818 [INFO] MicroXplorer:498 - Change Database Version : DB.6.0.111
2024-06-11 20:11:53,824 [INFO] McuFinderGlobals:63 - Set McuFinder mode to 2 (CubeIDE integrated)
2024-06-11 20:11:53,825 [INFO] UserAuth:179 - activating auth plugin
2024-06-11 20:11:53,829 [INFO] UserAuth:415 - Internet connection configuration mode: 1
2024-06-11 20:11:53,852 [INFO] JxBrowserEngine:152 - Initiate JxBrowser Engine with user profile folder
2024-06-11 20:11:54,787 [INFO] ServerAccessManage:473 - Download File updaters.zip
2024-06-11 20:11:55,357 [INFO] FileExtend:240 - Unzip File : updaters.zip
2024-06-11 20:11:55,358 [INFO] FileExtend:255 - Standard Zip Deflate
2024-06-11 20:11:55,494 [WARN] MainUpdater:1194 - Updater busy. Cannot search thirdparties
2024-06-11 20:11:55,497 [INFO] ThirdPartyUpdaterWithRetryManager:96 - Updater plugin is busy. [1/15]
2024-06-11 20:11:56,132 [INFO] WebApp:161 - Instantiating new browser for Auth
2024-06-11 20:11:56,243 [INFO] ServerAccessManage:473 - Download File PacksControlFlags.xml
2024-06-11 20:11:56,550 [INFO] ServerAccessManage:473 - Download File cubemx.pidx
2024-06-11 20:11:56,730 [INFO] LoadServerUpdatesThread:375 - End of LoadServerUpdate Thread
2024-06-11 20:11:56,933 [INFO] CheckServerUpdateThread:120 - End of CheckServer Thread
2024-06-11 20:11:57,688 [INFO] WebApp:779 - Register for checkConnection events
2024-06-11 20:11:57,688 [INFO] WebApp:414 - Apply proxy settings
2024-06-11 20:11:57,693 [INFO] WebApp:459 - Chromium authenticates against Manually configured proxy
2024-06-11 20:11:57,705 [INFO] WebApp:467 - Username used for proxy authentication: 
2024-06-11 20:11:58,005 [INFO] WebApp:192 - Starting web application
2024-06-11 20:11:58,005 [INFO] WebApp:544 - Web application path used /Applications/STM32CubeIDE.app/Contents/Eclipse/plugins/com.st.stm32cube.common.mx_6.11.1.202404110753/db/plugins/mcufinder/reactClient1/index.html
2024-06-11 20:11:58,889 [WARN] PackLoader:240 - Cannot read IP mode file for STMicroelectronics.FP-SNS-MOTENVWB1.1.4.0
2024-06-11 20:11:58,909 [WARN] PackLoader:240 - Cannot read IP mode file for STMicroelectronics.X-CUBE-SMBUS.2.1.0
2024-06-11 20:11:58,919 [WARN] PackLoader:240 - Cannot read IP mode file for STMicroelectronics.X-CUBE-TOUCHGFX.4.23.1
2024-06-11 20:11:58,925 [WARN] PackLoader:240 - Cannot read IP mode file for STMicroelectronics.X-CUBE-TOUCHGFX.4.23.0
2024-06-11 20:11:58,930 [WARN] PackLoader:240 - Cannot read IP mode file for STMicroelectronics.X-CUBE-TOUCHGFX.4.23.2
2024-06-11 20:11:59,024 [WARN] PackLoader:240 - Cannot read IP mode file for STMicroelectronics.X-CUBE-AZRTOS-F7.1.1.0
2024-06-11 20:11:59,130 [WARN] PackLoader:240 - Cannot read IP mode file for STMicroelectronics.FP-SNS-MOTENV1.4.3.2
2024-06-11 20:11:59,145 [WARN] PackLoader:240 - Cannot read IP mode file for STMicroelectronics.FP-SNS-FLIGHT1.5.0.2
2024-06-11 20:11:59,158 [WARN] PackLoader:240 - Cannot read IP mode file for STMicroelectronics.X-CUBE-DISPLAY.3.0.0
2024-06-11 20:11:59,184 [WARN] PackLoader:240 - Cannot read IP mode file for STMicroelectronics.X-CUBE-BLE1.7.0.0
2024-06-11 20:11:59,192 [WARN] PackLoader:240 - Cannot read IP mode file for emotas.I-CUBE-CANOPEN.1.3.0
2024-06-11 20:11:59,210 [WARN] PackLoader:240 - Cannot read IP mode file for STMicroelectronics.X-CUBE-BLEMGR.3.1.0
2024-06-11 20:11:59,220 [WARN] PackLoader:240 - Cannot read IP mode file for STMicroelectronics.FP-SNS-SMARTAG2.1.2.0
2024-06-11 20:11:59,243 [INFO] LogOutputStream:77 - [STDOUT_REDIRECT] 1 : Invalid condition id : UX_CORESTACK_Condition cause : null
2024-06-11 20:11:59,246 [INFO] LogOutputStream:77 - [STDOUT_REDIRECT] 1 : Invalid condition id : UX_CORESTACK_Condition cause : null
2024-06-11 20:11:59,247 [INFO] LogOutputStream:77 - [STDOUT_REDIRECT] 1 : Invalid condition id : UX_CORESTACK_Condition cause : null
2024-06-11 20:11:59,247 [INFO] LogOutputStream:77 - [STDOUT_REDIRECT] 1 : Invalid condition id : UX_CORESTACK_Condition cause : null
2024-06-11 20:11:59,247 [INFO] LogOutputStream:77 - [STDOUT_REDIRECT] 1 : Invalid condition id : UX_CORESTACK_Condition cause : null
2024-06-11 20:11:59,254 [WARN] PackLoader:240 - Cannot read IP mode file for STMicroelectronics.X-CUBE-AZRTOS-WL.2.0.0
2024-06-11 20:11:59,265 [WARN] PackLoader:240 - Cannot read IP mode file for STMicroelectronics.FP-SNS-MOTENV1.5.0.0
2024-06-11 20:11:59,286 [WARN] PackLoader:240 - Cannot read IP mode file for WES.I-CUBE-Cesium.1.3.0
2024-06-11 20:11:59,294 [WARN] PackLoader:240 - Cannot read IP mode file for STMicroelectronics.X-CUBE-BLE2.3.3.0
2024-06-11 20:11:59,302 [WARN] PackLoader:240 - Cannot read IP mode file for STMicroelectronics.X-CUBE-TCPP.4.1.0
2024-06-11 20:11:59,312 [WARN] PackLoader:240 - Cannot read IP mode file for STMicroelectronics.X-CUBE-ALGOBUILD.1.3.0
2024-06-11 20:11:59,339 [WARN] PackLoader:240 - Cannot read IP mode file for STMicroelectronics.X-CUBE-AZRTOS-G0.1.1.0
2024-06-11 20:11:59,352 [WARN] PackLoader:240 - Cannot read IP mode file for STMicroelectronics.X-CUBE-SAFEA1.1.2.2
2024-06-11 20:11:59,361 [WARN] PackLoader:240 - Cannot read IP mode file for STMicroelectronics.X-CUBE-NFC4.3.0.0
2024-06-11 20:11:59,370 [WARN] PackLoader:240 - Cannot read IP mode file for wolfSSL.I-CUBE-wolfMQTT.1.18.0
2024-06-11 20:11:59,383 [WARN] PackLoader:240 - Cannot read IP mode file for STMicroelectronics.X-CUBE-BLEMGR.3.0.0
2024-06-11 20:11:59,398 [WARN] PackLoader:240 - Cannot read IP mode file for STMicroelectronics.FP-ATR-SIGFOX1.3.2.0
2024-06-11 20:11:59,409 [WARN] PackLoader:240 - Cannot read IP mode file for STMicroelectronics.X-CUBE-EEPRMA1.5.1.0
2024-06-11 20:11:59,469 [WARN] PackLoader:240 - Cannot read IP mode file for SEGGER.I-CUBE-embOS.1.3.1
2024-06-11 20:11:59,558 [WARN] PackLoader:240 - Cannot read IP mode file for STMicroelectronics.X-CUBE-ALGOBUILD.1.4.0
2024-06-11 20:11:59,571 [WARN] PackLoader:240 - Cannot read IP mode file for STMicroelectronics.X-CUBE-GNSS1.6.0.0
2024-06-11 20:11:59,598 [WARN] PackLoader:240 - Cannot read IP mode file for STMicroelectronics.X-CUBE-AZRTOS-F4.1.1.0
2024-06-11 20:11:59,609 [WARN] PackLoader:240 - Cannot read IP mode file for STMicroelectronics.X-CUBE-FREERTOS.1.2.0
2024-06-11 20:11:59,616 [WARN] PackLoader:240 - Cannot read IP mode file for wolfSSL.I-CUBE-wolfSSL.5.6.6
2024-06-11 20:11:59,645 [WARN] PackLoader:240 - Cannot read IP mode file for STMicroelectronics.X-CUBE-AZRTOS-L5.2.0.0
2024-06-11 20:11:59,660 [WARN] PackLoader:240 - Cannot read IP mode file for STMicroelectronics.X-CUBE-NFC6.3.1.0
2024-06-11 20:11:59,671 [WARN] PackLoader:240 - Cannot read IP mode file for ITTIA_DB.I-CUBE-ITTIADB.8.8.0
2024-06-11 20:11:59,677 [WARN] PackLoader:240 - Cannot read IP mode file for STMicroelectronics.X-CUBE-AI.9.0.0
2024-06-11 20:11:59,684 [WARN] PackLoader:240 - Cannot read IP mode file for STMicroelectronics.X-CUBE-NFC7.1.0.1
2024-06-11 20:11:59,696 [WARN] PackLoader:240 - Cannot read IP mode file for STMicroelectronics.X-CUBE-NFC6.3.0.0
2024-06-11 20:11:59,707 [WARN] PackLoader:240 - Cannot read IP mode file for STMicroelectronics.X-CUBE-AI.8.1.0
2024-06-11 20:11:59,738 [WARN] ConditionMgr:438 - getConditionDescription Invalid condition id : LAN8742 Phy interface Condition cause : null
2024-06-11 20:11:59,739 [WARN] PackLoader:240 - Cannot read IP mode file for STMicroelectronics.X-CUBE-AZRTOS-L4.2.0.0
2024-06-11 20:11:59,741 [WARN] ConditionMgr:1039 - genDependencies : Invalid condition id : LAN8742 Phy interface Condition cause : null
2024-06-11 20:11:59,742 [WARN] ConditionMgr:1039 - genDependencies : Invalid condition id : LAN8742 Phy interface Condition cause : null
2024-06-11 20:11:59,745 [WARN] ConditionMgr:1039 - genDependencies : Invalid condition id : LAN8742 Phy interface Condition cause : null
2024-06-11 20:11:59,758 [WARN] PackLoader:240 - Cannot read IP mode file for STMicroelectronics.X-CUBE-SFXS2LP1.4.0.0
2024-06-11 20:11:59,786 [WARN] ConditionMgr:438 - getConditionDescription Invalid condition id : UX DEVICE CLASS RTOS Condition cause : null
2024-06-11 20:11:59,787 [WARN] ConditionMgr:438 - getConditionDescription Invalid condition id : UX DEVICE CLASS RTOS Condition cause : null
2024-06-11 20:11:59,791 [WARN] PackLoader:240 - Cannot read IP mode file for STMicroelectronics.X-CUBE-AZRTOS-WB.2.0.0
2024-06-11 20:11:59,793 [WARN] ConditionMgr:1039 - genDependencies : Invalid condition id : UX DEVICE CLASS RTOS Condition cause : null
2024-06-11 20:11:59,793 [WARN] ConditionMgr:1039 - genDependencies : Invalid condition id : UX DEVICE CLASS RTOS Condition cause : null
2024-06-11 20:11:59,794 [WARN] ConditionMgr:1039 - genDependencies : Invalid condition id : UX DEVICE CLASS RTOS Condition cause : null
2024-06-11 20:11:59,795 [WARN] ConditionMgr:1039 - genDependencies : Invalid condition id : UX DEVICE CLASS RTOS Condition cause : null
2024-06-11 20:11:59,795 [WARN] ConditionMgr:1039 - genDependencies : Invalid condition id : UX DEVICE CLASS RTOS Condition cause : null
2024-06-11 20:11:59,818 [WARN] PackLoader:240 - Cannot read IP mode file for STMicroelectronics.X-CUBE-SUBG2.5.0.0
2024-06-11 20:11:59,857 [WARN] PackLoader:240 - Cannot read IP mode file for STMicroelectronics.X-CUBE-AZRTOS-G4.2.0.0
2024-06-11 20:11:59,914 [WARN] PackLoader:240 - Cannot read IP mode file for Infineon.AIROC-Wi-Fi-Bluetooth-STM32.1.5.1
2024-06-11 20:11:59,950 [WARN] PackLoader:240 - Cannot read IP mode file for STMicroelectronics.FP-SNS-MOTENVWB1.1.3.1
2024-06-11 20:11:59,959 [WARN] PackLoader:240 - Cannot read IP mode file for STMicroelectronics.X-CUBE-ISPU.2.0.0
2024-06-11 20:11:59,969 [WARN] PackLoader:240 - Cannot read IP mode file for STMicroelectronics.X-CUBE-ALS.1.0.2
2024-06-11 20:12:00,079 [WARN] PackLoader:240 - Cannot read IP mode file for STMicroelectronics.X-CUBE-MEMS1.10.0.0
2024-06-11 20:12:00,325 [WARN] PackLoader:240 - Cannot read IP mode file for STMicroelectronics.X-CUBE-FREERTOS.1.1.0
2024-06-11 20:12:00,333 [WARN] PackLoader:240 - Cannot read IP mode file for portGmbH.I-Cube-SoM-uGOAL.1.1.0
2024-06-11 20:12:00,340 [WARN] PackLoader:240 - Cannot read IP mode file for STMicroelectronics.X-CUBE-ALS.1.0.1
2024-06-11 20:12:00,375 [WARN] PackLoader:240 - Cannot read IP mode file for STMicroelectronics.X-CUBE-AZRTOS-H7RS.1.0.0
2024-06-11 20:12:00,383 [WARN] PackLoader:240 - Cannot read IP mode file for STMicroelectronics.FP-ATR-ASTRA1.2.0.0
2024-06-11 20:12:00,403 [WARN] PackLoader:240 - Cannot read IP mode file for STMicroelectronics.X-CUBE-TOF1.3.4.0
2024-06-11 20:12:00,441 [WARN] PackLoader:240 - Cannot read IP mode file for STMicroelectronics.X-CUBE-TOF1.3.4.1
2024-06-11 20:12:00,489 [WARN] PackLoader:240 - Cannot read IP mode file for STMicroelectronics.X-CUBE-AZRTOS-H7.3.2.0
2024-06-11 20:12:00,496 [INFO] ThirdParty:978 - Integrity check success = true
2024-06-11 20:12:00,496 [INFO] IntegrityCheckThread:100 - exiting critical section [integrity check]
2024-06-11 20:12:00,496 [INFO] IntegrityCheckThread:103 - End integrity checks thread
