2024-04-24 06:04:56,358 [INFO] MainUpdater:2873 - connection check result : 22
2024-04-24 06:05:15,941 [INFO] MainUpdater:2873 - connection check result : 22
2024-04-24 06:05:18,308 [INFO] McuFinderGlobals:76 - Set McuFinderConnectedMode to false
2024-04-24 06:05:18,324 [INFO] MultiScanPanel:200 - Auto-refresh data requested => check proxy status ongoing
2024-04-24 06:05:18,324 [INFO] MultiScanPanel:204 - Proxy status is invalid
2024-04-24 06:05:18,329 [INFO] FinderPluginLoader:95 - Searching for filters in installed packs
2024-04-24 06:05:20,447 [WARN] DetailPanel:346 - Failed to get advertising image, set to default
2024-04-24 06:06:19,884 [INFO] MainUpdater:2873 - connection check result : 22
2024-04-24 06:06:19,889 [INFO] MainUpdater:2873 - connection check result : 22
2024-04-24 06:06:23,401 [INFO] MicroXplorer:468 - Change Database Path : 
2024-04-24 06:06:23,401 [INFO] MicroXplorer:498 - Change Database Version : DB.6.0.110
2024-04-24 06:06:23,413 [ERROR] ProjectManagerView:394 - 
java.lang.NullPointerException: Cannot invoke "javax.swing.JTextField.getText()" because the return value of "java.util.List.get(int)" is null
	at com.st.microxplorer.plugins.projectmanager.gui.ProjectChoiceTab$10.caretUpdate(ProjectChoiceTab.java:2504) ~[filemanager.jar:?]
	at javax.swing.text.JTextComponent.fireCaretUpdate(JTextComponent.java:412) ~[?:?]
	at javax.swing.text.JTextComponent$MutableCaretEvent.fire(JTextComponent.java:4491) ~[?:?]
	at javax.swing.text.JTextComponent$MutableCaretEvent.stateChanged(JTextComponent.java:4513) ~[?:?]
	at javax.swing.text.DefaultCaret.fireStateChanged(DefaultCaret.java:842) ~[?:?]
	at javax.swing.text.DefaultCaret.changeCaretPosition(DefaultCaret.java:1313) ~[?:?]
	at javax.swing.text.DefaultCaret.handleSetDot(DefaultCaret.java:1212) ~[?:?]
	at javax.swing.text.DefaultCaret.setDot(DefaultCaret.java:1193) ~[?:?]
	at javax.swing.text.DefaultCaret$Handler.insertUpdate(DefaultCaret.java:1789) ~[?:?]
	at javax.swing.text.AbstractDocument.fireInsertUpdate(AbstractDocument.java:226) ~[?:?]
	at javax.swing.text.AbstractDocument.handleInsertString(AbstractDocument.java:780) ~[?:?]
	at javax.swing.text.AbstractDocument.insertString(AbstractDocument.java:739) ~[?:?]
	at javax.swing.text.PlainDocument.insertString(PlainDocument.java:131) ~[?:?]
	at javax.swing.text.AbstractDocument.replace(AbstractDocument.java:698) ~[?:?]
	at javax.swing.text.JTextComponent.setText(JTextComponent.java:1729) ~[?:?]
	at com.st.microxplorer.plugins.projectmanager.gui.ProjectChoiceTab.createHeapStackFields(ProjectChoiceTab.java:944) ~[filemanager.jar:?]
	at com.st.microxplorer.plugins.projectmanager.gui.ProjectChoiceTab.buildLinkSettingsPanel(ProjectChoiceTab.java:3475) ~[filemanager.jar:?]
	at com.st.microxplorer.plugins.projectmanager.gui.ProjectChoiceTab.defineWindowsFields(ProjectChoiceTab.java:1816) ~[filemanager.jar:?]
	at com.st.microxplorer.plugins.projectmanager.gui.ProjectChoiceTab.updateSettings(ProjectChoiceTab.java:544) ~[filemanager.jar:?]
	at com.st.microxplorer.plugins.projectmanager.gui.ProjectSettingsPanel.UpdateDialog(ProjectSettingsPanel.java:245) ~[filemanager.jar:?]
	at com.st.microxplorer.plugins.projectmanager.ProjectManagerView.propertyChange(ProjectManagerView.java:391) ~[filemanager.jar:?]
	at java.beans.PropertyChangeSupport.fire(PropertyChangeSupport.java:343) ~[?:?]
	at java.beans.PropertyChangeSupport.firePropertyChange(PropertyChangeSupport.java:335) ~[?:?]
	at java.beans.PropertyChangeSupport.firePropertyChange(PropertyChangeSupport.java:268) ~[?:?]
	at com.st.microxplorer.util.MXPropertyChangeSupport.firePropertyChange(MXPropertyChangeSupport.java:54) ~[STM32CubeMX.jar:?]
	at com.st.microxplorer.mxsystem.MxSystem.closeConfig(MxSystem.java:900) ~[STM32CubeMX.jar:?]
	at com.st.microxplorer.maingui.MainPanel.closeConfig(MainPanel.java:776) ~[STM32CubeMX.jar:?]
	at com.st.microxplorer.plugins.filemanager.engine.OpenFileManager.loadConfigurationFile(OpenFileManager.java:245) ~[filemanager.jar:?]
	at com.st.microxplorer.plugins.filemanager.engine.MainFileManager.userLoadConfig(MainFileManager.java:315) ~[filemanager.jar:?]
	at com.st.microxplorer.plugins.filemanager.engine.MainFileManager.userLoadConfig(MainFileManager.java:293) ~[filemanager.jar:?]
	at com.st.microxplorer.plugins.filemanager.FileManagerView.getSpecificTask(FileManagerView.java:247) ~[filemanager.jar:?]
	at com.st.stm32cube.common.mx.editor.CubeMxEditor.getMxTabbedPaneInstance(CubeMxEditor.java:1198) ~[com.st.stm32cube.common.mx_6.11.0.202403141607/:?]
	at com.st.stm32cube.common.mx.editor.CubeMxEditor$12$1.createSwingComponent(CubeMxEditor.java:1068) ~[com.st.stm32cube.common.mx_6.11.0.202403141607/:?]
	at com.st.stm32cube.common.mx.oss.core.awtswtbridge.EmbeddedSwingComposite.doComponentCreation(EmbeddedSwingComposite.java:492) ~[com.st.stm32cube.common.mx.oss_6.11.0.202403141607/:?]
	at com.st.stm32cube.common.mx.oss.core.awtswtbridge.EmbeddedSwingComposite$4.run(EmbeddedSwingComposite.java:291) ~[com.st.stm32cube.common.mx.oss_6.11.0.202403141607/:?]
	at com.st.stm32cube.common.mx.oss.core.awtswtbridge.AwtEnvironment$2.run(AwtEnvironment.java:166) ~[com.st.stm32cube.common.mx.oss_6.11.0.202403141607/:?]
	at java.awt.event.InvocationEvent.dispatch(InvocationEvent.java:318) ~[?:?]
	at java.awt.EventQueue.dispatchEventImpl(EventQueue.java:773) ~[?:?]
	at java.awt.EventQueue$4.run(EventQueue.java:720) ~[?:?]
	at java.awt.EventQueue$4.run(EventQueue.java:714) ~[?:?]
	at java.security.AccessController.doPrivileged(AccessController.java:399) ~[?:?]
	at java.security.ProtectionDomain$JavaSecurityAccessImpl.doIntersectionPrivilege(ProtectionDomain.java:86) ~[?:?]
	at java.awt.EventQueue.dispatchEvent(EventQueue.java:742) ~[?:?]
	at java.awt.EventDispatchThread.pumpOneEventForFilters(EventDispatchThread.java:203) ~[?:?]
	at java.awt.EventDispatchThread.pumpEventsForFilter(EventDispatchThread.java:124) ~[?:?]
	at java.awt.EventDispatchThread.pumpEventsForHierarchy(EventDispatchThread.java:113) ~[?:?]
	at java.awt.EventDispatchThread.pumpEvents(EventDispatchThread.java:109) ~[?:?]
	at java.awt.EventDispatchThread.pumpEvents(EventDispatchThread.java:101) ~[?:?]
	at java.awt.EventDispatchThread.run(EventDispatchThread.java:90) ~[?:?]
2024-04-24 06:06:23,433 [WARN] ThirdParty:871 - waiting for thirdparty lock release [close project]
2024-04-24 06:06:23,434 [INFO] ThirdParty:873 - entering critical section [close project]
2024-04-24 06:06:23,434 [INFO] ThirdParty:883 - exiting critical section [close project]
2024-04-24 06:06:23,438 [INFO] PinOutPanel:1561 - setPackage(No Configuration,No Configuration)
2024-04-24 06:06:23,451 [WARN] IpParametersView:151 - Warning: This peripheral hasn't parameters
2024-04-24 06:06:23,459 [WARN] MainPanel:272 - <html><b><center>Warning: This peripheral has no parameters to be configured<br></b></html>
2024-04-24 06:06:23,476 [INFO] UtilMem:75 - Begin LoadConfig() Used Memory: 471909776 Bytes (636485632)
2024-04-24 06:06:23,485 [INFO] MicroXplorer:468 - Change Database Path : /Users/liangnie/.stm32cubemx/databases/DB.6.0.81/db/
2024-04-24 06:06:23,486 [INFO] MicroXplorer:498 - Change Database Version : DB.6.0.81
2024-04-24 06:06:34,702 [INFO] MicroXplorer:468 - Change Database Path : 
2024-04-24 06:06:34,702 [INFO] MicroXplorer:498 - Change Database Version : DB.6.0.110
2024-04-24 06:06:34,703 [INFO] OpenFileManager:312 - Change cursor
2024-04-24 06:06:34,744 [INFO] Mcu:2021 - Initializing MCU STM32F407I(E-G)Hx STM32F407IGHx STM32F407IGH6
2024-04-24 06:06:36,727 [INFO] Context:663 - Trying to add GPIOservice into a context  which must be forbidden
2024-04-24 06:06:37,182 [INFO] RtosManager:555 - Registered RTOS mode: class=CMSIS, group=RTOS, mode=CMSIS_V1, owner=FREERTOS
2024-04-24 06:06:37,182 [INFO] RtosManager:555 - Registered RTOS mode: class=CMSIS, group=RTOS2, mode=CMSIS_V2, owner=FREERTOS
2024-04-24 06:06:37,182 [INFO] RtosManager:555 - Registered RTOS mode: class=RTOS, group=Core, mode=CMSIS_V1, owner=FREERTOS
2024-04-24 06:06:37,183 [INFO] RtosManager:555 - Registered RTOS mode: class=RTOS, group=Core, mode=CMSIS_V2, owner=FREERTOS
2024-04-24 06:06:37,183 [WARN] ModelIntegratedComponent:184 - Missing modes for component STMicroelectronics:FreeRTOS:0.0.1:STMicroelectronics:RTOS:FreeRTOS:Core:::10.2.0:
2024-04-24 06:06:37,200 [WARN] ModelIntegratedComponent:63 - No mode defined for component null
2024-04-24 06:06:37,200 [WARN] ModelIntegratedComponent:63 - No mode defined for component null
2024-04-24 06:06:37,201 [WARN] ModelIntegratedComponent:63 - No mode defined for component null
2024-04-24 06:06:37,201 [WARN] ModelIntegratedComponent:63 - No mode defined for component null
2024-04-24 06:06:37,201 [WARN] ModelIntegratedComponent:63 - No mode defined for component null
2024-04-24 06:06:37,201 [WARN] ModelIntegratedComponent:63 - No mode defined for component null
2024-04-24 06:06:37,201 [WARN] ModelIntegratedComponent:63 - No mode defined for component null
2024-04-24 06:06:37,201 [WARN] ModelIntegratedComponent:63 - No mode defined for component null
2024-04-24 06:06:37,201 [WARN] ModelIntegratedComponent:63 - No mode defined for component null
2024-04-24 06:06:37,201 [WARN] ModelIntegratedComponent:63 - No mode defined for component null
2024-04-24 06:06:37,202 [WARN] ModelIntegratedComponent:63 - No mode defined for component null
2024-04-24 06:06:37,202 [WARN] ModelIntegratedComponent:63 - No mode defined for component null
2024-04-24 06:06:37,202 [WARN] ModelIntegratedComponent:63 - No mode defined for component null
2024-04-24 06:06:37,202 [WARN] ModelIntegratedComponent:63 - No mode defined for component null
2024-04-24 06:06:37,202 [WARN] ModelIntegratedComponent:63 - No mode defined for component null
2024-04-24 06:06:37,202 [WARN] ModelIntegratedComponent:63 - No mode defined for component null
2024-04-24 06:06:37,202 [WARN] ModelIntegratedComponent:63 - No mode defined for component null
2024-04-24 06:06:37,202 [WARN] ModelIntegratedComponent:63 - No mode defined for component null
2024-04-24 06:06:37,202 [WARN] ModelIntegratedComponent:63 - No mode defined for component null
2024-04-24 06:06:37,202 [WARN] ModelIntegratedComponent:63 - No mode defined for component null
2024-04-24 06:06:37,202 [WARN] ModelIntegratedComponent:63 - No mode defined for component null
2024-04-24 06:06:37,202 [WARN] ModelIntegratedComponent:63 - No mode defined for component null
2024-04-24 06:06:37,203 [WARN] ModelIntegratedComponent:63 - No mode defined for component null
2024-04-24 06:06:37,203 [WARN] ModelIntegratedComponent:63 - No mode defined for component null
2024-04-24 06:06:37,203 [WARN] ModelIntegratedComponent:63 - No mode defined for component null
2024-04-24 06:06:37,203 [WARN] ModelIntegratedComponent:63 - No mode defined for component null
2024-04-24 06:06:37,203 [WARN] ModelIntegratedComponent:63 - No mode defined for component null
2024-04-24 06:06:37,203 [WARN] ModelIntegratedComponent:63 - No mode defined for component null
2024-04-24 06:06:37,203 [WARN] ModelIntegratedComponent:63 - No mode defined for component null
2024-04-24 06:06:37,203 [WARN] ModelIntegratedComponent:63 - No mode defined for component null
2024-04-24 06:06:37,203 [WARN] ModelIntegratedComponent:63 - No mode defined for component null
2024-04-24 06:06:37,203 [WARN] ModelIntegratedComponent:63 - No mode defined for component null
2024-04-24 06:06:37,203 [WARN] ModelIntegratedComponent:63 - No mode defined for component null
2024-04-24 06:06:37,203 [WARN] ModelIntegratedComponent:63 - No mode defined for component null
2024-04-24 06:06:37,326 [INFO] ThirdPartyModel:298 - Start build external matchings
2024-04-24 06:06:38,064 [INFO] ThirdPartyModel:316 - End build external matchings
2024-04-24 06:06:38,078 [INFO] RtosManager:919 - Current active RTOS is FREERTOS [Cortex-M4NS]
2024-04-24 06:06:38,086 [INFO] ImportTextPane:194 - (OptionalMessage_ERROR) IP (DMA) : Parameter (Instance) has Id (USART3_RX) currently not set
2024-04-24 06:06:38,086 [INFO] ImportTextPane:194 - (OptionalMessage_ERROR) IP (DMA) : Parameter (Channel) has Id (USART3_RX) currently not set
2024-04-24 06:06:38,087 [INFO] ImportTextPane:194 - (OptionalMessage_ERROR) IP (DMA) : Parameter (Direction) has Id (USART3_RX) currently not set
2024-04-24 06:06:38,087 [INFO] ImportTextPane:194 - (OptionalMessage_ERROR) IP (DMA) : Parameter (PeriphInc) has Id (USART3_RX) currently not set
2024-04-24 06:06:38,087 [INFO] ImportTextPane:194 - (OptionalMessage_ERROR) IP (DMA) : Parameter (MemInc) has Id (USART3_RX) currently not set
2024-04-24 06:06:38,087 [INFO] ImportTextPane:194 - (OptionalMessage_ERROR) IP (DMA) : Parameter (PeriphDataAlignment) has Id (USART3_RX) currently not set
2024-04-24 06:06:38,087 [INFO] ImportTextPane:194 - (OptionalMessage_ERROR) IP (DMA) : Parameter (MemDataAlignment) has Id (USART3_RX) currently not set
2024-04-24 06:06:38,087 [INFO] ImportTextPane:194 - (OptionalMessage_ERROR) IP (DMA) : Parameter (Mode) has Id (USART3_RX) currently not set
2024-04-24 06:06:38,087 [INFO] ImportTextPane:194 - (OptionalMessage_ERROR) IP (DMA) : Parameter (Priority) has Id (USART3_RX) currently not set
2024-04-24 06:06:38,087 [INFO] ImportTextPane:194 - (OptionalMessage_ERROR) IP (DMA) : Parameter (FIFOMode) has Id (USART3_RX) currently not set
2024-04-24 06:06:38,087 [INFO] ImportTextPane:194 - (OptionalMessage_ERROR) IP (DMA) : Parameter (Instance) has Id (USART1_TX) currently not set
2024-04-24 06:06:38,087 [INFO] ImportTextPane:194 - (OptionalMessage_ERROR) IP (DMA) : Parameter (Channel) has Id (USART1_TX) currently not set
2024-04-24 06:06:38,087 [INFO] ImportTextPane:194 - (OptionalMessage_ERROR) IP (DMA) : Parameter (Direction) has Id (USART1_TX) currently not set
2024-04-24 06:06:38,088 [INFO] ImportTextPane:194 - (OptionalMessage_ERROR) IP (DMA) : Parameter (PeriphInc) has Id (USART1_TX) currently not set
2024-04-24 06:06:38,088 [INFO] ImportTextPane:194 - (OptionalMessage_ERROR) IP (DMA) : Parameter (MemInc) has Id (USART1_TX) currently not set
2024-04-24 06:06:38,088 [INFO] ImportTextPane:194 - (OptionalMessage_ERROR) IP (DMA) : Parameter (PeriphDataAlignment) has Id (USART1_TX) currently not set
2024-04-24 06:06:38,088 [INFO] ImportTextPane:194 - (OptionalMessage_ERROR) IP (DMA) : Parameter (MemDataAlignment) has Id (USART1_TX) currently not set
2024-04-24 06:06:38,088 [INFO] ImportTextPane:194 - (OptionalMessage_ERROR) IP (DMA) : Parameter (Mode) has Id (USART1_TX) currently not set
2024-04-24 06:06:38,088 [INFO] ImportTextPane:194 - (OptionalMessage_ERROR) IP (DMA) : Parameter (Priority) has Id (USART1_TX) currently not set
2024-04-24 06:06:38,088 [INFO] ImportTextPane:194 - (OptionalMessage_ERROR) IP (DMA) : Parameter (FIFOMode) has Id (USART1_TX) currently not set
2024-04-24 06:06:38,088 [INFO] ImportTextPane:194 - (OptionalMessage_ERROR) IP (DMA) : Parameter (Instance) has Id (USART1_RX) currently not set
2024-04-24 06:06:38,088 [INFO] ImportTextPane:194 - (OptionalMessage_ERROR) IP (DMA) : Parameter (Channel) has Id (USART1_RX) currently not set
2024-04-24 06:06:38,088 [INFO] ImportTextPane:194 - (OptionalMessage_ERROR) IP (DMA) : Parameter (Direction) has Id (USART1_RX) currently not set
2024-04-24 06:06:38,088 [INFO] ImportTextPane:194 - (OptionalMessage_ERROR) IP (DMA) : Parameter (PeriphInc) has Id (USART1_RX) currently not set
2024-04-24 06:06:38,088 [INFO] ImportTextPane:194 - (OptionalMessage_ERROR) IP (DMA) : Parameter (MemInc) has Id (USART1_RX) currently not set
2024-04-24 06:06:38,088 [INFO] ImportTextPane:194 - (OptionalMessage_ERROR) IP (DMA) : Parameter (PeriphDataAlignment) has Id (USART1_RX) currently not set
2024-04-24 06:06:38,089 [INFO] ImportTextPane:194 - (OptionalMessage_ERROR) IP (DMA) : Parameter (MemDataAlignment) has Id (USART1_RX) currently not set
2024-04-24 06:06:38,089 [INFO] ImportTextPane:194 - (OptionalMessage_ERROR) IP (DMA) : Parameter (Mode) has Id (USART1_RX) currently not set
2024-04-24 06:06:38,089 [INFO] ImportTextPane:194 - (OptionalMessage_ERROR) IP (DMA) : Parameter (Priority) has Id (USART1_RX) currently not set
2024-04-24 06:06:38,089 [INFO] ImportTextPane:194 - (OptionalMessage_ERROR) IP (DMA) : Parameter (FIFOMode) has Id (USART1_RX) currently not set
2024-04-24 06:06:38,089 [INFO] ImportTextPane:194 - (OptionalMessage_ERROR) IP (DMA) : Parameter (Instance) has Id (USART6_RX) currently not set
2024-04-24 06:06:38,089 [INFO] ImportTextPane:194 - (OptionalMessage_ERROR) IP (DMA) : Parameter (Channel) has Id (USART6_RX) currently not set
2024-04-24 06:06:38,089 [INFO] ImportTextPane:194 - (OptionalMessage_ERROR) IP (DMA) : Parameter (Direction) has Id (USART6_RX) currently not set
2024-04-24 06:06:38,089 [INFO] ImportTextPane:194 - (OptionalMessage_ERROR) IP (DMA) : Parameter (PeriphInc) has Id (USART6_RX) currently not set
2024-04-24 06:06:38,089 [INFO] ImportTextPane:194 - (OptionalMessage_ERROR) IP (DMA) : Parameter (MemInc) has Id (USART6_RX) currently not set
2024-04-24 06:06:38,089 [INFO] ImportTextPane:194 - (OptionalMessage_ERROR) IP (DMA) : Parameter (PeriphDataAlignment) has Id (USART6_RX) currently not set
2024-04-24 06:06:38,089 [INFO] ImportTextPane:194 - (OptionalMessage_ERROR) IP (DMA) : Parameter (MemDataAlignment) has Id (USART6_RX) currently not set
2024-04-24 06:06:38,090 [INFO] ImportTextPane:194 - (OptionalMessage_ERROR) IP (DMA) : Parameter (Mode) has Id (USART6_RX) currently not set
2024-04-24 06:06:38,090 [INFO] ImportTextPane:194 - (OptionalMessage_ERROR) IP (DMA) : Parameter (Priority) has Id (USART6_RX) currently not set
2024-04-24 06:06:38,090 [INFO] ImportTextPane:194 - (OptionalMessage_ERROR) IP (DMA) : Parameter (FIFOMode) has Id (USART6_RX) currently not set
2024-04-24 06:06:38,090 [INFO] ImportTextPane:194 - (OptionalMessage_ERROR) IP (DMA) : Parameter (Instance) has Id (USART6_TX) currently not set
2024-04-24 06:06:38,090 [INFO] ImportTextPane:194 - (OptionalMessage_ERROR) IP (DMA) : Parameter (Channel) has Id (USART6_TX) currently not set
2024-04-24 06:06:38,090 [INFO] ImportTextPane:194 - (OptionalMessage_ERROR) IP (DMA) : Parameter (Direction) has Id (USART6_TX) currently not set
2024-04-24 06:06:38,090 [INFO] ImportTextPane:194 - (OptionalMessage_ERROR) IP (DMA) : Parameter (PeriphInc) has Id (USART6_TX) currently not set
2024-04-24 06:06:38,090 [INFO] ImportTextPane:194 - (OptionalMessage_ERROR) IP (DMA) : Parameter (MemInc) has Id (USART6_TX) currently not set
2024-04-24 06:06:38,090 [INFO] ImportTextPane:194 - (OptionalMessage_ERROR) IP (DMA) : Parameter (PeriphDataAlignment) has Id (USART6_TX) currently not set
2024-04-24 06:06:38,090 [INFO] ImportTextPane:194 - (OptionalMessage_ERROR) IP (DMA) : Parameter (MemDataAlignment) has Id (USART6_TX) currently not set
2024-04-24 06:06:38,090 [INFO] ImportTextPane:194 - (OptionalMessage_ERROR) IP (DMA) : Parameter (Mode) has Id (USART6_TX) currently not set
2024-04-24 06:06:38,090 [INFO] ImportTextPane:194 - (OptionalMessage_ERROR) IP (DMA) : Parameter (Priority) has Id (USART6_TX) currently not set
2024-04-24 06:06:38,091 [INFO] ImportTextPane:194 - (OptionalMessage_ERROR) IP (DMA) : Parameter (FIFOMode) has Id (USART6_TX) currently not set
2024-04-24 06:06:38,095 [WARN] IP:2120 - I2C_Coeff_DF not found: check if there is a RefParameter without a condition.
2024-04-24 06:06:38,095 [WARN] IP:2120 - Analog_Filter not found: check if there is a RefParameter without a condition.
2024-04-24 06:06:38,096 [INFO] ImportTextPane:194 - (OptionalMessage_ERROR) IP (RCC) : Parameter (48MHZClocksFreq_Value) has invalid value (84000000)
2024-04-24 06:06:38,096 [INFO] ImportTextPane:194 - (OptionalMessage_ERROR) IP (RCC) : Parameter (RTCHSEDivFreq_Value) has invalid value (6000000)
2024-04-24 06:06:38,465 [INFO] UtilMem:75 - End LoadConfig() Used Memory: 447480944 Bytes (636485632)
2024-04-24 06:06:38,516 [WARN] ThirdParty:833 - waiting for thirdparty lock release [change project]
2024-04-24 06:06:38,517 [INFO] ThirdParty:835 - entering critical section [change project]
2024-04-24 06:06:38,517 [INFO] ThirdParty:1030 - CMSIS Pack Vendor :STMicroelectronics USBPD 4.1
2024-04-24 06:06:38,517 [INFO] ThirdParty:1030 - CMSIS Pack Vendor :STMicroelectronics X-CUBE-GNSS1 6.0.0
2024-04-24 06:06:38,517 [INFO] ThirdParty:1030 - CMSIS Pack Vendor :STMicroelectronics USB_HOST 2.0.0
2024-04-24 06:06:38,517 [INFO] ThirdParty:1030 - CMSIS Pack Vendor :STMicroelectronics FP-SNS-MOTENVWB1 1.4.0
2024-04-24 06:06:38,517 [INFO] ThirdParty:1030 - CMSIS Pack Vendor :STMicroelectronics X-CUBE-AZRTOS-F4 1.1.0
2024-04-24 06:06:38,517 [INFO] ThirdParty:1030 - CMSIS Pack Vendor :STMicroelectronics LIBJPEG 8.0.0
2024-04-24 06:06:38,517 [INFO] ThirdParty:1030 - CMSIS Pack Vendor :STMicroelectronics X-CUBE-SMBUS 2.1.0
2024-04-24 06:06:38,518 [INFO] ThirdParty:1030 - CMSIS Pack Vendor :STMicroelectronics USB_DEVICE 3.0.0
2024-04-24 06:06:38,518 [INFO] ThirdParty:1030 - CMSIS Pack Vendor :STMicroelectronics X-CUBE-TCPP 4.1.0
2024-04-24 06:06:38,518 [INFO] ThirdParty:1030 - CMSIS Pack Vendor :STMicroelectronics X-CUBE-AZRTOS-WB 2.0.0
2024-04-24 06:06:38,518 [INFO] ThirdParty:1030 - CMSIS Pack Vendor :wolfSSL I-CUBE-wolfSSL 5.6.6
2024-04-24 06:06:38,518 [INFO] ThirdParty:1030 - CMSIS Pack Vendor :STMicroelectronics X-CUBE-TOUCHGFX 4.23.1
2024-04-24 06:06:38,518 [INFO] ThirdParty:1030 - CMSIS Pack Vendor :STMicroelectronics X-CUBE-TOUCHGFX 4.23.0
2024-04-24 06:06:38,518 [INFO] ThirdParty:1030 - CMSIS Pack Vendor :STMicroelectronics X-CUBE-TOUCHGFX 4.23.2
2024-04-24 06:06:38,518 [INFO] ThirdParty:1030 - CMSIS Pack Vendor :STMicroelectronics X-CUBE-AZRTOS-F7 1.1.0
2024-04-24 06:06:38,518 [INFO] ThirdParty:1030 - CMSIS Pack Vendor :STMicroelectronics X-CUBE-AZRTOS-L5 2.0.0
2024-04-24 06:06:38,518 [INFO] ThirdParty:1030 - CMSIS Pack Vendor :STMicroelectronics USB_DEVICE 2.0.0
2024-04-24 06:06:38,518 [INFO] ThirdParty:1030 - CMSIS Pack Vendor :STMicroelectronics X-CUBE-NFC6 3.1.0
2024-04-24 06:06:38,518 [INFO] ThirdParty:1030 - CMSIS Pack Vendor :ITTIA_DB I-CUBE-ITTIADB 8.8.0
2024-04-24 06:06:38,519 [INFO] ThirdParty:1030 - CMSIS Pack Vendor :STMicroelectronics FP-SNS-MOTENV1 4.3.2
2024-04-24 06:06:38,519 [INFO] ThirdParty:1030 - CMSIS Pack Vendor :STMicroelectronics X-CUBE-ALGOBUILD 1.3.0
2024-04-24 06:06:38,519 [INFO] ThirdParty:1030 - CMSIS Pack Vendor :STMicroelectronics FreeRTOS 0.0.1
2024-04-24 06:06:38,519 [INFO] ThirdParty:1030 - CMSIS Pack Vendor :STMicroelectronics X-CUBE-AZRTOS-G0 1.1.0
2024-04-24 06:06:38,519 [INFO] ThirdParty:1030 - CMSIS Pack Vendor :STMicroelectronics X-CUBE-SAFEA1 1.2.2
2024-04-24 06:06:38,519 [INFO] ThirdParty:1030 - CMSIS Pack Vendor :STMicroelectronics X-CUBE-NFC4 3.0.0
2024-04-24 06:06:38,519 [INFO] ThirdParty:1030 - CMSIS Pack Vendor :STMicroelectronics X-CUBE-SUBG2 5.0.0
2024-04-24 06:06:38,519 [INFO] ThirdParty:1030 - CMSIS Pack Vendor :STMicroelectronics STM32_WPAN 1.0.0
2024-04-24 06:06:38,519 [INFO] ThirdParty:1030 - CMSIS Pack Vendor :STMicroelectronics lwIP 2.0.3
2024-04-24 06:06:38,519 [INFO] ThirdParty:1030 - CMSIS Pack Vendor :STMicroelectronics FP-SNS-FLIGHT1 5.0.2
2024-04-24 06:06:38,519 [INFO] ThirdParty:1030 - CMSIS Pack Vendor :STMicroelectronics USB_HOST 1.0.0
2024-04-24 06:06:38,519 [INFO] ThirdParty:1030 - CMSIS Pack Vendor :STMicroelectronics X-CUBE-AI 9.0.0
2024-04-24 06:06:38,519 [INFO] ThirdParty:1030 - CMSIS Pack Vendor :STMicroelectronics X-CUBE-AZRTOS-G4 2.0.0
2024-04-24 06:06:38,520 [INFO] ThirdParty:1030 - CMSIS Pack Vendor :STMicroelectronics PDM2PCM 3.1.0
2024-04-24 06:06:38,520 [INFO] ThirdParty:1030 - CMSIS Pack Vendor :Infineon AIROC-Wi-Fi-Bluetooth-STM32 1.5.1
2024-04-24 06:06:38,520 [INFO] ThirdParty:1030 - CMSIS Pack Vendor :STMicroelectronics X-CUBE-BLEMGR 3.0.0
2024-04-24 06:06:38,520 [INFO] ThirdParty:1030 - CMSIS Pack Vendor :STMicroelectronics PDM2PCM 3.3.0
2024-04-24 06:06:38,520 [INFO] ThirdParty:1030 - CMSIS Pack Vendor :STMicroelectronics X-CUBE-DISPLAY 3.0.0
2024-04-24 06:06:38,520 [INFO] ThirdParty:1030 - CMSIS Pack Vendor :STMicroelectronics FP-SNS-MOTENVWB1 1.3.1
2024-04-24 06:06:38,521 [INFO] ThirdParty:1030 - CMSIS Pack Vendor :STMicroelectronics X-CUBE-BLE1 7.0.0
2024-04-24 06:06:38,522 [INFO] ThirdParty:1030 - CMSIS Pack Vendor :STMicroelectronics FP-ATR-SIGFOX1 3.2.0
2024-04-24 06:06:38,522 [INFO] ThirdParty:1030 - CMSIS Pack Vendor :STMicroelectronics X-CUBE-ISPU 2.0.0
2024-04-24 06:06:38,522 [INFO] ThirdParty:1030 - CMSIS Pack Vendor :STMicroelectronics X-CUBE-EEPRMA1 5.1.0
2024-04-24 06:06:38,522 [INFO] ThirdParty:1030 - CMSIS Pack Vendor :STMicroelectronics HAL Drivers 0.0.0
2024-04-24 06:06:38,522 [INFO] ThirdParty:1030 - CMSIS Pack Vendor :STMicroelectronics MBEDTLS 2.16.2
2024-04-24 06:06:38,522 [INFO] ThirdParty:1030 - CMSIS Pack Vendor :emotas I-CUBE-CANOPEN 1.3.0
2024-04-24 06:06:38,522 [INFO] ThirdParty:1030 - CMSIS Pack Vendor :STMicroelectronics X-CUBE-MEMS1 10.0.0
2024-04-24 06:06:38,524 [INFO] ThirdParty:1030 - CMSIS Pack Vendor :STMicroelectronics X-CUBE-FREERTOS 1.1.0
2024-04-24 06:06:38,524 [INFO] ThirdParty:1030 - CMSIS Pack Vendor :STMicroelectronics X-CUBE-NFC7 1.0.1
2024-04-24 06:06:38,524 [INFO] ThirdParty:1030 - CMSIS Pack Vendor :STMicroelectronics MBEDTLS 2.14.1
2024-04-24 06:06:38,524 [INFO] ThirdParty:1030 - CMSIS Pack Vendor :STMicroelectronics X-CUBE-NFC6 3.0.0
2024-04-24 06:06:38,524 [INFO] ThirdParty:1030 - CMSIS Pack Vendor :portGmbH I-Cube-SoM-uGOAL 1.1.0
2024-04-24 06:06:38,524 [INFO] ThirdParty:1030 - CMSIS Pack Vendor :STMicroelectronics X-CUBE-ALS 1.0.1
2024-04-24 06:06:38,524 [INFO] ThirdParty:1030 - CMSIS Pack Vendor :STMicroelectronics X-CUBE-BLEMGR 3.1.0
2024-04-24 06:06:38,524 [INFO] ThirdParty:1030 - CMSIS Pack Vendor :STMicroelectronics ThreadX 1.0.0
2024-04-24 06:06:38,525 [INFO] ThirdParty:1030 - CMSIS Pack Vendor :STMicroelectronics FP-SNS-SMARTAG2 1.2.0
2024-04-24 06:06:38,525 [INFO] ThirdParty:1030 - CMSIS Pack Vendor :STMicroelectronics X-CUBE-AZRTOS-WL 2.0.0
2024-04-24 06:06:38,525 [INFO] ThirdParty:1030 - CMSIS Pack Vendor :SEGGER I-CUBE-embOS 1.3.1
2024-04-24 06:06:38,525 [INFO] ThirdParty:1030 - CMSIS Pack Vendor :STMicroelectronics FP-SNS-MOTENV1 5.0.0
2024-04-24 06:06:38,525 [INFO] ThirdParty:1030 - CMSIS Pack Vendor :STMicroelectronics USB_DEVICE 1.0.0
2024-04-24 06:06:38,525 [INFO] ThirdParty:1030 - CMSIS Pack Vendor :STMicroelectronics X-CUBE-AI 8.1.0
2024-04-24 06:06:38,525 [INFO] ThirdParty:1030 - CMSIS Pack Vendor :STMicroelectronics X-CUBE-AZRTOS-H7RS 1.0.0
2024-04-24 06:06:38,525 [INFO] ThirdParty:1030 - CMSIS Pack Vendor :STMicroelectronics X-CUBE-AZRTOS-L4 2.0.0
2024-04-24 06:06:38,525 [INFO] ThirdParty:1030 - CMSIS Pack Vendor :STMicroelectronics ThreadX 0.0.2
2024-04-24 06:06:38,525 [INFO] ThirdParty:1030 - CMSIS Pack Vendor :WES I-CUBE-Cesium 1.3.0
2024-04-24 06:06:38,526 [INFO] ThirdParty:1030 - CMSIS Pack Vendor :STMicroelectronics FP-ATR-ASTRA1 2.0.0
2024-04-24 06:06:38,526 [INFO] ThirdParty:1030 - CMSIS Pack Vendor :STMicroelectronics lwIP 2.1.2
2024-04-24 06:06:38,526 [INFO] ThirdParty:1030 - CMSIS Pack Vendor :STMicroelectronics X-CUBE-SFXS2LP1 4.0.0
2024-04-24 06:06:38,531 [INFO] ThirdParty:1030 - CMSIS Pack Vendor :STMicroelectronics X-CUBE-BLE2 3.3.0
2024-04-24 06:06:38,531 [INFO] ThirdParty:1030 - CMSIS Pack Vendor :STMicroelectronics X-CUBE-TOF1 3.4.0
2024-04-24 06:06:38,531 [INFO] ThirdParty:1030 - CMSIS Pack Vendor :STMicroelectronics X-CUBE-TOF1 3.4.1
2024-04-24 06:06:38,531 [INFO] ThirdParty:1030 - CMSIS Pack Vendor :STMicroelectronics X-CUBE-AZRTOS-H7 3.2.0
2024-04-24 06:06:38,531 [INFO] ThirdParty:1030 - CMSIS Pack Vendor :STMicroelectronics PDM2PCM 3.2.0
2024-04-24 06:06:38,531 [INFO] ThirdParty:841 - exiting critical section [change project]
2024-04-24 06:06:38,838 [INFO] PinOutPanel:1561 - setPackage(No Configuration,No Configuration)
2024-04-24 06:06:38,839 [INFO] PinOutPanel:1561 - setPackage(STM32F407IGHx,UFBGA176)
2024-04-24 06:06:39,184 [INFO] UtilMem:75 - Before build in PCC Used Memory: 444411280 Bytes (636485632)
2024-04-24 06:06:39,417 [INFO] UtilMem:75 - After build in PCC Used Memory: 488977808 Bytes (636485632)
2024-04-24 06:06:39,478 [INFO] ApiDbMcu:508 - Load IP Config File for FREERTOS
2024-04-24 06:06:39,509 [INFO] IPUIPlugin:80 - create IPUIPlugin
2024-04-24 06:06:39,510 [INFO] IPUIPlugin:80 - create IPUIPlugin
2024-04-24 06:06:39,510 [INFO] IPUIPlugin:80 - create IPUIPlugin
2024-04-24 06:06:39,510 [INFO] IPUIPlugin:80 - create IPUIPlugin
2024-04-24 06:06:39,510 [INFO] IPUIPlugin:80 - create IPUIPlugin
2024-04-24 06:06:39,510 [INFO] IPUIPlugin:80 - create IPUIPlugin
2024-04-24 06:06:39,510 [INFO] IPUIPlugin:80 - create IPUIPlugin
2024-04-24 06:06:39,511 [INFO] IPUIPlugin:80 - create IPUIPlugin
2024-04-24 06:06:39,511 [INFO] IPUIPlugin:80 - create IPUIPlugin
2024-04-24 06:06:39,512 [INFO] IPUIPlugin:80 - create IPUIPlugin
2024-04-24 06:06:39,512 [INFO] IPUIPlugin:80 - create IPUIPlugin
2024-04-24 06:06:39,512 [INFO] IPUIPlugin:80 - create IPUIPlugin
2024-04-24 06:06:39,512 [INFO] IPUIPlugin:80 - create IPUIPlugin
2024-04-24 06:06:39,513 [INFO] IPUIPlugin:80 - create IPUIPlugin
2024-04-24 06:06:39,513 [INFO] IPUIPlugin:80 - create IPUIPlugin
2024-04-24 06:06:39,513 [INFO] IPUIPlugin:80 - create IPUIPlugin
2024-04-24 06:06:39,513 [INFO] IPUIPlugin:80 - create IPUIPlugin
2024-04-24 06:06:39,513 [INFO] IPUIPlugin:80 - create IPUIPlugin
2024-04-24 06:06:39,514 [INFO] IPUIPlugin:80 - create IPUIPlugin
2024-04-24 06:06:39,514 [INFO] IPUIPlugin:80 - create IPUIPlugin
2024-04-24 06:06:39,514 [INFO] IPUIPlugin:80 - create IPUIPlugin
2024-04-24 06:06:39,514 [INFO] IPUIPlugin:80 - create IPUIPlugin
2024-04-24 06:06:39,515 [INFO] IPUIPlugin:80 - create IPUIPlugin
2024-04-24 06:06:39,515 [INFO] IPUIPlugin:80 - create IPUIPlugin
2024-04-24 06:06:39,515 [INFO] IPUIPlugin:80 - create IPUIPlugin
2024-04-24 06:06:39,516 [INFO] IPUIPlugin:80 - create IPUIPlugin
2024-04-24 06:06:39,516 [INFO] IPUIPlugin:80 - create IPUIPlugin
2024-04-24 06:06:39,516 [INFO] IPUIPlugin:80 - create IPUIPlugin
2024-04-24 06:06:39,517 [INFO] IPUIPlugin:80 - create IPUIPlugin
2024-04-24 06:06:39,517 [INFO] IPUIPlugin:80 - create IPUIPlugin
2024-04-24 06:06:39,517 [INFO] IPUIPlugin:80 - create IPUIPlugin
2024-04-24 06:06:39,517 [INFO] IPUIPlugin:80 - create IPUIPlugin
2024-04-24 06:06:39,518 [INFO] IPUIPlugin:80 - create IPUIPlugin
2024-04-24 06:06:39,518 [INFO] IPUIPlugin:80 - create IPUIPlugin
2024-04-24 06:06:39,518 [INFO] IPUIPlugin:80 - create IPUIPlugin
2024-04-24 06:06:39,518 [INFO] IPUIPlugin:80 - create IPUIPlugin
2024-04-24 06:06:39,518 [INFO] IPUIPlugin:80 - create IPUIPlugin
2024-04-24 06:06:39,518 [INFO] IPUIPlugin:80 - create IPUIPlugin
2024-04-24 06:06:39,518 [INFO] IPUIPlugin:80 - create IPUIPlugin
2024-04-24 06:06:39,518 [INFO] IPUIPlugin:80 - create IPUIPlugin
2024-04-24 06:06:39,518 [INFO] IPUIPlugin:80 - create IPUIPlugin
2024-04-24 06:06:39,519 [INFO] IPUIPlugin:80 - create IPUIPlugin
2024-04-24 06:06:39,519 [INFO] IPUIPlugin:80 - create IPUIPlugin
2024-04-24 06:06:39,519 [INFO] IPUIPlugin:80 - create IPUIPlugin
2024-04-24 06:06:39,519 [INFO] IPUIPlugin:80 - create IPUIPlugin
2024-04-24 06:06:39,519 [INFO] IPUIPlugin:80 - create IPUIPlugin
2024-04-24 06:06:39,519 [INFO] IPUIPlugin:80 - create IPUIPlugin
2024-04-24 06:06:39,519 [INFO] IPUIPlugin:80 - create IPUIPlugin
2024-04-24 06:06:39,520 [INFO] IPUIPlugin:80 - create IPUIPlugin
2024-04-24 06:06:39,520 [INFO] IPUIPlugin:80 - create IPUIPlugin
2024-04-24 06:06:39,520 [INFO] IPUIPlugin:80 - create IPUIPlugin
2024-04-24 06:06:39,520 [INFO] IPUIPlugin:80 - create IPUIPlugin
2024-04-24 06:06:39,521 [INFO] IPUIPlugin:80 - create IPUIPlugin
2024-04-24 06:06:39,522 [INFO] IPUIPlugin:80 - create IPUIPlugin
2024-04-24 06:06:39,522 [INFO] IPUIPlugin:80 - create IPUIPlugin
2024-04-24 06:06:39,523 [INFO] IPUIPlugin:80 - create IPUIPlugin
2024-04-24 06:06:39,524 [INFO] IPUIPlugin:80 - create IPUIPlugin
2024-04-24 06:06:39,524 [INFO] IPUIPlugin:80 - create IPUIPlugin
2024-04-24 06:06:39,529 [INFO] ApiDbMcu:508 - Load IP Config File for PDM2PCM
2024-04-24 06:06:39,530 [INFO] Can:71 - Can Add PropertyChangeListener com.st.microxplorer.plugins.ip.can.Can@146c96c7
2024-04-24 06:06:39,531 [INFO] Can:71 - Can Add PropertyChangeListener com.st.microxplorer.plugins.ip.can.Can@132702e7
2024-04-24 06:06:39,531 [WARN] IP:2120 - I2C_Coeff_DF not found: check if there is a RefParameter without a condition.
2024-04-24 06:06:39,531 [WARN] IP:2120 - Analog_Filter not found: check if there is a RefParameter without a condition.
2024-04-24 06:06:39,541 [WARN] FreeRTOS:1023 - Null or empty value: should not occur! (nothing added to the table)
2024-04-24 06:06:39,655 [INFO] CADModel:165 - CPN selected for project levelSTM32F407IGH6
2024-04-24 06:06:39,655 [INFO] CADModel:114 - Register for checkConnection events
2024-04-24 06:06:39,659 [INFO] RtosManager:697 - Active RTOS found at IOC load: FREERTOS [Cortex-M4NS]
2024-04-24 06:06:39,702 [INFO] OpenFileManager:343 - Restore cursor
2024-04-24 06:06:40,104 [WARN] IP:2120 - I2C_Coeff_DF not found: check if there is a RefParameter without a condition.
2024-04-24 06:06:40,104 [WARN] IP:2120 - Analog_Filter not found: check if there is a RefParameter without a condition.
2024-04-24 06:06:40,104 [WARN] IP:2120 - I2C_Coeff_DF not found: check if there is a RefParameter without a condition.
2024-04-24 06:06:40,104 [WARN] IP:2120 - Analog_Filter not found: check if there is a RefParameter without a condition.
2024-04-24 06:06:40,880 [INFO] UtilMem:75 - End SaveConfig() Used Memory: 428434320 Bytes (636485632)
2024-04-24 06:06:41,044 [INFO] UtilMem:75 - End SaveConfig() Used Memory: 455685056 Bytes (636485632)
2024-04-24 06:06:41,569 [INFO] BlockDiagram:2759 - set Specific Code input for plugin: SPI
2024-04-24 06:06:41,569 [INFO] BlockDiagram:2759 - set Specific Code input for plugin: FREERTOS
2024-04-24 06:06:41,569 [INFO] BlockDiagram:2759 - set Specific Code input for plugin: TIM1_8
2024-04-24 06:06:41,570 [INFO] BlockDiagram:2759 - set Specific Code input for plugin: CAN
2024-04-24 06:06:41,570 [INFO] BlockDiagram:2759 - set Specific Code input for plugin: CAN
2024-04-24 06:06:41,570 [INFO] BlockDiagram:2759 - set Specific Code input for plugin: TIM1_8
2024-04-24 06:06:41,570 [INFO] BlockDiagram:2759 - set Specific Code input for plugin: SYS
2024-04-24 06:06:41,570 [INFO] BlockDiagram:2759 - set Specific Code input for plugin: RCC
2024-04-24 06:06:41,570 [INFO] BlockDiagram:2759 - set Specific Code input for plugin: I2C
2024-04-24 06:06:41,570 [INFO] BlockDiagram:2759 - set Specific Code input for plugin: NVIC
2024-04-24 06:06:41,570 [INFO] BlockDiagram:2759 - set Specific Code input for plugin: USART
2024-04-24 06:06:41,570 [INFO] BlockDiagram:2759 - set Specific Code input for plugin: USART
2024-04-24 06:06:41,570 [INFO] BlockDiagram:2759 - set Specific Code input for plugin: USART
2024-04-24 06:06:41,570 [INFO] BlockDiagram:2759 - set Specific Code input for plugin: TIM1_8
2024-04-24 06:06:41,570 [INFO] BlockDiagram:2759 - set Specific Code input for plugin: DMA
2024-04-24 06:06:41,570 [INFO] BlockDiagram:2759 - set Specific Code input for plugin: TIM1_8
2024-04-24 06:06:41,571 [INFO] BlockDiagram:2759 - set Specific Code input for plugin: GPIO
2024-04-24 06:06:41,572 [INFO] CodeGenerator:807 - code generatio: config db path: /Applications/STM32CubeIDE.app/Contents/Eclipse/plugins/com.st.stm32cube.common.mx_6.11.0.202403141607//db/
2024-04-24 06:06:41,587 [WARN] IP:2120 - I2C_Coeff_DF not found: check if there is a RefParameter without a condition.
2024-04-24 06:06:41,587 [WARN] IP:2120 - Analog_Filter not found: check if there is a RefParameter without a condition.
2024-04-24 06:06:41,852 [INFO] CodeEngine:255 - oldGeneratedFile, /Users/liangnie/Documents/GitHub/STM32CUBEIDE/Liang Nie/Custom PWM Library/MXTmpFiles/license.tmp_save
2024-04-24 06:06:42,358 [INFO] CodeEngine:279 - Generated code: /Users/liangnie/Documents/GitHub/STM32CUBEIDE/Liang Nie/Custom PWM Library/MXTmpFiles/license.tmp
2024-04-24 06:06:42,481 [INFO] CodeEngine:255 - oldGeneratedFile, /Users/liangnie/Documents/GitHub/STM32CUBEIDE/Liang Nie/Custom PWM Library/MXTmpFiles/gpio.tmp_save
2024-04-24 06:06:42,658 [INFO] CodeEngine:279 - Generated code: /Users/liangnie/Documents/GitHub/STM32CUBEIDE/Liang Nie/Custom PWM Library/MXTmpFiles/gpio.tmp
2024-04-24 06:06:46,089 [INFO] Middleware:1439 - No code input for Bsp Dependency
2024-04-24 06:06:46,094 [INFO] CodeEngine:255 - oldGeneratedFile, /Users/liangnie/Documents/GitHub/STM32CUBEIDE/Liang Nie/Custom PWM Library/MXTmpFiles/rtos_inc.tmp_save
2024-04-24 06:06:46,220 [INFO] CodeEngine:279 - Generated code: /Users/liangnie/Documents/GitHub/STM32CUBEIDE/Liang Nie/Custom PWM Library/MXTmpFiles/rtos_inc.tmp
2024-04-24 06:06:46,222 [INFO] CodeEngine:255 - oldGeneratedFile, /Users/liangnie/Documents/GitHub/STM32CUBEIDE/Liang Nie/Custom PWM Library/MXTmpFiles/rtos_kernelInit.tmp_save
2024-04-24 06:06:46,358 [INFO] CodeEngine:279 - Generated code: /Users/liangnie/Documents/GitHub/STM32CUBEIDE/Liang Nie/Custom PWM Library/MXTmpFiles/rtos_kernelInit.tmp
2024-04-24 06:06:46,360 [INFO] CodeEngine:255 - oldGeneratedFile, /Users/liangnie/Documents/GitHub/STM32CUBEIDE/Liang Nie/Custom PWM Library/MXTmpFiles/rtos_kernelStart.tmp_save
2024-04-24 06:06:46,493 [INFO] CodeEngine:279 - Generated code: /Users/liangnie/Documents/GitHub/STM32CUBEIDE/Liang Nie/Custom PWM Library/MXTmpFiles/rtos_kernelStart.tmp
2024-04-24 06:06:46,496 [INFO] CodeEngine:255 - oldGeneratedFile, /Users/liangnie/Documents/GitHub/STM32CUBEIDE/Liang Nie/Custom PWM Library/MXTmpFiles/rtos_typedefs.tmp_save
2024-04-24 06:06:46,608 [INFO] CodeEngine:279 - Generated code: /Users/liangnie/Documents/GitHub/STM32CUBEIDE/Liang Nie/Custom PWM Library/MXTmpFiles/rtos_typedefs.tmp
2024-04-24 06:06:46,610 [INFO] CodeEngine:255 - oldGeneratedFile, /Users/liangnie/Documents/GitHub/STM32CUBEIDE/Liang Nie/Custom PWM Library/MXTmpFiles/rtos_vars.tmp_save
2024-04-24 06:06:46,736 [INFO] CodeEngine:279 - Generated code: /Users/liangnie/Documents/GitHub/STM32CUBEIDE/Liang Nie/Custom PWM Library/MXTmpFiles/rtos_vars.tmp
2024-04-24 06:06:46,738 [INFO] CodeEngine:255 - oldGeneratedFile, /Users/liangnie/Documents/GitHub/STM32CUBEIDE/Liang Nie/Custom PWM Library/MXTmpFiles/rtos_pfp.tmp_save
2024-04-24 06:06:46,825 [INFO] CodeEngine:279 - Generated code: /Users/liangnie/Documents/GitHub/STM32CUBEIDE/Liang Nie/Custom PWM Library/MXTmpFiles/rtos_pfp.tmp
2024-04-24 06:06:46,827 [INFO] CodeEngine:255 - oldGeneratedFile, /Users/liangnie/Documents/GitHub/STM32CUBEIDE/Liang Nie/Custom PWM Library/MXTmpFiles/rtos_obj_creat.tmp_save
2024-04-24 06:06:46,908 [INFO] CodeEngine:279 - Generated code: /Users/liangnie/Documents/GitHub/STM32CUBEIDE/Liang Nie/Custom PWM Library/MXTmpFiles/rtos_obj_creat.tmp
2024-04-24 06:06:46,911 [INFO] CodeEngine:255 - oldGeneratedFile, /Users/liangnie/Documents/GitHub/STM32CUBEIDE/Liang Nie/Custom PWM Library/MXTmpFiles/rtos_default_thread.tmp_save
2024-04-24 06:06:46,981 [INFO] CodeEngine:279 - Generated code: /Users/liangnie/Documents/GitHub/STM32CUBEIDE/Liang Nie/Custom PWM Library/MXTmpFiles/rtos_default_thread.tmp
2024-04-24 06:06:46,984 [INFO] CodeEngine:255 - oldGeneratedFile, /Users/liangnie/Documents/GitHub/STM32CUBEIDE/Liang Nie/Custom PWM Library/MXTmpFiles/rtos_threads.tmp_save
2024-04-24 06:06:47,046 [INFO] CodeEngine:279 - Generated code: /Users/liangnie/Documents/GitHub/STM32CUBEIDE/Liang Nie/Custom PWM Library/MXTmpFiles/rtos_threads.tmp
2024-04-24 06:06:47,059 [INFO] Middleware:1439 - No code input for Bsp Dependency
2024-04-24 06:06:47,064 [INFO] CodeEngine:255 - oldGeneratedFile, /Users/liangnie/Documents/GitHub/STM32CUBEIDE/Liang Nie/Custom PWM Library/MXTmpFiles/rtos_inc.tmp_save
2024-04-24 06:06:47,128 [INFO] CodeEngine:279 - Generated code: /Users/liangnie/Documents/GitHub/STM32CUBEIDE/Liang Nie/Custom PWM Library/MXTmpFiles/rtos_inc.tmp
2024-04-24 06:06:47,130 [INFO] CodeEngine:255 - oldGeneratedFile, /Users/liangnie/Documents/GitHub/STM32CUBEIDE/Liang Nie/Custom PWM Library/MXTmpFiles/rtos_kernelInit.tmp_save
2024-04-24 06:06:47,189 [INFO] CodeEngine:279 - Generated code: /Users/liangnie/Documents/GitHub/STM32CUBEIDE/Liang Nie/Custom PWM Library/MXTmpFiles/rtos_kernelInit.tmp
2024-04-24 06:06:47,191 [INFO] CodeEngine:255 - oldGeneratedFile, /Users/liangnie/Documents/GitHub/STM32CUBEIDE/Liang Nie/Custom PWM Library/MXTmpFiles/rtos_kernelStart.tmp_save
2024-04-24 06:06:47,252 [INFO] CodeEngine:279 - Generated code: /Users/liangnie/Documents/GitHub/STM32CUBEIDE/Liang Nie/Custom PWM Library/MXTmpFiles/rtos_kernelStart.tmp
2024-04-24 06:06:47,254 [INFO] CodeEngine:255 - oldGeneratedFile, /Users/liangnie/Documents/GitHub/STM32CUBEIDE/Liang Nie/Custom PWM Library/MXTmpFiles/rtos_typedefs.tmp_save
2024-04-24 06:06:47,335 [INFO] CodeEngine:279 - Generated code: /Users/liangnie/Documents/GitHub/STM32CUBEIDE/Liang Nie/Custom PWM Library/MXTmpFiles/rtos_typedefs.tmp
2024-04-24 06:06:47,337 [INFO] CodeEngine:255 - oldGeneratedFile, /Users/liangnie/Documents/GitHub/STM32CUBEIDE/Liang Nie/Custom PWM Library/MXTmpFiles/rtos_vars.tmp_save
2024-04-24 06:06:47,401 [INFO] CodeEngine:279 - Generated code: /Users/liangnie/Documents/GitHub/STM32CUBEIDE/Liang Nie/Custom PWM Library/MXTmpFiles/rtos_vars.tmp
2024-04-24 06:06:47,403 [INFO] CodeEngine:255 - oldGeneratedFile, /Users/liangnie/Documents/GitHub/STM32CUBEIDE/Liang Nie/Custom PWM Library/MXTmpFiles/rtos_pfp.tmp_save
2024-04-24 06:06:47,473 [INFO] CodeEngine:279 - Generated code: /Users/liangnie/Documents/GitHub/STM32CUBEIDE/Liang Nie/Custom PWM Library/MXTmpFiles/rtos_pfp.tmp
2024-04-24 06:06:47,475 [INFO] CodeEngine:255 - oldGeneratedFile, /Users/liangnie/Documents/GitHub/STM32CUBEIDE/Liang Nie/Custom PWM Library/MXTmpFiles/rtos_obj_creat.tmp_save
2024-04-24 06:06:47,542 [INFO] CodeEngine:279 - Generated code: /Users/liangnie/Documents/GitHub/STM32CUBEIDE/Liang Nie/Custom PWM Library/MXTmpFiles/rtos_obj_creat.tmp
2024-04-24 06:06:47,545 [INFO] CodeEngine:255 - oldGeneratedFile, /Users/liangnie/Documents/GitHub/STM32CUBEIDE/Liang Nie/Custom PWM Library/MXTmpFiles/rtos_default_thread.tmp_save
2024-04-24 06:06:47,616 [INFO] CodeEngine:279 - Generated code: /Users/liangnie/Documents/GitHub/STM32CUBEIDE/Liang Nie/Custom PWM Library/MXTmpFiles/rtos_default_thread.tmp
2024-04-24 06:06:47,618 [INFO] CodeEngine:255 - oldGeneratedFile, /Users/liangnie/Documents/GitHub/STM32CUBEIDE/Liang Nie/Custom PWM Library/MXTmpFiles/rtos_threads.tmp_save
2024-04-24 06:06:47,676 [INFO] CodeEngine:279 - Generated code: /Users/liangnie/Documents/GitHub/STM32CUBEIDE/Liang Nie/Custom PWM Library/MXTmpFiles/rtos_threads.tmp
2024-04-24 06:06:47,680 [INFO] CodeEngine:255 - oldGeneratedFile, /Users/liangnie/Documents/GitHub/STM32CUBEIDE/Liang Nie/Custom PWM Library/Core/Inc/FreeRTOSConfig.h_save
2024-04-24 06:06:47,766 [INFO] CodeEngine:279 - Generated code: /Users/liangnie/Documents/GitHub/STM32CUBEIDE/Liang Nie/Custom PWM Library/Core/Inc/FreeRTOSConfig.h
2024-04-24 06:06:47,768 [INFO] CodeEngine:255 - oldGeneratedFile, /Users/liangnie/Documents/GitHub/STM32CUBEIDE/Liang Nie/Custom PWM Library/Core/Src/freertos.c_save
2024-04-24 06:06:47,837 [INFO] CodeEngine:279 - Generated code: /Users/liangnie/Documents/GitHub/STM32CUBEIDE/Liang Nie/Custom PWM Library/Core/Src/freertos.c
2024-04-24 06:06:47,971 [INFO] CodeEngine:255 - oldGeneratedFile, /Users/liangnie/Documents/GitHub/STM32CUBEIDE/Liang Nie/Custom PWM Library/MXTmpFiles/dma.tmp_save
2024-04-24 06:06:48,046 [INFO] CodeEngine:279 - Generated code: /Users/liangnie/Documents/GitHub/STM32CUBEIDE/Liang Nie/Custom PWM Library/MXTmpFiles/dma.tmp
2024-04-24 06:06:48,047 [INFO] CodeEngine:255 - oldGeneratedFile, /Users/liangnie/Documents/GitHub/STM32CUBEIDE/Liang Nie/Custom PWM Library/MXTmpFiles/dma_GV.tmp_save
2024-04-24 06:06:48,102 [INFO] CodeEngine:279 - Generated code: /Users/liangnie/Documents/GitHub/STM32CUBEIDE/Liang Nie/Custom PWM Library/MXTmpFiles/dma_GV.tmp
2024-04-24 06:06:48,118 [INFO] CodeEngine:255 - oldGeneratedFile, /Users/liangnie/Documents/GitHub/STM32CUBEIDE/Liang Nie/Custom PWM Library/Core/Src/stm32f4xx_it.c_save
2024-04-24 06:06:48,220 [INFO] CodeEngine:279 - Generated code: /Users/liangnie/Documents/GitHub/STM32CUBEIDE/Liang Nie/Custom PWM Library/Core/Src/stm32f4xx_it.c
2024-04-24 06:06:48,222 [INFO] CodeEngine:255 - oldGeneratedFile, /Users/liangnie/Documents/GitHub/STM32CUBEIDE/Liang Nie/Custom PWM Library/Core/Inc/stm32f4xx_it.h_save
2024-04-24 06:06:48,302 [INFO] CodeEngine:279 - Generated code: /Users/liangnie/Documents/GitHub/STM32CUBEIDE/Liang Nie/Custom PWM Library/Core/Inc/stm32f4xx_it.h
2024-04-24 06:06:48,321 [INFO] CodeEngine:255 - oldGeneratedFile, /Users/liangnie/Documents/GitHub/STM32CUBEIDE/Liang Nie/Custom PWM Library/Core/Src/stm32f4xx_hal_msp.c_save
2024-04-24 06:06:48,463 [INFO] CodeEngine:279 - Generated code: /Users/liangnie/Documents/GitHub/STM32CUBEIDE/Liang Nie/Custom PWM Library/Core/Src/stm32f4xx_hal_msp.c
2024-04-24 06:06:48,467 [INFO] CodeEngine:255 - oldGeneratedFile, /Users/liangnie/Documents/GitHub/STM32CUBEIDE/Liang Nie/Custom PWM Library/MXTmpFiles/system.tmp_save
2024-04-24 06:06:48,540 [INFO] CodeEngine:279 - Generated code: /Users/liangnie/Documents/GitHub/STM32CUBEIDE/Liang Nie/Custom PWM Library/MXTmpFiles/system.tmp
2024-04-24 06:06:48,545 [INFO] CodeEngine:311 - oldGeneratedFile, /Users/liangnie/Documents/GitHub/STM32CUBEIDE/Liang Nie/Custom PWM Library/Core/Inc/stm32f4xx_hal_conf.h_save
2024-04-24 06:06:48,612 [INFO] CodeEngine:335 - Generated code: /Users/liangnie/Documents/GitHub/STM32CUBEIDE/Liang Nie/Custom PWM Library/Core/Inc/stm32f4xx_hal_conf.h
2024-04-24 06:06:48,674 [WARN] IPConfigManager:3513 - IP not found : TIM
2024-04-24 06:06:48,676 [WARN] CodeGenerator:3951 - IP not found : null
2024-04-24 06:06:48,680 [INFO] CodeEngine:255 - oldGeneratedFile, /Users/liangnie/Documents/GitHub/STM32CUBEIDE/Liang Nie/Custom PWM Library/Core/Inc/main.h_save
2024-04-24 06:06:48,779 [INFO] CodeEngine:279 - Generated code: /Users/liangnie/Documents/GitHub/STM32CUBEIDE/Liang Nie/Custom PWM Library/Core/Inc/main.h
2024-04-24 06:06:48,783 [INFO] CodeEngine:255 - oldGeneratedFile, /Users/liangnie/Documents/GitHub/STM32CUBEIDE/Liang Nie/Custom PWM Library/Core/Src/main.c_save
2024-04-24 06:06:49,005 [INFO] CodeEngine:279 - Generated code: /Users/liangnie/Documents/GitHub/STM32CUBEIDE/Liang Nie/Custom PWM Library/Core/Src/main.c
2024-04-24 06:06:49,534 [INFO] ProjectBuilder:3163 - Time for Copy HAL[1] : 210mS.
2024-04-24 06:06:49,542 [INFO] ProjectBuilder:4736 - Project Generator version: 4.3.0-B58
2024-04-24 06:06:49,643 [INFO] ConfigFileManager:1503 - The Die is : DIE413
2024-04-24 06:06:49,665 [INFO] ApiDbMcu:508 - Load IP Config File for FATFS
2024-04-24 06:06:49,673 [INFO] ApiDbMcu:508 - Load IP Config File for LIBJPEG
2024-04-24 06:06:49,815 [INFO] ApiDbMcu:508 - Load IP Config File for LWIP
2024-04-24 06:06:49,944 [INFO] ApiDbMcu:508 - Load IP Config File for MBEDTLS
2024-04-24 06:06:50,020 [INFO] ApiDbMcu:508 - Load IP Config File for USB_DEVICE
2024-04-24 06:06:50,039 [INFO] ApiDbMcu:508 - Load IP Config File for USB_HOST
2024-04-24 06:06:54,610 [INFO] ProjectBuilder:5002 - Time for Generating toolchain IDE Files: 5067mS.
2024-04-24 06:06:54,611 [INFO] ProjectBuilder:3034 - Time for Copy CMSIS : 0mS.
2024-04-24 06:06:54,619 [INFO] ProjectBuilder:3034 - Time for Copy CMSIS : 0mS.
2024-04-24 06:06:55,310 [INFO] McuFinderGlobals:76 - Set McuFinderConnectedMode to true
2024-04-24 06:06:55,318 [INFO] ApiDb:448 - Save user favorites file /Users/liangnie/.stm32cubeide/favorites.mcus.txt: 0 item(s)
2024-04-24 06:06:55,318 [INFO] ApiDb:452 - User favorites MCUs=[]
2024-04-24 06:46:21,235 [WARN] IP:2120 - I2C_Coeff_DF not found: check if there is a RefParameter without a condition.
2024-04-24 06:46:21,236 [WARN] IP:2120 - Analog_Filter not found: check if there is a RefParameter without a condition.
2024-04-24 06:46:21,237 [WARN] IP:2120 - I2C_Coeff_DF not found: check if there is a RefParameter without a condition.
2024-04-24 06:46:21,237 [WARN] IP:2120 - Analog_Filter not found: check if there is a RefParameter without a condition.
2024-04-24 06:46:21,385 [WARN] IP:2120 - I2C_Coeff_DF not found: check if there is a RefParameter without a condition.
2024-04-24 06:46:21,385 [WARN] IP:2120 - Analog_Filter not found: check if there is a RefParameter without a condition.
2024-04-24 06:46:21,510 [WARN] IP:2120 - I2C_Coeff_DF not found: check if there is a RefParameter without a condition.
2024-04-24 06:46:21,511 [WARN] IP:2120 - Analog_Filter not found: check if there is a RefParameter without a condition.
2024-04-24 06:46:24,608 [WARN] IP:2120 - I2C_Coeff_DF not found: check if there is a RefParameter without a condition.
2024-04-24 06:46:24,609 [WARN] IP:2120 - Analog_Filter not found: check if there is a RefParameter without a condition.
2024-04-24 06:46:24,609 [WARN] IP:2120 - I2C_Coeff_DF not found: check if there is a RefParameter without a condition.
2024-04-24 06:46:24,609 [WARN] IP:2120 - Analog_Filter not found: check if there is a RefParameter without a condition.
2024-04-24 06:46:24,732 [WARN] IP:2120 - I2C_Coeff_DF not found: check if there is a RefParameter without a condition.
2024-04-24 06:46:24,732 [WARN] IP:2120 - Analog_Filter not found: check if there is a RefParameter without a condition.
2024-04-24 06:46:24,802 [WARN] IP:2120 - I2C_Coeff_DF not found: check if there is a RefParameter without a condition.
2024-04-24 06:46:24,802 [WARN] IP:2120 - Analog_Filter not found: check if there is a RefParameter without a condition.
2024-04-24 06:46:26,976 [WARN] IP:2120 - I2C_Coeff_DF not found: check if there is a RefParameter without a condition.
2024-04-24 06:46:26,976 [WARN] IP:2120 - Analog_Filter not found: check if there is a RefParameter without a condition.
2024-04-24 06:46:26,976 [WARN] IP:2120 - I2C_Coeff_DF not found: check if there is a RefParameter without a condition.
2024-04-24 06:46:26,977 [WARN] IP:2120 - Analog_Filter not found: check if there is a RefParameter without a condition.
2024-04-24 06:46:27,111 [WARN] IP:2120 - I2C_Coeff_DF not found: check if there is a RefParameter without a condition.
2024-04-24 06:46:27,111 [WARN] IP:2120 - Analog_Filter not found: check if there is a RefParameter without a condition.
2024-04-24 06:46:27,222 [WARN] IP:2120 - I2C_Coeff_DF not found: check if there is a RefParameter without a condition.
2024-04-24 06:46:27,222 [WARN] IP:2120 - Analog_Filter not found: check if there is a RefParameter without a condition.
2024-04-24 06:52:48,002 [WARN] IP:2120 - I2C_Coeff_DF not found: check if there is a RefParameter without a condition.
2024-04-24 06:52:48,009 [WARN] IP:2120 - Analog_Filter not found: check if there is a RefParameter without a condition.
2024-04-24 06:52:48,009 [WARN] IP:2120 - I2C_Coeff_DF not found: check if there is a RefParameter without a condition.
2024-04-24 06:52:48,009 [WARN] IP:2120 - Analog_Filter not found: check if there is a RefParameter without a condition.
2024-04-24 06:52:48,234 [WARN] IP:2120 - I2C_Coeff_DF not found: check if there is a RefParameter without a condition.
2024-04-24 06:52:48,234 [WARN] IP:2120 - Analog_Filter not found: check if there is a RefParameter without a condition.
2024-04-24 06:52:48,234 [WARN] IP:2120 - I2C_Coeff_DF not found: check if there is a RefParameter without a condition.
2024-04-24 06:52:48,234 [WARN] IP:2120 - Analog_Filter not found: check if there is a RefParameter without a condition.
2024-04-24 06:52:48,387 [WARN] IP:2120 - I2C_Coeff_DF not found: check if there is a RefParameter without a condition.
2024-04-24 06:52:48,387 [WARN] IP:2120 - Analog_Filter not found: check if there is a RefParameter without a condition.
2024-04-24 06:52:48,388 [WARN] IP:2120 - I2C_Coeff_DF not found: check if there is a RefParameter without a condition.
2024-04-24 06:52:48,388 [WARN] IP:2120 - Analog_Filter not found: check if there is a RefParameter without a condition.
2024-04-24 06:52:55,312 [INFO] NvicIntPanel:101 - NVIC parent = com.st.microxplorer.plugins.ip.nvic.MultiNvicIntPanel[,0,0,0x0,invalid,layout=javax.swing.BoxLayout,alignmentX=0.0,alignmentY=0.0,border=,flags=9,maximumSize=,minimumSize=,preferredSize=]
2024-04-24 06:53:08,663 [INFO] NvicIntPanel:101 - NVIC parent = com.st.microxplorer.plugins.ip.nvic.MultiNvicIntPanel[,0,0,0x0,invalid,layout=javax.swing.BoxLayout,alignmentX=0.0,alignmentY=0.0,border=,flags=9,maximumSize=,minimumSize=,preferredSize=]
2024-04-24 06:53:16,482 [INFO] UtilMem:75 - End SaveConfig() Used Memory: 472894536 Bytes (636485632)
2024-04-24 06:53:18,317 [INFO] UtilMem:75 - End SaveConfig() Used Memory: 501206032 Bytes (636485632)
2024-04-24 06:53:22,282 [INFO] UtilMem:75 - End SaveConfig() Used Memory: 535017088 Bytes (636485632)
2024-04-24 06:53:26,030 [INFO] BlockDiagram:2759 - set Specific Code input for plugin: SPI
2024-04-24 06:53:26,031 [INFO] BlockDiagram:2759 - set Specific Code input for plugin: FREERTOS
2024-04-24 06:53:26,031 [INFO] BlockDiagram:2759 - set Specific Code input for plugin: TIM1_8
2024-04-24 06:53:26,031 [INFO] BlockDiagram:2759 - set Specific Code input for plugin: TIM1_8
2024-04-24 06:53:26,031 [INFO] BlockDiagram:2759 - set Specific Code input for plugin: CAN
2024-04-24 06:53:26,031 [INFO] BlockDiagram:2759 - set Specific Code input for plugin: CAN
2024-04-24 06:53:26,031 [INFO] BlockDiagram:2759 - set Specific Code input for plugin: TIM1_8
2024-04-24 06:53:26,031 [INFO] BlockDiagram:2759 - set Specific Code input for plugin: SYS
2024-04-24 06:53:26,032 [INFO] BlockDiagram:2759 - set Specific Code input for plugin: RCC
2024-04-24 06:53:26,033 [INFO] BlockDiagram:2759 - set Specific Code input for plugin: I2C
2024-04-24 06:53:26,033 [INFO] BlockDiagram:2759 - set Specific Code input for plugin: NVIC
2024-04-24 06:53:26,033 [INFO] BlockDiagram:2759 - set Specific Code input for plugin: USART
2024-04-24 06:53:26,033 [INFO] BlockDiagram:2759 - set Specific Code input for plugin: USART
2024-04-24 06:53:26,033 [INFO] BlockDiagram:2759 - set Specific Code input for plugin: USART
2024-04-24 06:53:26,033 [INFO] BlockDiagram:2759 - set Specific Code input for plugin: TIM1_8
2024-04-24 06:53:26,033 [INFO] BlockDiagram:2759 - set Specific Code input for plugin: DMA
2024-04-24 06:53:26,034 [INFO] BlockDiagram:2759 - set Specific Code input for plugin: TIM1_8
2024-04-24 06:53:26,034 [INFO] BlockDiagram:2759 - set Specific Code input for plugin: GPIO
2024-04-24 06:53:26,042 [INFO] CodeGenerator:807 - code generatio: config db path: /Applications/STM32CubeIDE.app/Contents/Eclipse/plugins/com.st.stm32cube.common.mx_6.11.0.202403141607//db/
2024-04-24 06:53:26,063 [WARN] IP:2120 - I2C_Coeff_DF not found: check if there is a RefParameter without a condition.
2024-04-24 06:53:26,064 [WARN] IP:2120 - Analog_Filter not found: check if there is a RefParameter without a condition.
2024-04-24 06:53:26,110 [INFO] Argument:325 - Argument : hdmavalue: null
2024-04-24 06:53:26,110 [INFO] Argument:327 - 	 sub Args: 
2024-04-24 06:53:26,110 [INFO] Argument:325 - Argument : Instancevalue: DMA2_Stream7
2024-04-24 06:53:26,110 [INFO] Argument:335 - Argument : Instancevalue: DMA2_Stream7
2024-04-24 06:53:26,110 [INFO] Argument:325 - Argument : Initvalue: null
2024-04-24 06:53:26,110 [INFO] Argument:327 - 	 sub Args: 
2024-04-24 06:53:26,110 [INFO] Argument:325 - Argument : Channelvalue: DMA_CHANNEL_4
2024-04-24 06:53:26,110 [INFO] Argument:335 - Argument : Channelvalue: DMA_CHANNEL_4
2024-04-24 06:53:26,110 [INFO] Argument:325 - Argument : Directionvalue: DMA_MEMORY_TO_PERIPH
2024-04-24 06:53:26,110 [INFO] Argument:335 - Argument : Directionvalue: DMA_MEMORY_TO_PERIPH
2024-04-24 06:53:26,110 [INFO] Argument:325 - Argument : PeriphIncvalue: DMA_PINC_DISABLE
2024-04-24 06:53:26,110 [INFO] Argument:335 - Argument : PeriphIncvalue: DMA_PINC_DISABLE
2024-04-24 06:53:26,110 [INFO] Argument:325 - Argument : MemIncvalue: DMA_MINC_ENABLE
2024-04-24 06:53:26,110 [INFO] Argument:335 - Argument : MemIncvalue: DMA_MINC_ENABLE
2024-04-24 06:53:26,110 [INFO] Argument:325 - Argument : PeriphDataAlignmentvalue: DMA_PDATAALIGN_BYTE
2024-04-24 06:53:26,110 [INFO] Argument:335 - Argument : PeriphDataAlignmentvalue: DMA_PDATAALIGN_BYTE
2024-04-24 06:53:26,110 [INFO] Argument:325 - Argument : MemDataAlignmentvalue: DMA_MDATAALIGN_BYTE
2024-04-24 06:53:26,110 [INFO] Argument:335 - Argument : MemDataAlignmentvalue: DMA_MDATAALIGN_BYTE
2024-04-24 06:53:26,110 [INFO] Argument:325 - Argument : Modevalue: DMA_NORMAL
2024-04-24 06:53:26,110 [INFO] Argument:335 - Argument : Modevalue: DMA_NORMAL
2024-04-24 06:53:26,110 [INFO] Argument:325 - Argument : Priorityvalue: DMA_PRIORITY_VERY_HIGH
2024-04-24 06:53:26,110 [INFO] Argument:335 - Argument : Priorityvalue: DMA_PRIORITY_VERY_HIGH
2024-04-24 06:53:26,110 [INFO] Argument:325 - Argument : FIFOModevalue: DMA_FIFOMODE_DISABLE
2024-04-24 06:53:26,110 [INFO] Argument:335 - Argument : FIFOModevalue: DMA_FIFOMODE_DISABLE
2024-04-24 06:53:26,110 [INFO] Argument:325 - Argument : FIFOThresholdvalue: null
2024-04-24 06:53:26,110 [INFO] Argument:335 - Argument : FIFOThresholdvalue: null
2024-04-24 06:53:26,111 [INFO] Argument:325 - Argument : MemBurstvalue: null
2024-04-24 06:53:26,111 [INFO] Argument:335 - Argument : MemBurstvalue: null
2024-04-24 06:53:26,111 [INFO] Argument:325 - Argument : PeriphBurstvalue: null
2024-04-24 06:53:26,111 [INFO] Argument:335 - Argument : PeriphBurstvalue: null
2024-04-24 06:53:26,111 [INFO] Argument:325 - Argument : Lockvalue: null
2024-04-24 06:53:26,111 [INFO] Argument:335 - Argument : Lockvalue: null
2024-04-24 06:53:26,111 [INFO] Argument:325 - Argument : Statevalue: null
2024-04-24 06:53:26,111 [INFO] Argument:335 - Argument : Statevalue: null
2024-04-24 06:53:26,111 [INFO] Argument:325 - Argument : Parentvalue: null
2024-04-24 06:53:26,111 [INFO] Argument:335 - Argument : Parentvalue: null
2024-04-24 06:53:26,111 [INFO] Argument:325 - Argument : XferCpltCallbackvalue: null
2024-04-24 06:53:26,111 [INFO] Argument:335 - Argument : XferCpltCallbackvalue: null
2024-04-24 06:53:26,111 [INFO] Argument:325 - Argument : XferHalfCpltCallbackvalue: null
2024-04-24 06:53:26,111 [INFO] Argument:335 - Argument : XferHalfCpltCallbackvalue: null
2024-04-24 06:53:26,111 [INFO] Argument:325 - Argument : XferM1CpltCallbackvalue: null
2024-04-24 06:53:26,111 [INFO] Argument:335 - Argument : XferM1CpltCallbackvalue: null
2024-04-24 06:53:26,111 [INFO] Argument:325 - Argument : XferErrorCallbackvalue: null
2024-04-24 06:53:26,111 [INFO] Argument:335 - Argument : XferErrorCallbackvalue: null
2024-04-24 06:53:26,111 [INFO] Argument:325 - Argument : ErrorCodevalue: null
2024-04-24 06:53:26,111 [INFO] Argument:335 - Argument : ErrorCodevalue: null
2024-04-24 06:53:26,112 [INFO] Argument:325 - Argument : hdmavalue: null
2024-04-24 06:53:26,112 [INFO] Argument:327 - 	 sub Args: 
2024-04-24 06:53:26,112 [INFO] Argument:325 - Argument : Instancevalue: DMA2_Stream2
2024-04-24 06:53:26,112 [INFO] Argument:335 - Argument : Instancevalue: DMA2_Stream2
2024-04-24 06:53:26,112 [INFO] Argument:325 - Argument : Initvalue: null
2024-04-24 06:53:26,112 [INFO] Argument:327 - 	 sub Args: 
2024-04-24 06:53:26,112 [INFO] Argument:325 - Argument : Channelvalue: DMA_CHANNEL_4
2024-04-24 06:53:26,112 [INFO] Argument:335 - Argument : Channelvalue: DMA_CHANNEL_4
2024-04-24 06:53:26,112 [INFO] Argument:325 - Argument : Directionvalue: DMA_PERIPH_TO_MEMORY
2024-04-24 06:53:26,112 [INFO] Argument:335 - Argument : Directionvalue: DMA_PERIPH_TO_MEMORY
2024-04-24 06:53:26,112 [INFO] Argument:325 - Argument : PeriphIncvalue: DMA_PINC_DISABLE
2024-04-24 06:53:26,112 [INFO] Argument:335 - Argument : PeriphIncvalue: DMA_PINC_DISABLE
2024-04-24 06:53:26,112 [INFO] Argument:325 - Argument : MemIncvalue: DMA_MINC_ENABLE
2024-04-24 06:53:26,112 [INFO] Argument:335 - Argument : MemIncvalue: DMA_MINC_ENABLE
2024-04-24 06:53:26,112 [INFO] Argument:325 - Argument : PeriphDataAlignmentvalue: DMA_PDATAALIGN_BYTE
2024-04-24 06:53:26,112 [INFO] Argument:335 - Argument : PeriphDataAlignmentvalue: DMA_PDATAALIGN_BYTE
2024-04-24 06:53:26,112 [INFO] Argument:325 - Argument : MemDataAlignmentvalue: DMA_MDATAALIGN_BYTE
2024-04-24 06:53:26,112 [INFO] Argument:335 - Argument : MemDataAlignmentvalue: DMA_MDATAALIGN_BYTE
2024-04-24 06:53:26,112 [INFO] Argument:325 - Argument : Modevalue: DMA_NORMAL
2024-04-24 06:53:26,112 [INFO] Argument:335 - Argument : Modevalue: DMA_NORMAL
2024-04-24 06:53:26,112 [INFO] Argument:325 - Argument : Priorityvalue: DMA_PRIORITY_VERY_HIGH
2024-04-24 06:53:26,112 [INFO] Argument:335 - Argument : Priorityvalue: DMA_PRIORITY_VERY_HIGH
2024-04-24 06:53:26,112 [INFO] Argument:325 - Argument : FIFOModevalue: DMA_FIFOMODE_DISABLE
2024-04-24 06:53:26,112 [INFO] Argument:335 - Argument : FIFOModevalue: DMA_FIFOMODE_DISABLE
2024-04-24 06:53:26,112 [INFO] Argument:325 - Argument : FIFOThresholdvalue: null
2024-04-24 06:53:26,112 [INFO] Argument:335 - Argument : FIFOThresholdvalue: null
2024-04-24 06:53:26,112 [INFO] Argument:325 - Argument : MemBurstvalue: null
2024-04-24 06:53:26,112 [INFO] Argument:335 - Argument : MemBurstvalue: null
2024-04-24 06:53:26,113 [INFO] Argument:325 - Argument : PeriphBurstvalue: null
2024-04-24 06:53:26,113 [INFO] Argument:335 - Argument : PeriphBurstvalue: null
2024-04-24 06:53:26,113 [INFO] Argument:325 - Argument : Lockvalue: null
2024-04-24 06:53:26,113 [INFO] Argument:335 - Argument : Lockvalue: null
2024-04-24 06:53:26,113 [INFO] Argument:325 - Argument : Statevalue: null
2024-04-24 06:53:26,113 [INFO] Argument:335 - Argument : Statevalue: null
2024-04-24 06:53:26,113 [INFO] Argument:325 - Argument : Parentvalue: null
2024-04-24 06:53:26,113 [INFO] Argument:335 - Argument : Parentvalue: null
2024-04-24 06:53:26,113 [INFO] Argument:325 - Argument : XferCpltCallbackvalue: null
2024-04-24 06:53:26,113 [INFO] Argument:335 - Argument : XferCpltCallbackvalue: null
2024-04-24 06:53:26,113 [INFO] Argument:325 - Argument : XferHalfCpltCallbackvalue: null
2024-04-24 06:53:26,113 [INFO] Argument:335 - Argument : XferHalfCpltCallbackvalue: null
2024-04-24 06:53:26,113 [INFO] Argument:325 - Argument : XferM1CpltCallbackvalue: null
2024-04-24 06:53:26,113 [INFO] Argument:335 - Argument : XferM1CpltCallbackvalue: null
2024-04-24 06:53:26,113 [INFO] Argument:325 - Argument : XferErrorCallbackvalue: null
2024-04-24 06:53:26,113 [INFO] Argument:335 - Argument : XferErrorCallbackvalue: null
2024-04-24 06:53:26,113 [INFO] Argument:325 - Argument : ErrorCodevalue: null
2024-04-24 06:53:26,113 [INFO] Argument:335 - Argument : ErrorCodevalue: null
2024-04-24 06:53:26,115 [INFO] Argument:325 - Argument : hdmavalue: null
2024-04-24 06:53:26,115 [INFO] Argument:327 - 	 sub Args: 
2024-04-24 06:53:26,115 [INFO] Argument:325 - Argument : Instancevalue: DMA1_Stream1
2024-04-24 06:53:26,115 [INFO] Argument:335 - Argument : Instancevalue: DMA1_Stream1
2024-04-24 06:53:26,115 [INFO] Argument:325 - Argument : Initvalue: null
2024-04-24 06:53:26,115 [INFO] Argument:327 - 	 sub Args: 
2024-04-24 06:53:26,115 [INFO] Argument:325 - Argument : Channelvalue: DMA_CHANNEL_4
2024-04-24 06:53:26,115 [INFO] Argument:335 - Argument : Channelvalue: DMA_CHANNEL_4
2024-04-24 06:53:26,115 [INFO] Argument:325 - Argument : Directionvalue: DMA_PERIPH_TO_MEMORY
2024-04-24 06:53:26,115 [INFO] Argument:335 - Argument : Directionvalue: DMA_PERIPH_TO_MEMORY
2024-04-24 06:53:26,115 [INFO] Argument:325 - Argument : PeriphIncvalue: DMA_PINC_DISABLE
2024-04-24 06:53:26,115 [INFO] Argument:335 - Argument : PeriphIncvalue: DMA_PINC_DISABLE
2024-04-24 06:53:26,115 [INFO] Argument:325 - Argument : MemIncvalue: DMA_MINC_ENABLE
2024-04-24 06:53:26,115 [INFO] Argument:335 - Argument : MemIncvalue: DMA_MINC_ENABLE
2024-04-24 06:53:26,115 [INFO] Argument:325 - Argument : PeriphDataAlignmentvalue: DMA_PDATAALIGN_BYTE
2024-04-24 06:53:26,115 [INFO] Argument:335 - Argument : PeriphDataAlignmentvalue: DMA_PDATAALIGN_BYTE
2024-04-24 06:53:26,115 [INFO] Argument:325 - Argument : MemDataAlignmentvalue: DMA_MDATAALIGN_BYTE
2024-04-24 06:53:26,115 [INFO] Argument:335 - Argument : MemDataAlignmentvalue: DMA_MDATAALIGN_BYTE
2024-04-24 06:53:26,115 [INFO] Argument:325 - Argument : Modevalue: DMA_CIRCULAR
2024-04-24 06:53:26,116 [INFO] Argument:335 - Argument : Modevalue: DMA_CIRCULAR
2024-04-24 06:53:26,116 [INFO] Argument:325 - Argument : Priorityvalue: DMA_PRIORITY_VERY_HIGH
2024-04-24 06:53:26,116 [INFO] Argument:335 - Argument : Priorityvalue: DMA_PRIORITY_VERY_HIGH
2024-04-24 06:53:26,116 [INFO] Argument:325 - Argument : FIFOModevalue: DMA_FIFOMODE_DISABLE
2024-04-24 06:53:26,116 [INFO] Argument:335 - Argument : FIFOModevalue: DMA_FIFOMODE_DISABLE
2024-04-24 06:53:26,116 [INFO] Argument:325 - Argument : FIFOThresholdvalue: null
2024-04-24 06:53:26,116 [INFO] Argument:335 - Argument : FIFOThresholdvalue: null
2024-04-24 06:53:26,116 [INFO] Argument:325 - Argument : MemBurstvalue: null
2024-04-24 06:53:26,116 [INFO] Argument:335 - Argument : MemBurstvalue: null
2024-04-24 06:53:26,116 [INFO] Argument:325 - Argument : PeriphBurstvalue: null
2024-04-24 06:53:26,116 [INFO] Argument:335 - Argument : PeriphBurstvalue: null
2024-04-24 06:53:26,116 [INFO] Argument:325 - Argument : Lockvalue: null
2024-04-24 06:53:26,116 [INFO] Argument:335 - Argument : Lockvalue: null
2024-04-24 06:53:26,116 [INFO] Argument:325 - Argument : Statevalue: null
2024-04-24 06:53:26,116 [INFO] Argument:335 - Argument : Statevalue: null
2024-04-24 06:53:26,116 [INFO] Argument:325 - Argument : Parentvalue: null
2024-04-24 06:53:26,116 [INFO] Argument:335 - Argument : Parentvalue: null
2024-04-24 06:53:26,116 [INFO] Argument:325 - Argument : XferCpltCallbackvalue: null
2024-04-24 06:53:26,116 [INFO] Argument:335 - Argument : XferCpltCallbackvalue: null
2024-04-24 06:53:26,116 [INFO] Argument:325 - Argument : XferHalfCpltCallbackvalue: null
2024-04-24 06:53:26,116 [INFO] Argument:335 - Argument : XferHalfCpltCallbackvalue: null
2024-04-24 06:53:26,116 [INFO] Argument:325 - Argument : XferM1CpltCallbackvalue: null
2024-04-24 06:53:26,116 [INFO] Argument:335 - Argument : XferM1CpltCallbackvalue: null
2024-04-24 06:53:26,116 [INFO] Argument:325 - Argument : XferErrorCallbackvalue: null
2024-04-24 06:53:26,116 [INFO] Argument:335 - Argument : XferErrorCallbackvalue: null
2024-04-24 06:53:26,116 [INFO] Argument:325 - Argument : ErrorCodevalue: null
2024-04-24 06:53:26,116 [INFO] Argument:335 - Argument : ErrorCodevalue: null
2024-04-24 06:53:26,118 [INFO] Argument:325 - Argument : hdmavalue: null
2024-04-24 06:53:26,118 [INFO] Argument:327 - 	 sub Args: 
2024-04-24 06:53:26,119 [INFO] Argument:325 - Argument : Instancevalue: DMA2_Stream1
2024-04-24 06:53:26,119 [INFO] Argument:335 - Argument : Instancevalue: DMA2_Stream1
2024-04-24 06:53:26,119 [INFO] Argument:325 - Argument : Initvalue: null
2024-04-24 06:53:26,119 [INFO] Argument:327 - 	 sub Args: 
2024-04-24 06:53:26,119 [INFO] Argument:325 - Argument : Channelvalue: DMA_CHANNEL_5
2024-04-24 06:53:26,119 [INFO] Argument:335 - Argument : Channelvalue: DMA_CHANNEL_5
2024-04-24 06:53:26,119 [INFO] Argument:325 - Argument : Directionvalue: DMA_PERIPH_TO_MEMORY
2024-04-24 06:53:26,119 [INFO] Argument:335 - Argument : Directionvalue: DMA_PERIPH_TO_MEMORY
2024-04-24 06:53:26,119 [INFO] Argument:325 - Argument : PeriphIncvalue: DMA_PINC_DISABLE
2024-04-24 06:53:26,119 [INFO] Argument:335 - Argument : PeriphIncvalue: DMA_PINC_DISABLE
2024-04-24 06:53:26,119 [INFO] Argument:325 - Argument : MemIncvalue: DMA_MINC_ENABLE
2024-04-24 06:53:26,119 [INFO] Argument:335 - Argument : MemIncvalue: DMA_MINC_ENABLE
2024-04-24 06:53:26,119 [INFO] Argument:325 - Argument : PeriphDataAlignmentvalue: DMA_PDATAALIGN_BYTE
2024-04-24 06:53:26,119 [INFO] Argument:335 - Argument : PeriphDataAlignmentvalue: DMA_PDATAALIGN_BYTE
2024-04-24 06:53:26,119 [INFO] Argument:325 - Argument : MemDataAlignmentvalue: DMA_MDATAALIGN_BYTE
2024-04-24 06:53:26,119 [INFO] Argument:335 - Argument : MemDataAlignmentvalue: DMA_MDATAALIGN_BYTE
2024-04-24 06:53:26,119 [INFO] Argument:325 - Argument : Modevalue: DMA_NORMAL
2024-04-24 06:53:26,119 [INFO] Argument:335 - Argument : Modevalue: DMA_NORMAL
2024-04-24 06:53:26,119 [INFO] Argument:325 - Argument : Priorityvalue: DMA_PRIORITY_VERY_HIGH
2024-04-24 06:53:26,119 [INFO] Argument:335 - Argument : Priorityvalue: DMA_PRIORITY_VERY_HIGH
2024-04-24 06:53:26,119 [INFO] Argument:325 - Argument : FIFOModevalue: DMA_FIFOMODE_DISABLE
2024-04-24 06:53:26,119 [INFO] Argument:335 - Argument : FIFOModevalue: DMA_FIFOMODE_DISABLE
2024-04-24 06:53:26,120 [INFO] Argument:325 - Argument : FIFOThresholdvalue: null
2024-04-24 06:53:26,120 [INFO] Argument:335 - Argument : FIFOThresholdvalue: null
2024-04-24 06:53:26,120 [INFO] Argument:325 - Argument : MemBurstvalue: null
2024-04-24 06:53:26,120 [INFO] Argument:335 - Argument : MemBurstvalue: null
2024-04-24 06:53:26,120 [INFO] Argument:325 - Argument : PeriphBurstvalue: null
2024-04-24 06:53:26,120 [INFO] Argument:335 - Argument : PeriphBurstvalue: null
2024-04-24 06:53:26,120 [INFO] Argument:325 - Argument : Lockvalue: null
2024-04-24 06:53:26,120 [INFO] Argument:335 - Argument : Lockvalue: null
2024-04-24 06:53:26,120 [INFO] Argument:325 - Argument : Statevalue: null
2024-04-24 06:53:26,120 [INFO] Argument:335 - Argument : Statevalue: null
2024-04-24 06:53:26,120 [INFO] Argument:325 - Argument : Parentvalue: null
2024-04-24 06:53:26,120 [INFO] Argument:335 - Argument : Parentvalue: null
2024-04-24 06:53:26,120 [INFO] Argument:325 - Argument : XferCpltCallbackvalue: null
2024-04-24 06:53:26,120 [INFO] Argument:335 - Argument : XferCpltCallbackvalue: null
2024-04-24 06:53:26,120 [INFO] Argument:325 - Argument : XferHalfCpltCallbackvalue: null
2024-04-24 06:53:26,120 [INFO] Argument:335 - Argument : XferHalfCpltCallbackvalue: null
2024-04-24 06:53:26,120 [INFO] Argument:325 - Argument : XferM1CpltCallbackvalue: null
2024-04-24 06:53:26,121 [INFO] Argument:335 - Argument : XferM1CpltCallbackvalue: null
2024-04-24 06:53:26,121 [INFO] Argument:325 - Argument : XferErrorCallbackvalue: null
2024-04-24 06:53:26,121 [INFO] Argument:335 - Argument : XferErrorCallbackvalue: null
2024-04-24 06:53:26,121 [INFO] Argument:325 - Argument : ErrorCodevalue: null
2024-04-24 06:53:26,121 [INFO] Argument:335 - Argument : ErrorCodevalue: null
2024-04-24 06:53:26,122 [INFO] Argument:325 - Argument : hdmavalue: null
2024-04-24 06:53:26,122 [INFO] Argument:327 - 	 sub Args: 
2024-04-24 06:53:26,122 [INFO] Argument:325 - Argument : Instancevalue: DMA2_Stream6
2024-04-24 06:53:26,122 [INFO] Argument:335 - Argument : Instancevalue: DMA2_Stream6
2024-04-24 06:53:26,122 [INFO] Argument:325 - Argument : Initvalue: null
2024-04-24 06:53:26,122 [INFO] Argument:327 - 	 sub Args: 
2024-04-24 06:53:26,122 [INFO] Argument:325 - Argument : Channelvalue: DMA_CHANNEL_5
2024-04-24 06:53:26,122 [INFO] Argument:335 - Argument : Channelvalue: DMA_CHANNEL_5
2024-04-24 06:53:26,122 [INFO] Argument:325 - Argument : Directionvalue: DMA_MEMORY_TO_PERIPH
2024-04-24 06:53:26,122 [INFO] Argument:335 - Argument : Directionvalue: DMA_MEMORY_TO_PERIPH
2024-04-24 06:53:26,123 [INFO] Argument:325 - Argument : PeriphIncvalue: DMA_PINC_DISABLE
2024-04-24 06:53:26,123 [INFO] Argument:335 - Argument : PeriphIncvalue: DMA_PINC_DISABLE
2024-04-24 06:53:26,123 [INFO] Argument:325 - Argument : MemIncvalue: DMA_MINC_ENABLE
2024-04-24 06:53:26,123 [INFO] Argument:335 - Argument : MemIncvalue: DMA_MINC_ENABLE
2024-04-24 06:53:26,123 [INFO] Argument:325 - Argument : PeriphDataAlignmentvalue: DMA_PDATAALIGN_BYTE
2024-04-24 06:53:26,123 [INFO] Argument:335 - Argument : PeriphDataAlignmentvalue: DMA_PDATAALIGN_BYTE
2024-04-24 06:53:26,123 [INFO] Argument:325 - Argument : MemDataAlignmentvalue: DMA_MDATAALIGN_BYTE
2024-04-24 06:53:26,123 [INFO] Argument:335 - Argument : MemDataAlignmentvalue: DMA_MDATAALIGN_BYTE
2024-04-24 06:53:26,123 [INFO] Argument:325 - Argument : Modevalue: DMA_NORMAL
2024-04-24 06:53:26,123 [INFO] Argument:335 - Argument : Modevalue: DMA_NORMAL
2024-04-24 06:53:26,123 [INFO] Argument:325 - Argument : Priorityvalue: DMA_PRIORITY_VERY_HIGH
2024-04-24 06:53:26,123 [INFO] Argument:335 - Argument : Priorityvalue: DMA_PRIORITY_VERY_HIGH
2024-04-24 06:53:26,123 [INFO] Argument:325 - Argument : FIFOModevalue: DMA_FIFOMODE_DISABLE
2024-04-24 06:53:26,123 [INFO] Argument:335 - Argument : FIFOModevalue: DMA_FIFOMODE_DISABLE
2024-04-24 06:53:26,123 [INFO] Argument:325 - Argument : FIFOThresholdvalue: null
2024-04-24 06:53:26,124 [INFO] Argument:335 - Argument : FIFOThresholdvalue: null
2024-04-24 06:53:26,124 [INFO] Argument:325 - Argument : MemBurstvalue: null
2024-04-24 06:53:26,124 [INFO] Argument:335 - Argument : MemBurstvalue: null
2024-04-24 06:53:26,124 [INFO] Argument:325 - Argument : PeriphBurstvalue: null
2024-04-24 06:53:26,124 [INFO] Argument:335 - Argument : PeriphBurstvalue: null
2024-04-24 06:53:26,124 [INFO] Argument:325 - Argument : Lockvalue: null
2024-04-24 06:53:26,124 [INFO] Argument:335 - Argument : Lockvalue: null
2024-04-24 06:53:26,124 [INFO] Argument:325 - Argument : Statevalue: null
2024-04-24 06:53:26,124 [INFO] Argument:335 - Argument : Statevalue: null
2024-04-24 06:53:26,124 [INFO] Argument:325 - Argument : Parentvalue: null
2024-04-24 06:53:26,124 [INFO] Argument:335 - Argument : Parentvalue: null
2024-04-24 06:53:26,124 [INFO] Argument:325 - Argument : XferCpltCallbackvalue: null
2024-04-24 06:53:26,124 [INFO] Argument:335 - Argument : XferCpltCallbackvalue: null
2024-04-24 06:53:26,124 [INFO] Argument:325 - Argument : XferHalfCpltCallbackvalue: null
2024-04-24 06:53:26,124 [INFO] Argument:335 - Argument : XferHalfCpltCallbackvalue: null
2024-04-24 06:53:26,124 [INFO] Argument:325 - Argument : XferM1CpltCallbackvalue: null
2024-04-24 06:53:26,124 [INFO] Argument:335 - Argument : XferM1CpltCallbackvalue: null
2024-04-24 06:53:26,124 [INFO] Argument:325 - Argument : XferErrorCallbackvalue: null
2024-04-24 06:53:26,124 [INFO] Argument:335 - Argument : XferErrorCallbackvalue: null
2024-04-24 06:53:26,124 [INFO] Argument:325 - Argument : ErrorCodevalue: null
2024-04-24 06:53:26,124 [INFO] Argument:335 - Argument : ErrorCodevalue: null
2024-04-24 06:53:26,247 [INFO] CodeEngine:255 - oldGeneratedFile, /Users/liangnie/Documents/GitHub/STM32CUBEIDE/Liang Nie/Custom PWM Library/MXTmpFiles/license.tmp_save
2024-04-24 06:53:26,363 [INFO] CodeEngine:279 - Generated code: /Users/liangnie/Documents/GitHub/STM32CUBEIDE/Liang Nie/Custom PWM Library/MXTmpFiles/license.tmp
2024-04-24 06:53:26,464 [INFO] CodeEngine:255 - oldGeneratedFile, /Users/liangnie/Documents/GitHub/STM32CUBEIDE/Liang Nie/Custom PWM Library/MXTmpFiles/gpio.tmp_save
2024-04-24 06:53:26,568 [INFO] CodeEngine:279 - Generated code: /Users/liangnie/Documents/GitHub/STM32CUBEIDE/Liang Nie/Custom PWM Library/MXTmpFiles/gpio.tmp
2024-04-24 06:53:29,163 [INFO] Middleware:1439 - No code input for Bsp Dependency
2024-04-24 06:53:29,171 [INFO] CodeEngine:255 - oldGeneratedFile, /Users/liangnie/Documents/GitHub/STM32CUBEIDE/Liang Nie/Custom PWM Library/MXTmpFiles/rtos_inc.tmp_save
2024-04-24 06:53:29,267 [INFO] CodeEngine:279 - Generated code: /Users/liangnie/Documents/GitHub/STM32CUBEIDE/Liang Nie/Custom PWM Library/MXTmpFiles/rtos_inc.tmp
2024-04-24 06:53:29,270 [INFO] CodeEngine:255 - oldGeneratedFile, /Users/liangnie/Documents/GitHub/STM32CUBEIDE/Liang Nie/Custom PWM Library/MXTmpFiles/rtos_kernelInit.tmp_save
2024-04-24 06:53:29,345 [INFO] CodeEngine:279 - Generated code: /Users/liangnie/Documents/GitHub/STM32CUBEIDE/Liang Nie/Custom PWM Library/MXTmpFiles/rtos_kernelInit.tmp
2024-04-24 06:53:29,347 [INFO] CodeEngine:255 - oldGeneratedFile, /Users/liangnie/Documents/GitHub/STM32CUBEIDE/Liang Nie/Custom PWM Library/MXTmpFiles/rtos_kernelStart.tmp_save
2024-04-24 06:53:29,412 [INFO] CodeEngine:279 - Generated code: /Users/liangnie/Documents/GitHub/STM32CUBEIDE/Liang Nie/Custom PWM Library/MXTmpFiles/rtos_kernelStart.tmp
2024-04-24 06:53:29,416 [INFO] CodeEngine:255 - oldGeneratedFile, /Users/liangnie/Documents/GitHub/STM32CUBEIDE/Liang Nie/Custom PWM Library/MXTmpFiles/rtos_typedefs.tmp_save
2024-04-24 06:53:29,491 [INFO] CodeEngine:279 - Generated code: /Users/liangnie/Documents/GitHub/STM32CUBEIDE/Liang Nie/Custom PWM Library/MXTmpFiles/rtos_typedefs.tmp
2024-04-24 06:53:29,495 [INFO] CodeEngine:255 - oldGeneratedFile, /Users/liangnie/Documents/GitHub/STM32CUBEIDE/Liang Nie/Custom PWM Library/MXTmpFiles/rtos_vars.tmp_save
2024-04-24 06:53:29,566 [INFO] CodeEngine:279 - Generated code: /Users/liangnie/Documents/GitHub/STM32CUBEIDE/Liang Nie/Custom PWM Library/MXTmpFiles/rtos_vars.tmp
2024-04-24 06:53:29,569 [INFO] CodeEngine:255 - oldGeneratedFile, /Users/liangnie/Documents/GitHub/STM32CUBEIDE/Liang Nie/Custom PWM Library/MXTmpFiles/rtos_pfp.tmp_save
2024-04-24 06:53:29,640 [INFO] CodeEngine:279 - Generated code: /Users/liangnie/Documents/GitHub/STM32CUBEIDE/Liang Nie/Custom PWM Library/MXTmpFiles/rtos_pfp.tmp
2024-04-24 06:53:29,642 [INFO] CodeEngine:255 - oldGeneratedFile, /Users/liangnie/Documents/GitHub/STM32CUBEIDE/Liang Nie/Custom PWM Library/MXTmpFiles/rtos_obj_creat.tmp_save
2024-04-24 06:53:29,715 [INFO] CodeEngine:279 - Generated code: /Users/liangnie/Documents/GitHub/STM32CUBEIDE/Liang Nie/Custom PWM Library/MXTmpFiles/rtos_obj_creat.tmp
2024-04-24 06:53:29,718 [INFO] CodeEngine:255 - oldGeneratedFile, /Users/liangnie/Documents/GitHub/STM32CUBEIDE/Liang Nie/Custom PWM Library/MXTmpFiles/rtos_default_thread.tmp_save
2024-04-24 06:53:29,791 [INFO] CodeEngine:279 - Generated code: /Users/liangnie/Documents/GitHub/STM32CUBEIDE/Liang Nie/Custom PWM Library/MXTmpFiles/rtos_default_thread.tmp
2024-04-24 06:53:29,793 [INFO] CodeEngine:255 - oldGeneratedFile, /Users/liangnie/Documents/GitHub/STM32CUBEIDE/Liang Nie/Custom PWM Library/MXTmpFiles/rtos_threads.tmp_save
2024-04-24 06:53:29,843 [INFO] CodeEngine:279 - Generated code: /Users/liangnie/Documents/GitHub/STM32CUBEIDE/Liang Nie/Custom PWM Library/MXTmpFiles/rtos_threads.tmp
2024-04-24 06:53:29,850 [INFO] Middleware:1439 - No code input for Bsp Dependency
2024-04-24 06:53:29,855 [INFO] CodeEngine:255 - oldGeneratedFile, /Users/liangnie/Documents/GitHub/STM32CUBEIDE/Liang Nie/Custom PWM Library/MXTmpFiles/rtos_inc.tmp_save
2024-04-24 06:53:29,918 [INFO] CodeEngine:279 - Generated code: /Users/liangnie/Documents/GitHub/STM32CUBEIDE/Liang Nie/Custom PWM Library/MXTmpFiles/rtos_inc.tmp
2024-04-24 06:53:29,920 [INFO] CodeEngine:255 - oldGeneratedFile, /Users/liangnie/Documents/GitHub/STM32CUBEIDE/Liang Nie/Custom PWM Library/MXTmpFiles/rtos_kernelInit.tmp_save
2024-04-24 06:53:29,966 [INFO] CodeEngine:279 - Generated code: /Users/liangnie/Documents/GitHub/STM32CUBEIDE/Liang Nie/Custom PWM Library/MXTmpFiles/rtos_kernelInit.tmp
2024-04-24 06:53:29,968 [INFO] CodeEngine:255 - oldGeneratedFile, /Users/liangnie/Documents/GitHub/STM32CUBEIDE/Liang Nie/Custom PWM Library/MXTmpFiles/rtos_kernelStart.tmp_save
2024-04-24 06:53:30,017 [INFO] CodeEngine:279 - Generated code: /Users/liangnie/Documents/GitHub/STM32CUBEIDE/Liang Nie/Custom PWM Library/MXTmpFiles/rtos_kernelStart.tmp
2024-04-24 06:53:30,018 [INFO] CodeEngine:255 - oldGeneratedFile, /Users/liangnie/Documents/GitHub/STM32CUBEIDE/Liang Nie/Custom PWM Library/MXTmpFiles/rtos_typedefs.tmp_save
2024-04-24 06:53:30,066 [INFO] CodeEngine:279 - Generated code: /Users/liangnie/Documents/GitHub/STM32CUBEIDE/Liang Nie/Custom PWM Library/MXTmpFiles/rtos_typedefs.tmp
2024-04-24 06:53:30,068 [INFO] CodeEngine:255 - oldGeneratedFile, /Users/liangnie/Documents/GitHub/STM32CUBEIDE/Liang Nie/Custom PWM Library/MXTmpFiles/rtos_vars.tmp_save
2024-04-24 06:53:30,129 [INFO] CodeEngine:279 - Generated code: /Users/liangnie/Documents/GitHub/STM32CUBEIDE/Liang Nie/Custom PWM Library/MXTmpFiles/rtos_vars.tmp
2024-04-24 06:53:30,131 [INFO] CodeEngine:255 - oldGeneratedFile, /Users/liangnie/Documents/GitHub/STM32CUBEIDE/Liang Nie/Custom PWM Library/MXTmpFiles/rtos_pfp.tmp_save
2024-04-24 06:53:30,193 [INFO] CodeEngine:279 - Generated code: /Users/liangnie/Documents/GitHub/STM32CUBEIDE/Liang Nie/Custom PWM Library/MXTmpFiles/rtos_pfp.tmp
2024-04-24 06:53:30,195 [INFO] CodeEngine:255 - oldGeneratedFile, /Users/liangnie/Documents/GitHub/STM32CUBEIDE/Liang Nie/Custom PWM Library/MXTmpFiles/rtos_obj_creat.tmp_save
2024-04-24 06:53:30,243 [INFO] CodeEngine:279 - Generated code: /Users/liangnie/Documents/GitHub/STM32CUBEIDE/Liang Nie/Custom PWM Library/MXTmpFiles/rtos_obj_creat.tmp
2024-04-24 06:53:30,246 [INFO] CodeEngine:255 - oldGeneratedFile, /Users/liangnie/Documents/GitHub/STM32CUBEIDE/Liang Nie/Custom PWM Library/MXTmpFiles/rtos_default_thread.tmp_save
2024-04-24 06:53:30,294 [INFO] CodeEngine:279 - Generated code: /Users/liangnie/Documents/GitHub/STM32CUBEIDE/Liang Nie/Custom PWM Library/MXTmpFiles/rtos_default_thread.tmp
2024-04-24 06:53:30,296 [INFO] CodeEngine:255 - oldGeneratedFile, /Users/liangnie/Documents/GitHub/STM32CUBEIDE/Liang Nie/Custom PWM Library/MXTmpFiles/rtos_threads.tmp_save
2024-04-24 06:53:30,343 [INFO] CodeEngine:279 - Generated code: /Users/liangnie/Documents/GitHub/STM32CUBEIDE/Liang Nie/Custom PWM Library/MXTmpFiles/rtos_threads.tmp
2024-04-24 06:53:30,345 [INFO] CodeEngine:255 - oldGeneratedFile, /Users/liangnie/Documents/GitHub/STM32CUBEIDE/Liang Nie/Custom PWM Library/Core/Inc/FreeRTOSConfig.h_save
2024-04-24 06:53:30,418 [INFO] CodeEngine:279 - Generated code: /Users/liangnie/Documents/GitHub/STM32CUBEIDE/Liang Nie/Custom PWM Library/Core/Inc/FreeRTOSConfig.h
2024-04-24 06:53:30,422 [INFO] CodeEngine:255 - oldGeneratedFile, /Users/liangnie/Documents/GitHub/STM32CUBEIDE/Liang Nie/Custom PWM Library/Core/Src/freertos.c_save
2024-04-24 06:53:30,478 [INFO] CodeEngine:279 - Generated code: /Users/liangnie/Documents/GitHub/STM32CUBEIDE/Liang Nie/Custom PWM Library/Core/Src/freertos.c
2024-04-24 06:53:30,656 [INFO] CodeEngine:255 - oldGeneratedFile, /Users/liangnie/Documents/GitHub/STM32CUBEIDE/Liang Nie/Custom PWM Library/MXTmpFiles/dma.tmp_save
2024-04-24 06:53:30,719 [INFO] CodeEngine:279 - Generated code: /Users/liangnie/Documents/GitHub/STM32CUBEIDE/Liang Nie/Custom PWM Library/MXTmpFiles/dma.tmp
2024-04-24 06:53:30,721 [INFO] CodeEngine:255 - oldGeneratedFile, /Users/liangnie/Documents/GitHub/STM32CUBEIDE/Liang Nie/Custom PWM Library/MXTmpFiles/dma_GV.tmp_save
2024-04-24 06:53:30,769 [INFO] CodeEngine:279 - Generated code: /Users/liangnie/Documents/GitHub/STM32CUBEIDE/Liang Nie/Custom PWM Library/MXTmpFiles/dma_GV.tmp
2024-04-24 06:53:30,786 [INFO] CodeEngine:255 - oldGeneratedFile, /Users/liangnie/Documents/GitHub/STM32CUBEIDE/Liang Nie/Custom PWM Library/Core/Src/stm32f4xx_it.c_save
2024-04-24 06:53:30,857 [INFO] CodeEngine:279 - Generated code: /Users/liangnie/Documents/GitHub/STM32CUBEIDE/Liang Nie/Custom PWM Library/Core/Src/stm32f4xx_it.c
2024-04-24 06:53:30,862 [INFO] CodeEngine:255 - oldGeneratedFile, /Users/liangnie/Documents/GitHub/STM32CUBEIDE/Liang Nie/Custom PWM Library/Core/Inc/stm32f4xx_it.h_save
2024-04-24 06:53:30,918 [INFO] CodeEngine:279 - Generated code: /Users/liangnie/Documents/GitHub/STM32CUBEIDE/Liang Nie/Custom PWM Library/Core/Inc/stm32f4xx_it.h
2024-04-24 06:53:30,931 [INFO] CodeEngine:255 - oldGeneratedFile, /Users/liangnie/Documents/GitHub/STM32CUBEIDE/Liang Nie/Custom PWM Library/Core/Src/stm32f4xx_hal_msp.c_save
2024-04-24 06:53:31,158 [INFO] CodeEngine:279 - Generated code: /Users/liangnie/Documents/GitHub/STM32CUBEIDE/Liang Nie/Custom PWM Library/Core/Src/stm32f4xx_hal_msp.c
2024-04-24 06:53:31,161 [INFO] CodeEngine:255 - oldGeneratedFile, /Users/liangnie/Documents/GitHub/STM32CUBEIDE/Liang Nie/Custom PWM Library/MXTmpFiles/system.tmp_save
2024-04-24 06:53:31,213 [INFO] CodeEngine:279 - Generated code: /Users/liangnie/Documents/GitHub/STM32CUBEIDE/Liang Nie/Custom PWM Library/MXTmpFiles/system.tmp
2024-04-24 06:53:31,217 [INFO] CodeEngine:311 - oldGeneratedFile, /Users/liangnie/Documents/GitHub/STM32CUBEIDE/Liang Nie/Custom PWM Library/Core/Inc/stm32f4xx_hal_conf.h_save
2024-04-24 06:53:31,282 [INFO] CodeEngine:335 - Generated code: /Users/liangnie/Documents/GitHub/STM32CUBEIDE/Liang Nie/Custom PWM Library/Core/Inc/stm32f4xx_hal_conf.h
2024-04-24 06:53:31,484 [WARN] IPConfigManager:3513 - IP not found : TIM
2024-04-24 06:53:31,485 [WARN] CodeGenerator:3951 - IP not found : null
2024-04-24 06:53:31,497 [INFO] CodeEngine:255 - oldGeneratedFile, /Users/liangnie/Documents/GitHub/STM32CUBEIDE/Liang Nie/Custom PWM Library/Core/Inc/main.h_save
2024-04-24 06:53:31,646 [INFO] CodeEngine:279 - Generated code: /Users/liangnie/Documents/GitHub/STM32CUBEIDE/Liang Nie/Custom PWM Library/Core/Inc/main.h
2024-04-24 06:53:31,650 [INFO] CodeEngine:255 - oldGeneratedFile, /Users/liangnie/Documents/GitHub/STM32CUBEIDE/Liang Nie/Custom PWM Library/Core/Src/main.c_save
2024-04-24 06:53:31,916 [INFO] CodeEngine:279 - Generated code: /Users/liangnie/Documents/GitHub/STM32CUBEIDE/Liang Nie/Custom PWM Library/Core/Src/main.c
2024-04-24 06:53:32,395 [INFO] ProjectBuilder:3163 - Time for Copy HAL[1] : 241mS.
2024-04-24 06:53:32,398 [INFO] ProjectBuilder:4736 - Project Generator version: 4.3.0-B58
2024-04-24 06:53:32,506 [INFO] ConfigFileManager:1503 - The Die is : DIE413
2024-04-24 06:53:34,072 [INFO] ProjectBuilder:5002 - Time for Generating toolchain IDE Files: 1674mS.
2024-04-24 06:53:34,073 [INFO] ProjectBuilder:3034 - Time for Copy CMSIS : 0mS.
2024-04-24 06:53:34,081 [INFO] ProjectBuilder:3034 - Time for Copy CMSIS : 0mS.
