2024-07-03 17:25:22,906 [INFO] Activator:176 - 


2024-07-03 17:25:22,915 [INFO] Activator:177 - !SESSION log4j initialized
2024-07-03 17:25:54,625 [INFO] LogOutputStream:77 - [STDOUT_REDIRECT] 
2024-07-03 17:26:03,821 [INFO] LogOutputStream:77 - [STDOUT_REDIRECT] 
2024-07-03 17:26:03,969 [ERROR] LogOutputStream:75 - [STDERR_REDIRECT] java.net.URISyntaxException: Illegal character in path at index 56: file:/Users/liangnie/Documents/GitHub/STM32CUBEIDE/Liang Nie/.metadata/.log4j2.xml
2024-07-03 17:26:03,971 [ERROR] LogOutputStream:75 - [STDERR_REDIRECT] 	at java.base/java.net.URI$Parser.fail(URI.java:2976)
2024-07-03 17:26:03,977 [ERROR] LogOutputStream:75 - [STDERR_REDIRECT] 	at java.base/java.net.URI$Parser.checkChars(URI.java:3147)
2024-07-03 17:26:03,977 [ERROR] LogOutputStream:75 - [STDERR_REDIRECT] 	at java.base/java.net.URI$Parser.parseHierarchical(URI.java:3229)
2024-07-03 17:26:03,978 [ERROR] LogOutputStream:75 - [STDERR_REDIRECT] 	at java.base/java.net.URI$Parser.parse(URI.java:3177)
2024-07-03 17:26:03,978 [ERROR] LogOutputStream:75 - [STDERR_REDIRECT] 	at java.base/java.net.URI.<init>(URI.java:623)
2024-07-03 17:26:03,978 [ERROR] LogOutputStream:75 - [STDERR_REDIRECT] 	at java.base/java.net.URL.toURI(URL.java:1056)
2024-07-03 17:26:03,978 [ERROR] LogOutputStream:75 - [STDERR_REDIRECT] 	at com.st.stm32cube.common.mx.core.CubeMxInstance.getInstance(CubeMxInstance.java:81)
2024-07-03 17:26:03,979 [ERROR] LogOutputStream:75 - [STDERR_REDIRECT] 	at com.st.stm32cube.common.mx.userauth.UserAuthAdapter.<init>(UserAuthAdapter.java:25)
2024-07-03 17:26:03,979 [ERROR] LogOutputStream:75 - [STDERR_REDIRECT] 	at com.st.stm32cube.common.mx.userauth.UserAuthProvider.getUserAuthAdapter(UserAuthProvider.java:16)
2024-07-03 17:26:03,979 [ERROR] LogOutputStream:75 - [STDERR_REDIRECT] 	at com.st.stm32cube.common.ecosystemintegration.ui.core.MCUEcoSystemIntegrationUiHelper.getUserAuth(MCUEcoSystemIntegrationUiHelper.java:100)
2024-07-03 17:26:03,980 [ERROR] LogOutputStream:75 - [STDERR_REDIRECT] 	at com.st.stm32cube.ide.mcu.userauth.UserAuthStartup.earlyStartup(UserAuthStartup.java:41)
2024-07-03 17:26:03,980 [ERROR] LogOutputStream:75 - [STDERR_REDIRECT] 	at org.eclipse.ui.internal.EarlyStartupRunnable.runEarlyStartup(EarlyStartupRunnable.java:79)
2024-07-03 17:26:03,980 [ERROR] LogOutputStream:75 - [STDERR_REDIRECT] 	at org.eclipse.ui.internal.EarlyStartupRunnable.run(EarlyStartupRunnable.java:55)
2024-07-03 17:26:03,980 [ERROR] LogOutputStream:75 - [STDERR_REDIRECT] 	at org.eclipse.core.runtime.SafeRunner.run(SafeRunner.java:47)
2024-07-03 17:26:03,981 [ERROR] LogOutputStream:75 - [STDERR_REDIRECT] 	at org.eclipse.ui.internal.Workbench$39.run(Workbench.java:2762)
2024-07-03 17:26:03,981 [ERROR] LogOutputStream:75 - [STDERR_REDIRECT] 	at org.eclipse.core.internal.jobs.Worker.run(Worker.java:63)
2024-07-03 17:26:04,289 [ERROR] LogOutputStream:75 - [STDERR_REDIRECT] 
2024-07-03 17:26:05,316 [INFO] ApplicationProperties:184 - Using Application install path: /Applications/STM32CubeIDE.app/Contents/Eclipse/plugins/com.st.stm32cube.common.mx_6.11.1.202404110753
2024-07-03 17:26:05,502 [INFO] DbMcusXml:78 - Set database path to: /Applications/STM32CubeIDE.app/Contents/Eclipse/plugins/com.st.stm32cube.common.mx_6.11.1.202404110753//db//mcu/
2024-07-03 17:26:05,502 [INFO] ApiDb:274 - Set plugin database path to: /Applications/STM32CubeIDE.app/Contents/Eclipse/plugins/com.st.stm32cube.common.mx_6.11.1.202404110753//db//plugins/boardmanager/
2024-07-03 17:26:05,502 [WARN] ApiDb:259 - Overriding images path with different value:  => /Applications/STM32CubeIDE.app/Contents/Eclipse/plugins/com.st.stm32cube.common.mx_6.11.1.202404110753//db//plugins/mcufinder/images/
2024-07-03 17:26:05,517 [INFO] ApiDb:250 - Set database path to: /Users/liangnie/.stmcufinder/plugins/mcufinder//mcu/
2024-07-03 17:26:05,519 [INFO] DbMcusAds:125 - Set database path to: /Users/liangnie/.stmcufinder/plugins/mcufinder//mcu/
2024-07-03 17:26:05,524 [INFO] CrossReferenceDbSqlite:203 - Set database path to: /Users/liangnie/.stmcufinder/plugins/mcufinder//mcu/cs/
2024-07-03 17:26:06,407 [INFO] RulesReader:64 - Compatibility file has been processed (297 Rules)
2024-07-03 17:26:06,869 [INFO] DbMcusXml:78 - Set database path to: /Applications/STM32CubeIDE.app/Contents/Eclipse/plugins/com.st.stm32cube.common.mx_6.11.1.202404110753//db//mcu/
2024-07-03 17:26:06,870 [INFO] ApiDb:274 - Set plugin database path to: /Applications/STM32CubeIDE.app/Contents/Eclipse/plugins/com.st.stm32cube.common.mx_6.11.1.202404110753//db//plugins/boardmanager/
2024-07-03 17:26:06,870 [INFO] ApiDb:261 - Set plugin images path to: /Applications/STM32CubeIDE.app/Contents/Eclipse/plugins/com.st.stm32cube.common.mx_6.11.1.202404110753//db//plugins/mcufinder/images/
2024-07-03 17:26:06,870 [WARN] DbFile:41 - Overriding database path with different value: /Users/liangnie/.stmcufinder/plugins/mcufinder/ => /Users/liangnie/.stmcufinder/plugins/mcufinder
2024-07-03 17:26:06,870 [INFO] ApiDb:250 - Set database path to: /Users/liangnie/.stmcufinder/plugins/mcufinder//mcu/
2024-07-03 17:26:06,870 [WARN] DbFile:41 - Overriding database path with different value: /Users/liangnie/.stmcufinder/plugins/mcufinder/ => /Users/liangnie/.stmcufinder/plugins/mcufinder
2024-07-03 17:26:06,871 [INFO] DbMcusAds:125 - Set database path to: /Users/liangnie/.stmcufinder/plugins/mcufinder//mcu/
2024-07-03 17:26:06,871 [WARN] DbFile:41 - Overriding database path with different value: /Users/liangnie/.stmcufinder/plugins/mcufinder/ => /Users/liangnie/.stmcufinder/plugins/mcufinder
2024-07-03 17:26:06,871 [WARN] DbFile:41 - Overriding database path with different value: /Users/liangnie/.stmcufinder/plugins/mcufinder/ => /Users/liangnie/.stmcufinder/plugins/mcufinder
2024-07-03 17:26:06,871 [INFO] CrossReferenceDbSqlite:203 - Set database path to: /Users/liangnie/.stmcufinder/plugins/mcufinder//mcu/cs/
2024-07-03 17:26:07,158 [INFO] MainPanel:264 - HeapMemory: 268435456
2024-07-03 17:26:07,747 [INFO] DbMcusXml:78 - Set database path to: /Applications/STM32CubeIDE.app/Contents/Eclipse/plugins/com.st.stm32cube.common.mx_6.11.1.202404110753//db//mcu/
2024-07-03 17:26:07,747 [INFO] ApiDb:274 - Set plugin database path to: /Applications/STM32CubeIDE.app/Contents/Eclipse/plugins/com.st.stm32cube.common.mx_6.11.1.202404110753//db//plugins/boardmanager/
2024-07-03 17:26:07,748 [INFO] ApiDb:261 - Set plugin images path to: /Applications/STM32CubeIDE.app/Contents/Eclipse/plugins/com.st.stm32cube.common.mx_6.11.1.202404110753//db//plugins/mcufinder/images/
2024-07-03 17:26:07,770 [WARN] DbFile:41 - Overriding database path with different value: /Users/liangnie/.stmcufinder/plugins/mcufinder/ => /Users/liangnie/.stmcufinder/plugins/mcufinder
2024-07-03 17:26:07,770 [INFO] ApiDb:250 - Set database path to: /Users/liangnie/.stmcufinder/plugins/mcufinder//mcu/
2024-07-03 17:26:07,770 [WARN] DbFile:41 - Overriding database path with different value: /Users/liangnie/.stmcufinder/plugins/mcufinder/ => /Users/liangnie/.stmcufinder/plugins/mcufinder
2024-07-03 17:26:07,770 [INFO] DbMcusAds:125 - Set database path to: /Users/liangnie/.stmcufinder/plugins/mcufinder//mcu/
2024-07-03 17:26:07,771 [WARN] DbFile:41 - Overriding database path with different value: /Users/liangnie/.stmcufinder/plugins/mcufinder/ => /Users/liangnie/.stmcufinder/plugins/mcufinder
2024-07-03 17:26:07,771 [WARN] DbFile:41 - Overriding database path with different value: /Users/liangnie/.stmcufinder/plugins/mcufinder/ => /Users/liangnie/.stmcufinder/plugins/mcufinder
2024-07-03 17:26:07,773 [INFO] CrossReferenceDbSqlite:203 - Set database path to: /Users/liangnie/.stmcufinder/plugins/mcufinder//mcu/cs/
2024-07-03 17:26:07,804 [INFO] ApplicationProperties:184 - Using Application install path: /Applications/STM32CubeIDE.app/Contents/Eclipse/plugins/com.st.stm32cube.common.mx_6.11.1.202404110753
2024-07-03 17:26:07,806 [INFO] PluginManage:196 - Search for loadable plugins [exclusion list=, ]
2024-07-03 17:26:07,808 [INFO] PluginManage:310 - Check plugin analytics
2024-07-03 17:26:09,272 [INFO] AnalyticsPlugin:253 - Accepted Software Licenses: 
2024-07-03 17:26:09,273 [INFO] AnalyticsPlugin:255 - Accepted CMSIS Pack Licenses: 
2024-07-03 17:26:09,273 [INFO] AnalyticsPlugin:257 - Accepted Firmware Licenses: 
2024-07-03 17:26:09,277 [INFO] PluginManage:359 - Loaded plugin analytics (category:tool,tabindex:-1)
2024-07-03 17:26:09,278 [INFO] PluginManage:310 - Check plugin cadmodel
2024-07-03 17:26:11,459 [INFO] CADModel:105 - Init CAD model plugin
2024-07-03 17:26:11,459 [INFO] PluginManage:359 - Loaded plugin cadmodel (category:power,tabindex:5)
2024-07-03 17:26:11,459 [INFO] PluginManage:310 - Check plugin clock
2024-07-03 17:26:11,633 [INFO] PluginManage:359 - Loaded plugin clock (category:base,tabindex:2)
2024-07-03 17:26:11,633 [INFO] PluginManage:310 - Check plugin ddr
2024-07-03 17:26:11,643 [INFO] PluginManage:359 - Loaded plugin ddr (category:tool,tabindex:6)
2024-07-03 17:26:11,644 [INFO] PluginManage:310 - Check plugin filemanager
2024-07-03 17:26:12,338 [INFO] PluginManage:359 - Loaded plugin filemanager (category:base,tabindex:10)
2024-07-03 17:26:12,339 [INFO] PluginManage:310 - Check plugin ipmanager
2024-07-03 17:26:12,499 [INFO] PluginManage:359 - Loaded plugin ipmanager (category:base,tabindex:5)
2024-07-03 17:26:12,499 [INFO] PluginManage:310 - Check plugin lpbam
2024-07-03 17:26:12,572 [INFO] PluginManage:359 - Loaded plugin lpbam (category:base,tabindex:0)
2024-07-03 17:26:12,573 [INFO] PluginManage:310 - Check plugin memorymap
2024-07-03 17:26:12,602 [INFO] PluginManage:359 - Loaded plugin memorymap (category:base,tabindex:4)
2024-07-03 17:26:12,602 [INFO] PluginManage:310 - Check plugin pinoutandconfiguration
2024-07-03 17:26:12,616 [INFO] PluginManage:359 - Loaded plugin pinoutandconfiguration (category:base,tabindex:1)
2024-07-03 17:26:12,616 [INFO] PluginManage:310 - Check plugin pinoutconfig
2024-07-03 17:26:13,035 [WARN] SupportedApi:132 - Cannot load RTOS API schema: s4s-elt-must-match.1: The content of 'definitions' must match (annotation?, (simpleType | complexType)?, (unique | key | keyref)*)). A problem was found starting at: attribute.
2024-07-03 17:26:13,559 [INFO] PluginManage:359 - Loaded plugin pinoutconfig (category:base,tabindex:0)
2024-07-03 17:26:13,559 [INFO] PluginManage:310 - Check plugin power
2024-07-03 17:26:13,574 [INFO] PluginManage:359 - Loaded plugin power (category:power,tabindex:4)
2024-07-03 17:26:13,574 [INFO] PluginManage:310 - Check plugin projectmanager
2024-07-03 17:26:13,741 [INFO] PluginManage:359 - Loaded plugin projectmanager (category:projectmanager,tabindex:3)
2024-07-03 17:26:13,741 [INFO] PluginManage:310 - Check plugin thirdparty
2024-07-03 17:26:14,450 [INFO] PluginManage:359 - Loaded plugin thirdparty (category:base,tabindex:-1)
2024-07-03 17:26:14,450 [WARN] IntegrityCheckThread:84 - waiting for thirdparty lock release [integrity check]
2024-07-03 17:26:14,450 [INFO] PluginManage:310 - Check plugin tools
2024-07-03 17:26:14,450 [INFO] IntegrityCheckThread:86 - entering critical section [integrity check]
2024-07-03 17:26:14,451 [INFO] ThirdPartyUpdaterWithRetryManager:70 - Updater plugin not ready yet. [1/15]
2024-07-03 17:26:14,455 [INFO] PluginManage:359 - Loaded plugin tools (category:base,tabindex:7)
2024-07-03 17:26:14,455 [INFO] PluginManage:310 - Check plugin tutovideos
2024-07-03 17:26:15,220 [INFO] PluginManage:359 - Loaded plugin tutovideos (category:base,tabindex:-1)
2024-07-03 17:26:15,221 [INFO] PluginManage:310 - Check plugin updater
2024-07-03 17:26:15,268 [INFO] PluginManage:359 - Loaded plugin updater (category:base,tabindex:12)
2024-07-03 17:26:15,268 [INFO] PluginManage:310 - Check plugin userauth
2024-07-03 17:26:15,280 [INFO] UserAuth:114 - Init User Auth plugin
2024-07-03 17:26:15,280 [INFO] PluginManage:359 - Loaded plugin userauth (category:base,tabindex:14)
2024-07-03 17:26:15,281 [INFO] PluginManage:283 - PluginManage : Loaded plugins [17]
2024-07-03 17:26:16,139 [INFO] PinOutPanel:1561 - setPackage(No Configuration,No Configuration)
2024-07-03 17:26:16,680 [INFO] CADModel:165 - CPN selected for project level
2024-07-03 17:26:16,680 [INFO] CADModel:114 - Register for checkConnection events
2024-07-03 17:26:16,703 [INFO] IPUIPlugin:80 - create IPUIPlugin
2024-07-03 17:26:16,705 [INFO] PluginManager:220 - loadIPPluginJar : add mdma
2024-07-03 17:26:16,717 [INFO] IPUIPlugin:80 - create IPUIPlugin
2024-07-03 17:26:16,717 [INFO] PluginManager:220 - loadIPPluginJar : add freertos
2024-07-03 17:26:16,727 [INFO] IPUIPlugin:80 - create IPUIPlugin
2024-07-03 17:26:16,727 [INFO] PluginManager:220 - loadIPPluginJar : add gic
2024-07-03 17:26:16,743 [INFO] IPUIPlugin:80 - create IPUIPlugin
2024-07-03 17:26:16,744 [INFO] PluginManager:220 - loadIPPluginJar : add adc
2024-07-03 17:26:16,749 [INFO] IPUIPlugin:80 - create IPUIPlugin
2024-07-03 17:26:16,749 [INFO] PluginManager:220 - loadIPPluginJar : add gtzc
2024-07-03 17:26:16,751 [INFO] IPUIPlugin:80 - create IPUIPlugin
2024-07-03 17:26:16,751 [INFO] PluginManager:220 - loadIPPluginJar : add quadspi
2024-07-03 17:26:16,755 [INFO] IPUIPlugin:80 - create IPUIPlugin
2024-07-03 17:26:16,755 [INFO] PluginManager:220 - loadIPPluginJar : add aes
2024-07-03 17:26:16,760 [INFO] IPUIPlugin:80 - create IPUIPlugin
2024-07-03 17:26:16,760 [INFO] PluginManager:220 - loadIPPluginJar : add pdm2pcm
2024-07-03 17:26:16,763 [INFO] IPUIPlugin:80 - create IPUIPlugin
2024-07-03 17:26:16,763 [INFO] PluginManager:220 - loadIPPluginJar : add hash
2024-07-03 17:26:16,766 [INFO] IPUIPlugin:80 - create IPUIPlugin
2024-07-03 17:26:16,767 [INFO] PluginManager:220 - loadIPPluginJar : add tim
2024-07-03 17:26:16,769 [INFO] IPUIPlugin:80 - create IPUIPlugin
2024-07-03 17:26:16,769 [INFO] PluginManager:220 - loadIPPluginJar : add tsc
2024-07-03 17:26:16,772 [INFO] IPUIPlugin:80 - create IPUIPlugin
2024-07-03 17:26:16,773 [INFO] PluginManager:220 - loadIPPluginJar : add extmemmanager
2024-07-03 17:26:16,775 [INFO] IPUIPlugin:80 - create IPUIPlugin
2024-07-03 17:26:16,775 [INFO] PluginManager:220 - loadIPPluginJar : add ts
2024-07-03 17:26:16,778 [INFO] IPUIPlugin:80 - create IPUIPlugin
2024-07-03 17:26:16,779 [INFO] PluginManager:220 - loadIPPluginJar : add can
2024-07-03 17:26:16,782 [INFO] IPUIPlugin:80 - create IPUIPlugin
2024-07-03 17:26:16,782 [INFO] PluginManager:220 - loadIPPluginJar : add dma3
2024-07-03 17:26:16,786 [INFO] IPUIPlugin:80 - create IPUIPlugin
2024-07-03 17:26:16,786 [INFO] PluginManager:220 - loadIPPluginJar : add dfsdm
2024-07-03 17:26:16,789 [INFO] IPUIPlugin:80 - create IPUIPlugin
2024-07-03 17:26:16,789 [INFO] PluginManager:220 - loadIPPluginJar : add spi
2024-07-03 17:26:16,792 [INFO] IPUIPlugin:80 - create IPUIPlugin
2024-07-03 17:26:16,792 [INFO] PluginManager:220 - loadIPPluginJar : add gfxmmu
2024-07-03 17:26:16,794 [INFO] IPUIPlugin:80 - create IPUIPlugin
2024-07-03 17:26:16,794 [INFO] PluginManager:220 - loadIPPluginJar : add genericplugin
2024-07-03 17:26:16,796 [INFO] IPUIPlugin:80 - create IPUIPlugin
2024-07-03 17:26:16,797 [INFO] PluginManager:220 - loadIPPluginJar : add cryp
2024-07-03 17:26:16,801 [INFO] IPUIPlugin:80 - create IPUIPlugin
2024-07-03 17:26:16,801 [INFO] PluginManager:220 - loadIPPluginJar : add gpio
2024-07-03 17:26:16,803 [INFO] IPUIPlugin:80 - create IPUIPlugin
2024-07-03 17:26:16,803 [INFO] PluginManager:220 - loadIPPluginJar : add comp
2024-07-03 17:26:16,805 [INFO] IPUIPlugin:80 - create IPUIPlugin
2024-07-03 17:26:16,805 [INFO] PluginManager:220 - loadIPPluginJar : add tracer_emb
2024-07-03 17:26:16,809 [INFO] IPUIPlugin:80 - create IPUIPlugin
2024-07-03 17:26:16,809 [INFO] PluginManager:220 - loadIPPluginJar : add openamp
2024-07-03 17:26:16,815 [INFO] IPUIPlugin:80 - create IPUIPlugin
2024-07-03 17:26:16,815 [INFO] PluginManager:220 - loadIPPluginJar : add stm32_wpan
2024-07-03 17:26:16,822 [INFO] IPUIPlugin:80 - create IPUIPlugin
2024-07-03 17:26:16,825 [INFO] PluginManager:220 - loadIPPluginJar : add plateformsettings
2024-07-03 17:26:16,829 [INFO] IPUIPlugin:80 - create IPUIPlugin
2024-07-03 17:26:16,829 [INFO] PluginManager:220 - loadIPPluginJar : add ipddr
2024-07-03 17:26:16,832 [INFO] IPUIPlugin:80 - create IPUIPlugin
2024-07-03 17:26:16,832 [INFO] PluginManager:220 - loadIPPluginJar : add usart
2024-07-03 17:26:16,834 [INFO] IPUIPlugin:80 - create IPUIPlugin
2024-07-03 17:26:16,834 [INFO] PluginManager:220 - loadIPPluginJar : add ltdc
2024-07-03 17:26:16,837 [INFO] IPUIPlugin:80 - create IPUIPlugin
2024-07-03 17:26:16,838 [INFO] PluginManager:220 - loadIPPluginJar : add nvic
2024-07-03 17:26:16,839 [INFO] IPUIPlugin:80 - create IPUIPlugin
2024-07-03 17:26:16,839 [INFO] PluginManager:220 - loadIPPluginJar : add fatfs
2024-07-03 17:26:16,980 [INFO] IPUIPlugin:80 - create IPUIPlugin
2024-07-03 17:26:16,980 [INFO] PluginManager:220 - loadIPPluginJar : add linkedlist
2024-07-03 17:26:16,989 [INFO] IPUIPlugin:80 - create IPUIPlugin
2024-07-03 17:26:16,990 [INFO] PluginManager:220 - loadIPPluginJar : add dma
2024-07-03 17:26:16,995 [INFO] IPUIPlugin:80 - create IPUIPlugin
2024-07-03 17:26:16,995 [INFO] PluginManager:220 - loadIPPluginJar : add fmc
2024-07-03 17:26:16,997 [INFO] IPUIPlugin:80 - create IPUIPlugin
2024-07-03 17:26:16,997 [INFO] PluginManager:220 - loadIPPluginJar : add i2s
2024-07-03 17:26:16,999 [INFO] IPUIPlugin:80 - create IPUIPlugin
2024-07-03 17:26:17,000 [INFO] PluginManager:220 - loadIPPluginJar : add ucpd
2024-07-03 17:26:17,002 [INFO] IPUIPlugin:80 - create IPUIPlugin
2024-07-03 17:26:17,002 [INFO] PluginManager:220 - loadIPPluginJar : add lorawan
2024-07-03 17:26:17,006 [INFO] IPUIPlugin:80 - create IPUIPlugin
2024-07-03 17:26:17,006 [INFO] PluginManager:220 - loadIPPluginJar : add opamp
2024-07-03 17:26:17,010 [INFO] IPUIPlugin:80 - create IPUIPlugin
2024-07-03 17:26:17,010 [INFO] PluginManager:220 - loadIPPluginJar : add i3c
2024-07-03 17:26:17,014 [INFO] IPUIPlugin:80 - create IPUIPlugin
2024-07-03 17:26:17,014 [INFO] PluginManager:220 - loadIPPluginJar : add touchsensing
2024-07-03 17:26:17,017 [INFO] IPUIPlugin:80 - create IPUIPlugin
2024-07-03 17:26:17,017 [INFO] PluginManager:220 - loadIPPluginJar : add i2c
2024-07-03 17:26:17,021 [INFO] IPUIPlugin:80 - create IPUIPlugin
2024-07-03 17:26:17,021 [INFO] PluginManager:220 - loadIPPluginJar : add resmgrutility
2024-07-03 17:26:17,025 [INFO] IPUIPlugin:80 - create IPUIPlugin
2024-07-03 17:26:17,025 [INFO] PluginManager:220 - loadIPPluginJar : add sai
2024-07-03 17:26:17,028 [INFO] IPUIPlugin:80 - create IPUIPlugin
2024-07-03 17:26:17,028 [INFO] PluginManager:220 - loadIPPluginJar : add usbx
2024-07-03 17:26:17,226 [INFO] CADModel:165 - CPN selected for project level
2024-07-03 17:26:17,227 [INFO] CADModel:114 - Register for checkConnection events
2024-07-03 17:26:17,227 [FATAL] Updater:308 - Updater called before beeing initialized
2024-07-03 17:26:17,227 [ERROR] CADModel:125 - Updater not yet initialized, retry later 
2024-07-03 17:26:17,451 [INFO] ThirdPartyUpdaterWithRetryManager:70 - Updater plugin not ready yet. [2/15]
2024-07-03 17:26:17,673 [INFO] CADModel:165 - CPN selected for project level
2024-07-03 17:26:17,673 [INFO] CADModel:114 - Register for checkConnection events
2024-07-03 17:26:17,673 [FATAL] Updater:308 - Updater called before beeing initialized
2024-07-03 17:26:17,673 [ERROR] CADModel:125 - Updater not yet initialized, retry later 
2024-07-03 17:26:17,678 [FATAL] Updater:308 - Updater called before beeing initialized
2024-07-03 17:26:18,115 [FATAL] Updater:308 - Updater called before beeing initialized
2024-07-03 17:26:18,130 [INFO] DbMcusAds:53 - JSON generation date=Thu May 16 02:22:00 PDT 2024 (1715851320852)
2024-07-03 17:26:18,130 [FATAL] Updater:308 - Updater called before beeing initialized
2024-07-03 17:26:18,530 [WARN] DetailPanel:346 - Failed to get advertising image, set to default
2024-07-03 17:26:19,530 [FATAL] Updater:308 - Updater called before beeing initialized
2024-07-03 17:26:19,559 [FATAL] Updater:308 - Updater called before beeing initialized
2024-07-03 17:26:19,560 [FATAL] Updater:308 - Updater called before beeing initialized
2024-07-03 17:26:19,560 [WARN] DetailPanel:346 - Failed to get advertising image, set to default
2024-07-03 17:26:19,563 [FATAL] Updater:308 - Updater called before beeing initialized
2024-07-03 17:26:19,809 [ERROR] Updater:1120 - MainUpdater not yet initialized. External WinMGr cannot be set.
2024-07-03 17:26:20,049 [INFO] Updater:1056 - Updater Version found : 6.11.1
2024-07-03 17:26:20,100 [INFO] ApplicationProperties:184 - Using Application install path: /Applications/STM32CubeIDE.app/Contents/Eclipse/plugins/com.st.stm32cube.common.mx_6.11.1.202404110753
2024-07-03 17:26:20,454 [FATAL] Updater:308 - Updater called before beeing initialized
2024-07-03 17:26:20,455 [ERROR] IntegrityCheckThread:130 - Cannot retrieve database content from updater: error 21
2024-07-03 17:26:20,455 [INFO] ThirdParty:978 - Integrity check success = false
2024-07-03 17:26:20,455 [INFO] IntegrityCheckThread:100 - exiting critical section [integrity check]
2024-07-03 17:26:20,455 [INFO] IntegrityCheckThread:103 - End integrity checks thread
2024-07-03 17:26:21,484 [INFO] MainUpdater:2873 - connection check result : 10
2024-07-03 17:26:21,484 [INFO] MainUpdater:3567 - Updater definition file requires update
2024-07-03 17:26:21,486 [INFO] MainUpdater:290 - Updater Check For Update Now.
2024-07-03 17:26:21,486 [INFO] MicroXplorer:498 - Change Database Version : DB.6.0.111
2024-07-03 17:26:21,533 [INFO] McuFinderGlobals:63 - Set McuFinder mode to 2 (CubeIDE integrated)
2024-07-03 17:26:21,533 [INFO] UserAuth:179 - activating auth plugin
2024-07-03 17:26:21,538 [INFO] UserAuth:415 - Internet connection configuration mode: 1
2024-07-03 17:26:21,579 [INFO] JxBrowserEngine:152 - Initiate JxBrowser Engine with user profile folder
2024-07-03 17:26:21,987 [INFO] ServerAccessManage:473 - Download File updaters.zip
2024-07-03 17:26:22,364 [INFO] FileExtend:240 - Unzip File : updaters.zip
2024-07-03 17:26:22,365 [INFO] FileExtend:255 - Standard Zip Deflate
2024-07-03 17:26:23,320 [INFO] ServerAccessManage:473 - Download File PacksControlFlags.xml
2024-07-03 17:26:23,661 [INFO] ServerAccessManage:473 - Download File cubemx.pidx
2024-07-03 17:26:25,095 [INFO] WebApp:161 - Instantiating new browser for Auth
2024-07-03 17:26:26,601 [INFO] ServerAccessManage:473 - Download File STMicroelectronics.X-CUBE-DPOWER.pdsc
2024-07-03 17:26:27,457 [ERROR] ServerAccessManage:1089 - Problem, file not found on Server
2024-07-03 17:26:27,539 [INFO] WebApp:779 - Register for checkConnection events
2024-07-03 17:26:27,539 [INFO] WebApp:414 - Apply proxy settings
2024-07-03 17:26:27,548 [INFO] WebApp:459 - Chromium authenticates against Manually configured proxy
2024-07-03 17:26:27,563 [INFO] WebApp:467 - Username used for proxy authentication: 
2024-07-03 17:26:27,985 [INFO] WebApp:192 - Starting web application
2024-07-03 17:26:27,985 [INFO] WebApp:544 - Web application path used /Applications/STM32CubeIDE.app/Contents/Eclipse/plugins/com.st.stm32cube.common.mx_6.11.1.202404110753/db/plugins/mcufinder/reactClient1/index.html
2024-07-03 17:26:28,065 [ERROR] ServerAccessManage:1089 - Problem, file not found on Server
2024-07-03 17:26:28,676 [ERROR] ServerAccessManage:1089 - Problem, file not found on Server
2024-07-03 17:26:28,913 [ERROR] ServerAccessManage:1089 - Problem, file not found on Server
2024-07-03 17:26:29,612 [ERROR] ServerAccessManage:1089 - Problem, file not found on Server
2024-07-03 17:26:30,606 [ERROR] ServerAccessManage:1089 - Problem, file not found on Server
2024-07-03 17:26:30,838 [ERROR] ServerAccessManage:1089 - Problem, file not found on Server
2024-07-03 17:26:31,652 [ERROR] ServerAccessManage:1089 - Problem, file not found on Server
2024-07-03 17:26:32,286 [ERROR] ServerAccessManage:1089 - Problem, file not found on Server
2024-07-03 17:26:32,707 [ERROR] ServerAccessManage:1089 - Problem, file not found on Server
2024-07-03 17:26:33,350 [ERROR] ServerAccessManage:1089 - Problem, file not found on Server
2024-07-03 17:26:34,049 [INFO] ServerAccessManage:473 - Download File STMicroelectronics.X-CUBE-TOUCHGFX.pdsc
2024-07-03 17:26:45,484 [INFO] ServerAccessManage:473 - Download File wolfSSL.I-CUBE-wolfMQTT.pdsc
2024-07-03 17:26:47,118 [ERROR] ServerAccessManage:1089 - Problem, file not found on Server
2024-07-03 17:26:48,354 [WARN] PackLoader:240 - Cannot read IP mode file for STMicroelectronics.X-CUBE-DPower.1.2.0
2024-07-03 17:26:48,431 [WARN] PackLoader:240 - Cannot read IP mode file for STMicroelectronics.X-CUBE-TOUCHGFX.4.24.0
2024-07-03 17:26:48,440 [WARN] PackLoader:240 - Cannot read IP mode file for wolfSSL.I-CUBE-wolfMQTT.1.19.0
2024-07-03 17:26:48,442 [INFO] PopulateThirdPartyThread:66 - Ending populate Thread
2024-07-03 17:26:48,446 [INFO] ThirdParty:1030 - CMSIS Pack Vendor :wolfSSL I-CUBE-wolfMQTT 1.19.0
2024-07-03 17:26:48,447 [INFO] ThirdParty:1030 - CMSIS Pack Vendor :STMicroelectronics X-CUBE-TOUCHGFX 4.24.0
2024-07-03 17:26:48,448 [INFO] ThirdParty:1030 - CMSIS Pack Vendor :STMicroelectronics X-CUBE-DPower 1.2.0
2024-07-03 17:26:48,448 [INFO] LoadServerUpdatesThread:375 - End of LoadServerUpdate Thread
2024-07-03 17:26:48,630 [INFO] CheckServerUpdateThread:120 - End of CheckServer Thread
2024-07-03 18:11:28,594 [INFO] Activator:176 - 


2024-07-03 18:11:28,597 [INFO] Activator:177 - !SESSION log4j initialized
2024-07-03 18:11:59,427 [INFO] LogOutputStream:77 - [STDOUT_REDIRECT] 
2024-07-03 18:12:04,591 [INFO] LogOutputStream:77 - [STDOUT_REDIRECT] 
2024-07-03 18:12:09,232 [ERROR] LogOutputStream:75 - [STDERR_REDIRECT] java.net.URISyntaxException: Illegal character in path at index 56: file:/Users/liangnie/Documents/GitHub/STM32CUBEIDE/Liang Nie/.metadata/.log4j2.xml
2024-07-03 18:12:09,232 [ERROR] LogOutputStream:75 - [STDERR_REDIRECT] 	at java.base/java.net.URI$Parser.fail(URI.java:2976)
2024-07-03 18:12:09,233 [ERROR] LogOutputStream:75 - [STDERR_REDIRECT] 	at java.base/java.net.URI$Parser.checkChars(URI.java:3147)
2024-07-03 18:12:09,233 [ERROR] LogOutputStream:75 - [STDERR_REDIRECT] 	at java.base/java.net.URI$Parser.parseHierarchical(URI.java:3229)
2024-07-03 18:12:09,233 [ERROR] LogOutputStream:75 - [STDERR_REDIRECT] 	at java.base/java.net.URI$Parser.parse(URI.java:3177)
2024-07-03 18:12:09,233 [ERROR] LogOutputStream:75 - [STDERR_REDIRECT] 	at java.base/java.net.URI.<init>(URI.java:623)
2024-07-03 18:12:09,234 [ERROR] LogOutputStream:75 - [STDERR_REDIRECT] 	at java.base/java.net.URL.toURI(URL.java:1056)
2024-07-03 18:12:09,234 [ERROR] LogOutputStream:75 - [STDERR_REDIRECT] 	at com.st.stm32cube.common.mx.core.CubeMxInstance.getInstance(CubeMxInstance.java:81)
2024-07-03 18:12:09,235 [ERROR] LogOutputStream:75 - [STDERR_REDIRECT] 	at com.st.stm32cube.common.mx.userauth.UserAuthAdapter.<init>(UserAuthAdapter.java:25)
2024-07-03 18:12:09,235 [ERROR] LogOutputStream:75 - [STDERR_REDIRECT] 	at com.st.stm32cube.common.mx.userauth.UserAuthProvider.getUserAuthAdapter(UserAuthProvider.java:16)
2024-07-03 18:12:09,236 [ERROR] LogOutputStream:75 - [STDERR_REDIRECT] 	at com.st.stm32cube.common.ecosystemintegration.ui.core.MCUEcoSystemIntegrationUiHelper.getUserAuth(MCUEcoSystemIntegrationUiHelper.java:100)
2024-07-03 18:12:09,236 [ERROR] LogOutputStream:75 - [STDERR_REDIRECT] 	at com.st.stm32cube.ide.mcu.userauth.UserAuthStartup.earlyStartup(UserAuthStartup.java:41)
2024-07-03 18:12:09,236 [ERROR] LogOutputStream:75 - [STDERR_REDIRECT] 	at org.eclipse.ui.internal.EarlyStartupRunnable.runEarlyStartup(EarlyStartupRunnable.java:79)
2024-07-03 18:12:09,236 [ERROR] LogOutputStream:75 - [STDERR_REDIRECT] 	at org.eclipse.ui.internal.EarlyStartupRunnable.run(EarlyStartupRunnable.java:55)
2024-07-03 18:12:09,237 [ERROR] LogOutputStream:75 - [STDERR_REDIRECT] 	at org.eclipse.core.runtime.SafeRunner.run(SafeRunner.java:47)
2024-07-03 18:12:09,237 [ERROR] LogOutputStream:75 - [STDERR_REDIRECT] 	at org.eclipse.ui.internal.Workbench$39.run(Workbench.java:2762)
2024-07-03 18:12:09,237 [ERROR] LogOutputStream:75 - [STDERR_REDIRECT] 	at org.eclipse.core.internal.jobs.Worker.run(Worker.java:63)
2024-07-03 18:12:09,370 [ERROR] LogOutputStream:75 - [STDERR_REDIRECT] 
2024-07-03 18:12:11,777 [INFO] ApplicationProperties:184 - Using Application install path: /Applications/STM32CubeIDE.app/Contents/Eclipse/plugins/com.st.stm32cube.common.mx_6.11.1.202404110753
2024-07-03 18:12:11,817 [INFO] DbMcusXml:78 - Set database path to: /Applications/STM32CubeIDE.app/Contents/Eclipse/plugins/com.st.stm32cube.common.mx_6.11.1.202404110753//db//mcu/
2024-07-03 18:12:11,818 [INFO] ApiDb:274 - Set plugin database path to: /Applications/STM32CubeIDE.app/Contents/Eclipse/plugins/com.st.stm32cube.common.mx_6.11.1.202404110753//db//plugins/boardmanager/
2024-07-03 18:12:11,818 [WARN] ApiDb:259 - Overriding images path with different value:  => /Applications/STM32CubeIDE.app/Contents/Eclipse/plugins/com.st.stm32cube.common.mx_6.11.1.202404110753//db//plugins/mcufinder/images/
2024-07-03 18:12:11,828 [INFO] ApiDb:250 - Set database path to: /Users/liangnie/.stmcufinder/plugins/mcufinder//mcu/
2024-07-03 18:12:11,830 [INFO] DbMcusAds:125 - Set database path to: /Users/liangnie/.stmcufinder/plugins/mcufinder//mcu/
2024-07-03 18:12:11,834 [INFO] CrossReferenceDbSqlite:203 - Set database path to: /Users/liangnie/.stmcufinder/plugins/mcufinder//mcu/cs/
2024-07-03 18:12:12,601 [INFO] RulesReader:64 - Compatibility file has been processed (297 Rules)
2024-07-03 18:12:13,089 [INFO] DbMcusXml:78 - Set database path to: /Applications/STM32CubeIDE.app/Contents/Eclipse/plugins/com.st.stm32cube.common.mx_6.11.1.202404110753//db//mcu/
2024-07-03 18:12:13,090 [INFO] ApiDb:274 - Set plugin database path to: /Applications/STM32CubeIDE.app/Contents/Eclipse/plugins/com.st.stm32cube.common.mx_6.11.1.202404110753//db//plugins/boardmanager/
2024-07-03 18:12:13,090 [INFO] ApiDb:261 - Set plugin images path to: /Applications/STM32CubeIDE.app/Contents/Eclipse/plugins/com.st.stm32cube.common.mx_6.11.1.202404110753//db//plugins/mcufinder/images/
2024-07-03 18:12:13,090 [WARN] DbFile:41 - Overriding database path with different value: /Users/liangnie/.stmcufinder/plugins/mcufinder/ => /Users/liangnie/.stmcufinder/plugins/mcufinder
2024-07-03 18:12:13,090 [INFO] ApiDb:250 - Set database path to: /Users/liangnie/.stmcufinder/plugins/mcufinder//mcu/
2024-07-03 18:12:13,090 [WARN] DbFile:41 - Overriding database path with different value: /Users/liangnie/.stmcufinder/plugins/mcufinder/ => /Users/liangnie/.stmcufinder/plugins/mcufinder
2024-07-03 18:12:13,091 [INFO] DbMcusAds:125 - Set database path to: /Users/liangnie/.stmcufinder/plugins/mcufinder//mcu/
2024-07-03 18:12:13,091 [WARN] DbFile:41 - Overriding database path with different value: /Users/liangnie/.stmcufinder/plugins/mcufinder/ => /Users/liangnie/.stmcufinder/plugins/mcufinder
2024-07-03 18:12:13,091 [WARN] DbFile:41 - Overriding database path with different value: /Users/liangnie/.stmcufinder/plugins/mcufinder/ => /Users/liangnie/.stmcufinder/plugins/mcufinder
2024-07-03 18:12:13,091 [INFO] CrossReferenceDbSqlite:203 - Set database path to: /Users/liangnie/.stmcufinder/plugins/mcufinder//mcu/cs/
2024-07-03 18:12:13,360 [INFO] MainPanel:264 - HeapMemory: 268435456
2024-07-03 18:12:13,932 [INFO] DbMcusXml:78 - Set database path to: /Applications/STM32CubeIDE.app/Contents/Eclipse/plugins/com.st.stm32cube.common.mx_6.11.1.202404110753//db//mcu/
2024-07-03 18:12:13,932 [INFO] ApiDb:274 - Set plugin database path to: /Applications/STM32CubeIDE.app/Contents/Eclipse/plugins/com.st.stm32cube.common.mx_6.11.1.202404110753//db//plugins/boardmanager/
2024-07-03 18:12:13,933 [INFO] ApiDb:261 - Set plugin images path to: /Applications/STM32CubeIDE.app/Contents/Eclipse/plugins/com.st.stm32cube.common.mx_6.11.1.202404110753//db//plugins/mcufinder/images/
2024-07-03 18:12:13,933 [WARN] DbFile:41 - Overriding database path with different value: /Users/liangnie/.stmcufinder/plugins/mcufinder/ => /Users/liangnie/.stmcufinder/plugins/mcufinder
2024-07-03 18:12:13,933 [INFO] ApiDb:250 - Set database path to: /Users/liangnie/.stmcufinder/plugins/mcufinder//mcu/
2024-07-03 18:12:13,933 [WARN] DbFile:41 - Overriding database path with different value: /Users/liangnie/.stmcufinder/plugins/mcufinder/ => /Users/liangnie/.stmcufinder/plugins/mcufinder
2024-07-03 18:12:13,934 [INFO] DbMcusAds:125 - Set database path to: /Users/liangnie/.stmcufinder/plugins/mcufinder//mcu/
2024-07-03 18:12:13,934 [WARN] DbFile:41 - Overriding database path with different value: /Users/liangnie/.stmcufinder/plugins/mcufinder/ => /Users/liangnie/.stmcufinder/plugins/mcufinder
2024-07-03 18:12:13,934 [WARN] DbFile:41 - Overriding database path with different value: /Users/liangnie/.stmcufinder/plugins/mcufinder/ => /Users/liangnie/.stmcufinder/plugins/mcufinder
2024-07-03 18:12:13,934 [INFO] CrossReferenceDbSqlite:203 - Set database path to: /Users/liangnie/.stmcufinder/plugins/mcufinder//mcu/cs/
2024-07-03 18:12:13,957 [INFO] ApplicationProperties:184 - Using Application install path: /Applications/STM32CubeIDE.app/Contents/Eclipse/plugins/com.st.stm32cube.common.mx_6.11.1.202404110753
2024-07-03 18:12:13,960 [INFO] PluginManage:196 - Search for loadable plugins [exclusion list=, ]
2024-07-03 18:12:13,962 [INFO] PluginManage:310 - Check plugin analytics
2024-07-03 18:12:15,011 [INFO] AnalyticsPlugin:253 - Accepted Software Licenses: 
2024-07-03 18:12:15,011 [INFO] AnalyticsPlugin:255 - Accepted CMSIS Pack Licenses: 
2024-07-03 18:12:15,013 [INFO] AnalyticsPlugin:257 - Accepted Firmware Licenses: 
2024-07-03 18:12:15,020 [INFO] PluginManage:359 - Loaded plugin analytics (category:tool,tabindex:-1)
2024-07-03 18:12:15,021 [INFO] PluginManage:310 - Check plugin cadmodel
2024-07-03 18:12:17,622 [INFO] CADModel:105 - Init CAD model plugin
2024-07-03 18:12:17,622 [INFO] PluginManage:359 - Loaded plugin cadmodel (category:power,tabindex:5)
2024-07-03 18:12:17,623 [INFO] PluginManage:310 - Check plugin clock
2024-07-03 18:12:17,639 [INFO] PluginManage:359 - Loaded plugin clock (category:base,tabindex:2)
2024-07-03 18:12:17,639 [INFO] PluginManage:310 - Check plugin ddr
2024-07-03 18:12:17,771 [INFO] PluginManage:359 - Loaded plugin ddr (category:tool,tabindex:6)
2024-07-03 18:12:17,772 [INFO] PluginManage:310 - Check plugin filemanager
2024-07-03 18:12:18,459 [INFO] PluginManage:359 - Loaded plugin filemanager (category:base,tabindex:10)
2024-07-03 18:12:18,459 [INFO] PluginManage:310 - Check plugin ipmanager
2024-07-03 18:12:18,472 [INFO] PluginManage:359 - Loaded plugin ipmanager (category:base,tabindex:5)
2024-07-03 18:12:18,472 [INFO] PluginManage:310 - Check plugin lpbam
2024-07-03 18:12:18,488 [INFO] PluginManage:359 - Loaded plugin lpbam (category:base,tabindex:0)
2024-07-03 18:12:18,488 [INFO] PluginManage:310 - Check plugin memorymap
2024-07-03 18:12:18,514 [INFO] PluginManage:359 - Loaded plugin memorymap (category:base,tabindex:4)
2024-07-03 18:12:18,514 [INFO] PluginManage:310 - Check plugin pinoutandconfiguration
2024-07-03 18:12:18,765 [INFO] PluginManage:359 - Loaded plugin pinoutandconfiguration (category:base,tabindex:1)
2024-07-03 18:12:18,766 [INFO] PluginManage:310 - Check plugin pinoutconfig
2024-07-03 18:12:19,122 [WARN] SupportedApi:132 - Cannot load RTOS API schema: s4s-elt-must-match.1: The content of 'definitions' must match (annotation?, (simpleType | complexType)?, (unique | key | keyref)*)). A problem was found starting at: attribute.
2024-07-03 18:12:19,882 [INFO] PluginManage:359 - Loaded plugin pinoutconfig (category:base,tabindex:0)
2024-07-03 18:12:19,882 [INFO] PluginManage:310 - Check plugin power
2024-07-03 18:12:19,987 [INFO] PluginManage:359 - Loaded plugin power (category:power,tabindex:4)
2024-07-03 18:12:19,988 [INFO] PluginManage:310 - Check plugin projectmanager
2024-07-03 18:12:20,014 [INFO] PluginManage:359 - Loaded plugin projectmanager (category:projectmanager,tabindex:3)
2024-07-03 18:12:20,015 [INFO] PluginManage:310 - Check plugin thirdparty
2024-07-03 18:12:20,477 [WARN] IntegrityCheckThread:84 - waiting for thirdparty lock release [integrity check]
2024-07-03 18:12:20,478 [INFO] IntegrityCheckThread:86 - entering critical section [integrity check]
2024-07-03 18:12:20,479 [INFO] ThirdPartyUpdaterWithRetryManager:70 - Updater plugin not ready yet. [1/15]
2024-07-03 18:12:20,479 [INFO] PluginManage:359 - Loaded plugin thirdparty (category:base,tabindex:-1)
2024-07-03 18:12:20,479 [INFO] PluginManage:310 - Check plugin tools
2024-07-03 18:12:20,483 [INFO] PluginManage:359 - Loaded plugin tools (category:base,tabindex:7)
2024-07-03 18:12:20,483 [INFO] PluginManage:310 - Check plugin tutovideos
2024-07-03 18:12:21,691 [INFO] PluginManage:359 - Loaded plugin tutovideos (category:base,tabindex:-1)
2024-07-03 18:12:21,692 [INFO] PluginManage:310 - Check plugin updater
2024-07-03 18:12:21,721 [INFO] PluginManage:359 - Loaded plugin updater (category:base,tabindex:12)
2024-07-03 18:12:21,721 [INFO] PluginManage:310 - Check plugin userauth
2024-07-03 18:12:21,740 [INFO] UserAuth:114 - Init User Auth plugin
2024-07-03 18:12:21,740 [INFO] PluginManage:359 - Loaded plugin userauth (category:base,tabindex:14)
2024-07-03 18:12:21,741 [INFO] PluginManage:283 - PluginManage : Loaded plugins [17]
2024-07-03 18:12:22,634 [INFO] PinOutPanel:1561 - setPackage(No Configuration,No Configuration)
2024-07-03 18:12:23,046 [INFO] CADModel:165 - CPN selected for project level
2024-07-03 18:12:23,048 [INFO] CADModel:114 - Register for checkConnection events
2024-07-03 18:12:23,066 [INFO] IPUIPlugin:80 - create IPUIPlugin
2024-07-03 18:12:23,069 [INFO] PluginManager:220 - loadIPPluginJar : add mdma
2024-07-03 18:12:23,094 [INFO] IPUIPlugin:80 - create IPUIPlugin
2024-07-03 18:12:23,094 [INFO] PluginManager:220 - loadIPPluginJar : add freertos
2024-07-03 18:12:23,111 [INFO] IPUIPlugin:80 - create IPUIPlugin
2024-07-03 18:12:23,112 [INFO] PluginManager:220 - loadIPPluginJar : add gic
2024-07-03 18:12:23,127 [INFO] IPUIPlugin:80 - create IPUIPlugin
2024-07-03 18:12:23,127 [INFO] PluginManager:220 - loadIPPluginJar : add adc
2024-07-03 18:12:23,135 [INFO] IPUIPlugin:80 - create IPUIPlugin
2024-07-03 18:12:23,136 [INFO] PluginManager:220 - loadIPPluginJar : add gtzc
2024-07-03 18:12:23,137 [INFO] IPUIPlugin:80 - create IPUIPlugin
2024-07-03 18:12:23,138 [INFO] PluginManager:220 - loadIPPluginJar : add quadspi
2024-07-03 18:12:23,142 [INFO] IPUIPlugin:80 - create IPUIPlugin
2024-07-03 18:12:23,143 [INFO] PluginManager:220 - loadIPPluginJar : add aes
2024-07-03 18:12:23,343 [INFO] IPUIPlugin:80 - create IPUIPlugin
2024-07-03 18:12:23,343 [INFO] PluginManager:220 - loadIPPluginJar : add pdm2pcm
2024-07-03 18:12:23,398 [INFO] IPUIPlugin:80 - create IPUIPlugin
2024-07-03 18:12:23,399 [INFO] PluginManager:220 - loadIPPluginJar : add hash
2024-07-03 18:12:23,403 [INFO] IPUIPlugin:80 - create IPUIPlugin
2024-07-03 18:12:23,404 [INFO] PluginManager:220 - loadIPPluginJar : add tim
2024-07-03 18:12:23,407 [INFO] IPUIPlugin:80 - create IPUIPlugin
2024-07-03 18:12:23,408 [INFO] PluginManager:220 - loadIPPluginJar : add tsc
2024-07-03 18:12:23,412 [INFO] IPUIPlugin:80 - create IPUIPlugin
2024-07-03 18:12:23,412 [INFO] PluginManager:220 - loadIPPluginJar : add extmemmanager
2024-07-03 18:12:23,417 [INFO] IPUIPlugin:80 - create IPUIPlugin
2024-07-03 18:12:23,417 [INFO] PluginManager:220 - loadIPPluginJar : add ts
2024-07-03 18:12:23,422 [INFO] IPUIPlugin:80 - create IPUIPlugin
2024-07-03 18:12:23,422 [INFO] PluginManager:220 - loadIPPluginJar : add can
2024-07-03 18:12:23,426 [INFO] IPUIPlugin:80 - create IPUIPlugin
2024-07-03 18:12:23,426 [INFO] PluginManager:220 - loadIPPluginJar : add dma3
2024-07-03 18:12:23,431 [INFO] IPUIPlugin:80 - create IPUIPlugin
2024-07-03 18:12:23,431 [INFO] PluginManager:220 - loadIPPluginJar : add dfsdm
2024-07-03 18:12:23,435 [INFO] IPUIPlugin:80 - create IPUIPlugin
2024-07-03 18:12:23,435 [INFO] PluginManager:220 - loadIPPluginJar : add spi
2024-07-03 18:12:23,439 [INFO] IPUIPlugin:80 - create IPUIPlugin
2024-07-03 18:12:23,439 [INFO] PluginManager:220 - loadIPPluginJar : add gfxmmu
2024-07-03 18:12:23,443 [INFO] IPUIPlugin:80 - create IPUIPlugin
2024-07-03 18:12:23,444 [INFO] PluginManager:220 - loadIPPluginJar : add genericplugin
2024-07-03 18:12:23,452 [INFO] IPUIPlugin:80 - create IPUIPlugin
2024-07-03 18:12:23,453 [INFO] PluginManager:220 - loadIPPluginJar : add cryp
2024-07-03 18:12:23,468 [INFO] IPUIPlugin:80 - create IPUIPlugin
2024-07-03 18:12:23,471 [INFO] PluginManager:220 - loadIPPluginJar : add gpio
2024-07-03 18:12:23,476 [INFO] IPUIPlugin:80 - create IPUIPlugin
2024-07-03 18:12:23,476 [INFO] PluginManager:220 - loadIPPluginJar : add comp
2024-07-03 18:12:23,479 [INFO] ThirdPartyUpdaterWithRetryManager:70 - Updater plugin not ready yet. [2/15]
2024-07-03 18:12:23,485 [INFO] IPUIPlugin:80 - create IPUIPlugin
2024-07-03 18:12:23,485 [INFO] PluginManager:220 - loadIPPluginJar : add tracer_emb
2024-07-03 18:12:23,510 [INFO] IPUIPlugin:80 - create IPUIPlugin
2024-07-03 18:12:23,511 [INFO] PluginManager:220 - loadIPPluginJar : add openamp
2024-07-03 18:12:23,608 [INFO] IPUIPlugin:80 - create IPUIPlugin
2024-07-03 18:12:23,609 [INFO] PluginManager:220 - loadIPPluginJar : add stm32_wpan
2024-07-03 18:12:23,625 [INFO] IPUIPlugin:80 - create IPUIPlugin
2024-07-03 18:12:23,628 [INFO] PluginManager:220 - loadIPPluginJar : add plateformsettings
2024-07-03 18:12:23,651 [INFO] IPUIPlugin:80 - create IPUIPlugin
2024-07-03 18:12:23,651 [INFO] PluginManager:220 - loadIPPluginJar : add ipddr
2024-07-03 18:12:23,655 [INFO] IPUIPlugin:80 - create IPUIPlugin
2024-07-03 18:12:23,655 [INFO] PluginManager:220 - loadIPPluginJar : add usart
2024-07-03 18:12:23,657 [INFO] IPUIPlugin:80 - create IPUIPlugin
2024-07-03 18:12:23,658 [INFO] PluginManager:220 - loadIPPluginJar : add ltdc
2024-07-03 18:12:23,665 [INFO] IPUIPlugin:80 - create IPUIPlugin
2024-07-03 18:12:23,666 [INFO] PluginManager:220 - loadIPPluginJar : add nvic
2024-07-03 18:12:23,667 [INFO] IPUIPlugin:80 - create IPUIPlugin
2024-07-03 18:12:23,667 [INFO] PluginManager:220 - loadIPPluginJar : add fatfs
2024-07-03 18:12:23,677 [INFO] IPUIPlugin:80 - create IPUIPlugin
2024-07-03 18:12:23,678 [INFO] PluginManager:220 - loadIPPluginJar : add linkedlist
2024-07-03 18:12:23,686 [INFO] IPUIPlugin:80 - create IPUIPlugin
2024-07-03 18:12:23,687 [INFO] PluginManager:220 - loadIPPluginJar : add dma
2024-07-03 18:12:23,693 [INFO] IPUIPlugin:80 - create IPUIPlugin
2024-07-03 18:12:23,693 [INFO] PluginManager:220 - loadIPPluginJar : add fmc
2024-07-03 18:12:23,697 [INFO] IPUIPlugin:80 - create IPUIPlugin
2024-07-03 18:12:23,697 [INFO] PluginManager:220 - loadIPPluginJar : add i2s
2024-07-03 18:12:23,700 [INFO] IPUIPlugin:80 - create IPUIPlugin
2024-07-03 18:12:23,700 [INFO] PluginManager:220 - loadIPPluginJar : add ucpd
2024-07-03 18:12:23,703 [INFO] IPUIPlugin:80 - create IPUIPlugin
2024-07-03 18:12:23,703 [INFO] PluginManager:220 - loadIPPluginJar : add lorawan
2024-07-03 18:12:23,707 [INFO] IPUIPlugin:80 - create IPUIPlugin
2024-07-03 18:12:23,707 [INFO] PluginManager:220 - loadIPPluginJar : add opamp
2024-07-03 18:12:23,710 [INFO] IPUIPlugin:80 - create IPUIPlugin
2024-07-03 18:12:23,710 [INFO] PluginManager:220 - loadIPPluginJar : add i3c
2024-07-03 18:12:23,716 [INFO] IPUIPlugin:80 - create IPUIPlugin
2024-07-03 18:12:23,717 [INFO] PluginManager:220 - loadIPPluginJar : add touchsensing
2024-07-03 18:12:23,721 [INFO] IPUIPlugin:80 - create IPUIPlugin
2024-07-03 18:12:23,722 [INFO] PluginManager:220 - loadIPPluginJar : add i2c
2024-07-03 18:12:23,727 [INFO] IPUIPlugin:80 - create IPUIPlugin
2024-07-03 18:12:23,734 [INFO] PluginManager:220 - loadIPPluginJar : add resmgrutility
2024-07-03 18:12:23,738 [INFO] IPUIPlugin:80 - create IPUIPlugin
2024-07-03 18:12:23,739 [INFO] PluginManager:220 - loadIPPluginJar : add sai
2024-07-03 18:12:23,744 [INFO] IPUIPlugin:80 - create IPUIPlugin
2024-07-03 18:12:23,744 [INFO] PluginManager:220 - loadIPPluginJar : add usbx
2024-07-03 18:12:24,159 [INFO] CADModel:165 - CPN selected for project level
2024-07-03 18:12:24,159 [INFO] CADModel:114 - Register for checkConnection events
2024-07-03 18:12:24,159 [FATAL] Updater:308 - Updater called before beeing initialized
2024-07-03 18:12:24,160 [ERROR] CADModel:125 - Updater not yet initialized, retry later 
2024-07-03 18:12:25,037 [INFO] CADModel:165 - CPN selected for project level
2024-07-03 18:12:25,038 [INFO] CADModel:114 - Register for checkConnection events
2024-07-03 18:12:25,038 [FATAL] Updater:308 - Updater called before beeing initialized
2024-07-03 18:12:25,038 [ERROR] CADModel:125 - Updater not yet initialized, retry later 
2024-07-03 18:12:25,052 [FATAL] Updater:308 - Updater called before beeing initialized
2024-07-03 18:12:25,532 [FATAL] Updater:308 - Updater called before beeing initialized
2024-07-03 18:12:25,544 [INFO] DbMcusAds:53 - JSON generation date=Thu May 16 02:22:00 PDT 2024 (1715851320852)
2024-07-03 18:12:25,545 [FATAL] Updater:308 - Updater called before beeing initialized
2024-07-03 18:12:25,819 [WARN] DetailPanel:346 - Failed to get advertising image, set to default
2024-07-03 18:12:26,482 [INFO] ThirdPartyUpdaterWithRetryManager:70 - Updater plugin not ready yet. [3/15]
2024-07-03 18:12:26,536 [FATAL] Updater:308 - Updater called before beeing initialized
2024-07-03 18:12:26,539 [FATAL] Updater:308 - Updater called before beeing initialized
2024-07-03 18:12:26,540 [FATAL] Updater:308 - Updater called before beeing initialized
2024-07-03 18:12:26,540 [WARN] DetailPanel:346 - Failed to get advertising image, set to default
2024-07-03 18:12:26,541 [FATAL] Updater:308 - Updater called before beeing initialized
2024-07-03 18:12:26,604 [ERROR] Updater:1120 - MainUpdater not yet initialized. External WinMGr cannot be set.
2024-07-03 18:12:26,609 [INFO] Updater:1056 - Updater Version found : 6.11.1
2024-07-03 18:12:26,777 [INFO] ApplicationProperties:184 - Using Application install path: /Applications/STM32CubeIDE.app/Contents/Eclipse/plugins/com.st.stm32cube.common.mx_6.11.1.202404110753
2024-07-03 18:12:28,454 [INFO] MainUpdater:2873 - connection check result : 10
2024-07-03 18:12:28,456 [INFO] MainUpdater:290 - Updater Check For Update Now.
2024-07-03 18:12:28,458 [INFO] MicroXplorer:498 - Change Database Version : DB.6.0.111
2024-07-03 18:12:28,468 [INFO] McuFinderGlobals:63 - Set McuFinder mode to 2 (CubeIDE integrated)
2024-07-03 18:12:28,469 [INFO] UserAuth:179 - activating auth plugin
2024-07-03 18:12:28,483 [INFO] UserAuth:415 - Internet connection configuration mode: 1
2024-07-03 18:12:28,512 [INFO] JxBrowserEngine:152 - Initiate JxBrowser Engine with user profile folder
2024-07-03 18:12:28,773 [INFO] CheckServerUpdateThread:120 - End of CheckServer Thread
2024-07-03 18:12:30,021 [WARN] PackLoader:240 - Cannot read IP mode file for STMicroelectronics.FP-SNS-MOTENVWB1.1.4.0
2024-07-03 18:12:30,191 [WARN] PackLoader:240 - Cannot read IP mode file for STMicroelectronics.X-CUBE-SMBUS.2.1.0
2024-07-03 18:12:30,202 [WARN] PackLoader:240 - Cannot read IP mode file for STMicroelectronics.X-CUBE-TOUCHGFX.4.23.1
2024-07-03 18:12:30,225 [WARN] PackLoader:240 - Cannot read IP mode file for STMicroelectronics.X-CUBE-TOUCHGFX.4.23.0
2024-07-03 18:12:30,240 [WARN] PackLoader:240 - Cannot read IP mode file for STMicroelectronics.X-CUBE-TOUCHGFX.4.23.2
2024-07-03 18:12:30,699 [WARN] PackLoader:240 - Cannot read IP mode file for STMicroelectronics.X-CUBE-AZRTOS-F7.1.1.0
2024-07-03 18:12:30,815 [WARN] PackLoader:240 - Cannot read IP mode file for STMicroelectronics.FP-SNS-MOTENV1.4.3.2
2024-07-03 18:12:30,828 [WARN] PackLoader:240 - Cannot read IP mode file for STMicroelectronics.FP-SNS-FLIGHT1.5.0.2
2024-07-03 18:12:30,848 [WARN] PackLoader:240 - Cannot read IP mode file for STMicroelectronics.X-CUBE-DISPLAY.3.0.0
2024-07-03 18:12:30,876 [WARN] PackLoader:240 - Cannot read IP mode file for STMicroelectronics.X-CUBE-BLE1.7.0.0
2024-07-03 18:12:30,892 [WARN] PackLoader:240 - Cannot read IP mode file for emotas.I-CUBE-CANOPEN.1.3.0
2024-07-03 18:12:31,087 [WARN] PackLoader:240 - Cannot read IP mode file for STMicroelectronics.X-CUBE-BLEMGR.3.1.0
2024-07-03 18:12:31,159 [WARN] PackLoader:240 - Cannot read IP mode file for STMicroelectronics.FP-SNS-SMARTAG2.1.2.0
2024-07-03 18:12:31,274 [INFO] LogOutputStream:77 - [STDOUT_REDIRECT] 1 : Invalid condition id : UX_CORESTACK_Condition cause : null
2024-07-03 18:12:31,276 [INFO] LogOutputStream:77 - [STDOUT_REDIRECT] 1 : Invalid condition id : UX_CORESTACK_Condition cause : null
2024-07-03 18:12:31,276 [INFO] LogOutputStream:77 - [STDOUT_REDIRECT] 1 : Invalid condition id : UX_CORESTACK_Condition cause : null
2024-07-03 18:12:31,276 [INFO] LogOutputStream:77 - [STDOUT_REDIRECT] 1 : Invalid condition id : UX_CORESTACK_Condition cause : null
2024-07-03 18:12:31,277 [INFO] LogOutputStream:77 - [STDOUT_REDIRECT] 1 : Invalid condition id : UX_CORESTACK_Condition cause : null
2024-07-03 18:12:31,289 [WARN] PackLoader:240 - Cannot read IP mode file for STMicroelectronics.X-CUBE-AZRTOS-WL.2.0.0
2024-07-03 18:12:31,302 [WARN] PackLoader:240 - Cannot read IP mode file for STMicroelectronics.FP-SNS-MOTENV1.5.0.0
2024-07-03 18:12:31,315 [WARN] PackLoader:240 - Cannot read IP mode file for wolfSSL.I-CUBE-wolfMQTT.1.19.0
2024-07-03 18:12:31,331 [WARN] PackLoader:240 - Cannot read IP mode file for WES.I-CUBE-Cesium.1.3.0
2024-07-03 18:12:31,334 [INFO] WebApp:161 - Instantiating new browser for Auth
2024-07-03 18:12:31,341 [WARN] PackLoader:240 - Cannot read IP mode file for STMicroelectronics.X-CUBE-BLE2.3.3.0
2024-07-03 18:12:31,390 [WARN] PackLoader:240 - Cannot read IP mode file for STMicroelectronics.X-CUBE-TCPP.4.1.0
2024-07-03 18:12:31,509 [WARN] PackLoader:240 - Cannot read IP mode file for STMicroelectronics.X-CUBE-ALGOBUILD.1.3.0
2024-07-03 18:12:31,601 [WARN] PackLoader:240 - Cannot read IP mode file for STMicroelectronics.X-CUBE-AZRTOS-G0.1.1.0
2024-07-03 18:12:31,627 [WARN] PackLoader:240 - Cannot read IP mode file for STMicroelectronics.X-CUBE-SAFEA1.1.2.2
2024-07-03 18:12:31,645 [WARN] PackLoader:240 - Cannot read IP mode file for STMicroelectronics.X-CUBE-NFC4.3.0.0
2024-07-03 18:12:31,927 [WARN] PackLoader:240 - Cannot read IP mode file for wolfSSL.I-CUBE-wolfMQTT.1.18.0
2024-07-03 18:12:31,969 [WARN] PackLoader:240 - Cannot read IP mode file for STMicroelectronics.X-CUBE-BLEMGR.3.0.0
2024-07-03 18:12:32,019 [WARN] PackLoader:240 - Cannot read IP mode file for STMicroelectronics.FP-ATR-SIGFOX1.3.2.0
2024-07-03 18:12:32,035 [WARN] PackLoader:240 - Cannot read IP mode file for STMicroelectronics.X-CUBE-EEPRMA1.5.1.0
2024-07-03 18:12:32,169 [WARN] PackLoader:240 - Cannot read IP mode file for SEGGER.I-CUBE-embOS.1.3.1
2024-07-03 18:12:32,396 [WARN] PackLoader:240 - Cannot read IP mode file for STMicroelectronics.X-CUBE-ALGOBUILD.1.4.0
2024-07-03 18:12:32,416 [WARN] PackLoader:240 - Cannot read IP mode file for STMicroelectronics.X-CUBE-GNSS1.6.0.0
2024-07-03 18:12:32,689 [WARN] PackLoader:240 - Cannot read IP mode file for STMicroelectronics.X-CUBE-AZRTOS-F4.1.1.0
2024-07-03 18:12:32,808 [WARN] PackLoader:240 - Cannot read IP mode file for STMicroelectronics.X-CUBE-FREERTOS.1.2.0
2024-07-03 18:12:32,836 [WARN] PackLoader:240 - Cannot read IP mode file for wolfSSL.I-CUBE-wolfSSL.5.6.6
2024-07-03 18:12:32,994 [WARN] PackLoader:240 - Cannot read IP mode file for STMicroelectronics.X-CUBE-AZRTOS-L5.2.0.0
2024-07-03 18:12:33,049 [WARN] PackLoader:240 - Cannot read IP mode file for STMicroelectronics.X-CUBE-NFC6.3.1.0
2024-07-03 18:12:33,090 [WARN] PackLoader:240 - Cannot read IP mode file for ITTIA_DB.I-CUBE-ITTIADB.8.8.0
2024-07-03 18:12:33,101 [WARN] PackLoader:240 - Cannot read IP mode file for STMicroelectronics.X-CUBE-DPower.1.2.0
2024-07-03 18:12:33,110 [WARN] PackLoader:240 - Cannot read IP mode file for STMicroelectronics.X-CUBE-AI.9.0.0
2024-07-03 18:12:33,125 [WARN] PackLoader:240 - Cannot read IP mode file for STMicroelectronics.X-CUBE-NFC7.1.0.1
2024-07-03 18:12:33,151 [WARN] PackLoader:240 - Cannot read IP mode file for STMicroelectronics.X-CUBE-NFC6.3.0.0
2024-07-03 18:12:33,162 [WARN] PackLoader:240 - Cannot read IP mode file for STMicroelectronics.X-CUBE-AI.8.1.0
2024-07-03 18:12:33,208 [WARN] ConditionMgr:438 - getConditionDescription Invalid condition id : LAN8742 Phy interface Condition cause : null
2024-07-03 18:12:33,210 [WARN] PackLoader:240 - Cannot read IP mode file for STMicroelectronics.X-CUBE-AZRTOS-L4.2.0.0
2024-07-03 18:12:33,213 [WARN] ConditionMgr:1039 - genDependencies : Invalid condition id : LAN8742 Phy interface Condition cause : null
2024-07-03 18:12:33,214 [WARN] ConditionMgr:1039 - genDependencies : Invalid condition id : LAN8742 Phy interface Condition cause : null
2024-07-03 18:12:33,216 [WARN] ConditionMgr:1039 - genDependencies : Invalid condition id : LAN8742 Phy interface Condition cause : null
2024-07-03 18:12:33,231 [WARN] PackLoader:240 - Cannot read IP mode file for STMicroelectronics.X-CUBE-SFXS2LP1.4.0.0
2024-07-03 18:12:33,263 [WARN] ConditionMgr:438 - getConditionDescription Invalid condition id : UX DEVICE CLASS RTOS Condition cause : null
2024-07-03 18:12:33,264 [WARN] ConditionMgr:438 - getConditionDescription Invalid condition id : UX DEVICE CLASS RTOS Condition cause : null
2024-07-03 18:12:33,270 [WARN] PackLoader:240 - Cannot read IP mode file for STMicroelectronics.X-CUBE-AZRTOS-WB.2.0.0
2024-07-03 18:12:33,272 [WARN] ConditionMgr:1039 - genDependencies : Invalid condition id : UX DEVICE CLASS RTOS Condition cause : null
2024-07-03 18:12:33,272 [WARN] ConditionMgr:1039 - genDependencies : Invalid condition id : UX DEVICE CLASS RTOS Condition cause : null
2024-07-03 18:12:33,273 [WARN] ConditionMgr:1039 - genDependencies : Invalid condition id : UX DEVICE CLASS RTOS Condition cause : null
2024-07-03 18:12:33,274 [WARN] ConditionMgr:1039 - genDependencies : Invalid condition id : UX DEVICE CLASS RTOS Condition cause : null
2024-07-03 18:12:33,275 [WARN] ConditionMgr:1039 - genDependencies : Invalid condition id : UX DEVICE CLASS RTOS Condition cause : null
2024-07-03 18:12:33,344 [INFO] WebApp:779 - Register for checkConnection events
2024-07-03 18:12:33,344 [INFO] WebApp:414 - Apply proxy settings
2024-07-03 18:12:33,350 [INFO] WebApp:459 - Chromium authenticates against Manually configured proxy
2024-07-03 18:12:33,352 [WARN] PackLoader:240 - Cannot read IP mode file for STMicroelectronics.X-CUBE-SUBG2.5.0.0
2024-07-03 18:12:33,359 [INFO] WebApp:467 - Username used for proxy authentication: 
2024-07-03 18:12:33,459 [WARN] PackLoader:240 - Cannot read IP mode file for STMicroelectronics.X-CUBE-AZRTOS-G4.2.0.0
2024-07-03 18:12:33,688 [WARN] PackLoader:240 - Cannot read IP mode file for Infineon.AIROC-Wi-Fi-Bluetooth-STM32.1.5.1
2024-07-03 18:12:33,704 [WARN] PackLoader:240 - Cannot read IP mode file for STMicroelectronics.FP-SNS-MOTENVWB1.1.3.1
2024-07-03 18:12:33,722 [WARN] PackLoader:240 - Cannot read IP mode file for STMicroelectronics.X-CUBE-ISPU.2.0.0
2024-07-03 18:12:33,735 [WARN] PackLoader:240 - Cannot read IP mode file for STMicroelectronics.X-CUBE-ALS.1.0.2
2024-07-03 18:12:33,962 [WARN] PackLoader:240 - Cannot read IP mode file for STMicroelectronics.X-CUBE-MEMS1.10.0.0
2024-07-03 18:12:34,164 [INFO] WebApp:192 - Starting web application
2024-07-03 18:12:34,165 [INFO] WebApp:544 - Web application path used /Applications/STM32CubeIDE.app/Contents/Eclipse/plugins/com.st.stm32cube.common.mx_6.11.1.202404110753/db/plugins/mcufinder/reactClient1/index.html
2024-07-03 18:12:34,862 [WARN] PackLoader:240 - Cannot read IP mode file for STMicroelectronics.X-CUBE-FREERTOS.1.1.0
2024-07-03 18:12:34,867 [WARN] PackLoader:240 - Cannot read IP mode file for STMicroelectronics.X-CUBE-TOUCHGFX.4.24.0
2024-07-03 18:12:34,879 [WARN] PackLoader:240 - Cannot read IP mode file for portGmbH.I-Cube-SoM-uGOAL.1.1.0
2024-07-03 18:12:34,887 [WARN] PackLoader:240 - Cannot read IP mode file for STMicroelectronics.X-CUBE-ALS.1.0.1
2024-07-03 18:12:35,004 [WARN] PackLoader:240 - Cannot read IP mode file for STMicroelectronics.X-CUBE-AZRTOS-H7RS.1.0.0
2024-07-03 18:12:35,035 [WARN] PackLoader:240 - Cannot read IP mode file for STMicroelectronics.FP-ATR-ASTRA1.2.0.0
2024-07-03 18:12:35,052 [WARN] PackLoader:240 - Cannot read IP mode file for STMicroelectronics.X-CUBE-TOF1.3.4.0
2024-07-03 18:12:35,115 [WARN] PackLoader:240 - Cannot read IP mode file for STMicroelectronics.X-CUBE-TOF1.3.4.1
2024-07-03 18:12:35,293 [WARN] PackLoader:240 - Cannot read IP mode file for STMicroelectronics.X-CUBE-AZRTOS-H7.3.2.0
2024-07-03 18:12:35,300 [INFO] ThirdParty:978 - Integrity check success = true
2024-07-03 18:12:35,300 [INFO] IntegrityCheckThread:100 - exiting critical section [integrity check]
2024-07-03 18:12:35,301 [INFO] IntegrityCheckThread:103 - End integrity checks thread
