2024-11-09 15:04:40,967 [INFO] McuFinderGlobals:76 - Set McuFinderConnectedMode to true
2024-11-09 15:04:56,472 [INFO] ApiDb:448 - Save user favorites file /Users/liangnie/.stm32cubeide/favorites.mcus.txt: 0 item(s)
2024-11-09 15:04:56,473 [INFO] ApiDb:452 - User favorites MCUs=[]
2024-11-09 15:05:56,593 [INFO] MainUpdater:2873 - connection check result : 10
2024-11-09 15:05:56,598 [INFO] McuFinderGlobals:76 - Set McuFinderConnectedMode to true
2024-11-09 15:05:56,833 [INFO] ServerAccessManage:473 - Download File mcusAds.json._tmp_
2024-11-09 15:05:56,946 [INFO] LoadUrlFilesThread:156 - End of LoadUrlFiles Thread
2024-11-09 15:05:57,209 [INFO] ServerAccessManage:473 - Download File cube-finder-db.zip
2024-11-09 15:06:00,882 [INFO] FileExtend:240 - Unzip File : cube-finder-db.zip
2024-11-09 15:06:00,882 [INFO] FileExtend:255 - Standard Zip Deflate
2024-11-09 15:06:02,411 [INFO] LoadUrlFilesThread:156 - End of LoadUrlFiles Thread
2024-11-09 15:06:03,463 [INFO] ServerAccessManage:473 - Download File crdb.zip
2024-11-09 15:06:09,109 [INFO] FileExtend:240 - Unzip File : crdb.zip
2024-11-09 15:06:09,109 [INFO] FileExtend:255 - Standard Zip Deflate
2024-11-09 15:06:09,243 [INFO] LoadUrlFilesThread:156 - End of LoadUrlFiles Thread
2024-11-09 15:06:09,450 [INFO] ServerAccessManage:473 - Download File tutoVideoDB.zip
2024-11-09 15:06:09,496 [INFO] FileExtend:240 - Unzip File : tutoVideoDB.zip
2024-11-09 15:06:09,496 [INFO] FileExtend:255 - Standard Zip Deflate
2024-11-09 15:06:09,604 [INFO] LoadUrlFilesThread:156 - End of LoadUrlFiles Thread
2024-11-09 15:06:09,607 [WARN] DbFile:41 - Overriding database path with different value: /Users/liangnie/.stmcufinder/plugins/mcufinder/ => /Users/liangnie/.stmcufinder/plugins/mcufinder
2024-11-09 15:06:09,753 [INFO] ServerAccessManage:473 - Download File api_config.json
2024-11-09 15:06:09,880 [INFO] LoadUrlFilesThread:156 - End of LoadUrlFiles Thread
2024-11-09 15:06:09,893 [INFO] DbMcusAds:53 - JSON generation date=Fri Sep 20 06:04:38 PDT 2024 (1726837478367)
2024-11-09 15:06:09,897 [INFO] ApiDb:448 - Save user favorites file /Users/liangnie/.stm32cubeide/favorites.mcus.txt: 0 item(s)
2024-11-09 15:06:09,897 [INFO] ApiDb:452 - User favorites MCUs=[]
2024-11-09 15:06:09,935 [INFO] ApiDb:581 - Connected to CubeFinder SQLite database (/Users/liangnie/.stmcufinder/plugins/mcufinder/mcu/cube-finder-db.db)
2024-11-09 15:06:10,034 [INFO] ApiDb:668 - CubeFinder database Data Model version=2.1
2024-11-09 15:06:10,034 [INFO] ApiDb:669 - CubeFinder database Configuration version=3.0.39
2024-11-09 15:06:10,034 [INFO] ApiDb:670 - CubeFinder database generation date=2024-10-15 (1729006872)
2024-11-09 15:06:10,035 [INFO] ApiDb:671 - CubeFinder database FW Pack versions=[FP-ATR-ASTRA1_V2.0.0, FP-SNS-FLIGHT1_V5.0.2, FP-SNS-MOTENV1_V5.0.0, FP-SNS-MOTENVWB1_V1.4.0, FP-SNS-SMARTAG2_V1.2.0, FP-SNS-STBOX1_V2.0.0, STM32Cube_FW_C0_V1.2.0, STM32Cube_FW_F4_V1.28.1, STM32Cube_FW_F7_V1.17.2, STM32Cube_FW_G0_V1.6.2, STM32Cube_FW_G4_V1.6.0, STM32Cube_FW_H5_V1.3.0, STM32Cube_FW_H7RS_V1.1.0, STM32Cube_FW_H7_V1.11.2, STM32Cube_FW_L0_V1.12.2, STM32Cube_FW_L5_V1.5.1, STM32Cube_FW_U0_V1.1.0, STM32Cube_FW_U5_V1.6.0, STM32Cube_FW_WB0_V1.0.0, STM32Cube_FW_WBA_V1.4.1, STM32Cube_FW_WB_V1.20.0, STM32Cube_FW_WL_V1.3.0, X-CUBE-ALGOBUILD_V1.4.0, X-CUBE-ALS_V1.0.2, X-CUBE-AZRTOS-F4_V1.1.0, X-CUBE-AZRTOS-F7_V1.1.0, X-CUBE-AZRTOS-G0_V1.1.0, X-CUBE-AZRTOS-G4_V2.0.0, X-CUBE-AZRTOS-H7RS_V1.0.0, X-CUBE-AZRTOS-H7_V3.3.0, X-CUBE-AZRTOS-L4_V2.0.0, X-CUBE-AZRTOS-L5_V2.0.0, X-CUBE-AZRTOS-WB_V2.0.0, X-CUBE-AZRTOS-WL_V2.0.0, X-CUBE-BLE1_V7.0.0, X-CUBE-BLE2_V3.3.0, X-CUBE-BLEMGR_V3.1.0, X-CUBE-EEPRMA1_V5.1.0, X-CUBE-FREERTOS_V1.2.0, X-CUBE-GNSS1_V6.0.0, X-CUBE-MEMS1_V11.0.0, X-CUBE-NFC4_V3.0.0, X-CUBE-NFC7_V1.0.1, X-CUBE-SFXS2LP1_V4.0.0, X-CUBE-SUBG2_V5.0.0, X-CUBE-TOF1_V3.4.2]
2024-11-09 15:06:13,978 [INFO] ApiDb:240 - Found 646 in-development CPN: [B-G473E-ZEST1S, B-WB1M-WPAN1, B-WL5M-SUBG1, NUCLEO-C031C6, NUCLEO-C071RB, NUCLEO-H503RB, NUCLEO-H533RE, NUCLEO-H563ZI, NUCLEO-H7S3L8, NUCLEO-U031R8, NUCLEO-U083RC, NUCLEO-U545RE-Q, NUCLEO-U5A5ZJ-Q, NUCLEO-WB05KZ, NUCLEO-WB07CC, NUCLEO-WB09KE, NUCLEO-WBA52CG, NUCLEO-WBA55CG, STEVAL-PROTEUS1, STEVAL-SMARTAG2, STEVAL-STWINBX1, STM320518-EVAL, STM32C0116-DK, STM32C011D6Y3TR, STM32C011D6Y6TR, STM32C011F4P3, STM32C011F4P6, STM32C011F4U3, STM32C011F4U6TR, STM32C011F6P3, STM32C011F6P6, STM32C011F6U3, STM32C011F6U6TR, STM32C011J4M3, STM32C011J4M6, STM32C011J6M3, STM32C011J6M6, STM32C0316-DK, STM32C031C4T3, STM32C031C4T6, STM32C031C4U3, STM32C031C4U6, STM32C031C6T3, STM32C031C6T6, STM32C031C6U3, STM32C031C6U6, STM32C031F4P3, STM32C031F4P6, STM32C031F6P3, STM32C031F6P6, STM32C031G4U3, STM32C031G4U6, STM32C031G6U3, STM32C031G6U6, STM32C031K4T3, STM32C031K4T6, STM32C031K4U3, STM32C031K4U6, STM32C031K6T3, STM32C031K6T6, STM32C031K6U3, STM32C031K6U6, STM32C071C8T6, STM32C071C8T6N, STM32C071C8U6, STM32C071C8U6N, STM32C071CBT6, STM32C071CBT6N, STM32C071CBU6, STM32C071CBU6N, STM32C071F8P6, STM32C071F8P6N, STM32C071FBP6, STM32C071FBP6N, STM32C071FBY6TR, STM32C071G8U6, STM32C071G8U6N, STM32C071GBU6, STM32C071GBU6N, STM32C071K8T6, STM32C071K8T6N, STM32C071K8U6, STM32C071K8U6N, STM32C071KBT6, STM32C071KBT6N, STM32C071KBU6, STM32C071KBU6N, STM32C071R8T6, STM32C071R8T6N, STM32C071RBI6N, STM32C071RBT6, STM32C071RBT6N, STM32G071K8TXN, STM32G071K8UXN, STM32G081GBU6N, STM32G081KBT6N, STM32G081KBUXN, STM32G0B1CCT6N, STM32G0B1KCT6, STM32G0B1NEY6TR, STM32G0B1RCT6N, STM32G0C1CCT6, STM32G0C1CCT6N, STM32G0C1CCU6N, STM32G0C1CET6N, STM32G0C1CEU6N, STM32G0C1KCT6, STM32G0C1NEY6TR, STM32G0C1RCI6N, STM32G0C1RCT6N, STM32G0C1REI6N, STM32G0C1RET6N, STM32G0C1VCI6, STM32G0C1VEI6, STM32G411C6T3, STM32G411C6T6, STM32G411C6U3, STM32G411C6U6, STM32G411C8T3, STM32G411C8T6, STM32G411C8U3, STM32G411C8U6, STM32G411CBT3, STM32G411CBT6, STM32G411CBU3, STM32G411CBU6, STM32G411K6T3, STM32G411K6T6, STM32G411K6U3, STM32G411K6U6, STM32G411K8T3, STM32G411K8T6, STM32G411K8U3, STM32G411K8U6, STM32G411KBT3, STM32G411KBT6, STM32G411KBU3, STM32G411KBU6, STM32G411M6T3, STM32G411M6T6, STM32G411M8T3, STM32G411M8T6, STM32G411MBT3, STM32G411MBT6, STM32G411R6T3, STM32G411R6T6, STM32G411R8T3, STM32G411R8T6, STM32G411RBT3, STM32G411RBT6, STM32G414CBT3, STM32G414CBT6, STM32G414CBU3, STM32G414CBU6, STM32G414CCT3, STM32G414CCT6, STM32G414CCU3, STM32G414CCU6, STM32G414MBT3, STM32G414MBT6, STM32G414MCT3, STM32G414MCT6, STM32G414RBT3, STM32G414RBT6, STM32G414RCT3, STM32G414RCT6, STM32G414VBT3, STM32G414VBT6, STM32G414VCT3, STM32G414VCT6, STM32G431CBT3Z, STM32G431RBT3Z, STM32G471CCT6, STM32G471CCU6, STM32G471CET3, STM32G471CET6, STM32G471CEU3, STM32G471CEU6, STM32G471MCT6, STM32G471MET3, STM32G471MET6, STM32G471MEY6TR, STM32G471QCT6, STM32G471QET3, STM32G471RCT6, STM32G471RET3, STM32G471RET6, STM32G471VCH6, STM32G471VCI6, STM32G471VCT6, STM32G471VEH3, STM32G471VEH6, STM32G471VEI3, STM32G471VEI6, STM32G471VET3, STM32G471VET6, STM32G473QET3Z, STM32G473RET3Z, STM32G474CCT6, STM32G491RET3Z, STM32H503CBT6, STM32H503CBU6, STM32H503EBY6TR, STM32H503KBU6, STM32H503RBT6, STM32H523CCT6, STM32H523CCU6, STM32H523CET6, STM32H523CEU6, STM32H523HEY6TR, STM32H523RCT6, STM32H523RET6, STM32H523VCI6, STM32H523VCT6, STM32H523VEI6, STM32H523VET6, STM32H523ZCJ6, STM32H523ZCT6, STM32H523ZEJ6, STM32H523ZET6, STM32H533CET6, STM32H533CEU6, STM32H533HEY6TR, STM32H533RET6, STM32H533VEI6, STM32H533VET6, STM32H533ZEJ6, STM32H533ZET6, STM32H562AGI6, STM32H562AII6, STM32H562IGK6, STM32H562IGT6, STM32H562IIK6, STM32H562IIT6, STM32H562RGT6, STM32H562RGV6, STM32H562RIT6, STM32H562RIV6, STM32H562VGT6, STM32H562VIT6, STM32H562ZGT6, STM32H562ZIT6, STM32H563AGI6, STM32H563AII3Q, STM32H563AII6, STM32H563IGK6, STM32H563IGT6, STM32H563IIK3Q, STM32H563IIK6, STM32H563IIT3Q, STM32H563IIT6, STM32H563MIY3QTR, STM32H563RGT6, STM32H563RGV6, STM32H563RIT6, STM32H563RIV6, STM32H563VGT6, STM32H563VIT3Q, STM32H563VIT6, STM32H563ZGT6, STM32H563ZIT3Q, STM32H563ZIT6, STM32H573AII3Q, STM32H573AII6, STM32H573I-DK, STM32H573IIK3Q, STM32H573IIK6, STM32H573IIT3Q, STM32H573IIT6, STM32H573MIY3QTR, STM32H573RIT6, STM32H573RIV6, STM32H573VIT3Q, STM32H573VIT6, STM32H573ZIT3Q, STM32H573ZIT6, STM32H7R3A8I6, STM32H7R3I8K6, STM32H7R3I8T6, STM32H7R3L8H6, STM32H7R3L8H6H, STM32H7R3R8V6, STM32H7R3V8H6, STM32H7R3V8T6, STM32H7R3V8Y6TR, STM32H7R3Z8J6, STM32H7R3Z8T6, STM32H7R7A8I6, STM32H7R7I8K6, STM32H7R7I8T6, STM32H7R7L8H6, STM32H7R7L8H6H, STM32H7R7Z8J6, STM32H7S3A8I6, STM32H7S3I8K6, STM32H7S3I8T6, STM32H7S3L8H6, STM32H7S3L8H6H, STM32H7S3R8V6, STM32H7S3V8H6, STM32H7S3V8T6, STM32H7S3V8Y6TR, STM32H7S3Z8J6, STM32H7S3Z8T6, STM32H7S78-DK, STM32H7S7A8I6, STM32H7S7I8K6, STM32H7S7I8T6, STM32H7S7L8H6, STM32H7S7L8H6H, STM32H7S7Z8J6, STM32L4R5QGI6STR, STM32MP131AAE3, STM32MP131AAF3, STM32MP131AAG3, STM32MP131CAE3, STM32MP131CAF3, STM32MP131CAG3, STM32MP131DAE7, STM32MP131DAF7, STM32MP131DAG7, STM32MP131FAE7, STM32MP131FAF7, STM32MP131FAG7, STM32MP133AAE3, STM32MP133AAF3, STM32MP133AAG3, STM32MP133CAE3, STM32MP133CAF3, STM32MP133CAG3, STM32MP133DAE7, STM32MP133DAF7, STM32MP133DAG7, STM32MP133FAE7, STM32MP133FAF7, STM32MP133FAG7, STM32MP135AAE3, STM32MP135AAF3, STM32MP135AAG3, STM32MP135CAE3, STM32MP135CAF3, STM32MP135CAG3, STM32MP135DAE7, STM32MP135DAF7, STM32MP135DAG7, STM32MP135F-DK, STM32MP135FAE7, STM32MP135FAF7, STM32MP135FAF7T, STM32MP135FAF7U, STM32MP135FAG7, STM32MP251AAI3, STM32MP251AAK3, STM32MP251AAL3, STM32MP251CAI3, STM32MP251CAK3, STM32MP251CAL3, STM32MP251DAI3, STM32MP251DAK3, STM32MP251DAL3, STM32MP251FAI3, STM32MP251FAK3, STM32MP251FAL3, STM32MP253AAI3, STM32MP253AAK3, STM32MP253AAL3, STM32MP253CAI3, STM32MP253CAK3, STM32MP253CAL3, STM32MP253DAI3, STM32MP253DAK3, STM32MP253DAL3, STM32MP253FAI3, STM32MP253FAK3, STM32MP253FAL3, STM32MP255AAI3, STM32MP255AAK3, STM32MP255AAL3, STM32MP255CAI3, STM32MP255CAK3, STM32MP255CAL3, STM32MP255DAI3, STM32MP255DAK3, STM32MP255DAL3, STM32MP255FAI3, STM32MP255FAK3, STM32MP255FAL3, STM32MP257AAI3, STM32MP257AAK3, STM32MP257AAL3, STM32MP257CAI3, STM32MP257CAK3, STM32MP257CAL3, STM32MP257DAI3, STM32MP257DAK3, STM32MP257DAL3, STM32MP257F-DK, STM32MP257F-EV1, STM32MP257FAI3, STM32MP257FAK3, STM32MP257FAL3, STM32U031C6T6, STM32U031C6U6, STM32U031C8T6, STM32U031C8U6, STM32U031F4P6, STM32U031F6P6, STM32U031F8P6, STM32U031G6Y6TR, STM32U031G8Y6TR, STM32U031K4U6, STM32U031K6U6, STM32U031K8U6, STM32U031R6I6, STM32U031R6T6, STM32U031R8I6, STM32U031R8T6, STM32U073C8T6, STM32U073C8U6, STM32U073CBT6, STM32U073CBU6, STM32U073CCT6, STM32U073CCU6, STM32U073H8Y6TR, STM32U073HBY6TR, STM32U073HCY6TR, STM32U073K8U6, STM32U073KBU6, STM32U073KCU6, STM32U073M8I6, STM32U073M8T6, STM32U073MBI6, STM32U073MBT6, STM32U073MCI6, STM32U073MCT6, STM32U073R8I6, STM32U073R8T6, STM32U073RBI6, STM32U073RBT6, STM32U073RCI6, STM32U073RCT6, STM32U083C-DK, STM32U083CCT6, STM32U083CCU6, STM32U083HCY6TR, STM32U083KCU6, STM32U083MCI6, STM32U083MCT6, STM32U083RCI6, STM32U083RCT6, STM32U535CBT6, STM32U535CBT6Q, STM32U535CBU6, STM32U535CBU6Q, STM32U535CCT6, STM32U535CCT6Q, STM32U535CCU6, STM32U535CCU6Q, STM32U535CET6, STM32U535CET6Q, STM32U535CEU6, STM32U535CEU6Q, STM32U535JEY6QTR, STM32U535NCY6QTR, STM32U535NEY6QTR, STM32U535RBI6, STM32U535RBI6Q, STM32U535RBT6, STM32U535RBT6Q, STM32U535RCI6, STM32U535RCI6Q, STM32U535RCT6, STM32U535RCT6Q, STM32U535REI6, STM32U535REI6Q, STM32U535RET6, STM32U535RET6Q, STM32U535VCI6, STM32U535VCI6Q, STM32U535VCT6, STM32U535VCT6Q, STM32U535VEI6, STM32U535VEI6Q, STM32U535VET6, STM32U535VET6Q, STM32U545CET6, STM32U545CET6Q, STM32U545CEU6, STM32U545CEU6Q, STM32U545JEY6QTR, STM32U545NEY6QTR, STM32U545REI6, STM32U545REI6Q, STM32U545RET6, STM32U545RET6Q, STM32U545VEI6, STM32U545VEI6Q, STM32U545VET6, STM32U545VET6Q, STM32U595AIH6, STM32U595AIH6Q, STM32U595AJH6, STM32U595AJH6Q, STM32U595QII6, STM32U595QII6Q, STM32U595QJI6, STM32U595QJI6Q, STM32U595RIT6, STM32U595RIT6Q, STM32U595RJT6, STM32U595RJT6Q, STM32U595VIT6, STM32U595VIT6Q, STM32U595VJT6, STM32U595VJT6Q, STM32U595ZIT6, STM32U595ZIT6Q, STM32U595ZIY6QTR, STM32U595ZJT6, STM32U595ZJT6Q, STM32U595ZJY6QTR, STM32U599BJY6QTR, STM32U599NIH6Q, STM32U599NJH6Q, STM32U599VIT6Q, STM32U599VJT6, STM32U599VJT6Q, STM32U599ZIT6Q, STM32U599ZIY6QTR, STM32U599ZJT6Q, STM32U599ZJY6QTR, STM32U5A5AJH6, STM32U5A5AJH6Q, STM32U5A5QII3Q , STM32U5A5QJI6, STM32U5A5QJI6Q, STM32U5A5RJT6, STM32U5A5RJT6Q, STM32U5A5VJT6, STM32U5A5VJT6Q, STM32U5A5ZJT6, STM32U5A5ZJT6Q, STM32U5A5ZJY6QTR, STM32U5A9BJY6QTR, STM32U5A9J-DK, STM32U5A9NJH6Q, STM32U5A9VJT6Q, STM32U5A9ZJT6Q, STM32U5A9ZJY6QTR, STM32U5F7VIT6, STM32U5F7VIT6Q, STM32U5F7VJT6, STM32U5F7VJT6Q, STM32U5F9BJY6QTR, STM32U5F9NJH6Q, STM32U5F9VIT6Q, STM32U5F9VJT6Q, STM32U5F9ZIJ6QTR, STM32U5F9ZIT6Q, STM32U5F9ZJJ6QTR, STM32U5F9ZJT6Q, STM32U5G7VJT6, STM32U5G7VJT6Q, STM32U5G9BJY6QTR, STM32U5G9J-DK1, STM32U5G9J-DK2, STM32U5G9NJH6Q, STM32U5G9VJT6Q, STM32U5G9ZJJ6QTR, STM32U5G9ZJT6Q, STM32WB05KZV6TR, STM32WB05KZV7TR, STM32WB05TZF6TR, STM32WB05TZF7TR, STM32WB06CCF6TR, STM32WB06CCF7TR, STM32WB06CCV6TR, STM32WB06CCV7TR, STM32WB06KCV6TR, STM32WB06KCV7TR, STM32WB07CCF6TR, STM32WB07CCF7TR, STM32WB07CCV6TR, STM32WB07CCV7TR, STM32WB07KCV6TR, STM32WB07KCV7TR, STM32WB09KEV6TR, STM32WB09KEV7TR, STM32WB09TEF6TR, STM32WB09TEF7TR, STM32WB1MMCH6, STM32WBA50KGU6, STM32WBA50KGU6TR, STM32WBA52CEU6, STM32WBA52CEU6TR, STM32WBA52CEU7, STM32WBA52CEU7TR, STM32WBA52CGU6, STM32WBA52CGU6TR, STM32WBA52CGU6U, STM32WBA52CGU7, STM32WBA52CGU7TR, STM32WBA52KEU6, STM32WBA52KEU6TR, STM32WBA52KGU6, STM32WBA52KGU6TR, STM32WBA54CEU6, STM32WBA54CEU6TR, STM32WBA54CEU7, STM32WBA54CEU7TR, STM32WBA54CGU6, STM32WBA54CGU6TR, STM32WBA54CGU7, STM32WBA54CGU7TR, STM32WBA54KEU6, STM32WBA54KEU6TR, STM32WBA54KEU7, STM32WBA54KEU7TR, STM32WBA54KGU6, STM32WBA54KGU6TR, STM32WBA54KGU7, STM32WBA54KGU7TR, STM32WBA55CEU6, STM32WBA55CEU6TR, STM32WBA55CEU7, STM32WBA55CEU7TR, STM32WBA55CGU6, STM32WBA55CGU6TR, STM32WBA55CGU6U, STM32WBA55CGU7, STM32WBA55CGU7TR, STM32WBA55G-DK1, STM32WBA55HEF6, STM32WBA55HEF7, STM32WBA55HGF6, STM32WBA55HGF7, STM32WBA55UEI6, STM32WBA55UEI6TR, STM32WBA55UEI7, STM32WBA55UEI7TR, STM32WBA55UGI6, STM32WBA55UGI6TR, STM32WBA55UGI7, STM32WBA55UGI7TR, STM32WL5MOCH6, STM32WL5MOCH6TR]
2024-11-09 15:06:13,985 [INFO] DbMcus:218 - Found 4252 MCUs, 4252 are supported
2024-11-09 15:06:13,985 [INFO] ApiDb:423 - Load user favorites file /Users/liangnie/.stm32cubeide/favorites.mcus.txt: 0 item(s)
2024-11-09 15:06:13,985 [INFO] ApiDb:427 - User favorites MCUs=[]
2024-11-09 15:06:13,985 [INFO] DbMcus:224 - Set 0 / 0 favorites MCUs
2024-11-09 15:06:14,736 [INFO] ApiDb:448 - Save user favorites file /Users/liangnie/.stm32cubeide/favorites.boards.txt: 0 item(s)
2024-11-09 15:06:14,736 [INFO] ApiDb:452 - User favorites Boards=[]
2024-11-09 15:06:14,738 [INFO] ApiDb:581 - Connected to CubeFinder SQLite database (/Users/liangnie/.stmcufinder/plugins/mcufinder/mcu/cube-finder-db.db)
2024-11-09 15:06:14,818 [INFO] ApiDb:668 - CubeFinder database Data Model version=2.1
2024-11-09 15:06:14,818 [INFO] ApiDb:669 - CubeFinder database Configuration version=3.0.39
2024-11-09 15:06:14,819 [INFO] ApiDb:670 - CubeFinder database generation date=2024-10-15 (1729006872)
2024-11-09 15:06:14,819 [INFO] ApiDb:671 - CubeFinder database FW Pack versions=[FP-ATR-ASTRA1_V2.0.0, FP-SNS-FLIGHT1_V5.0.2, FP-SNS-MOTENV1_V5.0.0, FP-SNS-MOTENVWB1_V1.4.0, FP-SNS-SMARTAG2_V1.2.0, FP-SNS-STBOX1_V2.0.0, STM32Cube_FW_C0_V1.2.0, STM32Cube_FW_F4_V1.28.1, STM32Cube_FW_F7_V1.17.2, STM32Cube_FW_G0_V1.6.2, STM32Cube_FW_G4_V1.6.0, STM32Cube_FW_H5_V1.3.0, STM32Cube_FW_H7RS_V1.1.0, STM32Cube_FW_H7_V1.11.2, STM32Cube_FW_L0_V1.12.2, STM32Cube_FW_L5_V1.5.1, STM32Cube_FW_U0_V1.1.0, STM32Cube_FW_U5_V1.6.0, STM32Cube_FW_WB0_V1.0.0, STM32Cube_FW_WBA_V1.4.1, STM32Cube_FW_WB_V1.20.0, STM32Cube_FW_WL_V1.3.0, X-CUBE-ALGOBUILD_V1.4.0, X-CUBE-ALS_V1.0.2, X-CUBE-AZRTOS-F4_V1.1.0, X-CUBE-AZRTOS-F7_V1.1.0, X-CUBE-AZRTOS-G0_V1.1.0, X-CUBE-AZRTOS-G4_V2.0.0, X-CUBE-AZRTOS-H7RS_V1.0.0, X-CUBE-AZRTOS-H7_V3.3.0, X-CUBE-AZRTOS-L4_V2.0.0, X-CUBE-AZRTOS-L5_V2.0.0, X-CUBE-AZRTOS-WB_V2.0.0, X-CUBE-AZRTOS-WL_V2.0.0, X-CUBE-BLE1_V7.0.0, X-CUBE-BLE2_V3.3.0, X-CUBE-BLEMGR_V3.1.0, X-CUBE-EEPRMA1_V5.1.0, X-CUBE-FREERTOS_V1.2.0, X-CUBE-GNSS1_V6.0.0, X-CUBE-MEMS1_V11.0.0, X-CUBE-NFC4_V3.0.0, X-CUBE-NFC7_V1.0.1, X-CUBE-SFXS2LP1_V4.0.0, X-CUBE-SUBG2_V5.0.0, X-CUBE-TOF1_V3.4.2]
2024-11-09 15:06:14,928 [INFO] DbBoardsSqlite:226 - include board P-NUCLEO-WB55-NUCLEO as a kit item of type 'Nucleo-64'
2024-11-09 15:06:14,928 [INFO] DbBoardsSqlite:226 - include board P-NUCLEO-WB55-USBDONGLE as a kit item of type 'Nucleo USB Dongle'
2024-11-09 15:06:14,928 [INFO] DbBoardsSqlite:226 - include board STEVAL-IDP005V1 as a kit item of type 'Evaluation Board'
2024-11-09 15:06:14,929 [INFO] DbBoardsSqlite:226 - include board STEVAL-IDP005V2 as a kit item of type 'Evaluation Board'
2024-11-09 15:06:14,995 [INFO] ApiDb:240 - Found 646 in-development CPN: [B-G473E-ZEST1S, B-WB1M-WPAN1, B-WL5M-SUBG1, NUCLEO-C031C6, NUCLEO-C071RB, NUCLEO-H503RB, NUCLEO-H533RE, NUCLEO-H563ZI, NUCLEO-H7S3L8, NUCLEO-U031R8, NUCLEO-U083RC, NUCLEO-U545RE-Q, NUCLEO-U5A5ZJ-Q, NUCLEO-WB05KZ, NUCLEO-WB07CC, NUCLEO-WB09KE, NUCLEO-WBA52CG, NUCLEO-WBA55CG, STEVAL-PROTEUS1, STEVAL-SMARTAG2, STEVAL-STWINBX1, STM320518-EVAL, STM32C0116-DK, STM32C011D6Y3TR, STM32C011D6Y6TR, STM32C011F4P3, STM32C011F4P6, STM32C011F4U3, STM32C011F4U6TR, STM32C011F6P3, STM32C011F6P6, STM32C011F6U3, STM32C011F6U6TR, STM32C011J4M3, STM32C011J4M6, STM32C011J6M3, STM32C011J6M6, STM32C0316-DK, STM32C031C4T3, STM32C031C4T6, STM32C031C4U3, STM32C031C4U6, STM32C031C6T3, STM32C031C6T6, STM32C031C6U3, STM32C031C6U6, STM32C031F4P3, STM32C031F4P6, STM32C031F6P3, STM32C031F6P6, STM32C031G4U3, STM32C031G4U6, STM32C031G6U3, STM32C031G6U6, STM32C031K4T3, STM32C031K4T6, STM32C031K4U3, STM32C031K4U6, STM32C031K6T3, STM32C031K6T6, STM32C031K6U3, STM32C031K6U6, STM32C071C8T6, STM32C071C8T6N, STM32C071C8U6, STM32C071C8U6N, STM32C071CBT6, STM32C071CBT6N, STM32C071CBU6, STM32C071CBU6N, STM32C071F8P6, STM32C071F8P6N, STM32C071FBP6, STM32C071FBP6N, STM32C071FBY6TR, STM32C071G8U6, STM32C071G8U6N, STM32C071GBU6, STM32C071GBU6N, STM32C071K8T6, STM32C071K8T6N, STM32C071K8U6, STM32C071K8U6N, STM32C071KBT6, STM32C071KBT6N, STM32C071KBU6, STM32C071KBU6N, STM32C071R8T6, STM32C071R8T6N, STM32C071RBI6N, STM32C071RBT6, STM32C071RBT6N, STM32G071K8TXN, STM32G071K8UXN, STM32G081GBU6N, STM32G081KBT6N, STM32G081KBUXN, STM32G0B1CCT6N, STM32G0B1KCT6, STM32G0B1NEY6TR, STM32G0B1RCT6N, STM32G0C1CCT6, STM32G0C1CCT6N, STM32G0C1CCU6N, STM32G0C1CET6N, STM32G0C1CEU6N, STM32G0C1KCT6, STM32G0C1NEY6TR, STM32G0C1RCI6N, STM32G0C1RCT6N, STM32G0C1REI6N, STM32G0C1RET6N, STM32G0C1VCI6, STM32G0C1VEI6, STM32G411C6T3, STM32G411C6T6, STM32G411C6U3, STM32G411C6U6, STM32G411C8T3, STM32G411C8T6, STM32G411C8U3, STM32G411C8U6, STM32G411CBT3, STM32G411CBT6, STM32G411CBU3, STM32G411CBU6, STM32G411K6T3, STM32G411K6T6, STM32G411K6U3, STM32G411K6U6, STM32G411K8T3, STM32G411K8T6, STM32G411K8U3, STM32G411K8U6, STM32G411KBT3, STM32G411KBT6, STM32G411KBU3, STM32G411KBU6, STM32G411M6T3, STM32G411M6T6, STM32G411M8T3, STM32G411M8T6, STM32G411MBT3, STM32G411MBT6, STM32G411R6T3, STM32G411R6T6, STM32G411R8T3, STM32G411R8T6, STM32G411RBT3, STM32G411RBT6, STM32G414CBT3, STM32G414CBT6, STM32G414CBU3, STM32G414CBU6, STM32G414CCT3, STM32G414CCT6, STM32G414CCU3, STM32G414CCU6, STM32G414MBT3, STM32G414MBT6, STM32G414MCT3, STM32G414MCT6, STM32G414RBT3, STM32G414RBT6, STM32G414RCT3, STM32G414RCT6, STM32G414VBT3, STM32G414VBT6, STM32G414VCT3, STM32G414VCT6, STM32G431CBT3Z, STM32G431RBT3Z, STM32G471CCT6, STM32G471CCU6, STM32G471CET3, STM32G471CET6, STM32G471CEU3, STM32G471CEU6, STM32G471MCT6, STM32G471MET3, STM32G471MET6, STM32G471MEY6TR, STM32G471QCT6, STM32G471QET3, STM32G471RCT6, STM32G471RET3, STM32G471RET6, STM32G471VCH6, STM32G471VCI6, STM32G471VCT6, STM32G471VEH3, STM32G471VEH6, STM32G471VEI3, STM32G471VEI6, STM32G471VET3, STM32G471VET6, STM32G473QET3Z, STM32G473RET3Z, STM32G474CCT6, STM32G491RET3Z, STM32H503CBT6, STM32H503CBU6, STM32H503EBY6TR, STM32H503KBU6, STM32H503RBT6, STM32H523CCT6, STM32H523CCU6, STM32H523CET6, STM32H523CEU6, STM32H523HEY6TR, STM32H523RCT6, STM32H523RET6, STM32H523VCI6, STM32H523VCT6, STM32H523VEI6, STM32H523VET6, STM32H523ZCJ6, STM32H523ZCT6, STM32H523ZEJ6, STM32H523ZET6, STM32H533CET6, STM32H533CEU6, STM32H533HEY6TR, STM32H533RET6, STM32H533VEI6, STM32H533VET6, STM32H533ZEJ6, STM32H533ZET6, STM32H562AGI6, STM32H562AII6, STM32H562IGK6, STM32H562IGT6, STM32H562IIK6, STM32H562IIT6, STM32H562RGT6, STM32H562RGV6, STM32H562RIT6, STM32H562RIV6, STM32H562VGT6, STM32H562VIT6, STM32H562ZGT6, STM32H562ZIT6, STM32H563AGI6, STM32H563AII3Q, STM32H563AII6, STM32H563IGK6, STM32H563IGT6, STM32H563IIK3Q, STM32H563IIK6, STM32H563IIT3Q, STM32H563IIT6, STM32H563MIY3QTR, STM32H563RGT6, STM32H563RGV6, STM32H563RIT6, STM32H563RIV6, STM32H563VGT6, STM32H563VIT3Q, STM32H563VIT6, STM32H563ZGT6, STM32H563ZIT3Q, STM32H563ZIT6, STM32H573AII3Q, STM32H573AII6, STM32H573I-DK, STM32H573IIK3Q, STM32H573IIK6, STM32H573IIT3Q, STM32H573IIT6, STM32H573MIY3QTR, STM32H573RIT6, STM32H573RIV6, STM32H573VIT3Q, STM32H573VIT6, STM32H573ZIT3Q, STM32H573ZIT6, STM32H7R3A8I6, STM32H7R3I8K6, STM32H7R3I8T6, STM32H7R3L8H6, STM32H7R3L8H6H, STM32H7R3R8V6, STM32H7R3V8H6, STM32H7R3V8T6, STM32H7R3V8Y6TR, STM32H7R3Z8J6, STM32H7R3Z8T6, STM32H7R7A8I6, STM32H7R7I8K6, STM32H7R7I8T6, STM32H7R7L8H6, STM32H7R7L8H6H, STM32H7R7Z8J6, STM32H7S3A8I6, STM32H7S3I8K6, STM32H7S3I8T6, STM32H7S3L8H6, STM32H7S3L8H6H, STM32H7S3R8V6, STM32H7S3V8H6, STM32H7S3V8T6, STM32H7S3V8Y6TR, STM32H7S3Z8J6, STM32H7S3Z8T6, STM32H7S78-DK, STM32H7S7A8I6, STM32H7S7I8K6, STM32H7S7I8T6, STM32H7S7L8H6, STM32H7S7L8H6H, STM32H7S7Z8J6, STM32L4R5QGI6STR, STM32MP131AAE3, STM32MP131AAF3, STM32MP131AAG3, STM32MP131CAE3, STM32MP131CAF3, STM32MP131CAG3, STM32MP131DAE7, STM32MP131DAF7, STM32MP131DAG7, STM32MP131FAE7, STM32MP131FAF7, STM32MP131FAG7, STM32MP133AAE3, STM32MP133AAF3, STM32MP133AAG3, STM32MP133CAE3, STM32MP133CAF3, STM32MP133CAG3, STM32MP133DAE7, STM32MP133DAF7, STM32MP133DAG7, STM32MP133FAE7, STM32MP133FAF7, STM32MP133FAG7, STM32MP135AAE3, STM32MP135AAF3, STM32MP135AAG3, STM32MP135CAE3, STM32MP135CAF3, STM32MP135CAG3, STM32MP135DAE7, STM32MP135DAF7, STM32MP135DAG7, STM32MP135F-DK, STM32MP135FAE7, STM32MP135FAF7, STM32MP135FAF7T, STM32MP135FAF7U, STM32MP135FAG7, STM32MP251AAI3, STM32MP251AAK3, STM32MP251AAL3, STM32MP251CAI3, STM32MP251CAK3, STM32MP251CAL3, STM32MP251DAI3, STM32MP251DAK3, STM32MP251DAL3, STM32MP251FAI3, STM32MP251FAK3, STM32MP251FAL3, STM32MP253AAI3, STM32MP253AAK3, STM32MP253AAL3, STM32MP253CAI3, STM32MP253CAK3, STM32MP253CAL3, STM32MP253DAI3, STM32MP253DAK3, STM32MP253DAL3, STM32MP253FAI3, STM32MP253FAK3, STM32MP253FAL3, STM32MP255AAI3, STM32MP255AAK3, STM32MP255AAL3, STM32MP255CAI3, STM32MP255CAK3, STM32MP255CAL3, STM32MP255DAI3, STM32MP255DAK3, STM32MP255DAL3, STM32MP255FAI3, STM32MP255FAK3, STM32MP255FAL3, STM32MP257AAI3, STM32MP257AAK3, STM32MP257AAL3, STM32MP257CAI3, STM32MP257CAK3, STM32MP257CAL3, STM32MP257DAI3, STM32MP257DAK3, STM32MP257DAL3, STM32MP257F-DK, STM32MP257F-EV1, STM32MP257FAI3, STM32MP257FAK3, STM32MP257FAL3, STM32U031C6T6, STM32U031C6U6, STM32U031C8T6, STM32U031C8U6, STM32U031F4P6, STM32U031F6P6, STM32U031F8P6, STM32U031G6Y6TR, STM32U031G8Y6TR, STM32U031K4U6, STM32U031K6U6, STM32U031K8U6, STM32U031R6I6, STM32U031R6T6, STM32U031R8I6, STM32U031R8T6, STM32U073C8T6, STM32U073C8U6, STM32U073CBT6, STM32U073CBU6, STM32U073CCT6, STM32U073CCU6, STM32U073H8Y6TR, STM32U073HBY6TR, STM32U073HCY6TR, STM32U073K8U6, STM32U073KBU6, STM32U073KCU6, STM32U073M8I6, STM32U073M8T6, STM32U073MBI6, STM32U073MBT6, STM32U073MCI6, STM32U073MCT6, STM32U073R8I6, STM32U073R8T6, STM32U073RBI6, STM32U073RBT6, STM32U073RCI6, STM32U073RCT6, STM32U083C-DK, STM32U083CCT6, STM32U083CCU6, STM32U083HCY6TR, STM32U083KCU6, STM32U083MCI6, STM32U083MCT6, STM32U083RCI6, STM32U083RCT6, STM32U535CBT6, STM32U535CBT6Q, STM32U535CBU6, STM32U535CBU6Q, STM32U535CCT6, STM32U535CCT6Q, STM32U535CCU6, STM32U535CCU6Q, STM32U535CET6, STM32U535CET6Q, STM32U535CEU6, STM32U535CEU6Q, STM32U535JEY6QTR, STM32U535NCY6QTR, STM32U535NEY6QTR, STM32U535RBI6, STM32U535RBI6Q, STM32U535RBT6, STM32U535RBT6Q, STM32U535RCI6, STM32U535RCI6Q, STM32U535RCT6, STM32U535RCT6Q, STM32U535REI6, STM32U535REI6Q, STM32U535RET6, STM32U535RET6Q, STM32U535VCI6, STM32U535VCI6Q, STM32U535VCT6, STM32U535VCT6Q, STM32U535VEI6, STM32U535VEI6Q, STM32U535VET6, STM32U535VET6Q, STM32U545CET6, STM32U545CET6Q, STM32U545CEU6, STM32U545CEU6Q, STM32U545JEY6QTR, STM32U545NEY6QTR, STM32U545REI6, STM32U545REI6Q, STM32U545RET6, STM32U545RET6Q, STM32U545VEI6, STM32U545VEI6Q, STM32U545VET6, STM32U545VET6Q, STM32U595AIH6, STM32U595AIH6Q, STM32U595AJH6, STM32U595AJH6Q, STM32U595QII6, STM32U595QII6Q, STM32U595QJI6, STM32U595QJI6Q, STM32U595RIT6, STM32U595RIT6Q, STM32U595RJT6, STM32U595RJT6Q, STM32U595VIT6, STM32U595VIT6Q, STM32U595VJT6, STM32U595VJT6Q, STM32U595ZIT6, STM32U595ZIT6Q, STM32U595ZIY6QTR, STM32U595ZJT6, STM32U595ZJT6Q, STM32U595ZJY6QTR, STM32U599BJY6QTR, STM32U599NIH6Q, STM32U599NJH6Q, STM32U599VIT6Q, STM32U599VJT6, STM32U599VJT6Q, STM32U599ZIT6Q, STM32U599ZIY6QTR, STM32U599ZJT6Q, STM32U599ZJY6QTR, STM32U5A5AJH6, STM32U5A5AJH6Q, STM32U5A5QII3Q , STM32U5A5QJI6, STM32U5A5QJI6Q, STM32U5A5RJT6, STM32U5A5RJT6Q, STM32U5A5VJT6, STM32U5A5VJT6Q, STM32U5A5ZJT6, STM32U5A5ZJT6Q, STM32U5A5ZJY6QTR, STM32U5A9BJY6QTR, STM32U5A9J-DK, STM32U5A9NJH6Q, STM32U5A9VJT6Q, STM32U5A9ZJT6Q, STM32U5A9ZJY6QTR, STM32U5F7VIT6, STM32U5F7VIT6Q, STM32U5F7VJT6, STM32U5F7VJT6Q, STM32U5F9BJY6QTR, STM32U5F9NJH6Q, STM32U5F9VIT6Q, STM32U5F9VJT6Q, STM32U5F9ZIJ6QTR, STM32U5F9ZIT6Q, STM32U5F9ZJJ6QTR, STM32U5F9ZJT6Q, STM32U5G7VJT6, STM32U5G7VJT6Q, STM32U5G9BJY6QTR, STM32U5G9J-DK1, STM32U5G9J-DK2, STM32U5G9NJH6Q, STM32U5G9VJT6Q, STM32U5G9ZJJ6QTR, STM32U5G9ZJT6Q, STM32WB05KZV6TR, STM32WB05KZV7TR, STM32WB05TZF6TR, STM32WB05TZF7TR, STM32WB06CCF6TR, STM32WB06CCF7TR, STM32WB06CCV6TR, STM32WB06CCV7TR, STM32WB06KCV6TR, STM32WB06KCV7TR, STM32WB07CCF6TR, STM32WB07CCF7TR, STM32WB07CCV6TR, STM32WB07CCV7TR, STM32WB07KCV6TR, STM32WB07KCV7TR, STM32WB09KEV6TR, STM32WB09KEV7TR, STM32WB09TEF6TR, STM32WB09TEF7TR, STM32WB1MMCH6, STM32WBA50KGU6, STM32WBA50KGU6TR, STM32WBA52CEU6, STM32WBA52CEU6TR, STM32WBA52CEU7, STM32WBA52CEU7TR, STM32WBA52CGU6, STM32WBA52CGU6TR, STM32WBA52CGU6U, STM32WBA52CGU7, STM32WBA52CGU7TR, STM32WBA52KEU6, STM32WBA52KEU6TR, STM32WBA52KGU6, STM32WBA52KGU6TR, STM32WBA54CEU6, STM32WBA54CEU6TR, STM32WBA54CEU7, STM32WBA54CEU7TR, STM32WBA54CGU6, STM32WBA54CGU6TR, STM32WBA54CGU7, STM32WBA54CGU7TR, STM32WBA54KEU6, STM32WBA54KEU6TR, STM32WBA54KEU7, STM32WBA54KEU7TR, STM32WBA54KGU6, STM32WBA54KGU6TR, STM32WBA54KGU7, STM32WBA54KGU7TR, STM32WBA55CEU6, STM32WBA55CEU6TR, STM32WBA55CEU7, STM32WBA55CEU7TR, STM32WBA55CGU6, STM32WBA55CGU6TR, STM32WBA55CGU6U, STM32WBA55CGU7, STM32WBA55CGU7TR, STM32WBA55G-DK1, STM32WBA55HEF6, STM32WBA55HEF7, STM32WBA55HGF6, STM32WBA55HGF7, STM32WBA55UEI6, STM32WBA55UEI6TR, STM32WBA55UEI7, STM32WBA55UEI7TR, STM32WBA55UGI6, STM32WBA55UGI6TR, STM32WBA55UGI7, STM32WBA55UGI7TR, STM32WL5MOCH6, STM32WL5MOCH6TR]
2024-11-09 15:06:15,355 [INFO] BoardInfo:889 - No configuration file found for board P-NUCLEO-WB55
2024-11-09 15:06:15,356 [INFO] DbBoards:161 - Kit is not supported: P-NUCLEO-WB55
2024-11-09 15:06:15,373 [INFO] BoardInfo:889 - No configuration file found for board STEVAL-BFA001V1B
2024-11-09 15:06:15,374 [INFO] DbBoards:161 - Kit is not supported: STEVAL-BFA001V1B
2024-11-09 15:06:15,377 [INFO] BoardInfo:889 - No configuration file found for board STEVAL-BFA001V2B
2024-11-09 15:06:15,378 [INFO] DbBoards:161 - Kit is not supported: STEVAL-BFA001V2B
2024-11-09 15:06:15,725 [INFO] DbBoards:168 - Found 201 boards, 198 are supported
2024-11-09 15:06:15,725 [INFO] DbBoards:169 - Found 201 boards, 25 of them is supported for  Bsp
2024-11-09 15:06:15,727 [INFO] ApiDb:423 - Load user favorites file /Users/liangnie/.stm32cubeide/favorites.boards.txt: 0 item(s)
2024-11-09 15:06:15,728 [INFO] ApiDb:427 - User favorites Boards=[]
2024-11-09 15:06:15,728 [INFO] DbBoards:198 - Set 0 / 0 favorites Boards
2024-11-09 15:06:15,799 [INFO] ServerAccessManage:473 - Download File 
2024-11-09 15:06:15,803 [INFO] LoadUrlFilesThread:185 - End of LoadServerUrlFiles without Thread
2024-11-09 15:06:15,803 [INFO] TargetSelectorAdapter:259 - Refresh data is successful
2024-11-09 15:06:15,809 [INFO] ApiDb:668 - CubeFinder database Data Model version=2.1
2024-11-09 15:06:15,809 [INFO] ApiDb:669 - CubeFinder database Configuration version=3.0.39
2024-11-09 15:06:15,809 [INFO] ApiDb:670 - CubeFinder database generation date=2024-10-15 (1729006872)
2024-11-09 15:06:15,809 [INFO] ApiDb:671 - CubeFinder database FW Pack versions=[FP-ATR-ASTRA1_V2.0.0, FP-SNS-FLIGHT1_V5.0.2, FP-SNS-MOTENV1_V5.0.0, FP-SNS-MOTENVWB1_V1.4.0, FP-SNS-SMARTAG2_V1.2.0, FP-SNS-STBOX1_V2.0.0, STM32Cube_FW_C0_V1.2.0, STM32Cube_FW_F4_V1.28.1, STM32Cube_FW_F7_V1.17.2, STM32Cube_FW_G0_V1.6.2, STM32Cube_FW_G4_V1.6.0, STM32Cube_FW_H5_V1.3.0, STM32Cube_FW_H7RS_V1.1.0, STM32Cube_FW_H7_V1.11.2, STM32Cube_FW_L0_V1.12.2, STM32Cube_FW_L5_V1.5.1, STM32Cube_FW_U0_V1.1.0, STM32Cube_FW_U5_V1.6.0, STM32Cube_FW_WB0_V1.0.0, STM32Cube_FW_WBA_V1.4.1, STM32Cube_FW_WB_V1.20.0, STM32Cube_FW_WL_V1.3.0, X-CUBE-ALGOBUILD_V1.4.0, X-CUBE-ALS_V1.0.2, X-CUBE-AZRTOS-F4_V1.1.0, X-CUBE-AZRTOS-F7_V1.1.0, X-CUBE-AZRTOS-G0_V1.1.0, X-CUBE-AZRTOS-G4_V2.0.0, X-CUBE-AZRTOS-H7RS_V1.0.0, X-CUBE-AZRTOS-H7_V3.3.0, X-CUBE-AZRTOS-L4_V2.0.0, X-CUBE-AZRTOS-L5_V2.0.0, X-CUBE-AZRTOS-WB_V2.0.0, X-CUBE-AZRTOS-WL_V2.0.0, X-CUBE-BLE1_V7.0.0, X-CUBE-BLE2_V3.3.0, X-CUBE-BLEMGR_V3.1.0, X-CUBE-EEPRMA1_V5.1.0, X-CUBE-FREERTOS_V1.2.0, X-CUBE-GNSS1_V6.0.0, X-CUBE-MEMS1_V11.0.0, X-CUBE-NFC4_V3.0.0, X-CUBE-NFC7_V1.0.1, X-CUBE-SFXS2LP1_V4.0.0, X-CUBE-SUBG2_V5.0.0, X-CUBE-TOF1_V3.4.2]
2024-11-09 15:06:17,862 [ERROR] DbExamplesSqlite:437 - Missing JSON key: board_cpn
2024-11-09 15:06:17,862 [ERROR] DbExamplesSqlite:437 - Missing JSON key: board_cpn
2024-11-09 15:06:17,863 [ERROR] DbExamplesSqlite:437 - Missing JSON key: board_cpn
2024-11-09 15:06:17,863 [ERROR] DbExamplesSqlite:437 - Missing JSON key: board_cpn
2024-11-09 15:06:18,267 [ERROR] DbExamplesSqlite:437 - Missing JSON key: board_cpn
2024-11-09 15:06:18,267 [ERROR] DbExamplesSqlite:437 - Missing JSON key: board_cpn
2024-11-09 15:06:18,267 [ERROR] DbExamplesSqlite:437 - Missing JSON key: board_cpn
2024-11-09 15:06:18,268 [ERROR] DbExamplesSqlite:437 - Missing JSON key: board_cpn
2024-11-09 15:06:18,268 [ERROR] DbExamplesSqlite:437 - Missing JSON key: board_cpn
2024-11-09 15:06:18,268 [ERROR] DbExamplesSqlite:437 - Missing JSON key: board_cpn
2024-11-09 15:06:18,268 [ERROR] DbExamplesSqlite:437 - Missing JSON key: board_cpn
2024-11-09 15:06:18,269 [ERROR] DbExamplesSqlite:437 - Missing JSON key: board_cpn
2024-11-09 15:06:18,269 [ERROR] DbExamplesSqlite:437 - Missing JSON key: board_cpn
2024-11-09 15:06:18,272 [INFO] DbExamplesSqlite:395 - Ignored 28 examples not supported by CubeIDE
2024-11-09 15:06:18,272 [INFO] DbExamplesSqlite:396 - Found 8617 examples active
2024-11-09 15:06:18,272 [INFO] DbExamplesSqlite:397 - Found 0 examples obsolete
2024-11-09 15:06:18,273 [INFO] DbExamplesSqlite:398 - Found 0 examples under development
2024-11-09 15:06:18,273 [INFO] DbExamplesSqlite:399 - Found 10 examples not building
2024-11-09 15:06:18,276 [INFO] DbExamples:125 - Found 8599 examples
2024-11-09 15:06:18,301 [INFO] DbExamples:222 - Found 108 boards with related examples
2024-11-09 15:06:18,302 [INFO] DbExamples:235 - Found 90 MCUs with related examples
2024-11-09 15:06:18,338 [INFO] ApiDb:414 - User favorites file not found: /Users/liangnie/.stm32cubeide/favorites.examples.txt
2024-11-09 15:06:18,339 [INFO] DbExamples:250 - Set 0 / 0 favorites Examples
2024-11-09 15:06:18,697 [INFO] McuFinderGlobals:76 - Set McuFinderConnectedMode to true
2024-11-09 15:06:18,700 [INFO] MultiScanPanel:200 - Auto-refresh data requested => check proxy status ongoing
2024-11-09 15:06:18,700 [INFO] FinderPluginLoader:95 - Searching for filters in installed packs
2024-11-09 15:06:20,427 [INFO] LoadUrlFilesThread:185 - End of LoadServerUrlFiles without Thread
2024-11-09 15:06:20,494 [INFO] DetailPanel:341 - Set advertising image to /Users/liangnie/STM32Cube/Repository//en.prom-stm32c071-usb-memories-mcu-finder.png
2024-11-09 15:06:26,916 [INFO] McuFinderGlobals:76 - Set McuFinderConnectedMode to true
2024-11-09 15:06:30,221 [INFO] ApiDb:448 - Save user favorites file /Users/liangnie/.stm32cubeide/favorites.mcus.txt: 0 item(s)
2024-11-09 15:06:30,221 [INFO] ApiDb:452 - User favorites MCUs=[]
2024-11-09 15:07:04,529 [INFO] MainUpdater:2873 - connection check result : 10
2024-11-09 15:07:04,800 [INFO] McuFinderGlobals:76 - Set McuFinderConnectedMode to true
2024-11-09 15:07:04,802 [INFO] MultiScanPanel:200 - Auto-refresh data requested => check proxy status ongoing
2024-11-09 15:07:04,802 [INFO] FinderPluginLoader:95 - Searching for filters in installed packs
2024-11-09 15:07:06,068 [INFO] LoadUrlFilesThread:185 - End of LoadServerUrlFiles without Thread
2024-11-09 15:07:06,068 [INFO] DetailPanel:341 - Set advertising image to /Users/liangnie/STM32Cube/Repository//en.prom-stm32c071-usb-memories-mcu-finder.png
2024-11-09 15:22:00,265 [INFO] ApiDb:581 - Connected to CubeFinder SQLite database (/Users/liangnie/.stmcufinder/plugins/mcufinder/mcu/cube-finder-db.db)
2024-11-09 15:22:57,786 [INFO] MainUpdater:2873 - connection check result : 10
2024-11-09 15:22:57,787 [INFO] MainUpdater:2873 - connection check result : 10
2024-11-09 15:22:58,558 [INFO] RulesReader:64 - Compatibility file has been processed (297 Rules)
2024-11-09 15:22:58,571 [INFO] RulesReader:64 - Compatibility file has been processed (297 Rules)
2024-11-09 15:22:58,582 [INFO] MicroXplorer:468 - Change Database Path : 
2024-11-09 15:22:58,582 [INFO] MicroXplorer:498 - Change Database Version : DB.6.0.120
2024-11-09 15:22:58,591 [WARN] ThirdParty:871 - waiting for thirdparty lock release [close project]
2024-11-09 15:22:58,592 [INFO] ThirdParty:873 - entering critical section [close project]
2024-11-09 15:22:58,594 [INFO] ThirdParty:883 - exiting critical section [close project]
2024-11-09 15:22:58,599 [INFO] PinOutPanel:1561 - setPackage(No Configuration,No Configuration)
2024-11-09 15:22:58,606 [INFO] UtilMem:75 - Begin LoadConfig() Used Memory: 487421104 Bytes (694157312)
2024-11-09 15:22:58,608 [INFO] MicroXplorer:468 - Change Database Path : 
2024-11-09 15:22:58,608 [INFO] MicroXplorer:498 - Change Database Version : DB.6.0.120
2024-11-09 15:22:58,608 [INFO] OpenFileManager:332 - Change cursor
2024-11-09 15:22:58,677 [INFO] Mcu:2032 - Initializing MCU STM32F411CEUx STM32F411CEUx STM32F411CEU6
2024-11-09 15:23:00,728 [INFO] Context:742 - Trying to add GPIOservice into a context  which must be forbidden
2024-11-09 15:23:01,385 [INFO] ImportTextPane:205 - (OptionalMessage_ERROR) Unable to find key (Mcu.ThirdPartyNb) in loaded IOC file
2024-11-09 15:23:01,386 [INFO] ImportTextPane:205 - (OptionalMessage_ERROR) Unable to find key (Mcu.PinsNb) in loaded IOC file
2024-11-09 15:23:01,386 [INFO] ImportTextPane:205 - (OptionalMessage_ERROR) Unable to find key (Mcu.IPNb) in loaded IOC file
2024-11-09 15:23:01,833 [INFO] RtosManager:555 - Registered RTOS mode: class=CMSIS, group=RTOS, mode=CMSIS_V1, owner=FREERTOS
2024-11-09 15:23:01,833 [INFO] RtosManager:555 - Registered RTOS mode: class=CMSIS, group=RTOS2, mode=CMSIS_V2, owner=FREERTOS
2024-11-09 15:23:01,833 [INFO] RtosManager:555 - Registered RTOS mode: class=RTOS, group=Core, mode=CMSIS_V1, owner=FREERTOS
2024-11-09 15:23:01,833 [INFO] RtosManager:555 - Registered RTOS mode: class=RTOS, group=Core, mode=CMSIS_V2, owner=FREERTOS
2024-11-09 15:23:01,834 [WARN] ModelIntegratedComponent:184 - Missing modes for component STMicroelectronics:FreeRTOS:0.0.1:STMicroelectronics:RTOS:FreeRTOS:Core:::10.2.0:
2024-11-09 15:23:01,850 [WARN] ModelIntegratedComponent:182 - Modes not found for component STMicroelectronics:USB_HOST:1.0.0:STMicroelectronics:USB::USB Host:Audio HS::1.0:USB_HOST_1_0_RESTRICTED_HS
2024-11-09 15:23:01,850 [WARN] ModelIntegratedComponent:188 - Modes not found for component STMicroelectronics:USB_HOST:1.0.0:STMicroelectronics:USB::USB Host:Audio HS::1.0:USB_HOST_1_0_RESTRICTED_HS
2024-11-09 15:23:01,850 [WARN] ModelIntegratedComponent:182 - Modes not found for component STMicroelectronics:USB_HOST:1.0.0:STMicroelectronics:USB::USB Host:CDC HS::1.0:USB_HOST_1_0_RESTRICTED_HS
2024-11-09 15:23:01,850 [WARN] ModelIntegratedComponent:188 - Modes not found for component STMicroelectronics:USB_HOST:1.0.0:STMicroelectronics:USB::USB Host:CDC HS::1.0:USB_HOST_1_0_RESTRICTED_HS
2024-11-09 15:23:01,850 [WARN] ModelIntegratedComponent:182 - Modes not found for component STMicroelectronics:USB_HOST:1.0.0:STMicroelectronics:USB::USB Host:MSC HS::1.0:USB_HOST_1_0_RESTRICTED_HS
2024-11-09 15:23:01,851 [WARN] ModelIntegratedComponent:188 - Modes not found for component STMicroelectronics:USB_HOST:1.0.0:STMicroelectronics:USB::USB Host:MSC HS::1.0:USB_HOST_1_0_RESTRICTED_HS
2024-11-09 15:23:01,851 [WARN] ModelIntegratedComponent:182 - Modes not found for component STMicroelectronics:USB_HOST:1.0.0:STMicroelectronics:USB::USB Host:HID HS::1.0:USB_HOST_1_0_RESTRICTED_HS
2024-11-09 15:23:01,851 [WARN] ModelIntegratedComponent:188 - Modes not found for component STMicroelectronics:USB_HOST:1.0.0:STMicroelectronics:USB::USB Host:HID HS::1.0:USB_HOST_1_0_RESTRICTED_HS
2024-11-09 15:23:01,851 [WARN] ModelIntegratedComponent:182 - Modes not found for component STMicroelectronics:USB_HOST:1.0.0:STMicroelectronics:USB::USB Host:MTP HS::1.0:USB_HOST_1_0_RESTRICTED_HS
2024-11-09 15:23:01,851 [WARN] ModelIntegratedComponent:188 - Modes not found for component STMicroelectronics:USB_HOST:1.0.0:STMicroelectronics:USB::USB Host:MTP HS::1.0:USB_HOST_1_0_RESTRICTED_HS
2024-11-09 15:23:01,867 [WARN] ModelIntegratedComponent:63 - No mode defined for component null
2024-11-09 15:23:01,867 [WARN] ModelIntegratedComponent:63 - No mode defined for component null
2024-11-09 15:23:01,867 [WARN] ModelIntegratedComponent:63 - No mode defined for component null
2024-11-09 15:23:01,868 [WARN] ModelIntegratedComponent:63 - No mode defined for component null
2024-11-09 15:23:01,868 [WARN] ModelIntegratedComponent:63 - No mode defined for component null
2024-11-09 15:23:01,868 [WARN] ModelIntegratedComponent:63 - No mode defined for component null
2024-11-09 15:23:01,868 [WARN] ModelIntegratedComponent:63 - No mode defined for component null
2024-11-09 15:23:01,868 [WARN] ModelIntegratedComponent:63 - No mode defined for component null
2024-11-09 15:23:01,868 [WARN] ModelIntegratedComponent:63 - No mode defined for component null
2024-11-09 15:23:01,868 [WARN] ModelIntegratedComponent:63 - No mode defined for component null
2024-11-09 15:23:01,868 [WARN] ModelIntegratedComponent:63 - No mode defined for component null
2024-11-09 15:23:01,868 [WARN] ModelIntegratedComponent:63 - No mode defined for component null
2024-11-09 15:23:01,868 [WARN] ModelIntegratedComponent:63 - No mode defined for component null
2024-11-09 15:23:01,868 [WARN] ModelIntegratedComponent:63 - No mode defined for component null
2024-11-09 15:23:01,868 [WARN] ModelIntegratedComponent:63 - No mode defined for component null
2024-11-09 15:23:01,868 [WARN] ModelIntegratedComponent:63 - No mode defined for component null
2024-11-09 15:23:01,869 [WARN] ModelIntegratedComponent:63 - No mode defined for component null
2024-11-09 15:23:01,869 [WARN] ModelIntegratedComponent:63 - No mode defined for component null
2024-11-09 15:23:01,869 [WARN] ModelIntegratedComponent:63 - No mode defined for component null
2024-11-09 15:23:01,869 [WARN] ModelIntegratedComponent:63 - No mode defined for component null
2024-11-09 15:23:01,869 [WARN] ModelIntegratedComponent:63 - No mode defined for component null
2024-11-09 15:23:01,869 [WARN] ModelIntegratedComponent:63 - No mode defined for component null
2024-11-09 15:23:01,869 [WARN] ModelIntegratedComponent:63 - No mode defined for component null
2024-11-09 15:23:01,869 [WARN] ModelIntegratedComponent:63 - No mode defined for component null
2024-11-09 15:23:01,869 [WARN] ModelIntegratedComponent:63 - No mode defined for component null
2024-11-09 15:23:01,869 [WARN] ModelIntegratedComponent:63 - No mode defined for component null
2024-11-09 15:23:01,869 [WARN] ModelIntegratedComponent:63 - No mode defined for component null
2024-11-09 15:23:01,869 [WARN] ModelIntegratedComponent:63 - No mode defined for component null
2024-11-09 15:23:01,869 [WARN] ModelIntegratedComponent:63 - No mode defined for component null
2024-11-09 15:23:01,869 [WARN] ModelIntegratedComponent:63 - No mode defined for component null
2024-11-09 15:23:01,870 [WARN] ModelIntegratedComponent:63 - No mode defined for component null
2024-11-09 15:23:01,870 [WARN] ModelIntegratedComponent:63 - No mode defined for component null
2024-11-09 15:23:01,870 [WARN] ModelIntegratedComponent:63 - No mode defined for component null
2024-11-09 15:23:01,870 [WARN] ModelIntegratedComponent:63 - No mode defined for component null
2024-11-09 15:23:01,870 [WARN] ModelIntegratedComponent:63 - No mode defined for component null
2024-11-09 15:23:01,870 [WARN] ModelPack:524 - Component already loaded: STMicroelectronics:HAL Drivers:0.0.0:STMicroelectronics:Device:STMicro_Driver:XSPI:HAL::0.0.1:HAL_XSPI
2024-11-09 15:23:02,205 [WARN] ModelIntegratedComponent:182 - Modes not found for component STMicroelectronics:USB_DEVICE:1.0.0:STMicroelectronics:USB::USB Device:Audio HS::1.0:USB_DEVICE_1_0_RESTRICTED_HS
2024-11-09 15:23:02,205 [WARN] ModelIntegratedComponent:188 - Modes not found for component STMicroelectronics:USB_DEVICE:1.0.0:STMicroelectronics:USB::USB Device:Audio HS::1.0:USB_DEVICE_1_0_RESTRICTED_HS
2024-11-09 15:23:02,205 [WARN] ModelIntegratedComponent:182 - Modes not found for component STMicroelectronics:USB_DEVICE:1.0.0:STMicroelectronics:USB::USB Device:CDC HS::1.0:USB_DEVICE_1_0_RESTRICTED_HS
2024-11-09 15:23:02,205 [WARN] ModelIntegratedComponent:188 - Modes not found for component STMicroelectronics:USB_DEVICE:1.0.0:STMicroelectronics:USB::USB Device:CDC HS::1.0:USB_DEVICE_1_0_RESTRICTED_HS
2024-11-09 15:23:02,205 [WARN] ModelIntegratedComponent:182 - Modes not found for component STMicroelectronics:USB_DEVICE:1.0.0:STMicroelectronics:USB::USB Device:DFU HS::1.0:USB_DEVICE_1_0_RESTRICTED_HS
2024-11-09 15:23:02,205 [WARN] ModelIntegratedComponent:188 - Modes not found for component STMicroelectronics:USB_DEVICE:1.0.0:STMicroelectronics:USB::USB Device:DFU HS::1.0:USB_DEVICE_1_0_RESTRICTED_HS
2024-11-09 15:23:02,205 [WARN] ModelIntegratedComponent:182 - Modes not found for component STMicroelectronics:USB_DEVICE:1.0.0:STMicroelectronics:USB::USB Device:HID HS::1.0:USB_DEVICE_1_0_RESTRICTED_HS
2024-11-09 15:23:02,205 [WARN] ModelIntegratedComponent:188 - Modes not found for component STMicroelectronics:USB_DEVICE:1.0.0:STMicroelectronics:USB::USB Device:HID HS::1.0:USB_DEVICE_1_0_RESTRICTED_HS
2024-11-09 15:23:02,205 [WARN] ModelIntegratedComponent:182 - Modes not found for component STMicroelectronics:USB_DEVICE:1.0.0:STMicroelectronics:USB::USB Device:Custom HID HS::1.0:USB_DEVICE_1_0_RESTRICTED_HS
2024-11-09 15:23:02,205 [WARN] ModelIntegratedComponent:188 - Modes not found for component STMicroelectronics:USB_DEVICE:1.0.0:STMicroelectronics:USB::USB Device:Custom HID HS::1.0:USB_DEVICE_1_0_RESTRICTED_HS
2024-11-09 15:23:02,206 [WARN] ModelIntegratedComponent:182 - Modes not found for component STMicroelectronics:USB_DEVICE:1.0.0:STMicroelectronics:USB::USB Device:MSC HS::1.0:USB_DEVICE_1_0_RESTRICTED_HS
2024-11-09 15:23:02,206 [WARN] ModelIntegratedComponent:188 - Modes not found for component STMicroelectronics:USB_DEVICE:1.0.0:STMicroelectronics:USB::USB Device:MSC HS::1.0:USB_DEVICE_1_0_RESTRICTED_HS
2024-11-09 15:23:02,260 [INFO] ThirdPartyModel:298 - Start build external matchings
2024-11-09 15:23:04,389 [INFO] ThirdPartyModel:316 - End build external matchings
2024-11-09 15:23:04,772 [INFO] UtilMem:75 - End LoadConfig() Used Memory: 410352736 Bytes (694157312)
2024-11-09 15:23:04,826 [WARN] ThirdParty:833 - waiting for thirdparty lock release [change project]
2024-11-09 15:23:04,827 [INFO] ThirdParty:835 - entering critical section [change project]
2024-11-09 15:23:04,828 [INFO] ThirdParty:1030 - CMSIS Pack Vendor :STMicroelectronics USBPD 4.1
2024-11-09 15:23:04,828 [INFO] ThirdParty:1030 - CMSIS Pack Vendor :STMicroelectronics X-CUBE-AZRTOS-H7 3.3.0
2024-11-09 15:23:04,828 [INFO] ThirdParty:1030 - CMSIS Pack Vendor :STMicroelectronics X-CUBE-NFC9 1.0.0
2024-11-09 15:23:04,828 [INFO] ThirdParty:1030 - CMSIS Pack Vendor :STMicroelectronics X-CUBE-GNSS1 6.0.0
2024-11-09 15:23:04,829 [INFO] ThirdParty:1030 - CMSIS Pack Vendor :STMicroelectronics USB_HOST 2.0.0
2024-11-09 15:23:04,829 [INFO] ThirdParty:1030 - CMSIS Pack Vendor :STMicroelectronics FP-SNS-MOTENVWB1 1.4.0
2024-11-09 15:23:04,829 [INFO] ThirdParty:1030 - CMSIS Pack Vendor :STMicroelectronics X-CUBE-AZRTOS-F4 1.1.0
2024-11-09 15:23:04,835 [INFO] ThirdParty:1030 - CMSIS Pack Vendor :STMicroelectronics LIBJPEG 8.0.0
2024-11-09 15:23:04,835 [INFO] ThirdParty:1030 - CMSIS Pack Vendor :STMicroelectronics X-CUBE-SMBUS 2.1.0
2024-11-09 15:23:04,836 [INFO] ThirdParty:1030 - CMSIS Pack Vendor :STMicroelectronics USB_DEVICE 3.0.0
2024-11-09 15:23:04,836 [INFO] ThirdParty:1030 - CMSIS Pack Vendor :STMicroelectronics X-CUBE-TCPP 4.1.0
2024-11-09 15:23:04,836 [INFO] ThirdParty:1030 - CMSIS Pack Vendor :STMicroelectronics X-CUBE-ISPU 2.1.0
2024-11-09 15:23:04,837 [INFO] ThirdParty:1030 - CMSIS Pack Vendor :STMicroelectronics X-CUBE-FREERTOS 1.2.0
2024-11-09 15:23:04,837 [INFO] ThirdParty:1030 - CMSIS Pack Vendor :STMicroelectronics X-CUBE-AZRTOS-WB 2.0.0
2024-11-09 15:23:04,837 [INFO] ThirdParty:1030 - CMSIS Pack Vendor :wolfSSL I-CUBE-wolfSSL 5.6.6
2024-11-09 15:23:04,837 [INFO] ThirdParty:1030 - CMSIS Pack Vendor :STMicroelectronics X-CUBE-GNSS1 7.0.0
2024-11-09 15:23:04,837 [INFO] ThirdParty:1030 - CMSIS Pack Vendor :STMicroelectronics X-CUBE-TOUCHGFX 4.23.1
2024-11-09 15:23:04,837 [INFO] ThirdParty:1030 - CMSIS Pack Vendor :STMicroelectronics X-CUBE-TOUCHGFX 4.23.0
2024-11-09 15:23:04,837 [INFO] ThirdParty:1030 - CMSIS Pack Vendor :STMicroelectronics X-CUBE-TOUCHGFX 4.23.2
2024-11-09 15:23:04,837 [INFO] ThirdParty:1030 - CMSIS Pack Vendor :STMicroelectronics X-CUBE-AZRTOS-F7 1.1.0
2024-11-09 15:23:04,838 [INFO] ThirdParty:1030 - CMSIS Pack Vendor :STMicroelectronics X-CUBE-AZRTOS-L5 2.0.0
2024-11-09 15:23:04,838 [INFO] ThirdParty:1030 - CMSIS Pack Vendor :STMicroelectronics USB_DEVICE 2.0.0
2024-11-09 15:23:04,840 [INFO] ThirdParty:1030 - CMSIS Pack Vendor :STMicroelectronics X-CUBE-NFC6 3.1.0
2024-11-09 15:23:04,840 [INFO] ThirdParty:1030 - CMSIS Pack Vendor :ITTIA_DB I-CUBE-ITTIADB 8.8.0
2024-11-09 15:23:04,840 [INFO] ThirdParty:1030 - CMSIS Pack Vendor :STMicroelectronics FP-SNS-STBOX1 2.0.0
2024-11-09 15:23:04,840 [INFO] ThirdParty:1030 - CMSIS Pack Vendor :STMicroelectronics FP-SNS-MOTENV1 4.3.2
2024-11-09 15:23:04,840 [INFO] ThirdParty:1030 - CMSIS Pack Vendor :STMicroelectronics X-CUBE-ALGOBUILD 1.3.0
2024-11-09 15:23:04,841 [INFO] ThirdParty:1030 - CMSIS Pack Vendor :STMicroelectronics X-CUBE-MEMS1 11.0.0
2024-11-09 15:23:04,841 [INFO] ThirdParty:1030 - CMSIS Pack Vendor :STMicroelectronics FreeRTOS 0.0.1
2024-11-09 15:23:04,841 [INFO] ThirdParty:1030 - CMSIS Pack Vendor :STMicroelectronics X-CUBE-AZRTOS-G0 1.1.0
2024-11-09 15:23:04,841 [INFO] ThirdParty:1030 - CMSIS Pack Vendor :STMicroelectronics X-CUBE-SAFEA1 1.2.2
2024-11-09 15:23:04,841 [INFO] ThirdParty:1030 - CMSIS Pack Vendor :STMicroelectronics X-CUBE-NFC4 3.0.0
2024-11-09 15:23:04,841 [INFO] ThirdParty:1030 - CMSIS Pack Vendor :STMicroelectronics X-CUBE-DPower 1.2.0
2024-11-09 15:23:04,841 [INFO] ThirdParty:1030 - CMSIS Pack Vendor :STMicroelectronics X-CUBE-SUBG2 5.0.0
2024-11-09 15:23:04,841 [INFO] ThirdParty:1030 - CMSIS Pack Vendor :STMicroelectronics STM32_WPAN 1.0.0
2024-11-09 15:23:04,841 [INFO] ThirdParty:1030 - CMSIS Pack Vendor :wolfSSL I-CUBE-wolfMQTT 1.18.0
2024-11-09 15:23:04,841 [INFO] ThirdParty:1030 - CMSIS Pack Vendor :EmbeddedOffice I-CUBE-FS-RTOS 1.0.1
2024-11-09 15:23:04,842 [INFO] ThirdParty:1030 - CMSIS Pack Vendor :STMicroelectronics lwIP 2.0.3
2024-11-09 15:23:04,842 [INFO] ThirdParty:1030 - CMSIS Pack Vendor :STMicroelectronics FP-SNS-FLIGHT1 5.0.2
2024-11-09 15:23:04,842 [INFO] ThirdParty:1030 - CMSIS Pack Vendor :STMicroelectronics USB_HOST 1.0.0
2024-11-09 15:23:04,842 [INFO] ThirdParty:1030 - CMSIS Pack Vendor :STMicroelectronics X-CUBE-AI 9.0.0
2024-11-09 15:23:04,842 [INFO] ThirdParty:1030 - CMSIS Pack Vendor :STMicroelectronics X-CUBE-AZRTOS-G4 2.0.0
2024-11-09 15:23:04,842 [INFO] ThirdParty:1030 - CMSIS Pack Vendor :STMicroelectronics PDM2PCM 3.1.0
2024-11-09 15:23:04,842 [INFO] ThirdParty:1030 - CMSIS Pack Vendor :Infineon AIROC-Wi-Fi-Bluetooth-STM32 1.5.1
2024-11-09 15:23:04,843 [INFO] ThirdParty:1030 - CMSIS Pack Vendor :STMicroelectronics X-CUBE-BLEMGR 3.0.0
2024-11-09 15:23:04,845 [INFO] ThirdParty:1030 - CMSIS Pack Vendor :STMicroelectronics PDM2PCM 3.3.0
2024-11-09 15:23:04,846 [INFO] ThirdParty:1030 - CMSIS Pack Vendor :STMicroelectronics X-CUBE-DISPLAY 3.0.0
2024-11-09 15:23:04,846 [INFO] ThirdParty:1030 - CMSIS Pack Vendor :RealThread X-CUBE-RT-Thread_Nano 4.1.1
2024-11-09 15:23:04,846 [INFO] ThirdParty:1030 - CMSIS Pack Vendor :STMicroelectronics FP-SNS-MOTENVWB1 1.3.1
2024-11-09 15:23:04,846 [INFO] ThirdParty:1030 - CMSIS Pack Vendor :STMicroelectronics X-CUBE-BLE1 7.0.0
2024-11-09 15:23:04,846 [INFO] ThirdParty:1030 - CMSIS Pack Vendor :STMicroelectronics FP-ATR-SIGFOX1 3.2.0
2024-11-09 15:23:04,846 [INFO] ThirdParty:1030 - CMSIS Pack Vendor :STMicroelectronics X-CUBE-NFC10 1.0.0
2024-11-09 15:23:04,846 [INFO] ThirdParty:1030 - CMSIS Pack Vendor :STMicroelectronics X-CUBE-ISPU 2.0.0
2024-11-09 15:23:04,846 [INFO] ThirdParty:1030 - CMSIS Pack Vendor :STMicroelectronics X-CUBE-EEPRMA1 5.1.0
2024-11-09 15:23:04,846 [INFO] ThirdParty:1030 - CMSIS Pack Vendor :STMicroelectronics HAL Drivers 0.0.0
2024-11-09 15:23:04,846 [INFO] ThirdParty:1030 - CMSIS Pack Vendor :STMicroelectronics MBEDTLS 2.16.2
2024-11-09 15:23:04,846 [INFO] ThirdParty:1030 - CMSIS Pack Vendor :STMicroelectronics X-CUBE-ALS 1.0.2
2024-11-09 15:23:04,846 [INFO] ThirdParty:1030 - CMSIS Pack Vendor :emotas I-CUBE-CANOPEN 1.3.0
2024-11-09 15:23:04,847 [INFO] ThirdParty:1030 - CMSIS Pack Vendor :STMicroelectronics X-CUBE-MEMS1 10.0.0
2024-11-09 15:23:04,847 [INFO] ThirdParty:1030 - CMSIS Pack Vendor :STMicroelectronics X-CUBE-FREERTOS 1.1.0
2024-11-09 15:23:04,847 [INFO] ThirdParty:1030 - CMSIS Pack Vendor :STMicroelectronics X-CUBE-NFC7 1.0.1
2024-11-09 15:23:04,847 [INFO] ThirdParty:1030 - CMSIS Pack Vendor :STMicroelectronics MBEDTLS 2.14.1
2024-11-09 15:23:04,847 [INFO] ThirdParty:1030 - CMSIS Pack Vendor :STMicroelectronics X-CUBE-TOUCHGFX 4.24.0
2024-11-09 15:23:04,847 [INFO] ThirdParty:1030 - CMSIS Pack Vendor :wolfSSL I-CUBE-wolfTPM 3.2.0
2024-11-09 15:23:04,847 [INFO] ThirdParty:1030 - CMSIS Pack Vendor :STMicroelectronics X-CUBE-TOUCHGFX 4.24.1
2024-11-09 15:23:04,847 [INFO] ThirdParty:1030 - CMSIS Pack Vendor :STMicroelectronics X-CUBE-NFC6 3.0.0
2024-11-09 15:23:04,847 [INFO] ThirdParty:1030 - CMSIS Pack Vendor :portGmbH I-Cube-SoM-uGOAL 1.1.0
2024-11-09 15:23:04,847 [INFO] ThirdParty:1030 - CMSIS Pack Vendor :STMicroelectronics X-CUBE-ALS 1.0.1
2024-11-09 15:23:04,847 [INFO] ThirdParty:1030 - CMSIS Pack Vendor :STMicroelectronics X-CUBE-BLEMGR 3.1.0
2024-11-09 15:23:04,847 [INFO] ThirdParty:1030 - CMSIS Pack Vendor :STMicroelectronics ThreadX 1.0.0
2024-11-09 15:23:04,847 [INFO] ThirdParty:1030 - CMSIS Pack Vendor :STMicroelectronics FP-SNS-SMARTAG2 1.2.0
2024-11-09 15:23:04,848 [INFO] ThirdParty:1030 - CMSIS Pack Vendor :STMicroelectronics X-CUBE-AZRTOS-WL 2.0.0
2024-11-09 15:23:04,848 [INFO] ThirdParty:1030 - CMSIS Pack Vendor :SEGGER I-CUBE-embOS 1.3.1
2024-11-09 15:23:04,848 [INFO] ThirdParty:1030 - CMSIS Pack Vendor :STMicroelectronics X-CUBE-ALGOBUILD 1.4.0
2024-11-09 15:23:04,848 [INFO] ThirdParty:1030 - CMSIS Pack Vendor :STMicroelectronics FP-SNS-MOTENV1 5.0.0
2024-11-09 15:23:04,848 [INFO] ThirdParty:1030 - CMSIS Pack Vendor :STMicroelectronics USB_DEVICE 1.0.0
2024-11-09 15:23:04,848 [INFO] ThirdParty:1030 - CMSIS Pack Vendor :STMicroelectronics X-CUBE-AI 8.1.0
2024-11-09 15:23:04,848 [INFO] ThirdParty:1030 - CMSIS Pack Vendor :STMicroelectronics X-CUBE-AZRTOS-H7RS 1.0.0
2024-11-09 15:23:04,849 [INFO] ThirdParty:1030 - CMSIS Pack Vendor :wolfSSL I-CUBE-wolfMQTT 1.19.0
2024-11-09 15:23:04,849 [INFO] ThirdParty:1030 - CMSIS Pack Vendor :STMicroelectronics X-CUBE-AZRTOS-L4 2.0.0
2024-11-09 15:23:04,849 [INFO] ThirdParty:1030 - CMSIS Pack Vendor :STMicroelectronics ThreadX 0.0.2
2024-11-09 15:23:04,849 [INFO] ThirdParty:1030 - CMSIS Pack Vendor :WES I-CUBE-Cesium 1.3.0
2024-11-09 15:23:04,849 [INFO] ThirdParty:1030 - CMSIS Pack Vendor :STMicroelectronics FP-ATR-ASTRA1 2.0.0
2024-11-09 15:23:04,849 [INFO] ThirdParty:1030 - CMSIS Pack Vendor :STMicroelectronics lwIP 2.1.2
2024-11-09 15:23:04,850 [INFO] ThirdParty:1030 - CMSIS Pack Vendor :STMicroelectronics X-CUBE-SFXS2LP1 4.0.0
2024-11-09 15:23:04,850 [INFO] ThirdParty:1030 - CMSIS Pack Vendor :STMicroelectronics X-CUBE-BLE2 3.3.0
2024-11-09 15:23:04,850 [INFO] ThirdParty:1030 - CMSIS Pack Vendor :STMicroelectronics X-CUBE-TOF1 3.4.2
2024-11-09 15:23:04,850 [INFO] ThirdParty:1030 - CMSIS Pack Vendor :STMicroelectronics X-CUBE-TOF1 3.4.0
2024-11-09 15:23:04,850 [INFO] ThirdParty:1030 - CMSIS Pack Vendor :STMicroelectronics X-CUBE-TOF1 3.4.1
2024-11-09 15:23:04,850 [INFO] ThirdParty:1030 - CMSIS Pack Vendor :STMicroelectronics X-CUBE-AZRTOS-H7 3.2.0
2024-11-09 15:23:04,850 [INFO] ThirdParty:1030 - CMSIS Pack Vendor :STMicroelectronics PDM2PCM 3.2.0
2024-11-09 15:23:04,852 [INFO] ThirdParty:1030 - CMSIS Pack Vendor :wolfSSL I-CUBE-wolfSSH 1.4.17
2024-11-09 15:23:04,853 [INFO] ThirdParty:841 - exiting critical section [change project]
2024-11-09 15:23:05,380 [INFO] PinOutPanel:1561 - setPackage(No Configuration,No Configuration)
2024-11-09 15:23:05,384 [INFO] PinOutPanel:1561 - setPackage(STM32F411CEUx,UFQFPN48)
2024-11-09 15:23:06,086 [INFO] UtilMem:75 - Before build in PCC Used Memory: 284423872 Bytes (694157312)
2024-11-09 15:23:07,154 [INFO] UtilMem:75 - After build in PCC Used Memory: 403829392 Bytes (694157312)
2024-11-09 15:23:07,226 [INFO] IPUIPlugin:80 - create IPUIPlugin
2024-11-09 15:23:07,228 [INFO] IPUIPlugin:80 - create IPUIPlugin
2024-11-09 15:23:07,228 [INFO] IPUIPlugin:80 - create IPUIPlugin
2024-11-09 15:23:07,228 [INFO] IPUIPlugin:80 - create IPUIPlugin
2024-11-09 15:23:07,229 [INFO] IPUIPlugin:80 - create IPUIPlugin
2024-11-09 15:23:07,229 [INFO] IPUIPlugin:80 - create IPUIPlugin
2024-11-09 15:23:07,229 [INFO] IPUIPlugin:80 - create IPUIPlugin
2024-11-09 15:23:07,230 [INFO] IPUIPlugin:80 - create IPUIPlugin
2024-11-09 15:23:07,231 [INFO] IPUIPlugin:80 - create IPUIPlugin
2024-11-09 15:23:07,231 [INFO] IPUIPlugin:80 - create IPUIPlugin
2024-11-09 15:23:07,232 [INFO] IPUIPlugin:80 - create IPUIPlugin
2024-11-09 15:23:07,232 [INFO] IPUIPlugin:80 - create IPUIPlugin
2024-11-09 15:23:07,233 [INFO] IPUIPlugin:80 - create IPUIPlugin
2024-11-09 15:23:07,233 [INFO] IPUIPlugin:80 - create IPUIPlugin
2024-11-09 15:23:07,233 [INFO] IPUIPlugin:80 - create IPUIPlugin
2024-11-09 15:23:07,253 [INFO] IPUIPlugin:80 - create IPUIPlugin
2024-11-09 15:23:07,253 [INFO] IPUIPlugin:80 - create IPUIPlugin
2024-11-09 15:23:07,254 [INFO] IPUIPlugin:80 - create IPUIPlugin
2024-11-09 15:23:07,254 [INFO] IPUIPlugin:80 - create IPUIPlugin
2024-11-09 15:23:07,255 [INFO] IPUIPlugin:80 - create IPUIPlugin
2024-11-09 15:23:07,255 [INFO] IPUIPlugin:80 - create IPUIPlugin
2024-11-09 15:23:07,255 [INFO] IPUIPlugin:80 - create IPUIPlugin
2024-11-09 15:23:07,255 [INFO] IPUIPlugin:80 - create IPUIPlugin
2024-11-09 15:23:07,256 [INFO] IPUIPlugin:80 - create IPUIPlugin
2024-11-09 15:23:07,256 [INFO] IPUIPlugin:80 - create IPUIPlugin
2024-11-09 15:23:07,256 [INFO] IPUIPlugin:80 - create IPUIPlugin
2024-11-09 15:23:07,256 [INFO] IPUIPlugin:80 - create IPUIPlugin
2024-11-09 15:23:07,256 [INFO] IPUIPlugin:80 - create IPUIPlugin
2024-11-09 15:23:07,257 [INFO] IPUIPlugin:80 - create IPUIPlugin
2024-11-09 15:23:07,257 [INFO] IPUIPlugin:80 - create IPUIPlugin
2024-11-09 15:23:07,257 [INFO] IPUIPlugin:80 - create IPUIPlugin
2024-11-09 15:23:07,257 [INFO] IPUIPlugin:80 - create IPUIPlugin
2024-11-09 15:23:07,257 [INFO] IPUIPlugin:80 - create IPUIPlugin
2024-11-09 15:23:07,258 [INFO] IPUIPlugin:80 - create IPUIPlugin
2024-11-09 15:23:07,258 [INFO] IPUIPlugin:80 - create IPUIPlugin
2024-11-09 15:23:07,258 [INFO] IPUIPlugin:80 - create IPUIPlugin
2024-11-09 15:23:07,258 [INFO] IPUIPlugin:80 - create IPUIPlugin
2024-11-09 15:23:07,259 [INFO] IPUIPlugin:80 - create IPUIPlugin
2024-11-09 15:23:07,259 [INFO] IPUIPlugin:80 - create IPUIPlugin
2024-11-09 15:23:07,259 [INFO] IPUIPlugin:80 - create IPUIPlugin
2024-11-09 15:23:07,260 [INFO] IPUIPlugin:80 - create IPUIPlugin
2024-11-09 15:23:07,260 [INFO] IPUIPlugin:80 - create IPUIPlugin
2024-11-09 15:23:07,261 [INFO] IPUIPlugin:80 - create IPUIPlugin
2024-11-09 15:23:07,365 [INFO] ApiDbMcu:508 - Load IP Config File for PDM2PCM
2024-11-09 15:23:07,657 [INFO] CADModel:165 - CPN selected for project levelSTM32F411CEU6
2024-11-09 15:23:07,657 [INFO] CADModel:114 - Register for checkConnection events
2024-11-09 15:23:07,699 [INFO] OpenFileManager:363 - Restore cursor
2024-11-09 15:23:08,742 [INFO] UtilMem:75 - End SaveConfig() Used Memory: 518256320 Bytes (694157312)
2024-11-09 15:23:16,149 [INFO] McuFinderGlobals:76 - Set McuFinderConnectedMode to true
2024-11-09 15:23:16,157 [INFO] ApiDb:448 - Save user favorites file /Users/liangnie/.stm32cubeide/favorites.mcus.txt: 0 item(s)
2024-11-09 15:23:16,157 [INFO] ApiDb:452 - User favorites MCUs=[]
2024-11-09 15:23:20,428 [INFO] McuFinderGlobals:63 - Set McuFinder mode to 2 (CubeIDE integrated)
2024-11-09 15:23:20,429 [INFO] UserAuth:179 - activating auth plugin
2024-11-09 15:23:20,436 [INFO] UserAuth:417 - Internet connection configuration mode: 1
2024-11-09 15:25:39,279 [INFO] WebApp:643 - userauth.ini created with success
2024-11-09 15:30:50,346 [INFO] Gpio:277 - dependency for GPIO [RCC]
2024-11-09 15:30:56,825 [INFO] Gpio:277 - dependency for GPIO [RCC]
2024-11-09 15:32:40,379 [INFO] UtilMem:75 - End SaveConfig() Used Memory: 542388632 Bytes (692060160)
2024-11-09 15:32:55,026 [INFO] AnalyticsPlugin:368 - Accepted License(s): [FW.F4.1.28.0]
2024-11-09 15:32:55,028 [INFO] FileExtend:240 - Unzip File : stm32cube_fw_f4_v1280.zip
2024-11-09 15:32:55,028 [INFO] FileExtend:255 - Standard Zip Deflate
2024-11-09 15:33:21,967 [INFO] ServerAccessManage:473 - Download File stm32cube_fw_f4_v1281.zip
2024-11-09 15:34:15,299 [INFO] FileExtend:240 - Unzip File : stm32cube_fw_f4_v1281.zip
2024-11-09 15:34:15,300 [INFO] FileExtend:255 - Standard Zip Deflate
2024-11-09 15:34:37,173 [INFO] MainUpdater:3567 - Updater definition file requires update
2024-11-09 15:34:37,175 [INFO] LoadServerPackagesThread:196 - End of LoadServerPackages Thread
2024-11-09 15:34:48,414 [ERROR] ServerAccessManage:1146 - Warning during Server Connection :  Unknown host sw-center.st.com
2024-11-09 15:34:48,415 [ERROR] ServerAccessManage:651 - Unknown host server name. : updaters.zip.
2024-11-09 15:34:48,415 [WARN] LoadServerUpdatesThread:475 - Updater definition download error.
2024-11-09 15:34:48,417 [INFO] LoadServerUpdatesThread:375 - End of LoadServerUpdate Thread
2024-11-09 15:34:48,603 [INFO] CheckServerUpdateThread:120 - End of CheckServer Thread
2024-11-09 15:34:48,622 [INFO] UtilMem:75 - End SaveConfig() Used Memory: 261908720 Bytes (1073741824)
2024-11-09 15:34:48,703 [ERROR] ConfigurationRetriever:142 - IOException on connection: sw-center.st.com
2024-11-09 15:34:48,705 [ERROR] ConfigurationRetriever:142 - IOException on connection: sw-center.st.com
2024-11-09 15:34:48,705 [ERROR] ConfigurationRetriever:142 - IOException on connection: sw-center.st.com
2024-11-09 15:34:49,307 [INFO] BlockDiagram:2766 - set Specific Code input for plugin: NVIC
2024-11-09 15:34:49,307 [INFO] BlockDiagram:2766 - set Specific Code input for plugin: SYS
2024-11-09 15:34:49,307 [INFO] BlockDiagram:2766 - set Specific Code input for plugin: GPIO
2024-11-09 15:34:49,307 [INFO] BlockDiagram:2766 - set Specific Code input for plugin: RCC
2024-11-09 15:34:49,309 [INFO] CodeGenerator:807 - code generatio: config db path: /Applications/STM32CubeIDE.app/Contents/Eclipse/plugins/com.st.stm32cube.common.mx_6.12.0.202406281431//db/
2024-11-09 15:34:49,499 [INFO] CodeEngine:255 - oldGeneratedFile, /Users/liangnie/Documents/GitHub/STM32CUBEIDE/Liang Nie/STM_BLACKPILL/MXTmpFiles/license.tmp_save
2024-11-09 15:34:49,996 [INFO] CodeEngine:279 - Generated code: /Users/liangnie/Documents/GitHub/STM32CUBEIDE/Liang Nie/STM_BLACKPILL/MXTmpFiles/license.tmp
2024-11-09 15:34:50,095 [INFO] CodeEngine:255 - oldGeneratedFile, /Users/liangnie/Documents/GitHub/STM32CUBEIDE/Liang Nie/STM_BLACKPILL/MXTmpFiles/gpio.tmp_save
2024-11-09 15:34:50,271 [INFO] CodeEngine:279 - Generated code: /Users/liangnie/Documents/GitHub/STM32CUBEIDE/Liang Nie/STM_BLACKPILL/MXTmpFiles/gpio.tmp
2024-11-09 15:34:50,292 [INFO] CodeEngine:255 - oldGeneratedFile, /Users/liangnie/Documents/GitHub/STM32CUBEIDE/Liang Nie/STM_BLACKPILL/Core/Src/stm32f4xx_it.c_save
2024-11-09 15:34:50,466 [INFO] CodeEngine:279 - Generated code: /Users/liangnie/Documents/GitHub/STM32CUBEIDE/Liang Nie/STM_BLACKPILL/Core/Src/stm32f4xx_it.c
2024-11-09 15:34:50,471 [INFO] CodeEngine:255 - oldGeneratedFile, /Users/liangnie/Documents/GitHub/STM32CUBEIDE/Liang Nie/STM_BLACKPILL/Core/Inc/stm32f4xx_it.h_save
2024-11-09 15:34:50,612 [INFO] CodeEngine:279 - Generated code: /Users/liangnie/Documents/GitHub/STM32CUBEIDE/Liang Nie/STM_BLACKPILL/Core/Inc/stm32f4xx_it.h
2024-11-09 15:34:50,622 [INFO] CodeEngine:255 - oldGeneratedFile, /Users/liangnie/Documents/GitHub/STM32CUBEIDE/Liang Nie/STM_BLACKPILL/Core/Src/stm32f4xx_hal_msp.c_save
2024-11-09 15:34:50,798 [INFO] CodeEngine:279 - Generated code: /Users/liangnie/Documents/GitHub/STM32CUBEIDE/Liang Nie/STM_BLACKPILL/Core/Src/stm32f4xx_hal_msp.c
2024-11-09 15:34:50,801 [INFO] CodeEngine:255 - oldGeneratedFile, /Users/liangnie/Documents/GitHub/STM32CUBEIDE/Liang Nie/STM_BLACKPILL/MXTmpFiles/system.tmp_save
2024-11-09 15:34:50,903 [INFO] CodeEngine:279 - Generated code: /Users/liangnie/Documents/GitHub/STM32CUBEIDE/Liang Nie/STM_BLACKPILL/MXTmpFiles/system.tmp
2024-11-09 15:34:50,909 [INFO] CodeEngine:311 - oldGeneratedFile, /Users/liangnie/Documents/GitHub/STM32CUBEIDE/Liang Nie/STM_BLACKPILL/Core/Inc/stm32f4xx_hal_conf.h_save
2024-11-09 15:34:51,025 [INFO] CodeEngine:335 - Generated code: /Users/liangnie/Documents/GitHub/STM32CUBEIDE/Liang Nie/STM_BLACKPILL/Core/Inc/stm32f4xx_hal_conf.h
2024-11-09 15:34:51,108 [INFO] CodeEngine:255 - oldGeneratedFile, /Users/liangnie/Documents/GitHub/STM32CUBEIDE/Liang Nie/STM_BLACKPILL/Core/Inc/main.h_save
2024-11-09 15:34:51,238 [INFO] CodeEngine:279 - Generated code: /Users/liangnie/Documents/GitHub/STM32CUBEIDE/Liang Nie/STM_BLACKPILL/Core/Inc/main.h
2024-11-09 15:34:51,242 [INFO] CodeEngine:255 - oldGeneratedFile, /Users/liangnie/Documents/GitHub/STM32CUBEIDE/Liang Nie/STM_BLACKPILL/Core/Src/main.c_save
2024-11-09 15:34:51,412 [INFO] CodeEngine:279 - Generated code: /Users/liangnie/Documents/GitHub/STM32CUBEIDE/Liang Nie/STM_BLACKPILL/Core/Src/main.c
2024-11-09 15:34:51,819 [INFO] ProjectBuilder:3249 - Time for Copy HAL[1] : 96mS.
2024-11-09 15:34:51,825 [INFO] ProjectBuilder:4828 - Project Generator version: 4.4.0-B60
2024-11-09 15:34:52,028 [INFO] ConfigFileManager:1531 - The Die is : DIE431
2024-11-09 15:34:52,060 [INFO] ApiDbMcu:508 - Load IP Config File for FATFS
2024-11-09 15:34:52,140 [INFO] ApiDbMcu:508 - Load IP Config File for FREERTOS
2024-11-09 15:34:52,154 [INFO] ApiDbMcu:508 - Load IP Config File for LIBJPEG
2024-11-09 15:34:52,277 [INFO] ApiDbMcu:508 - Load IP Config File for MBEDTLS
2024-11-09 15:34:52,380 [INFO] ApiDbMcu:508 - Load IP Config File for USB_DEVICE
2024-11-09 15:34:52,409 [INFO] ApiDbMcu:508 - Load IP Config File for USB_HOST
2024-11-09 15:34:55,912 [INFO] ProjectBuilder:5097 - Time for Generating toolchain IDE Files: 4086mS.
2024-11-09 15:34:55,913 [INFO] ProjectBuilder:3107 - Time for Copy CMSIS : 1mS.
2024-11-09 15:34:55,915 [INFO] ProjectBuilder:3107 - Time for Copy CMSIS : 0mS.
2024-11-09 15:35:20,512 [INFO] UtilMem:75 - End SaveConfig() Used Memory: 881795776 Bytes (1073741824)
2024-11-09 15:35:20,650 [ERROR] ConfigurationRetriever:142 - IOException on connection: sw-center.st.com
2024-11-09 15:35:20,651 [ERROR] ConfigurationRetriever:142 - IOException on connection: sw-center.st.com
2024-11-09 15:35:20,651 [ERROR] ConfigurationRetriever:142 - IOException on connection: sw-center.st.com
2024-11-09 15:35:20,889 [INFO] BlockDiagram:2766 - set Specific Code input for plugin: NVIC
2024-11-09 15:35:20,889 [INFO] BlockDiagram:2766 - set Specific Code input for plugin: SYS
2024-11-09 15:35:20,889 [INFO] BlockDiagram:2766 - set Specific Code input for plugin: GPIO
2024-11-09 15:35:20,889 [INFO] BlockDiagram:2766 - set Specific Code input for plugin: RCC
2024-11-09 15:35:20,890 [INFO] CodeGenerator:807 - code generatio: config db path: /Applications/STM32CubeIDE.app/Contents/Eclipse/plugins/com.st.stm32cube.common.mx_6.12.0.202406281431//db/
2024-11-09 15:35:21,036 [INFO] CodeEngine:255 - oldGeneratedFile, /Users/liangnie/Documents/GitHub/STM32CUBEIDE/Liang Nie/STM_BLACKPILL/MXTmpFiles/license.tmp_save
2024-11-09 15:35:21,157 [INFO] CodeEngine:279 - Generated code: /Users/liangnie/Documents/GitHub/STM32CUBEIDE/Liang Nie/STM_BLACKPILL/MXTmpFiles/license.tmp
2024-11-09 15:35:21,186 [INFO] CodeEngine:255 - oldGeneratedFile, /Users/liangnie/Documents/GitHub/STM32CUBEIDE/Liang Nie/STM_BLACKPILL/MXTmpFiles/gpio.tmp_save
2024-11-09 15:35:21,488 [INFO] CodeEngine:279 - Generated code: /Users/liangnie/Documents/GitHub/STM32CUBEIDE/Liang Nie/STM_BLACKPILL/MXTmpFiles/gpio.tmp
2024-11-09 15:35:21,517 [INFO] CodeEngine:255 - oldGeneratedFile, /Users/liangnie/Documents/GitHub/STM32CUBEIDE/Liang Nie/STM_BLACKPILL/Core/Src/stm32f4xx_it.c_save
2024-11-09 15:35:21,638 [INFO] CodeEngine:279 - Generated code: /Users/liangnie/Documents/GitHub/STM32CUBEIDE/Liang Nie/STM_BLACKPILL/Core/Src/stm32f4xx_it.c
2024-11-09 15:35:21,641 [INFO] CodeEngine:255 - oldGeneratedFile, /Users/liangnie/Documents/GitHub/STM32CUBEIDE/Liang Nie/STM_BLACKPILL/Core/Inc/stm32f4xx_it.h_save
2024-11-09 15:35:21,751 [INFO] CodeEngine:279 - Generated code: /Users/liangnie/Documents/GitHub/STM32CUBEIDE/Liang Nie/STM_BLACKPILL/Core/Inc/stm32f4xx_it.h
2024-11-09 15:35:21,761 [INFO] CodeEngine:255 - oldGeneratedFile, /Users/liangnie/Documents/GitHub/STM32CUBEIDE/Liang Nie/STM_BLACKPILL/Core/Src/stm32f4xx_hal_msp.c_save
2024-11-09 15:35:21,895 [INFO] CodeEngine:279 - Generated code: /Users/liangnie/Documents/GitHub/STM32CUBEIDE/Liang Nie/STM_BLACKPILL/Core/Src/stm32f4xx_hal_msp.c
2024-11-09 15:35:21,900 [INFO] CodeEngine:255 - oldGeneratedFile, /Users/liangnie/Documents/GitHub/STM32CUBEIDE/Liang Nie/STM_BLACKPILL/MXTmpFiles/system.tmp_save
2024-11-09 15:35:21,984 [INFO] CodeEngine:279 - Generated code: /Users/liangnie/Documents/GitHub/STM32CUBEIDE/Liang Nie/STM_BLACKPILL/MXTmpFiles/system.tmp
2024-11-09 15:35:21,991 [INFO] CodeEngine:311 - oldGeneratedFile, /Users/liangnie/Documents/GitHub/STM32CUBEIDE/Liang Nie/STM_BLACKPILL/Core/Inc/stm32f4xx_hal_conf.h_save
2024-11-09 15:35:22,097 [INFO] CodeEngine:335 - Generated code: /Users/liangnie/Documents/GitHub/STM32CUBEIDE/Liang Nie/STM_BLACKPILL/Core/Inc/stm32f4xx_hal_conf.h
2024-11-09 15:35:22,161 [INFO] CodeEngine:255 - oldGeneratedFile, /Users/liangnie/Documents/GitHub/STM32CUBEIDE/Liang Nie/STM_BLACKPILL/Core/Inc/main.h_save
2024-11-09 15:35:22,252 [INFO] CodeEngine:279 - Generated code: /Users/liangnie/Documents/GitHub/STM32CUBEIDE/Liang Nie/STM_BLACKPILL/Core/Inc/main.h
2024-11-09 15:35:22,255 [INFO] CodeEngine:255 - oldGeneratedFile, /Users/liangnie/Documents/GitHub/STM32CUBEIDE/Liang Nie/STM_BLACKPILL/Core/Src/main.c_save
2024-11-09 15:35:22,394 [INFO] CodeEngine:279 - Generated code: /Users/liangnie/Documents/GitHub/STM32CUBEIDE/Liang Nie/STM_BLACKPILL/Core/Src/main.c
2024-11-09 15:35:22,772 [INFO] ProjectBuilder:3249 - Time for Copy HAL[1] : 113mS.
2024-11-09 15:35:22,775 [INFO] ProjectBuilder:4828 - Project Generator version: 4.4.0-B60
2024-11-09 15:35:22,908 [INFO] ConfigFileManager:1531 - The Die is : DIE431
2024-11-09 15:35:23,998 [INFO] ProjectBuilder:5097 - Time for Generating toolchain IDE Files: 1223mS.
2024-11-09 15:35:23,999 [INFO] ProjectBuilder:3107 - Time for Copy CMSIS : 1mS.
2024-11-09 15:35:24,000 [INFO] ProjectBuilder:3107 - Time for Copy CMSIS : 0mS.
2024-11-09 15:39:04,243 [INFO] UtilMem:75 - End SaveConfig() Used Memory: 825028752 Bytes (916455424)
2024-11-09 15:39:04,539 [INFO] BlockDiagram:2766 - set Specific Code input for plugin: NVIC
2024-11-09 15:39:04,539 [INFO] BlockDiagram:2766 - set Specific Code input for plugin: SYS
2024-11-09 15:39:04,539 [INFO] BlockDiagram:2766 - set Specific Code input for plugin: GPIO
2024-11-09 15:39:04,539 [INFO] BlockDiagram:2766 - set Specific Code input for plugin: RCC
2024-11-09 15:39:04,540 [INFO] CodeGenerator:807 - code generatio: config db path: /Applications/STM32CubeIDE.app/Contents/Eclipse/plugins/com.st.stm32cube.common.mx_6.12.0.202406281431//db/
2024-11-09 15:39:04,707 [INFO] CodeEngine:255 - oldGeneratedFile, /Users/liangnie/Documents/GitHub/STM32CUBEIDE/Liang Nie/STM_BLACKPILL/MXTmpFiles/license.tmp_save
2024-11-09 15:39:04,856 [INFO] CodeEngine:279 - Generated code: /Users/liangnie/Documents/GitHub/STM32CUBEIDE/Liang Nie/STM_BLACKPILL/MXTmpFiles/license.tmp
2024-11-09 15:39:04,880 [INFO] CodeEngine:255 - oldGeneratedFile, /Users/liangnie/Documents/GitHub/STM32CUBEIDE/Liang Nie/STM_BLACKPILL/MXTmpFiles/gpio.tmp_save
2024-11-09 15:39:04,979 [INFO] CodeEngine:279 - Generated code: /Users/liangnie/Documents/GitHub/STM32CUBEIDE/Liang Nie/STM_BLACKPILL/MXTmpFiles/gpio.tmp
2024-11-09 15:39:04,996 [INFO] CodeEngine:255 - oldGeneratedFile, /Users/liangnie/Documents/GitHub/STM32CUBEIDE/Liang Nie/STM_BLACKPILL/Core/Src/stm32f4xx_it.c_save
2024-11-09 15:39:05,138 [INFO] CodeEngine:279 - Generated code: /Users/liangnie/Documents/GitHub/STM32CUBEIDE/Liang Nie/STM_BLACKPILL/Core/Src/stm32f4xx_it.c
2024-11-09 15:39:05,142 [INFO] CodeEngine:255 - oldGeneratedFile, /Users/liangnie/Documents/GitHub/STM32CUBEIDE/Liang Nie/STM_BLACKPILL/Core/Inc/stm32f4xx_it.h_save
2024-11-09 15:39:05,235 [INFO] CodeEngine:279 - Generated code: /Users/liangnie/Documents/GitHub/STM32CUBEIDE/Liang Nie/STM_BLACKPILL/Core/Inc/stm32f4xx_it.h
2024-11-09 15:39:05,244 [INFO] CodeEngine:255 - oldGeneratedFile, /Users/liangnie/Documents/GitHub/STM32CUBEIDE/Liang Nie/STM_BLACKPILL/Core/Src/stm32f4xx_hal_msp.c_save
2024-11-09 15:39:05,393 [INFO] CodeEngine:279 - Generated code: /Users/liangnie/Documents/GitHub/STM32CUBEIDE/Liang Nie/STM_BLACKPILL/Core/Src/stm32f4xx_hal_msp.c
2024-11-09 15:39:05,396 [INFO] CodeEngine:255 - oldGeneratedFile, /Users/liangnie/Documents/GitHub/STM32CUBEIDE/Liang Nie/STM_BLACKPILL/MXTmpFiles/system.tmp_save
2024-11-09 15:39:05,509 [INFO] CodeEngine:279 - Generated code: /Users/liangnie/Documents/GitHub/STM32CUBEIDE/Liang Nie/STM_BLACKPILL/MXTmpFiles/system.tmp
2024-11-09 15:39:05,518 [INFO] CodeEngine:311 - oldGeneratedFile, /Users/liangnie/Documents/GitHub/STM32CUBEIDE/Liang Nie/STM_BLACKPILL/Core/Inc/stm32f4xx_hal_conf.h_save
2024-11-09 15:39:05,636 [INFO] CodeEngine:335 - Generated code: /Users/liangnie/Documents/GitHub/STM32CUBEIDE/Liang Nie/STM_BLACKPILL/Core/Inc/stm32f4xx_hal_conf.h
2024-11-09 15:39:05,719 [INFO] CodeEngine:255 - oldGeneratedFile, /Users/liangnie/Documents/GitHub/STM32CUBEIDE/Liang Nie/STM_BLACKPILL/Core/Inc/main.h_save
2024-11-09 15:39:05,837 [INFO] CodeEngine:279 - Generated code: /Users/liangnie/Documents/GitHub/STM32CUBEIDE/Liang Nie/STM_BLACKPILL/Core/Inc/main.h
2024-11-09 15:39:05,843 [INFO] CodeEngine:255 - oldGeneratedFile, /Users/liangnie/Documents/GitHub/STM32CUBEIDE/Liang Nie/STM_BLACKPILL/Core/Src/main.c_save
2024-11-09 15:39:05,998 [INFO] CodeEngine:279 - Generated code: /Users/liangnie/Documents/GitHub/STM32CUBEIDE/Liang Nie/STM_BLACKPILL/Core/Src/main.c
2024-11-09 15:39:06,594 [INFO] ProjectBuilder:3249 - Time for Copy HAL[1] : 222mS.
2024-11-09 15:39:06,596 [INFO] ProjectBuilder:4828 - Project Generator version: 4.4.0-B60
2024-11-09 15:39:06,745 [INFO] ConfigFileManager:1531 - The Die is : DIE431
2024-11-09 15:39:07,811 [INFO] ProjectBuilder:5097 - Time for Generating toolchain IDE Files: 1215mS.
2024-11-09 15:39:07,812 [INFO] ProjectBuilder:3107 - Time for Copy CMSIS : 0mS.
2024-11-09 15:39:07,814 [INFO] ProjectBuilder:3107 - Time for Copy CMSIS : 0mS.
2024-11-09 15:45:18,579 [INFO] UtilMem:75 - End SaveConfig() Used Memory: 341119400 Bytes (916455424)
2024-11-09 15:45:21,167 [INFO] UtilMem:75 - End SaveConfig() Used Memory: 365236648 Bytes (916455424)
2024-11-09 15:45:24,262 [INFO] UtilMem:75 - End SaveConfig() Used Memory: 425527720 Bytes (916455424)
2024-11-09 15:45:24,554 [INFO] BlockDiagram:2766 - set Specific Code input for plugin: NVIC
2024-11-09 15:45:24,554 [INFO] BlockDiagram:2766 - set Specific Code input for plugin: SYS
2024-11-09 15:45:24,554 [INFO] BlockDiagram:2766 - set Specific Code input for plugin: GPIO
2024-11-09 15:45:24,555 [INFO] BlockDiagram:2766 - set Specific Code input for plugin: RCC
2024-11-09 15:45:24,555 [INFO] CodeGenerator:807 - code generatio: config db path: /Applications/STM32CubeIDE.app/Contents/Eclipse/plugins/com.st.stm32cube.common.mx_6.12.0.202406281431//db/
2024-11-09 15:45:24,719 [INFO] CodeEngine:255 - oldGeneratedFile, /Users/liangnie/Documents/GitHub/STM32CUBEIDE/Liang Nie/STM_BLACKPILL/MXTmpFiles/license.tmp_save
2024-11-09 15:45:24,822 [INFO] CodeEngine:279 - Generated code: /Users/liangnie/Documents/GitHub/STM32CUBEIDE/Liang Nie/STM_BLACKPILL/MXTmpFiles/license.tmp
2024-11-09 15:45:24,858 [INFO] CodeEngine:255 - oldGeneratedFile, /Users/liangnie/Documents/GitHub/STM32CUBEIDE/Liang Nie/STM_BLACKPILL/MXTmpFiles/gpio.tmp_save
2024-11-09 15:45:24,961 [INFO] CodeEngine:279 - Generated code: /Users/liangnie/Documents/GitHub/STM32CUBEIDE/Liang Nie/STM_BLACKPILL/MXTmpFiles/gpio.tmp
2024-11-09 15:45:24,982 [INFO] CodeEngine:255 - oldGeneratedFile, /Users/liangnie/Documents/GitHub/STM32CUBEIDE/Liang Nie/STM_BLACKPILL/Core/Src/stm32f4xx_it.c_save
2024-11-09 15:45:25,253 [INFO] CodeEngine:279 - Generated code: /Users/liangnie/Documents/GitHub/STM32CUBEIDE/Liang Nie/STM_BLACKPILL/Core/Src/stm32f4xx_it.c
2024-11-09 15:45:25,256 [INFO] CodeEngine:255 - oldGeneratedFile, /Users/liangnie/Documents/GitHub/STM32CUBEIDE/Liang Nie/STM_BLACKPILL/Core/Inc/stm32f4xx_it.h_save
2024-11-09 15:45:25,346 [INFO] CodeEngine:279 - Generated code: /Users/liangnie/Documents/GitHub/STM32CUBEIDE/Liang Nie/STM_BLACKPILL/Core/Inc/stm32f4xx_it.h
2024-11-09 15:45:25,354 [INFO] CodeEngine:255 - oldGeneratedFile, /Users/liangnie/Documents/GitHub/STM32CUBEIDE/Liang Nie/STM_BLACKPILL/Core/Src/stm32f4xx_hal_msp.c_save
2024-11-09 15:45:25,483 [INFO] CodeEngine:279 - Generated code: /Users/liangnie/Documents/GitHub/STM32CUBEIDE/Liang Nie/STM_BLACKPILL/Core/Src/stm32f4xx_hal_msp.c
2024-11-09 15:45:25,485 [INFO] CodeEngine:255 - oldGeneratedFile, /Users/liangnie/Documents/GitHub/STM32CUBEIDE/Liang Nie/STM_BLACKPILL/MXTmpFiles/system.tmp_save
2024-11-09 15:45:25,563 [INFO] CodeEngine:279 - Generated code: /Users/liangnie/Documents/GitHub/STM32CUBEIDE/Liang Nie/STM_BLACKPILL/MXTmpFiles/system.tmp
2024-11-09 15:45:25,568 [INFO] CodeEngine:311 - oldGeneratedFile, /Users/liangnie/Documents/GitHub/STM32CUBEIDE/Liang Nie/STM_BLACKPILL/Core/Inc/stm32f4xx_hal_conf.h_save
2024-11-09 15:45:25,637 [INFO] CodeEngine:335 - Generated code: /Users/liangnie/Documents/GitHub/STM32CUBEIDE/Liang Nie/STM_BLACKPILL/Core/Inc/stm32f4xx_hal_conf.h
2024-11-09 15:45:25,701 [INFO] CodeEngine:255 - oldGeneratedFile, /Users/liangnie/Documents/GitHub/STM32CUBEIDE/Liang Nie/STM_BLACKPILL/Core/Inc/main.h_save
2024-11-09 15:45:25,787 [INFO] CodeEngine:279 - Generated code: /Users/liangnie/Documents/GitHub/STM32CUBEIDE/Liang Nie/STM_BLACKPILL/Core/Inc/main.h
2024-11-09 15:45:25,790 [INFO] CodeEngine:255 - oldGeneratedFile, /Users/liangnie/Documents/GitHub/STM32CUBEIDE/Liang Nie/STM_BLACKPILL/Core/Src/main.c_save
2024-11-09 15:45:25,885 [INFO] CodeEngine:279 - Generated code: /Users/liangnie/Documents/GitHub/STM32CUBEIDE/Liang Nie/STM_BLACKPILL/Core/Src/main.c
2024-11-09 15:45:26,307 [INFO] ProjectBuilder:3249 - Time for Copy HAL[1] : 123mS.
2024-11-09 15:45:26,309 [INFO] ProjectBuilder:4828 - Project Generator version: 4.4.0-B60
2024-11-09 15:45:26,449 [INFO] ConfigFileManager:1531 - The Die is : DIE431
2024-11-09 15:45:27,408 [INFO] ProjectBuilder:5097 - Time for Generating toolchain IDE Files: 1099mS.
2024-11-09 15:45:27,410 [INFO] ProjectBuilder:3107 - Time for Copy CMSIS : 2mS.
2024-11-09 15:45:27,413 [INFO] ProjectBuilder:3107 - Time for Copy CMSIS : 0mS.
2024-11-09 16:04:42,857 [INFO] Gpio:277 - dependency for GPIO [RCC]
2024-11-09 16:04:59,198 [INFO] Gpio:277 - dependency for GPIO [RCC]
2024-11-09 16:05:03,552 [INFO] UtilMem:75 - End SaveConfig() Used Memory: 312826888 Bytes (916455424)
2024-11-09 16:05:08,519 [INFO] UtilMem:75 - End SaveConfig() Used Memory: 391022672 Bytes (916455424)
2024-11-09 16:05:08,784 [INFO] BlockDiagram:2766 - set Specific Code input for plugin: NVIC
2024-11-09 16:05:08,784 [INFO] BlockDiagram:2766 - set Specific Code input for plugin: SYS
2024-11-09 16:05:08,784 [INFO] BlockDiagram:2766 - set Specific Code input for plugin: GPIO
2024-11-09 16:05:08,784 [INFO] BlockDiagram:2766 - set Specific Code input for plugin: RCC
2024-11-09 16:05:08,786 [INFO] CodeGenerator:807 - code generatio: config db path: /Applications/STM32CubeIDE.app/Contents/Eclipse/plugins/com.st.stm32cube.common.mx_6.12.0.202406281431//db/
2024-11-09 16:05:08,924 [INFO] CodeEngine:255 - oldGeneratedFile, /Users/liangnie/Documents/GitHub/STM32CUBEIDE/Liang Nie/STM_BLACKPILL/MXTmpFiles/license.tmp_save
2024-11-09 16:05:09,097 [INFO] CodeEngine:279 - Generated code: /Users/liangnie/Documents/GitHub/STM32CUBEIDE/Liang Nie/STM_BLACKPILL/MXTmpFiles/license.tmp
2024-11-09 16:05:09,116 [INFO] CodeEngine:255 - oldGeneratedFile, /Users/liangnie/Documents/GitHub/STM32CUBEIDE/Liang Nie/STM_BLACKPILL/MXTmpFiles/gpio.tmp_save
2024-11-09 16:05:09,205 [INFO] CodeEngine:279 - Generated code: /Users/liangnie/Documents/GitHub/STM32CUBEIDE/Liang Nie/STM_BLACKPILL/MXTmpFiles/gpio.tmp
2024-11-09 16:05:09,219 [INFO] CodeEngine:255 - oldGeneratedFile, /Users/liangnie/Documents/GitHub/STM32CUBEIDE/Liang Nie/STM_BLACKPILL/Core/Src/stm32f4xx_it.c_save
2024-11-09 16:05:09,647 [INFO] CodeEngine:279 - Generated code: /Users/liangnie/Documents/GitHub/STM32CUBEIDE/Liang Nie/STM_BLACKPILL/Core/Src/stm32f4xx_it.c
2024-11-09 16:05:09,652 [INFO] CodeEngine:255 - oldGeneratedFile, /Users/liangnie/Documents/GitHub/STM32CUBEIDE/Liang Nie/STM_BLACKPILL/Core/Inc/stm32f4xx_it.h_save
2024-11-09 16:05:09,740 [INFO] CodeEngine:279 - Generated code: /Users/liangnie/Documents/GitHub/STM32CUBEIDE/Liang Nie/STM_BLACKPILL/Core/Inc/stm32f4xx_it.h
2024-11-09 16:05:09,747 [INFO] CodeEngine:255 - oldGeneratedFile, /Users/liangnie/Documents/GitHub/STM32CUBEIDE/Liang Nie/STM_BLACKPILL/Core/Src/stm32f4xx_hal_msp.c_save
2024-11-09 16:05:09,853 [INFO] CodeEngine:279 - Generated code: /Users/liangnie/Documents/GitHub/STM32CUBEIDE/Liang Nie/STM_BLACKPILL/Core/Src/stm32f4xx_hal_msp.c
2024-11-09 16:05:09,855 [INFO] CodeEngine:255 - oldGeneratedFile, /Users/liangnie/Documents/GitHub/STM32CUBEIDE/Liang Nie/STM_BLACKPILL/MXTmpFiles/system.tmp_save
2024-11-09 16:05:09,936 [INFO] CodeEngine:279 - Generated code: /Users/liangnie/Documents/GitHub/STM32CUBEIDE/Liang Nie/STM_BLACKPILL/MXTmpFiles/system.tmp
2024-11-09 16:05:09,943 [INFO] CodeEngine:311 - oldGeneratedFile, /Users/liangnie/Documents/GitHub/STM32CUBEIDE/Liang Nie/STM_BLACKPILL/Core/Inc/stm32f4xx_hal_conf.h_save
2024-11-09 16:05:10,036 [INFO] CodeEngine:335 - Generated code: /Users/liangnie/Documents/GitHub/STM32CUBEIDE/Liang Nie/STM_BLACKPILL/Core/Inc/stm32f4xx_hal_conf.h
2024-11-09 16:05:10,099 [INFO] CodeEngine:255 - oldGeneratedFile, /Users/liangnie/Documents/GitHub/STM32CUBEIDE/Liang Nie/STM_BLACKPILL/Core/Inc/main.h_save
2024-11-09 16:05:10,243 [INFO] CodeEngine:279 - Generated code: /Users/liangnie/Documents/GitHub/STM32CUBEIDE/Liang Nie/STM_BLACKPILL/Core/Inc/main.h
2024-11-09 16:05:10,246 [INFO] CodeEngine:255 - oldGeneratedFile, /Users/liangnie/Documents/GitHub/STM32CUBEIDE/Liang Nie/STM_BLACKPILL/Core/Src/main.c_save
2024-11-09 16:05:10,374 [INFO] CodeEngine:279 - Generated code: /Users/liangnie/Documents/GitHub/STM32CUBEIDE/Liang Nie/STM_BLACKPILL/Core/Src/main.c
2024-11-09 16:05:10,835 [INFO] ProjectBuilder:3249 - Time for Copy HAL[1] : 142mS.
2024-11-09 16:05:10,840 [INFO] ProjectBuilder:4828 - Project Generator version: 4.4.0-B60
2024-11-09 16:05:10,956 [INFO] ConfigFileManager:1531 - The Die is : DIE431
2024-11-09 16:05:12,692 [INFO] ProjectBuilder:5097 - Time for Generating toolchain IDE Files: 1852mS.
2024-11-09 16:05:12,693 [INFO] ProjectBuilder:3107 - Time for Copy CMSIS : 1mS.
2024-11-09 16:05:12,694 [INFO] ProjectBuilder:3107 - Time for Copy CMSIS : 0mS.
2024-11-09 16:05:56,644 [INFO] UtilMem:75 - End SaveConfig() Used Memory: 754654296 Bytes (1073741824)
2024-11-09 16:05:56,984 [INFO] UtilMem:75 - End SaveConfig() Used Memory: 782965848 Bytes (1073741824)
2024-11-09 16:05:57,230 [INFO] BlockDiagram:2766 - set Specific Code input for plugin: NVIC
2024-11-09 16:05:57,230 [INFO] BlockDiagram:2766 - set Specific Code input for plugin: SYS
2024-11-09 16:05:57,230 [INFO] BlockDiagram:2766 - set Specific Code input for plugin: GPIO
2024-11-09 16:05:57,230 [INFO] BlockDiagram:2766 - set Specific Code input for plugin: RCC
2024-11-09 16:05:57,231 [INFO] CodeGenerator:807 - code generatio: config db path: /Applications/STM32CubeIDE.app/Contents/Eclipse/plugins/com.st.stm32cube.common.mx_6.12.0.202406281431//db/
2024-11-09 16:05:57,397 [INFO] CodeEngine:255 - oldGeneratedFile, /Users/liangnie/Documents/GitHub/STM32CUBEIDE/Liang Nie/STM_BLACKPILL/MXTmpFiles/license.tmp_save
2024-11-09 16:05:57,505 [INFO] CodeEngine:279 - Generated code: /Users/liangnie/Documents/GitHub/STM32CUBEIDE/Liang Nie/STM_BLACKPILL/MXTmpFiles/license.tmp
2024-11-09 16:05:57,559 [INFO] CodeEngine:255 - oldGeneratedFile, /Users/liangnie/Documents/GitHub/STM32CUBEIDE/Liang Nie/STM_BLACKPILL/MXTmpFiles/gpio.tmp_save
2024-11-09 16:05:57,767 [INFO] CodeEngine:279 - Generated code: /Users/liangnie/Documents/GitHub/STM32CUBEIDE/Liang Nie/STM_BLACKPILL/MXTmpFiles/gpio.tmp
2024-11-09 16:05:57,789 [INFO] CodeEngine:255 - oldGeneratedFile, /Users/liangnie/Documents/GitHub/STM32CUBEIDE/Liang Nie/STM_BLACKPILL/Core/Src/stm32f4xx_it.c_save
2024-11-09 16:05:57,881 [INFO] CodeEngine:279 - Generated code: /Users/liangnie/Documents/GitHub/STM32CUBEIDE/Liang Nie/STM_BLACKPILL/Core/Src/stm32f4xx_it.c
2024-11-09 16:05:57,886 [INFO] CodeEngine:255 - oldGeneratedFile, /Users/liangnie/Documents/GitHub/STM32CUBEIDE/Liang Nie/STM_BLACKPILL/Core/Inc/stm32f4xx_it.h_save
2024-11-09 16:05:58,075 [INFO] CodeEngine:279 - Generated code: /Users/liangnie/Documents/GitHub/STM32CUBEIDE/Liang Nie/STM_BLACKPILL/Core/Inc/stm32f4xx_it.h
2024-11-09 16:05:58,088 [INFO] CodeEngine:255 - oldGeneratedFile, /Users/liangnie/Documents/GitHub/STM32CUBEIDE/Liang Nie/STM_BLACKPILL/Core/Src/stm32f4xx_hal_msp.c_save
2024-11-09 16:05:58,307 [INFO] CodeEngine:279 - Generated code: /Users/liangnie/Documents/GitHub/STM32CUBEIDE/Liang Nie/STM_BLACKPILL/Core/Src/stm32f4xx_hal_msp.c
2024-11-09 16:05:58,309 [INFO] CodeEngine:255 - oldGeneratedFile, /Users/liangnie/Documents/GitHub/STM32CUBEIDE/Liang Nie/STM_BLACKPILL/MXTmpFiles/system.tmp_save
2024-11-09 16:05:58,407 [INFO] CodeEngine:279 - Generated code: /Users/liangnie/Documents/GitHub/STM32CUBEIDE/Liang Nie/STM_BLACKPILL/MXTmpFiles/system.tmp
2024-11-09 16:05:58,417 [INFO] CodeEngine:311 - oldGeneratedFile, /Users/liangnie/Documents/GitHub/STM32CUBEIDE/Liang Nie/STM_BLACKPILL/Core/Inc/stm32f4xx_hal_conf.h_save
2024-11-09 16:05:58,518 [INFO] CodeEngine:335 - Generated code: /Users/liangnie/Documents/GitHub/STM32CUBEIDE/Liang Nie/STM_BLACKPILL/Core/Inc/stm32f4xx_hal_conf.h
2024-11-09 16:05:58,592 [INFO] CodeEngine:255 - oldGeneratedFile, /Users/liangnie/Documents/GitHub/STM32CUBEIDE/Liang Nie/STM_BLACKPILL/Core/Inc/main.h_save
2024-11-09 16:05:58,671 [INFO] CodeEngine:279 - Generated code: /Users/liangnie/Documents/GitHub/STM32CUBEIDE/Liang Nie/STM_BLACKPILL/Core/Inc/main.h
2024-11-09 16:05:58,673 [INFO] CodeEngine:255 - oldGeneratedFile, /Users/liangnie/Documents/GitHub/STM32CUBEIDE/Liang Nie/STM_BLACKPILL/Core/Src/main.c_save
2024-11-09 16:05:58,826 [INFO] CodeEngine:279 - Generated code: /Users/liangnie/Documents/GitHub/STM32CUBEIDE/Liang Nie/STM_BLACKPILL/Core/Src/main.c
2024-11-09 16:05:59,217 [INFO] ProjectBuilder:3249 - Time for Copy HAL[1] : 129mS.
2024-11-09 16:05:59,218 [INFO] ProjectBuilder:4828 - Project Generator version: 4.4.0-B60
2024-11-09 16:05:59,602 [INFO] ConfigFileManager:1531 - The Die is : DIE431
2024-11-09 16:06:00,964 [INFO] ProjectBuilder:5097 - Time for Generating toolchain IDE Files: 1746mS.
2024-11-09 16:06:00,964 [INFO] ProjectBuilder:3107 - Time for Copy CMSIS : 0mS.
2024-11-09 16:06:00,965 [INFO] ProjectBuilder:3107 - Time for Copy CMSIS : 0mS.
2024-11-09 16:06:57,658 [INFO] UtilMem:75 - End SaveConfig() Used Memory: 741553752 Bytes (1013972992)
2024-11-09 16:06:59,217 [INFO] UtilMem:75 - End SaveConfig() Used Memory: 773774672 Bytes (1013972992)
2024-11-09 16:06:59,513 [INFO] UtilMem:75 - End SaveConfig() Used Memory: 796606040 Bytes (1013972992)
2024-11-09 16:06:59,816 [INFO] BlockDiagram:2766 - set Specific Code input for plugin: NVIC
2024-11-09 16:06:59,816 [INFO] BlockDiagram:2766 - set Specific Code input for plugin: SYS
2024-11-09 16:06:59,817 [INFO] BlockDiagram:2766 - set Specific Code input for plugin: GPIO
2024-11-09 16:06:59,818 [INFO] BlockDiagram:2766 - set Specific Code input for plugin: RCC
2024-11-09 16:06:59,820 [INFO] CodeGenerator:807 - code generatio: config db path: /Applications/STM32CubeIDE.app/Contents/Eclipse/plugins/com.st.stm32cube.common.mx_6.12.0.202406281431//db/
2024-11-09 16:07:00,015 [INFO] CodeEngine:255 - oldGeneratedFile, /Users/liangnie/Documents/GitHub/STM32CUBEIDE/Liang Nie/STM_BLACKPILL/MXTmpFiles/license.tmp_save
2024-11-09 16:07:00,106 [INFO] CodeEngine:279 - Generated code: /Users/liangnie/Documents/GitHub/STM32CUBEIDE/Liang Nie/STM_BLACKPILL/MXTmpFiles/license.tmp
2024-11-09 16:07:00,145 [INFO] CodeEngine:255 - oldGeneratedFile, /Users/liangnie/Documents/GitHub/STM32CUBEIDE/Liang Nie/STM_BLACKPILL/MXTmpFiles/gpio.tmp_save
2024-11-09 16:07:00,298 [INFO] CodeEngine:279 - Generated code: /Users/liangnie/Documents/GitHub/STM32CUBEIDE/Liang Nie/STM_BLACKPILL/MXTmpFiles/gpio.tmp
2024-11-09 16:07:00,312 [INFO] CodeEngine:255 - oldGeneratedFile, /Users/liangnie/Documents/GitHub/STM32CUBEIDE/Liang Nie/STM_BLACKPILL/Core/Src/stm32f4xx_it.c_save
2024-11-09 16:07:00,422 [INFO] CodeEngine:279 - Generated code: /Users/liangnie/Documents/GitHub/STM32CUBEIDE/Liang Nie/STM_BLACKPILL/Core/Src/stm32f4xx_it.c
2024-11-09 16:07:00,426 [INFO] CodeEngine:255 - oldGeneratedFile, /Users/liangnie/Documents/GitHub/STM32CUBEIDE/Liang Nie/STM_BLACKPILL/Core/Inc/stm32f4xx_it.h_save
2024-11-09 16:07:00,565 [INFO] CodeEngine:279 - Generated code: /Users/liangnie/Documents/GitHub/STM32CUBEIDE/Liang Nie/STM_BLACKPILL/Core/Inc/stm32f4xx_it.h
2024-11-09 16:07:00,577 [INFO] CodeEngine:255 - oldGeneratedFile, /Users/liangnie/Documents/GitHub/STM32CUBEIDE/Liang Nie/STM_BLACKPILL/Core/Src/stm32f4xx_hal_msp.c_save
2024-11-09 16:07:00,846 [INFO] CodeEngine:279 - Generated code: /Users/liangnie/Documents/GitHub/STM32CUBEIDE/Liang Nie/STM_BLACKPILL/Core/Src/stm32f4xx_hal_msp.c
2024-11-09 16:07:00,848 [INFO] CodeEngine:255 - oldGeneratedFile, /Users/liangnie/Documents/GitHub/STM32CUBEIDE/Liang Nie/STM_BLACKPILL/MXTmpFiles/system.tmp_save
2024-11-09 16:07:00,954 [INFO] CodeEngine:279 - Generated code: /Users/liangnie/Documents/GitHub/STM32CUBEIDE/Liang Nie/STM_BLACKPILL/MXTmpFiles/system.tmp
2024-11-09 16:07:00,959 [INFO] CodeEngine:311 - oldGeneratedFile, /Users/liangnie/Documents/GitHub/STM32CUBEIDE/Liang Nie/STM_BLACKPILL/Core/Inc/stm32f4xx_hal_conf.h_save
2024-11-09 16:07:01,058 [INFO] CodeEngine:335 - Generated code: /Users/liangnie/Documents/GitHub/STM32CUBEIDE/Liang Nie/STM_BLACKPILL/Core/Inc/stm32f4xx_hal_conf.h
2024-11-09 16:07:01,175 [INFO] CodeEngine:255 - oldGeneratedFile, /Users/liangnie/Documents/GitHub/STM32CUBEIDE/Liang Nie/STM_BLACKPILL/Core/Inc/main.h_save
2024-11-09 16:07:01,279 [INFO] CodeEngine:279 - Generated code: /Users/liangnie/Documents/GitHub/STM32CUBEIDE/Liang Nie/STM_BLACKPILL/Core/Inc/main.h
2024-11-09 16:07:01,285 [INFO] CodeEngine:255 - oldGeneratedFile, /Users/liangnie/Documents/GitHub/STM32CUBEIDE/Liang Nie/STM_BLACKPILL/Core/Src/main.c_save
2024-11-09 16:07:01,458 [INFO] CodeEngine:279 - Generated code: /Users/liangnie/Documents/GitHub/STM32CUBEIDE/Liang Nie/STM_BLACKPILL/Core/Src/main.c
2024-11-09 16:07:01,881 [INFO] ProjectBuilder:3249 - Time for Copy HAL[1] : 135mS.
2024-11-09 16:07:01,882 [INFO] ProjectBuilder:4828 - Project Generator version: 4.4.0-B60
2024-11-09 16:07:02,158 [INFO] ConfigFileManager:1531 - The Die is : DIE431
2024-11-09 16:07:03,681 [INFO] ProjectBuilder:5097 - Time for Generating toolchain IDE Files: 1798mS.
2024-11-09 16:07:03,682 [INFO] ProjectBuilder:3107 - Time for Copy CMSIS : 0mS.
2024-11-09 16:07:03,683 [INFO] ProjectBuilder:3107 - Time for Copy CMSIS : 0mS.
