2025-10-03 14:56:40,700 [INFO] Activator:176 - 


2025-10-03 14:56:40,718 [INFO] Activator:177 - !SESSION log4j initialized
2025-10-03 14:57:00,994 [INFO] LogOutputStream:77 - [STDOUT_REDIRECT] 
2025-10-03 14:57:04,847 [INFO] LogOutputStream:77 - [STDOUT_REDIRECT] 
2025-10-03 14:57:11,403 [ERROR] LogOutputStream:75 - [STDERR_REDIRECT] 
2025-10-03 14:57:12,203 [ERROR] LogOutputStream:75 - [STDERR_REDIRECT] java.net.URISyntaxException: Illegal character in path at index 56: file:/Users/liangnie/Documents/GitHub/STM32CUBEIDE/Liang Nie/.metadata/.log4j2.xml
2025-10-03 14:57:12,204 [ERROR] LogOutputStream:75 - [STDERR_REDIRECT] 	at java.base/java.net.URI$Parser.fail(URI.java:2995)
2025-10-03 14:57:12,204 [ERROR] LogOutputStream:75 - [STDERR_REDIRECT] 	at java.base/java.net.URI$Parser.checkChars(URI.java:3166)
2025-10-03 14:57:12,205 [ERROR] LogOutputStream:75 - [STDERR_REDIRECT] 	at java.base/java.net.URI$Parser.parseHierarchical(URI.java:3248)
2025-10-03 14:57:12,206 [ERROR] LogOutputStream:75 - [STDERR_REDIRECT] 	at java.base/java.net.URI$Parser.parse(URI.java:3196)
2025-10-03 14:57:12,207 [ERROR] LogOutputStream:75 - [STDERR_REDIRECT] 	at java.base/java.net.URI.<init>(URI.java:645)
2025-10-03 14:57:12,207 [ERROR] LogOutputStream:75 - [STDERR_REDIRECT] 	at java.base/java.net.URL.toURI(URL.java:1220)
2025-10-03 14:57:12,208 [ERROR] LogOutputStream:75 - [STDERR_REDIRECT] 	at com.st.stm32cube.common.mx.core.CubeMxInstance.getInstance(CubeMxInstance.java:81)
2025-10-03 14:57:12,209 [ERROR] LogOutputStream:75 - [STDERR_REDIRECT] 	at com.st.stm32cube.common.mx.userauth.UserAuthAdapter.<init>(UserAuthAdapter.java:25)
2025-10-03 14:57:12,209 [ERROR] LogOutputStream:75 - [STDERR_REDIRECT] 	at com.st.stm32cube.common.mx.userauth.UserAuthProvider.getUserAuthAdapter(UserAuthProvider.java:16)
2025-10-03 14:57:12,210 [ERROR] LogOutputStream:75 - [STDERR_REDIRECT] 	at com.st.stm32cube.common.ecosystemintegration.ui.core.MCUEcoSystemIntegrationUiHelper.getUserAuth(MCUEcoSystemIntegrationUiHelper.java:100)
2025-10-03 14:57:12,211 [ERROR] LogOutputStream:75 - [STDERR_REDIRECT] 	at com.st.stm32cube.ide.mcu.userauth.UserAuthStartup.earlyStartup(UserAuthStartup.java:32)
2025-10-03 14:57:12,212 [ERROR] LogOutputStream:75 - [STDERR_REDIRECT] 	at org.eclipse.ui.internal.EarlyStartupRunnable.runEarlyStartup(EarlyStartupRunnable.java:79)
2025-10-03 14:57:12,212 [ERROR] LogOutputStream:75 - [STDERR_REDIRECT] 	at org.eclipse.ui.internal.EarlyStartupRunnable.run(EarlyStartupRunnable.java:55)
2025-10-03 14:57:12,213 [ERROR] LogOutputStream:75 - [STDERR_REDIRECT] 	at org.eclipse.core.runtime.SafeRunner.run(SafeRunner.java:47)
2025-10-03 14:57:12,213 [ERROR] LogOutputStream:75 - [STDERR_REDIRECT] 	at org.eclipse.ui.internal.Workbench$39.run(Workbench.java:2733)
2025-10-03 14:57:12,214 [ERROR] LogOutputStream:75 - [STDERR_REDIRECT] 	at org.eclipse.core.internal.jobs.Worker.run(Worker.java:63)
2025-10-03 14:57:13,028 [INFO] ApplicationProperties:184 - Using Application install path: /Applications/STM32CubeIDE.app/Contents/Eclipse/plugins/com.st.stm32cube.common.mx_6.15.0.202507011659
2025-10-03 14:57:13,093 [INFO] DbMcusXml:78 - Set database path to: /Applications/STM32CubeIDE.app/Contents/Eclipse/plugins/com.st.stm32cube.common.mx_6.15.0.202507011659//db//mcu/
2025-10-03 14:57:13,094 [INFO] ApiDb:274 - Set plugin database path to: /Applications/STM32CubeIDE.app/Contents/Eclipse/plugins/com.st.stm32cube.common.mx_6.15.0.202507011659//db//plugins/boardmanager/
2025-10-03 14:57:13,095 [WARN] ApiDb:259 - Overriding images path with different value:  => /Applications/STM32CubeIDE.app/Contents/Eclipse/plugins/com.st.stm32cube.common.mx_6.15.0.202507011659//db//plugins/mcufinder/images/
2025-10-03 14:57:13,112 [INFO] ApiDb:250 - Set database path to: /Users/liangnie/.stmcufinder/plugins/mcufinder//mcu/
2025-10-03 14:57:13,115 [INFO] DbMcusAds:125 - Set database path to: /Users/liangnie/.stmcufinder/plugins/mcufinder//mcu/
2025-10-03 14:57:13,125 [INFO] CrossReferenceDbSqlite:203 - Set database path to: /Users/liangnie/.stmcufinder/plugins/mcufinder//mcu/cs/
2025-10-03 14:57:13,784 [INFO] RulesReader:64 - Compatibility file has been processed (317 Rules)
2025-10-03 14:57:14,000 [INFO] DbMcusXml:78 - Set database path to: /Applications/STM32CubeIDE.app/Contents/Eclipse/plugins/com.st.stm32cube.common.mx_6.15.0.202507011659//db//mcu/
2025-10-03 14:57:14,000 [INFO] ApiDb:274 - Set plugin database path to: /Applications/STM32CubeIDE.app/Contents/Eclipse/plugins/com.st.stm32cube.common.mx_6.15.0.202507011659//db//plugins/boardmanager/
2025-10-03 14:57:14,000 [INFO] ApiDb:261 - Set plugin images path to: /Applications/STM32CubeIDE.app/Contents/Eclipse/plugins/com.st.stm32cube.common.mx_6.15.0.202507011659//db//plugins/mcufinder/images/
2025-10-03 14:57:14,001 [WARN] DbFile:41 - Overriding database path with different value: /Users/liangnie/.stmcufinder/plugins/mcufinder/ => /Users/liangnie/.stmcufinder/plugins/mcufinder
2025-10-03 14:57:14,002 [INFO] ApiDb:250 - Set database path to: /Users/liangnie/.stmcufinder/plugins/mcufinder//mcu/
2025-10-03 14:57:14,002 [WARN] DbFile:41 - Overriding database path with different value: /Users/liangnie/.stmcufinder/plugins/mcufinder/ => /Users/liangnie/.stmcufinder/plugins/mcufinder
2025-10-03 14:57:14,002 [INFO] DbMcusAds:125 - Set database path to: /Users/liangnie/.stmcufinder/plugins/mcufinder//mcu/
2025-10-03 14:57:14,003 [WARN] DbFile:41 - Overriding database path with different value: /Users/liangnie/.stmcufinder/plugins/mcufinder/ => /Users/liangnie/.stmcufinder/plugins/mcufinder
2025-10-03 14:57:14,003 [WARN] DbFile:41 - Overriding database path with different value: /Users/liangnie/.stmcufinder/plugins/mcufinder/ => /Users/liangnie/.stmcufinder/plugins/mcufinder
2025-10-03 14:57:14,004 [INFO] CrossReferenceDbSqlite:203 - Set database path to: /Users/liangnie/.stmcufinder/plugins/mcufinder//mcu/cs/
2025-10-03 14:57:14,254 [INFO] MainPanel:274 - HeapMemory: 268435456
2025-10-03 14:57:16,798 [INFO] DbMcusXml:78 - Set database path to: /Applications/STM32CubeIDE.app/Contents/Eclipse/plugins/com.st.stm32cube.common.mx_6.15.0.202507011659//db//mcu/
2025-10-03 14:57:16,798 [INFO] ApiDb:274 - Set plugin database path to: /Applications/STM32CubeIDE.app/Contents/Eclipse/plugins/com.st.stm32cube.common.mx_6.15.0.202507011659//db//plugins/boardmanager/
2025-10-03 14:57:16,798 [INFO] ApiDb:261 - Set plugin images path to: /Applications/STM32CubeIDE.app/Contents/Eclipse/plugins/com.st.stm32cube.common.mx_6.15.0.202507011659//db//plugins/mcufinder/images/
2025-10-03 14:57:16,799 [WARN] DbFile:41 - Overriding database path with different value: /Users/liangnie/.stmcufinder/plugins/mcufinder/ => /Users/liangnie/.stmcufinder/plugins/mcufinder
2025-10-03 14:57:16,799 [INFO] ApiDb:250 - Set database path to: /Users/liangnie/.stmcufinder/plugins/mcufinder//mcu/
2025-10-03 14:57:16,800 [WARN] DbFile:41 - Overriding database path with different value: /Users/liangnie/.stmcufinder/plugins/mcufinder/ => /Users/liangnie/.stmcufinder/plugins/mcufinder
2025-10-03 14:57:16,800 [INFO] DbMcusAds:125 - Set database path to: /Users/liangnie/.stmcufinder/plugins/mcufinder//mcu/
2025-10-03 14:57:16,800 [WARN] DbFile:41 - Overriding database path with different value: /Users/liangnie/.stmcufinder/plugins/mcufinder/ => /Users/liangnie/.stmcufinder/plugins/mcufinder
2025-10-03 14:57:16,800 [WARN] DbFile:41 - Overriding database path with different value: /Users/liangnie/.stmcufinder/plugins/mcufinder/ => /Users/liangnie/.stmcufinder/plugins/mcufinder
2025-10-03 14:57:16,807 [INFO] CrossReferenceDbSqlite:203 - Set database path to: /Users/liangnie/.stmcufinder/plugins/mcufinder//mcu/cs/
2025-10-03 14:57:16,895 [INFO] ApplicationProperties:184 - Using Application install path: /Applications/STM32CubeIDE.app/Contents/Eclipse/plugins/com.st.stm32cube.common.mx_6.15.0.202507011659
2025-10-03 14:57:16,903 [INFO] PluginManage:196 - Search for loadable plugins [exclusion list=, ]
2025-10-03 14:57:16,909 [INFO] PluginManage:310 - Check plugin analytics
2025-10-03 14:57:17,705 [INFO] AnalyticsPlugin:253 - Accepted Software Licenses: 
2025-10-03 14:57:17,705 [INFO] AnalyticsPlugin:255 - Accepted CMSIS Pack Licenses: 
2025-10-03 14:57:17,706 [INFO] AnalyticsPlugin:257 - Accepted Firmware Licenses: FW.F4.1.28.0,FW.H7.1.11.0
2025-10-03 14:57:17,713 [INFO] PluginManage:359 - Loaded plugin analytics (category:tool,tabindex:-1)
2025-10-03 14:57:17,713 [INFO] PluginManage:310 - Check plugin cadmodel
2025-10-03 14:57:17,728 [INFO] CADModel:105 - Init CAD model plugin
2025-10-03 14:57:17,728 [INFO] PluginManage:359 - Loaded plugin cadmodel (category:power,tabindex:5)
2025-10-03 14:57:17,729 [INFO] PluginManage:310 - Check plugin clock
2025-10-03 14:57:17,752 [INFO] PluginManage:359 - Loaded plugin clock (category:base,tabindex:2)
2025-10-03 14:57:17,753 [INFO] PluginManage:310 - Check plugin ddr
2025-10-03 14:57:17,758 [INFO] PluginManage:359 - Loaded plugin ddr (category:tool,tabindex:6)
2025-10-03 14:57:17,759 [INFO] PluginManage:310 - Check plugin filemanager
2025-10-03 14:57:18,184 [INFO] PluginManage:359 - Loaded plugin filemanager (category:base,tabindex:10)
2025-10-03 14:57:18,185 [INFO] PluginManage:310 - Check plugin ipmanager
2025-10-03 14:57:18,200 [INFO] PluginManage:359 - Loaded plugin ipmanager (category:base,tabindex:5)
2025-10-03 14:57:18,200 [INFO] PluginManage:310 - Check plugin lpbam
2025-10-03 14:57:18,224 [INFO] PluginManage:359 - Loaded plugin lpbam (category:base,tabindex:0)
2025-10-03 14:57:18,224 [INFO] PluginManage:310 - Check plugin memorymap
2025-10-03 14:57:18,256 [INFO] PluginManage:359 - Loaded plugin memorymap (category:base,tabindex:4)
2025-10-03 14:57:18,257 [INFO] PluginManage:310 - Check plugin pinoutandconfiguration
2025-10-03 14:57:18,281 [INFO] PluginManage:359 - Loaded plugin pinoutandconfiguration (category:base,tabindex:1)
2025-10-03 14:57:18,281 [INFO] PluginManage:310 - Check plugin pinoutconfig
2025-10-03 14:57:18,561 [WARN] SupportedApi:132 - Cannot load RTOS API schema: s4s-elt-must-match.1: The content of 'definitions' must match (annotation?, (simpleType | complexType)?, (unique | key | keyref)*)). A problem was found starting at: attribute.
2025-10-03 14:57:18,965 [INFO] PluginManage:359 - Loaded plugin pinoutconfig (category:base,tabindex:0)
2025-10-03 14:57:18,966 [INFO] PluginManage:310 - Check plugin power
2025-10-03 14:57:19,002 [INFO] PluginManage:359 - Loaded plugin power (category:power,tabindex:4)
2025-10-03 14:57:19,002 [INFO] PluginManage:310 - Check plugin projectmanager
2025-10-03 14:57:19,043 [INFO] PluginManage:359 - Loaded plugin projectmanager (category:projectmanager,tabindex:4)
2025-10-03 14:57:19,044 [INFO] PluginManage:310 - Check plugin rif
2025-10-03 14:57:19,071 [INFO] PluginManage:359 - Loaded plugin rif (category:base,tabindex:3)
2025-10-03 14:57:19,071 [INFO] PluginManage:310 - Check plugin thirdparty
2025-10-03 14:57:19,622 [WARN] IntegrityCheckThread:84 - waiting for thirdparty lock release [integrity check]
2025-10-03 14:57:19,622 [INFO] PluginManage:359 - Loaded plugin thirdparty (category:base,tabindex:-1)
2025-10-03 14:57:19,623 [INFO] IntegrityCheckThread:86 - entering critical section [integrity check]
2025-10-03 14:57:19,623 [INFO] ThirdPartyUpdaterWithRetryManager:70 - Updater plugin not ready yet. [1/15]
2025-10-03 14:57:19,624 [INFO] PluginManage:310 - Check plugin tools
2025-10-03 14:57:19,631 [INFO] PluginManage:359 - Loaded plugin tools (category:base,tabindex:7)
2025-10-03 14:57:19,631 [INFO] PluginManage:310 - Check plugin tutovideos
2025-10-03 14:57:20,273 [INFO] PluginManage:359 - Loaded plugin tutovideos (category:base,tabindex:-1)
2025-10-03 14:57:20,274 [INFO] PluginManage:310 - Check plugin updater
2025-10-03 14:57:20,333 [INFO] PluginManage:359 - Loaded plugin updater (category:base,tabindex:12)
2025-10-03 14:57:20,334 [INFO] PluginManage:310 - Check plugin userauth
2025-10-03 14:57:20,343 [INFO] UserAuth:118 - Init User Auth plugin
2025-10-03 14:57:20,345 [INFO] PluginManage:359 - Loaded plugin userauth (category:base,tabindex:14)
2025-10-03 14:57:20,347 [INFO] PluginManage:283 - PluginManage : Loaded plugins [18]
2025-10-03 14:57:20,830 [INFO] PinOutPanel:1589 - setPackage(No Configuration,No Configuration)
2025-10-03 14:57:21,032 [INFO] CADModel:165 - CPN selected for project level
2025-10-03 14:57:21,033 [INFO] CADModel:114 - Register for checkConnection events
2025-10-03 14:57:21,066 [INFO] IPUIPlugin:80 - create IPUIPlugin
2025-10-03 14:57:21,067 [INFO] PluginManager:220 - loadIPPluginJar : add mdma
2025-10-03 14:57:21,085 [INFO] IPUIPlugin:80 - create IPUIPlugin
2025-10-03 14:57:21,085 [INFO] PluginManager:220 - loadIPPluginJar : add freertos
2025-10-03 14:57:21,099 [INFO] IPUIPlugin:80 - create IPUIPlugin
2025-10-03 14:57:21,099 [INFO] PluginManager:220 - loadIPPluginJar : add gic
2025-10-03 14:57:21,123 [INFO] IPUIPlugin:80 - create IPUIPlugin
2025-10-03 14:57:21,123 [INFO] PluginManager:220 - loadIPPluginJar : add adc
2025-10-03 14:57:21,133 [INFO] IPUIPlugin:80 - create IPUIPlugin
2025-10-03 14:57:21,135 [INFO] PluginManager:220 - loadIPPluginJar : add gtzc
2025-10-03 14:57:21,141 [INFO] IPUIPlugin:80 - create IPUIPlugin
2025-10-03 14:57:21,141 [INFO] PluginManager:220 - loadIPPluginJar : add quadspi
2025-10-03 14:57:21,147 [INFO] IPUIPlugin:80 - create IPUIPlugin
2025-10-03 14:57:21,147 [INFO] PluginManager:220 - loadIPPluginJar : add aes
2025-10-03 14:57:21,154 [INFO] IPUIPlugin:80 - create IPUIPlugin
2025-10-03 14:57:21,155 [INFO] PluginManager:220 - loadIPPluginJar : add pdm2pcm
2025-10-03 14:57:21,160 [INFO] IPUIPlugin:80 - create IPUIPlugin
2025-10-03 14:57:21,160 [INFO] PluginManager:220 - loadIPPluginJar : add hash
2025-10-03 14:57:21,165 [INFO] IPUIPlugin:80 - create IPUIPlugin
2025-10-03 14:57:21,165 [INFO] PluginManager:220 - loadIPPluginJar : add tim
2025-10-03 14:57:21,169 [INFO] IPUIPlugin:80 - create IPUIPlugin
2025-10-03 14:57:21,169 [INFO] PluginManager:220 - loadIPPluginJar : add tsc
2025-10-03 14:57:21,176 [INFO] IPUIPlugin:80 - create IPUIPlugin
2025-10-03 14:57:21,176 [INFO] PluginManager:220 - loadIPPluginJar : add extmemmanager
2025-10-03 14:57:21,180 [INFO] IPUIPlugin:80 - create IPUIPlugin
2025-10-03 14:57:21,181 [INFO] PluginManager:220 - loadIPPluginJar : add ts
2025-10-03 14:57:21,184 [INFO] IPUIPlugin:80 - create IPUIPlugin
2025-10-03 14:57:21,186 [INFO] PluginManager:220 - loadIPPluginJar : add radio
2025-10-03 14:57:21,191 [INFO] IPUIPlugin:80 - create IPUIPlugin
2025-10-03 14:57:21,192 [INFO] PluginManager:220 - loadIPPluginJar : add can
2025-10-03 14:57:21,197 [INFO] IPUIPlugin:80 - create IPUIPlugin
2025-10-03 14:57:21,197 [INFO] PluginManager:220 - loadIPPluginJar : add dma3
2025-10-03 14:57:21,202 [INFO] IPUIPlugin:80 - create IPUIPlugin
2025-10-03 14:57:21,203 [INFO] PluginManager:220 - loadIPPluginJar : add dfsdm
2025-10-03 14:57:21,208 [INFO] IPUIPlugin:80 - create IPUIPlugin
2025-10-03 14:57:21,209 [INFO] PluginManager:220 - loadIPPluginJar : add spi
2025-10-03 14:57:21,213 [INFO] IPUIPlugin:80 - create IPUIPlugin
2025-10-03 14:57:21,213 [INFO] PluginManager:220 - loadIPPluginJar : add gfxmmu
2025-10-03 14:57:21,218 [INFO] IPUIPlugin:80 - create IPUIPlugin
2025-10-03 14:57:21,218 [INFO] PluginManager:220 - loadIPPluginJar : add genericplugin
2025-10-03 14:57:21,223 [INFO] IPUIPlugin:80 - create IPUIPlugin
2025-10-03 14:57:21,224 [INFO] PluginManager:220 - loadIPPluginJar : add cryp
2025-10-03 14:57:21,233 [INFO] IPUIPlugin:80 - create IPUIPlugin
2025-10-03 14:57:21,234 [INFO] PluginManager:220 - loadIPPluginJar : add gpio
2025-10-03 14:57:21,247 [INFO] IPUIPlugin:80 - create IPUIPlugin
2025-10-03 14:57:21,250 [INFO] PluginManager:220 - loadIPPluginJar : add ddr_ctrl_phy
2025-10-03 14:57:21,255 [INFO] IPUIPlugin:80 - create IPUIPlugin
2025-10-03 14:57:21,255 [INFO] PluginManager:220 - loadIPPluginJar : add comp
2025-10-03 14:57:21,260 [INFO] IPUIPlugin:80 - create IPUIPlugin
2025-10-03 14:57:21,260 [INFO] PluginManager:220 - loadIPPluginJar : add tracer_emb
2025-10-03 14:57:21,268 [INFO] IPUIPlugin:80 - create IPUIPlugin
2025-10-03 14:57:21,268 [INFO] PluginManager:220 - loadIPPluginJar : add openamp
2025-10-03 14:57:21,284 [INFO] IPUIPlugin:80 - create IPUIPlugin
2025-10-03 14:57:21,284 [INFO] PluginManager:220 - loadIPPluginJar : add stm32_wpan
2025-10-03 14:57:21,300 [INFO] IPUIPlugin:80 - create IPUIPlugin
2025-10-03 14:57:21,307 [INFO] PluginManager:220 - loadIPPluginJar : add plateformsettings
2025-10-03 14:57:21,315 [INFO] IPUIPlugin:80 - create IPUIPlugin
2025-10-03 14:57:21,315 [INFO] PluginManager:220 - loadIPPluginJar : add ipddr
2025-10-03 14:57:21,322 [INFO] IPUIPlugin:80 - create IPUIPlugin
2025-10-03 14:57:21,323 [INFO] PluginManager:220 - loadIPPluginJar : add usart
2025-10-03 14:57:21,326 [INFO] IPUIPlugin:80 - create IPUIPlugin
2025-10-03 14:57:21,327 [INFO] PluginManager:220 - loadIPPluginJar : add ltdc
2025-10-03 14:57:21,335 [INFO] IPUIPlugin:80 - create IPUIPlugin
2025-10-03 14:57:21,336 [INFO] PluginManager:220 - loadIPPluginJar : add nvic
2025-10-03 14:57:21,339 [INFO] IPUIPlugin:80 - create IPUIPlugin
2025-10-03 14:57:21,340 [INFO] PluginManager:220 - loadIPPluginJar : add fatfs
2025-10-03 14:57:21,358 [INFO] IPUIPlugin:80 - create IPUIPlugin
2025-10-03 14:57:21,359 [INFO] PluginManager:220 - loadIPPluginJar : add linkedlist
2025-10-03 14:57:21,375 [INFO] IPUIPlugin:80 - create IPUIPlugin
2025-10-03 14:57:21,377 [INFO] PluginManager:220 - loadIPPluginJar : add dma
2025-10-03 14:57:21,388 [INFO] IPUIPlugin:80 - create IPUIPlugin
2025-10-03 14:57:21,389 [INFO] PluginManager:220 - loadIPPluginJar : add fmc
2025-10-03 14:57:21,394 [INFO] IPUIPlugin:80 - create IPUIPlugin
2025-10-03 14:57:21,394 [INFO] PluginManager:220 - loadIPPluginJar : add i2s
2025-10-03 14:57:21,398 [INFO] IPUIPlugin:80 - create IPUIPlugin
2025-10-03 14:57:21,398 [INFO] PluginManager:220 - loadIPPluginJar : add ucpd
2025-10-03 14:57:21,405 [INFO] IPUIPlugin:80 - create IPUIPlugin
2025-10-03 14:57:21,406 [INFO] PluginManager:220 - loadIPPluginJar : add lorawan
2025-10-03 14:57:21,412 [INFO] IPUIPlugin:80 - create IPUIPlugin
2025-10-03 14:57:21,412 [INFO] PluginManager:220 - loadIPPluginJar : add opamp
2025-10-03 14:57:21,418 [INFO] IPUIPlugin:80 - create IPUIPlugin
2025-10-03 14:57:21,418 [INFO] PluginManager:220 - loadIPPluginJar : add i3c
2025-10-03 14:57:21,425 [INFO] IPUIPlugin:80 - create IPUIPlugin
2025-10-03 14:57:21,426 [INFO] PluginManager:220 - loadIPPluginJar : add touchsensing
2025-10-03 14:57:21,432 [INFO] IPUIPlugin:80 - create IPUIPlugin
2025-10-03 14:57:21,432 [INFO] PluginManager:220 - loadIPPluginJar : add i2c
2025-10-03 14:57:21,440 [INFO] IPUIPlugin:80 - create IPUIPlugin
2025-10-03 14:57:21,440 [INFO] PluginManager:220 - loadIPPluginJar : add resmgrutility
2025-10-03 14:57:21,448 [INFO] IPUIPlugin:80 - create IPUIPlugin
2025-10-03 14:57:21,448 [INFO] PluginManager:220 - loadIPPluginJar : add sai
2025-10-03 14:57:21,455 [INFO] IPUIPlugin:80 - create IPUIPlugin
2025-10-03 14:57:21,455 [INFO] PluginManager:220 - loadIPPluginJar : add usbx
2025-10-03 14:57:21,609 [FATAL] Updater:351 - Updater called before beeing initialized
2025-10-03 14:57:21,686 [INFO] RulesReader:64 - Compatibility file has been processed (317 Rules)
2025-10-03 14:57:21,720 [INFO] RulesReader:64 - Compatibility file has been processed (317 Rules)
2025-10-03 14:57:21,737 [INFO] CADModel:165 - CPN selected for project level
2025-10-03 14:57:21,737 [INFO] CADModel:114 - Register for checkConnection events
2025-10-03 14:57:21,737 [FATAL] Updater:351 - Updater called before beeing initialized
2025-10-03 14:57:21,738 [ERROR] CADModel:125 - Updater not yet initialized, retry later 
2025-10-03 14:57:22,267 [FATAL] Updater:351 - Updater called before beeing initialized
2025-10-03 14:57:22,273 [INFO] CADModel:165 - CPN selected for project level
2025-10-03 14:57:22,273 [INFO] CADModel:114 - Register for checkConnection events
2025-10-03 14:57:22,273 [FATAL] Updater:351 - Updater called before beeing initialized
2025-10-03 14:57:22,274 [ERROR] CADModel:125 - Updater not yet initialized, retry later 
2025-10-03 14:57:22,283 [FATAL] Updater:351 - Updater called before beeing initialized
2025-10-03 14:57:22,522 [FATAL] Updater:351 - Updater called before beeing initialized
2025-10-03 14:57:22,534 [INFO] DbMcusAds:53 - JSON generation date=Tue Jul 08 01:14:23 PDT 2025 (1751962463582)
2025-10-03 14:57:22,534 [FATAL] Updater:351 - Updater called before beeing initialized
2025-10-03 14:57:22,625 [INFO] ThirdPartyUpdaterWithRetryManager:70 - Updater plugin not ready yet. [2/15]
2025-10-03 14:57:22,736 [WARN] DetailPanel:346 - Failed to get advertising image, set to default
2025-10-03 14:57:23,047 [FATAL] Updater:351 - Updater called before beeing initialized
2025-10-03 14:57:23,051 [FATAL] Updater:351 - Updater called before beeing initialized
2025-10-03 14:57:23,051 [FATAL] Updater:351 - Updater called before beeing initialized
2025-10-03 14:57:23,052 [WARN] DetailPanel:346 - Failed to get advertising image, set to default
2025-10-03 14:57:23,054 [FATAL] Updater:351 - Updater called before beeing initialized
2025-10-03 14:57:23,167 [ERROR] Updater:1198 - MainUpdater not yet initialized. External WinMGr cannot be set.
2025-10-03 14:57:23,171 [INFO] Updater:1134 - Updater Version found : 6.15.0
2025-10-03 14:57:23,225 [INFO] ApplicationProperties:184 - Using Application install path: /Applications/STM32CubeIDE.app/Contents/Eclipse/plugins/com.st.stm32cube.common.mx_6.15.0.202507011659
2025-10-03 14:57:24,058 [INFO] MainUpdater:2872 - connection check result : 10
2025-10-03 14:57:24,064 [INFO] MainUpdater:289 - Updater Check For Update Now.
2025-10-03 14:57:24,064 [INFO] MicroXplorer:498 - Change Database Version : DB.6.0.150
2025-10-03 14:57:24,088 [INFO] McuFinderGlobals:63 - Set McuFinder mode to 2 (CubeIDE integrated)
2025-10-03 14:57:24,094 [INFO] UserAuth:487 - Internet connection configuration mode: 1
2025-10-03 14:57:24,166 [INFO] JxBrowserEngine:152 - Initiate JxBrowser Engine with user profile folder
2025-10-03 14:57:24,431 [INFO] CheckServerUpdateThread:120 - End of CheckServer Thread
2025-10-03 14:57:26,293 [WARN] PackLoader:240 - Cannot read IP mode file for STMicroelectronics.FP-SNS-MOTENVWB1.1.4.0
2025-10-03 14:57:26,327 [WARN] PackLoader:240 - Cannot read IP mode file for STMicroelectronics.FP-ATR-ASTRA1.2.0.2
2025-10-03 14:57:26,339 [WARN] PackLoader:240 - Cannot read IP mode file for STMicroelectronics.FP-ATR-ASTRA1.2.0.1
2025-10-03 14:57:26,364 [WARN] PackLoader:240 - Cannot read IP mode file for STMicroelectronics.X-CUBE-SMBUS.2.1.0
2025-10-03 14:57:26,397 [WARN] PackLoader:240 - Cannot read IP mode file for STMicroelectronics.X-CUBE-WB05N.1.1.0
2025-10-03 14:57:26,415 [WARN] PackLoader:240 - Cannot read IP mode file for STMicroelectronics.X-CUBE-TOUCHGFX.4.23.1
2025-10-03 14:57:26,423 [WARN] PackLoader:240 - Cannot read IP mode file for STMicroelectronics.X-CUBE-TOUCHGFX.4.23.0
2025-10-03 14:57:26,430 [WARN] PackLoader:240 - Cannot read IP mode file for STMicroelectronics.X-CUBE-TOUCHGFX.4.23.2
2025-10-03 14:57:26,531 [WARN] PackLoader:240 - Cannot read IP mode file for STMicroelectronics.X-CUBE-AZRTOS-F7.1.1.0
2025-10-03 14:57:26,562 [WARN] PackLoader:240 - Cannot read IP mode file for STMicroelectronics.FP-SNS-MOTENV1.4.3.2
2025-10-03 14:57:26,807 [WARN] PackLoader:240 - Cannot read IP mode file for STMicroelectronics.X-CUBE-MEMS1.11.0.0
2025-10-03 14:57:28,207 [WARN] PackLoader:240 - Cannot read IP mode file for STMicroelectronics.FP-SNS-FLIGHT1.5.0.2
2025-10-03 14:57:28,984 [WARN] PackLoader:240 - Cannot read IP mode file for STMicroelectronics.X-CUBE-AZRTOS-H7.3.4.0
2025-10-03 14:57:29,147 [WARN] PackLoader:240 - Cannot read IP mode file for STMicroelectronics.X-CUBE-DISPLAY.3.0.0
2025-10-03 14:57:29,180 [INFO] WebApp:169 - Instantiating new browser for Auth
2025-10-03 14:57:29,197 [WARN] PackLoader:240 - Cannot read IP mode file for STMicroelectronics.X-CUBE-BLE1.7.0.0
2025-10-03 14:57:29,307 [WARN] PackLoader:240 - Cannot read IP mode file for STMicroelectronics.X-CUBE-NFC10.1.0.0
2025-10-03 14:57:29,378 [WARN] PackLoader:240 - Cannot read IP mode file for STMicroelectronics.X-CUBE-BLEMGR.4.0.0
2025-10-03 14:57:29,433 [WARN] PackLoader:240 - Cannot read IP mode file for emotas.I-CUBE-CANOPEN.1.3.0
2025-10-03 14:57:29,456 [WARN] PackLoader:240 - Cannot read IP mode file for STMicroelectronics.X-CUBE-BLEMGR.3.1.0
2025-10-03 14:57:29,490 [WARN] PackLoader:240 - Cannot read IP mode file for STMicroelectronics.X-CUBE-AI.10.0.0
2025-10-03 14:57:29,748 [WARN] PackLoader:240 - Cannot read IP mode file for STMicroelectronics.FP-SNS-STBOX1.2.1.0
2025-10-03 14:57:29,764 [WARN] PackLoader:240 - Cannot read IP mode file for STMicroelectronics.FP-SNS-SMARTAG2.1.2.0
2025-10-03 14:57:29,772 [WARN] PackLoader:240 - Cannot read IP mode file for STMicroelectronics.FP-SNS-FLIGHT1.5.1.0
2025-10-03 14:57:30,222 [WARN] PackLoader:240 - Cannot read IP mode file for STMicroelectronics.X-CUBE-MEMS1.11.1.0
2025-10-03 14:57:31,312 [INFO] LogOutputStream:77 - [STDOUT_REDIRECT] 1 : Invalid condition id : UX_CORESTACK_Condition cause : null
2025-10-03 14:57:31,313 [INFO] LogOutputStream:77 - [STDOUT_REDIRECT] 1 : Invalid condition id : UX_CORESTACK_Condition cause : null
2025-10-03 14:57:31,356 [INFO] LogOutputStream:77 - [STDOUT_REDIRECT] 1 : Invalid condition id : UX_CORESTACK_Condition cause : null
2025-10-03 14:57:31,366 [INFO] LogOutputStream:77 - [STDOUT_REDIRECT] 1 : Invalid condition id : UX_CORESTACK_Condition cause : null
2025-10-03 14:57:31,367 [INFO] LogOutputStream:77 - [STDOUT_REDIRECT] 1 : Invalid condition id : UX_CORESTACK_Condition cause : null
2025-10-03 14:57:31,380 [WARN] PackLoader:240 - Cannot read IP mode file for STMicroelectronics.X-CUBE-AZRTOS-WL.2.0.0
2025-10-03 14:57:31,404 [WARN] PackLoader:240 - Cannot read IP mode file for STMicroelectronics.FP-SNS-MOTENV1.5.0.0
2025-10-03 14:57:31,417 [WARN] PackLoader:240 - Cannot read IP mode file for wolfSSL.I-CUBE-wolfMQTT.1.19.0
2025-10-03 14:57:31,435 [WARN] PackLoader:240 - Cannot read IP mode file for WES.I-CUBE-Cesium.1.3.0
2025-10-03 14:57:31,543 [WARN] PackLoader:240 - Cannot read IP mode file for STMicroelectronics.X-CUBE-BLE2.3.3.0
2025-10-03 14:57:31,704 [WARN] PackLoader:240 - Cannot read IP mode file for STMicroelectronics.X-CUBE-NFC9.1.0.0
2025-10-03 14:57:31,718 [WARN] PackLoader:240 - Cannot read IP mode file for STMicroelectronics.X-CUBE-BLE1.7.1.0
2025-10-03 14:57:31,733 [WARN] PackLoader:240 - Cannot read IP mode file for STMicroelectronics.X-CUBE-TCPP.4.1.0
2025-10-03 14:57:31,774 [WARN] PackLoader:240 - Cannot read IP mode file for STMicroelectronics.X-CUBE-EEPRMA1.5.2.0
2025-10-03 14:57:31,789 [WARN] PackLoader:240 - Cannot read IP mode file for STMicroelectronics.X-CUBE-AI.10.1.0
2025-10-03 14:57:31,807 [WARN] PackLoader:240 - Cannot read IP mode file for STMicroelectronics.X-CUBE-ALGOBUILD.1.3.0
2025-10-03 14:57:32,158 [WARN] PackLoader:240 - Cannot read IP mode file for STMicroelectronics.X-CUBE-MEMS1.11.2.0
2025-10-03 14:57:33,043 [INFO] WebApp:463 - Apply proxy settings
2025-10-03 14:57:33,057 [INFO] WebApp:508 - Chromium authenticates against Manually configured proxy
2025-10-03 14:57:33,077 [INFO] WebApp:516 - Username used for proxy authentication: 
2025-10-03 14:57:33,182 [INFO] WebApp:900 - Register for checkConnection events
2025-10-03 14:57:33,182 [INFO] WebApp:463 - Apply proxy settings
2025-10-03 14:57:33,189 [INFO] WebApp:508 - Chromium authenticates against Manually configured proxy
2025-10-03 14:57:33,190 [INFO] WebApp:516 - Username used for proxy authentication: 
2025-10-03 14:57:33,417 [INFO] WebApp:191 - Connection restablished
2025-10-03 14:57:34,049 [WARN] PackLoader:240 - Cannot read IP mode file for STMicroelectronics.X-CUBE-AZRTOS-G0.1.1.0
2025-10-03 14:57:34,136 [WARN] PackLoader:240 - Cannot read IP mode file for STMicroelectronics.X-CUBE-SAFEA1.1.2.2
2025-10-03 14:57:34,252 [WARN] PackLoader:240 - Cannot read IP mode file for STMicroelectronics.X-CUBE-NFC4.3.0.0
2025-10-03 14:57:34,334 [WARN] PackLoader:240 - Cannot read IP mode file for wolfSSL.I-CUBE-wolfMQTT.1.18.0
2025-10-03 14:57:34,434 [WARN] PackLoader:240 - Cannot read IP mode file for EmbeddedOffice.I-CUBE-FS-RTOS.1.0.1
2025-10-03 14:57:34,454 [WARN] PackLoader:240 - Cannot read IP mode file for STMicroelectronics.X-CUBE-WB05N.2.0.0
2025-10-03 14:57:34,617 [WARN] PackLoader:240 - Cannot read IP mode file for STMicroelectronics.X-CUBE-BLEMGR.3.0.0
2025-10-03 14:57:34,688 [WARN] PackLoader:240 - Cannot read IP mode file for STMicroelectronics.X-CUBE-TCPP.4.2.0
2025-10-03 14:57:34,725 [WARN] PackLoader:240 - Cannot read IP mode file for RealThread.X-CUBE-RT-Thread_Nano.4.1.1
2025-10-03 14:57:34,751 [WARN] PackLoader:240 - Cannot read IP mode file for STMicroelectronics.FP-ATR-SIGFOX1.3.2.0
2025-10-03 14:57:34,805 [WARN] ConditionMgr:438 - getConditionDescription Invalid condition id : Cortex-A Device cause : null
2025-10-03 14:57:34,848 [WARN] ConditionMgr:1044 - genDependencies : Invalid condition id : Cortex-A Device cause : null
2025-10-03 14:57:34,849 [WARN] ConditionMgr:1044 - genDependencies : Invalid condition id : Cortex-A Device cause : null
2025-10-03 14:57:34,850 [WARN] ConditionMgr:1044 - genDependencies : Invalid condition id : Cortex-A Device cause : null
2025-10-03 14:57:34,867 [WARN] PackLoader:240 - Cannot read IP mode file for STMicroelectronics.X-CUBE-EEPRMA1.5.1.0
2025-10-03 14:57:34,911 [WARN] PackLoader:240 - Cannot read IP mode file for STMicroelectronics.X-CUBE-ST67W61.1.0.0
2025-10-03 14:57:34,921 [WARN] PackLoader:240 - Cannot read IP mode file for STMicroelectronics.X-CUBE-AI.10.2.0
2025-10-03 14:57:35,277 [WARN] PackLoader:240 - Cannot read IP mode file for SEGGER.I-CUBE-embOS.1.3.1
2025-10-03 14:57:35,432 [INFO] WebApp:225 - Starting web application
2025-10-03 14:57:35,433 [INFO] WebApp:593 - Web application path used /Applications/STM32CubeIDE.app/Contents/Eclipse/plugins/com.st.stm32cube.common.mx_6.15.0.202507011659/db/plugins/mcufinder/reactClient1/index.html
2025-10-03 14:57:35,675 [INFO] UserAuth:487 - Internet connection configuration mode: 1
2025-10-03 14:57:35,695 [WARN] PackLoader:240 - Cannot read IP mode file for STMicroelectronics.X-CUBE-ALGOBUILD.1.4.0
2025-10-03 14:57:36,060 [WARN] PackLoader:240 - Cannot read IP mode file for STMicroelectronics.X-CUBE-MEMS1.11.3.0
2025-10-03 14:57:36,728 [WARN] PackLoader:240 - Cannot read IP mode file for STMicroelectronics.X-CUBE-AI.9.1.0
2025-10-03 14:57:36,737 [WARN] PackLoader:240 - Cannot read IP mode file for STMicroelectronics.X-CUBE-PM33A1.1.0.0
2025-10-03 14:57:36,751 [WARN] PackLoader:240 - Cannot read IP mode file for STMicroelectronics.X-CUBE-GNSS1.6.0.0
2025-10-03 14:57:36,836 [WARN] PackLoader:240 - Cannot read IP mode file for STMicroelectronics.X-CUBE-AZRTOS-F4.1.1.0
2025-10-03 14:57:36,858 [WARN] PackLoader:240 - Cannot read IP mode file for Avnet-IotConnect.X-CUBE-IoTC-DA16k-PMOD.1.0.0
2025-10-03 14:57:36,867 [WARN] PackLoader:240 - Cannot read IP mode file for STMicroelectronics.X-CUBE-ISPU.2.1.0
2025-10-03 14:57:36,877 [WARN] PackLoader:240 - Cannot read IP mode file for STMicroelectronics.X-CUBE-FREERTOS.1.2.0
2025-10-03 14:57:36,886 [WARN] PackLoader:240 - Cannot read IP mode file for wolfSSL.I-CUBE-wolfSSL.5.6.6
2025-10-03 14:57:36,913 [WARN] PackLoader:240 - Cannot read IP mode file for STMicroelectronics.X-CUBE-NFC12.1.0.0
2025-10-03 14:57:37,030 [WARN] PackLoader:240 - Cannot read IP mode file for STMicroelectronics.X-CUBE-AZRTOS-L5.2.0.0
2025-10-03 14:57:37,089 [WARN] PackLoader:240 - Cannot read IP mode file for STMicroelectronics.X-CUBE-NFC6.3.1.0
2025-10-03 14:57:37,137 [WARN] PackLoader:240 - Cannot read IP mode file for ITTIA_DB.I-CUBE-ITTIADB.8.8.0
2025-10-03 14:57:37,150 [WARN] PackLoader:240 - Cannot read IP mode file for STMicroelectronics.X-CUBE-DPower.1.2.0
2025-10-03 14:57:37,172 [WARN] PackLoader:240 - Cannot read IP mode file for STMicroelectronics.X-CUBE-AI.9.0.0
2025-10-03 14:57:37,189 [WARN] PackLoader:240 - Cannot read IP mode file for STMicroelectronics.X-CUBE-FREERTOS.1.3.1
2025-10-03 14:57:37,205 [WARN] PackLoader:240 - Cannot read IP mode file for STMicroelectronics.X-CUBE-FREERTOS.1.3.0
2025-10-03 14:57:37,217 [WARN] PackLoader:240 - Cannot read IP mode file for STMicroelectronics.X-CUBE-NFC7.1.0.1
2025-10-03 14:57:37,226 [WARN] PackLoader:240 - Cannot read IP mode file for wolfSSL.I-CUBE-wolfTPM.3.2.0
2025-10-03 14:57:37,232 [WARN] PackLoader:240 - Cannot read IP mode file for STMicroelectronics.X-CUBE-TOUCHGFX.4.26.0
2025-10-03 14:57:37,301 [WARN] PackLoader:240 - Cannot read IP mode file for STMicroelectronics.X-CUBE-NFC6.3.0.0
2025-10-03 14:57:37,398 [WARN] PackLoader:240 - Cannot read IP mode file for STMicroelectronics.FP-SNS-STAIOTCFT.1.0.0
2025-10-03 14:57:37,448 [WARN] PackLoader:240 - Cannot read IP mode file for STMicroelectronics.X-CUBE-DPower.1.3.0
2025-10-03 14:57:37,478 [WARN] PackLoader:240 - Cannot read IP mode file for STMicroelectronics.X-CUBE-AI.8.1.0
2025-10-03 14:57:37,605 [WARN] ConditionMgr:438 - getConditionDescription Invalid condition id : LAN8742 Phy interface Condition cause : null
2025-10-03 14:57:37,613 [WARN] PackLoader:240 - Cannot read IP mode file for STMicroelectronics.X-CUBE-AZRTOS-L4.2.0.0
2025-10-03 14:57:37,617 [WARN] ConditionMgr:1044 - genDependencies : Invalid condition id : LAN8742 Phy interface Condition cause : null
2025-10-03 14:57:37,618 [WARN] ConditionMgr:1044 - genDependencies : Invalid condition id : LAN8742 Phy interface Condition cause : null
2025-10-03 14:57:37,619 [WARN] ConditionMgr:1044 - genDependencies : Invalid condition id : LAN8742 Phy interface Condition cause : null
2025-10-03 14:57:37,639 [WARN] PackLoader:240 - Cannot read IP mode file for STMicroelectronics.X-CUBE-SFXS2LP1.4.0.0
2025-10-03 14:57:37,791 [WARN] PackLoader:240 - Cannot read IP mode file for STMicroelectronics.X-CUBE-AZRTOS-H7.3.3.0
2025-10-03 14:57:37,891 [WARN] PackLoader:240 - Cannot read IP mode file for STMicroelectronics.X-CUBE-BLEMGR.4.1.0
2025-10-03 14:57:37,997 [WARN] PackLoader:240 - Cannot read IP mode file for STMicroelectronics.X-CUBE-IPS.3.0.0
2025-10-03 14:57:38,156 [WARN] ConditionMgr:438 - getConditionDescription Invalid condition id : UX DEVICE CLASS RTOS Condition cause : null
2025-10-03 14:57:38,157 [WARN] ConditionMgr:438 - getConditionDescription Invalid condition id : UX DEVICE CLASS RTOS Condition cause : null
2025-10-03 14:57:38,171 [WARN] PackLoader:240 - Cannot read IP mode file for STMicroelectronics.X-CUBE-AZRTOS-WB.2.0.0
2025-10-03 14:57:38,173 [WARN] ConditionMgr:1044 - genDependencies : Invalid condition id : UX DEVICE CLASS RTOS Condition cause : null
2025-10-03 14:57:38,174 [WARN] ConditionMgr:1044 - genDependencies : Invalid condition id : UX DEVICE CLASS RTOS Condition cause : null
2025-10-03 14:57:38,176 [WARN] ConditionMgr:1044 - genDependencies : Invalid condition id : UX DEVICE CLASS RTOS Condition cause : null
2025-10-03 14:57:38,177 [WARN] ConditionMgr:1044 - genDependencies : Invalid condition id : UX DEVICE CLASS RTOS Condition cause : null
2025-10-03 14:57:38,177 [WARN] ConditionMgr:1044 - genDependencies : Invalid condition id : UX DEVICE CLASS RTOS Condition cause : null
2025-10-03 14:57:38,197 [WARN] PackLoader:240 - Cannot read IP mode file for STMicroelectronics.X-CUBE-GNSS1.7.0.0
2025-10-03 14:57:38,233 [WARN] PackLoader:240 - Cannot read IP mode file for STMicroelectronics.X-CUBE-GNSS1.7.0.1
2025-10-03 14:57:38,288 [WARN] PackLoader:240 - Cannot read IP mode file for STMicroelectronics.X-CUBE-TOUCHGFX.4.25.0
2025-10-03 14:57:38,326 [WARN] PackLoader:240 - Cannot read IP mode file for STMicroelectronics.FP-SNS-STBOX1.2.0.0
2025-10-03 14:57:38,406 [WARN] PackLoader:240 - Cannot read IP mode file for STMicroelectronics.X-CUBE-SUBG2.5.0.0
2025-10-03 14:57:38,514 [WARN] PackLoader:240 - Cannot read IP mode file for STMicroelectronics.X-CUBE-AZRTOS-H7RS.1.1.0
2025-10-03 14:57:38,671 [WARN] PackLoader:240 - Cannot read IP mode file for STMicroelectronics.X-CUBE-AZRTOS-G4.2.0.0
2025-10-03 14:57:38,729 [WARN] PackLoader:240 - Cannot read IP mode file for Infineon.AIROC-Wi-Fi-Bluetooth-STM32.1.5.1
2025-10-03 14:57:38,760 [WARN] PackLoader:240 - Cannot read IP mode file for STMicroelectronics.X-CUBE-NFC7.2.0.0
2025-10-03 14:57:38,768 [WARN] PackLoader:240 - Cannot read IP mode file for STMicroelectronics.FP-SNS-MOTENVWB1.1.3.1
2025-10-03 14:57:38,776 [WARN] PackLoader:240 - Cannot read IP mode file for STMicroelectronics.X-CUBE-ISPU.2.0.0
2025-10-03 14:57:38,850 [WARN] PackLoader:240 - Cannot read IP mode file for STMicroelectronics.X-CUBE-IPS.3.1.0
2025-10-03 14:57:38,904 [WARN] PackLoader:240 - Cannot read IP mode file for STMicroelectronics.X-CUBE-ALS.1.0.2
2025-10-03 14:57:39,110 [WARN] PackLoader:240 - Cannot read IP mode file for STMicroelectronics.X-CUBE-MEMS1.10.0.0
2025-10-03 14:57:39,449 [WARN] PackLoader:240 - Cannot read IP mode file for STMicroelectronics.X-CUBE-FREERTOS.1.1.0
2025-10-03 14:57:39,455 [WARN] PackLoader:240 - Cannot read IP mode file for STMicroelectronics.X-CUBE-TOUCHGFX.4.24.0
2025-10-03 14:57:39,461 [WARN] PackLoader:240 - Cannot read IP mode file for STMicroelectronics.X-CUBE-TOUCHGFX.4.24.2
2025-10-03 14:57:39,471 [WARN] PackLoader:240 - Cannot read IP mode file for STMicroelectronics.X-CUBE-TOUCHGFX.4.24.1
2025-10-03 14:57:39,492 [WARN] PackLoader:240 - Cannot read IP mode file for STMicroelectronics.X-CUBE-STSE01.1.0.0
2025-10-03 14:57:39,520 [WARN] PackLoader:240 - Cannot read IP mode file for portGmbH.I-Cube-SoM-uGOAL.1.1.0
2025-10-03 14:57:39,527 [WARN] PackLoader:240 - Cannot read IP mode file for STMicroelectronics.X-CUBE-ALS.1.0.1
2025-10-03 14:57:39,662 [WARN] PackLoader:240 - Cannot read IP mode file for STMicroelectronics.X-CUBE-AZRTOS-H7RS.1.0.0
2025-10-03 14:57:39,678 [WARN] PackLoader:240 - Cannot read IP mode file for STMicroelectronics.FP-ATR-ASTRA1.2.0.0
2025-10-03 14:57:39,710 [WARN] PackLoader:240 - Cannot read IP mode file for STMicroelectronics.X-CUBE-TOF1.3.4.2
2025-10-03 14:57:39,759 [WARN] PackLoader:240 - Cannot read IP mode file for STMicroelectronics.X-CUBE-TOF1.3.4.3
2025-10-03 14:57:39,864 [WARN] PackLoader:240 - Cannot read IP mode file for STMicroelectronics.X-CUBE-TOF1.3.4.0
2025-10-03 14:57:39,952 [WARN] PackLoader:240 - Cannot read IP mode file for STMicroelectronics.X-CUBE-TOF1.3.4.1
2025-10-03 14:57:40,195 [WARN] PackLoader:240 - Cannot read IP mode file for STMicroelectronics.X-CUBE-AZRTOS-H7.3.2.0
2025-10-03 14:57:40,212 [WARN] PackLoader:240 - Cannot read IP mode file for wolfSSL.I-CUBE-wolfSSH.1.4.17
2025-10-03 14:57:40,214 [INFO] ThirdParty:978 - Integrity check success = true
2025-10-03 14:57:40,214 [INFO] IntegrityCheckThread:100 - exiting critical section [integrity check]
2025-10-03 14:57:40,215 [INFO] IntegrityCheckThread:103 - End integrity checks thread
2025-10-03 15:20:24,152 [ERROR] LogOutputStream:75 - [STDERR_REDIRECT] 
