2025-06-25 06:48:40,628 [INFO] WebApp:194 - Connection lost
2025-06-25 06:48:47,479 [INFO] WebApp:191 - Connection restablished
2025-06-25 09:11:59,173 [INFO] WebApp:194 - Connection lost
2025-06-25 09:12:14,499 [INFO] WebApp:191 - Connection restablished
2025-06-25 09:22:27,992 [INFO] WebApp:194 - Connection lost
2025-06-25 09:22:28,357 [INFO] WebApp:191 - Connection restablished
2025-06-25 09:22:52,686 [INFO] WebApp:194 - Connection lost
2025-06-25 09:23:44,007 [INFO] WebApp:191 - Connection restablished
2025-06-25 09:24:47,341 [INFO] WebApp:194 - Connection lost
2025-06-25 09:24:54,319 [INFO] WebApp:191 - Connection restablished
2025-06-25 09:26:10,399 [INFO] WebApp:194 - Connection lost
2025-06-25 09:26:10,502 [INFO] WebApp:191 - Connection restablished
2025-06-25 09:47:33,250 [INFO] WebApp:194 - Connection lost
2025-06-25 09:47:37,823 [INFO] WebApp:191 - Connection restablished
2025-06-25 10:00:09,784 [INFO] WebApp:194 - Connection lost
2025-06-25 10:00:11,879 [INFO] WebApp:191 - Connection restablished
2025-06-25 10:05:28,442 [INFO] WebApp:194 - Connection lost
2025-06-25 10:05:30,878 [INFO] WebApp:191 - Connection restablished
2025-06-25 10:11:32,805 [INFO] WebApp:194 - Connection lost
2025-06-25 10:11:34,516 [INFO] WebApp:191 - Connection restablished
2025-06-25 10:12:59,681 [INFO] WebApp:194 - Connection lost
2025-06-25 10:13:01,872 [INFO] WebApp:191 - Connection restablished
2025-06-25 10:16:00,791 [INFO] WebApp:194 - Connection lost
2025-06-25 10:16:02,488 [INFO] WebApp:191 - Connection restablished
2025-06-25 10:17:12,638 [INFO] WebApp:194 - Connection lost
2025-06-25 10:17:21,017 [INFO] WebApp:191 - Connection restablished
2025-06-25 10:47:24,822 [INFO] WebApp:194 - Connection lost
2025-06-25 10:47:26,708 [INFO] WebApp:191 - Connection restablished
2025-06-25 11:29:28,764 [INFO] WebApp:194 - Connection lost
2025-06-25 11:30:19,326 [INFO] WebApp:191 - Connection restablished
2025-06-25 11:49:12,903 [INFO] WebApp:194 - Connection lost
2025-06-25 11:49:16,169 [INFO] WebApp:191 - Connection restablished
2025-06-25 12:29:34,335 [INFO] WebApp:194 - Connection lost
2025-06-25 12:29:40,694 [INFO] WebApp:191 - Connection restablished
2025-06-25 14:15:34,246 [INFO] WebApp:194 - Connection lost
2025-06-25 14:15:36,473 [INFO] WebApp:191 - Connection restablished
2025-06-25 14:20:56,776 [INFO] WebApp:194 - Connection lost
2025-06-25 14:20:58,826 [INFO] WebApp:191 - Connection restablished
2025-06-25 14:50:01,579 [INFO] WebApp:194 - Connection lost
2025-06-25 14:50:06,425 [INFO] WebApp:191 - Connection restablished
2025-06-25 14:51:36,605 [INFO] WebApp:194 - Connection lost
2025-06-25 14:51:38,737 [INFO] WebApp:191 - Connection restablished
2025-06-25 14:58:45,707 [INFO] WebApp:194 - Connection lost
2025-06-25 14:58:52,844 [INFO] WebApp:191 - Connection restablished
2025-06-25 14:59:53,534 [INFO] WebApp:194 - Connection lost
2025-06-25 15:00:03,051 [INFO] WebApp:191 - Connection restablished
2025-06-25 15:01:10,562 [INFO] WebApp:194 - Connection lost
2025-06-25 15:01:28,527 [INFO] WebApp:191 - Connection restablished
2025-06-25 15:02:20,616 [INFO] WebApp:194 - Connection lost
2025-06-25 15:02:25,619 [INFO] WebApp:191 - Connection restablished
2025-06-25 15:57:38,646 [INFO] WebApp:194 - Connection lost
2025-06-25 15:57:43,938 [INFO] WebApp:191 - Connection restablished
2025-06-25 17:28:23,531 [INFO] MainUpdater:2872 - connection check result : 10
2025-06-25 17:28:23,535 [INFO] MainUpdater:2872 - connection check result : 10
2025-06-25 17:28:24,911 [INFO] MicroXplorer:468 - Change Database Path : 
2025-06-25 17:28:24,912 [INFO] MicroXplorer:498 - Change Database Version : DB.6.0.141
2025-06-25 17:28:25,002 [ERROR] ProjectManagerView:395 - 
java.lang.NullPointerException: Cannot invoke "javax.swing.JTextField.getText()" because the return value of "java.util.List.get(int)" is null
	at com.st.microxplorer.plugins.projectmanager.gui.ProjectChoiceTab$9.caretUpdate(ProjectChoiceTab.java:2678) ~[filemanager.jar:?]
	at javax.swing.text.JTextComponent.fireCaretUpdate(JTextComponent.java:408) ~[?:?]
	at javax.swing.text.JTextComponent$MutableCaretEvent.fire(JTextComponent.java:4484) ~[?:?]
	at javax.swing.text.JTextComponent$MutableCaretEvent.stateChanged(JTextComponent.java:4506) ~[?:?]
	at javax.swing.text.DefaultCaret.fireStateChanged(DefaultCaret.java:857) ~[?:?]
	at javax.swing.text.DefaultCaret.changeCaretPosition(DefaultCaret.java:1343) ~[?:?]
	at javax.swing.text.DefaultCaret.handleSetDot(DefaultCaret.java:1242) ~[?:?]
	at javax.swing.text.DefaultCaret.setDot(DefaultCaret.java:1223) ~[?:?]
	at javax.swing.text.DefaultCaret$Handler.insertUpdate(DefaultCaret.java:1819) ~[?:?]
	at javax.swing.text.AbstractDocument.fireInsertUpdate(AbstractDocument.java:227) ~[?:?]
	at javax.swing.text.AbstractDocument.handleInsertString(AbstractDocument.java:781) ~[?:?]
	at javax.swing.text.AbstractDocument.insertString(AbstractDocument.java:740) ~[?:?]
	at javax.swing.text.PlainDocument.insertString(PlainDocument.java:131) ~[?:?]
	at javax.swing.text.AbstractDocument.replace(AbstractDocument.java:699) ~[?:?]
	at javax.swing.text.JTextComponent.setText(JTextComponent.java:1725) ~[?:?]
	at com.st.microxplorer.plugins.projectmanager.gui.ProjectChoiceTab.createHeapStackFields(ProjectChoiceTab.java:979) ~[filemanager.jar:?]
	at com.st.microxplorer.plugins.projectmanager.gui.ProjectChoiceTab.buildLinkSettingsPanel(ProjectChoiceTab.java:3766) ~[filemanager.jar:?]
	at com.st.microxplorer.plugins.projectmanager.gui.ProjectChoiceTab.defineWindowsFields(ProjectChoiceTab.java:1962) ~[filemanager.jar:?]
	at com.st.microxplorer.plugins.projectmanager.gui.ProjectChoiceTab.updateSettings(ProjectChoiceTab.java:555) ~[filemanager.jar:?]
	at com.st.microxplorer.plugins.projectmanager.gui.ProjectSettingsPanel.UpdateDialog(ProjectSettingsPanel.java:245) ~[filemanager.jar:?]
	at com.st.microxplorer.plugins.projectmanager.ProjectManagerView.propertyChange(ProjectManagerView.java:392) ~[filemanager.jar:?]
	at java.beans.PropertyChangeSupport.fire(PropertyChangeSupport.java:343) ~[?:?]
	at java.beans.PropertyChangeSupport.firePropertyChange(PropertyChangeSupport.java:335) ~[?:?]
	at java.beans.PropertyChangeSupport.firePropertyChange(PropertyChangeSupport.java:268) ~[?:?]
	at com.st.microxplorer.util.MXPropertyChangeSupport.firePropertyChange(MXPropertyChangeSupport.java:54) ~[STM32CubeMX.jar:?]
	at com.st.microxplorer.mxsystem.MxSystem.closeConfig(MxSystem.java:899) ~[STM32CubeMX.jar:?]
	at com.st.microxplorer.maingui.MainPanel.closeConfig(MainPanel.java:789) ~[STM32CubeMX.jar:?]
	at com.st.microxplorer.plugins.filemanager.engine.OpenFileManager.loadConfigurationFile(OpenFileManager.java:287) ~[filemanager.jar:?]
	at com.st.microxplorer.plugins.filemanager.engine.MainFileManager.userLoadConfig(MainFileManager.java:341) ~[filemanager.jar:?]
	at com.st.microxplorer.plugins.filemanager.engine.MainFileManager.userLoadConfig(MainFileManager.java:319) ~[filemanager.jar:?]
	at com.st.microxplorer.plugins.filemanager.FileManagerView.getSpecificTask(FileManagerView.java:246) ~[filemanager.jar:?]
	at com.st.stm32cube.common.mx.editor.CubeMxEditor.getMxTabbedPaneInstance(CubeMxEditor.java:1198) ~[com.st.stm32cube.common.mx_6.14.1.202504091515/:?]
	at com.st.stm32cube.common.mx.editor.CubeMxEditor$12$1.createSwingComponent(CubeMxEditor.java:1068) ~[com.st.stm32cube.common.mx_6.14.1.202504091515/:?]
	at com.st.stm32cube.common.mx.oss.core.awtswtbridge.EmbeddedSwingComposite.doComponentCreation(EmbeddedSwingComposite.java:492) ~[com.st.stm32cube.common.mx.oss_6.14.1.202504091515/:?]
	at com.st.stm32cube.common.mx.oss.core.awtswtbridge.EmbeddedSwingComposite$4.run(EmbeddedSwingComposite.java:291) ~[com.st.stm32cube.common.mx.oss_6.14.1.202504091515/:?]
	at com.st.stm32cube.common.mx.oss.core.awtswtbridge.AwtEnvironment$2.run(AwtEnvironment.java:166) ~[com.st.stm32cube.common.mx.oss_6.14.1.202504091515/:?]
	at java.awt.event.InvocationEvent.dispatch(InvocationEvent.java:318) ~[?:?]
	at java.awt.EventQueue.dispatchEventImpl(EventQueue.java:773) ~[?:?]
	at java.awt.EventQueue$4.run(EventQueue.java:720) ~[?:?]
	at java.awt.EventQueue$4.run(EventQueue.java:714) ~[?:?]
	at java.security.AccessController.doPrivileged(AccessController.java:400) ~[?:?]
	at java.security.ProtectionDomain$JavaSecurityAccessImpl.doIntersectionPrivilege(ProtectionDomain.java:87) ~[?:?]
	at java.awt.EventQueue.dispatchEvent(EventQueue.java:742) ~[?:?]
	at java.awt.EventDispatchThread.pumpOneEventForFilters(EventDispatchThread.java:203) ~[?:?]
	at java.awt.EventDispatchThread.pumpEventsForFilter(EventDispatchThread.java:124) ~[?:?]
	at java.awt.EventDispatchThread.pumpEventsForHierarchy(EventDispatchThread.java:113) ~[?:?]
	at java.awt.EventDispatchThread.pumpEvents(EventDispatchThread.java:109) ~[?:?]
	at java.awt.EventDispatchThread.pumpEvents(EventDispatchThread.java:101) ~[?:?]
	at java.awt.EventDispatchThread.run(EventDispatchThread.java:90) ~[?:?]
2025-06-25 17:28:25,010 [WARN] ThirdParty:871 - waiting for thirdparty lock release [close project]
2025-06-25 17:28:25,010 [INFO] ThirdParty:873 - entering critical section [close project]
2025-06-25 17:28:25,011 [INFO] ThirdParty:883 - exiting critical section [close project]
2025-06-25 17:28:25,029 [INFO] PinOutPanel:1589 - setPackage(No Configuration,No Configuration)
2025-06-25 17:28:25,078 [WARN] IpParametersView:155 - Warning: This peripheral hasn't parameters
2025-06-25 17:28:25,122 [WARN] MainPanel:289 - <html><b><center>Warning: This peripheral has no parameters to be configured<br></b></html>
2025-06-25 17:28:25,152 [INFO] UtilMem:75 - Begin LoadConfig() Used Memory: 590369472 Bytes (1073741824)
2025-06-25 17:28:25,193 [INFO] MicroXplorer:468 - Change Database Path : /Users/liangnie/.stm32cubemx/databases/DB.6.0.111/db/
2025-06-25 17:28:25,193 [INFO] MicroXplorer:498 - Change Database Version : DB.6.0.111
2025-06-25 17:28:27,497 [INFO] OpenFileManager:354 - Change cursor
2025-06-25 17:28:27,574 [INFO] Mcu:2011 - Initializing MCU STM32F407I(E-G)Hx STM32F407IGHx STM32F407IGH6
2025-06-25 17:28:37,742 [INFO] Context:756 - Trying to add GPIOservice into a context  which must be forbidden
2025-06-25 17:28:39,469 [INFO] ImportTextPane:218 - (OptionalMessage_ERROR) Pin40 (VP_RIF_VS_RIF1) cannot be retrieved for this MCU
2025-06-25 17:28:40,560 [INFO] RtosManager:558 - Registered RTOS mode: class=CMSIS, group=RTOS, mode=CMSIS_V1, owner=FREERTOS
2025-06-25 17:28:40,560 [INFO] RtosManager:558 - Registered RTOS mode: class=CMSIS, group=RTOS2, mode=CMSIS_V2, owner=FREERTOS
2025-06-25 17:28:40,560 [INFO] RtosManager:558 - Registered RTOS mode: class=RTOS, group=Core, mode=CMSIS_V1, owner=FREERTOS
2025-06-25 17:28:40,560 [INFO] RtosManager:558 - Registered RTOS mode: class=RTOS, group=Core, mode=CMSIS_V2, owner=FREERTOS
2025-06-25 17:28:40,561 [WARN] ModelIntegratedComponent:184 - Missing modes for component STMicroelectronics:FreeRTOS:0.0.1:STMicroelectronics:RTOS:FreeRTOS:Core:::10.2.0:
2025-06-25 17:28:40,589 [WARN] ModelIntegratedComponent:63 - No mode defined for component null
2025-06-25 17:28:40,590 [WARN] ModelIntegratedComponent:63 - No mode defined for component null
2025-06-25 17:28:40,592 [WARN] ModelIntegratedComponent:63 - No mode defined for component null
2025-06-25 17:28:40,592 [WARN] ModelIntegratedComponent:63 - No mode defined for component null
2025-06-25 17:28:40,592 [WARN] ModelIntegratedComponent:63 - No mode defined for component null
2025-06-25 17:28:40,593 [WARN] ModelIntegratedComponent:63 - No mode defined for component null
2025-06-25 17:28:40,593 [WARN] ModelIntegratedComponent:63 - No mode defined for component null
2025-06-25 17:28:40,593 [WARN] ModelIntegratedComponent:63 - No mode defined for component null
2025-06-25 17:28:40,593 [WARN] ModelIntegratedComponent:63 - No mode defined for component null
2025-06-25 17:28:40,593 [WARN] ModelIntegratedComponent:63 - No mode defined for component null
2025-06-25 17:28:40,593 [WARN] ModelIntegratedComponent:63 - No mode defined for component null
2025-06-25 17:28:40,593 [WARN] ModelIntegratedComponent:63 - No mode defined for component null
2025-06-25 17:28:40,594 [WARN] ModelIntegratedComponent:63 - No mode defined for component null
2025-06-25 17:28:40,594 [WARN] ModelIntegratedComponent:63 - No mode defined for component null
2025-06-25 17:28:40,594 [WARN] ModelIntegratedComponent:63 - No mode defined for component null
2025-06-25 17:28:40,594 [WARN] ModelIntegratedComponent:63 - No mode defined for component null
2025-06-25 17:28:40,594 [WARN] ModelIntegratedComponent:63 - No mode defined for component null
2025-06-25 17:28:40,594 [WARN] ModelIntegratedComponent:63 - No mode defined for component null
2025-06-25 17:28:40,594 [WARN] ModelIntegratedComponent:63 - No mode defined for component null
2025-06-25 17:28:40,594 [WARN] ModelIntegratedComponent:63 - No mode defined for component null
2025-06-25 17:28:40,595 [WARN] ModelIntegratedComponent:63 - No mode defined for component null
2025-06-25 17:28:40,595 [WARN] ModelIntegratedComponent:63 - No mode defined for component null
2025-06-25 17:28:40,595 [WARN] ModelIntegratedComponent:63 - No mode defined for component null
2025-06-25 17:28:40,595 [WARN] ModelIntegratedComponent:63 - No mode defined for component null
2025-06-25 17:28:40,595 [WARN] ModelIntegratedComponent:63 - No mode defined for component null
2025-06-25 17:28:40,595 [WARN] ModelIntegratedComponent:63 - No mode defined for component null
2025-06-25 17:28:40,595 [WARN] ModelIntegratedComponent:63 - No mode defined for component null
2025-06-25 17:28:40,595 [WARN] ModelIntegratedComponent:63 - No mode defined for component null
2025-06-25 17:28:40,595 [WARN] ModelIntegratedComponent:63 - No mode defined for component null
2025-06-25 17:28:40,595 [WARN] ModelIntegratedComponent:63 - No mode defined for component null
2025-06-25 17:28:40,596 [WARN] ModelIntegratedComponent:63 - No mode defined for component null
2025-06-25 17:28:40,596 [WARN] ModelIntegratedComponent:63 - No mode defined for component null
2025-06-25 17:28:40,596 [WARN] ModelIntegratedComponent:63 - No mode defined for component null
2025-06-25 17:28:40,596 [WARN] ModelIntegratedComponent:63 - No mode defined for component null
2025-06-25 17:28:40,596 [WARN] ModelIntegratedComponent:63 - No mode defined for component null
2025-06-25 17:28:40,596 [WARN] ModelPack:524 - Component already loaded: STMicroelectronics:HAL Drivers:0.0.0:STMicroelectronics:Device:STMicro_Driver:XSPI:HAL::0.0.1:HAL_XSPI
2025-06-25 17:28:42,326 [INFO] ThirdPartyModel:298 - Start build external matchings
2025-06-25 17:28:46,538 [INFO] ThirdPartyModel:316 - End build external matchings
2025-06-25 17:28:46,708 [INFO] RtosManager:967 - Current active RTOS is FREERTOS [Cortex-M4NS]
2025-06-25 17:28:46,731 [INFO] ImportTextPane:218 - (OptionalMessage_ERROR) IP (DMA) : Parameter (Instance) has Id (USART3_RX) currently not set
2025-06-25 17:28:46,732 [INFO] ImportTextPane:218 - (OptionalMessage_ERROR) IP (DMA) : Parameter (Channel) has Id (USART3_RX) currently not set
2025-06-25 17:28:46,732 [INFO] ImportTextPane:218 - (OptionalMessage_ERROR) IP (DMA) : Parameter (Direction) has Id (USART3_RX) currently not set
2025-06-25 17:28:46,732 [INFO] ImportTextPane:218 - (OptionalMessage_ERROR) IP (DMA) : Parameter (PeriphInc) has Id (USART3_RX) currently not set
2025-06-25 17:28:46,732 [INFO] ImportTextPane:218 - (OptionalMessage_ERROR) IP (DMA) : Parameter (MemInc) has Id (USART3_RX) currently not set
2025-06-25 17:28:46,732 [INFO] ImportTextPane:218 - (OptionalMessage_ERROR) IP (DMA) : Parameter (PeriphDataAlignment) has Id (USART3_RX) currently not set
2025-06-25 17:28:46,733 [INFO] ImportTextPane:218 - (OptionalMessage_ERROR) IP (DMA) : Parameter (MemDataAlignment) has Id (USART3_RX) currently not set
2025-06-25 17:28:46,733 [INFO] ImportTextPane:218 - (OptionalMessage_ERROR) IP (DMA) : Parameter (Mode) has Id (USART3_RX) currently not set
2025-06-25 17:28:46,733 [INFO] ImportTextPane:218 - (OptionalMessage_ERROR) IP (DMA) : Parameter (Priority) has Id (USART3_RX) currently not set
2025-06-25 17:28:46,733 [INFO] ImportTextPane:218 - (OptionalMessage_ERROR) IP (DMA) : Parameter (FIFOMode) has Id (USART3_RX) currently not set
2025-06-25 17:28:46,733 [INFO] ImportTextPane:218 - (OptionalMessage_ERROR) IP (DMA) : Parameter (Instance) has Id (USART1_TX) currently not set
2025-06-25 17:28:46,733 [INFO] ImportTextPane:218 - (OptionalMessage_ERROR) IP (DMA) : Parameter (Channel) has Id (USART1_TX) currently not set
2025-06-25 17:28:46,733 [INFO] ImportTextPane:218 - (OptionalMessage_ERROR) IP (DMA) : Parameter (Direction) has Id (USART1_TX) currently not set
2025-06-25 17:28:46,733 [INFO] ImportTextPane:218 - (OptionalMessage_ERROR) IP (DMA) : Parameter (PeriphInc) has Id (USART1_TX) currently not set
2025-06-25 17:28:46,733 [INFO] ImportTextPane:218 - (OptionalMessage_ERROR) IP (DMA) : Parameter (MemInc) has Id (USART1_TX) currently not set
2025-06-25 17:28:46,734 [INFO] ImportTextPane:218 - (OptionalMessage_ERROR) IP (DMA) : Parameter (PeriphDataAlignment) has Id (USART1_TX) currently not set
2025-06-25 17:28:46,734 [INFO] ImportTextPane:218 - (OptionalMessage_ERROR) IP (DMA) : Parameter (MemDataAlignment) has Id (USART1_TX) currently not set
2025-06-25 17:28:46,734 [INFO] ImportTextPane:218 - (OptionalMessage_ERROR) IP (DMA) : Parameter (Mode) has Id (USART1_TX) currently not set
2025-06-25 17:28:46,734 [INFO] ImportTextPane:218 - (OptionalMessage_ERROR) IP (DMA) : Parameter (Priority) has Id (USART1_TX) currently not set
2025-06-25 17:28:46,734 [INFO] ImportTextPane:218 - (OptionalMessage_ERROR) IP (DMA) : Parameter (FIFOMode) has Id (USART1_TX) currently not set
2025-06-25 17:28:46,734 [INFO] ImportTextPane:218 - (OptionalMessage_ERROR) IP (DMA) : Parameter (Instance) has Id (USART1_RX) currently not set
2025-06-25 17:28:46,734 [INFO] ImportTextPane:218 - (OptionalMessage_ERROR) IP (DMA) : Parameter (Channel) has Id (USART1_RX) currently not set
2025-06-25 17:28:46,734 [INFO] ImportTextPane:218 - (OptionalMessage_ERROR) IP (DMA) : Parameter (Direction) has Id (USART1_RX) currently not set
2025-06-25 17:28:46,734 [INFO] ImportTextPane:218 - (OptionalMessage_ERROR) IP (DMA) : Parameter (PeriphInc) has Id (USART1_RX) currently not set
2025-06-25 17:28:46,734 [INFO] ImportTextPane:218 - (OptionalMessage_ERROR) IP (DMA) : Parameter (MemInc) has Id (USART1_RX) currently not set
2025-06-25 17:28:46,734 [INFO] ImportTextPane:218 - (OptionalMessage_ERROR) IP (DMA) : Parameter (PeriphDataAlignment) has Id (USART1_RX) currently not set
2025-06-25 17:28:46,734 [INFO] ImportTextPane:218 - (OptionalMessage_ERROR) IP (DMA) : Parameter (MemDataAlignment) has Id (USART1_RX) currently not set
2025-06-25 17:28:46,734 [INFO] ImportTextPane:218 - (OptionalMessage_ERROR) IP (DMA) : Parameter (Mode) has Id (USART1_RX) currently not set
2025-06-25 17:28:46,734 [INFO] ImportTextPane:218 - (OptionalMessage_ERROR) IP (DMA) : Parameter (Priority) has Id (USART1_RX) currently not set
2025-06-25 17:28:46,734 [INFO] ImportTextPane:218 - (OptionalMessage_ERROR) IP (DMA) : Parameter (FIFOMode) has Id (USART1_RX) currently not set
2025-06-25 17:28:46,735 [INFO] ImportTextPane:218 - (OptionalMessage_ERROR) IP (DMA) : Parameter (Instance) has Id (USART6_RX) currently not set
2025-06-25 17:28:46,735 [INFO] ImportTextPane:218 - (OptionalMessage_ERROR) IP (DMA) : Parameter (Channel) has Id (USART6_RX) currently not set
2025-06-25 17:28:46,735 [INFO] ImportTextPane:218 - (OptionalMessage_ERROR) IP (DMA) : Parameter (Direction) has Id (USART6_RX) currently not set
2025-06-25 17:28:46,735 [INFO] ImportTextPane:218 - (OptionalMessage_ERROR) IP (DMA) : Parameter (PeriphInc) has Id (USART6_RX) currently not set
2025-06-25 17:28:46,735 [INFO] ImportTextPane:218 - (OptionalMessage_ERROR) IP (DMA) : Parameter (MemInc) has Id (USART6_RX) currently not set
2025-06-25 17:28:46,735 [INFO] ImportTextPane:218 - (OptionalMessage_ERROR) IP (DMA) : Parameter (PeriphDataAlignment) has Id (USART6_RX) currently not set
2025-06-25 17:28:46,735 [INFO] ImportTextPane:218 - (OptionalMessage_ERROR) IP (DMA) : Parameter (MemDataAlignment) has Id (USART6_RX) currently not set
2025-06-25 17:28:46,735 [INFO] ImportTextPane:218 - (OptionalMessage_ERROR) IP (DMA) : Parameter (Mode) has Id (USART6_RX) currently not set
2025-06-25 17:28:46,735 [INFO] ImportTextPane:218 - (OptionalMessage_ERROR) IP (DMA) : Parameter (Priority) has Id (USART6_RX) currently not set
2025-06-25 17:28:46,735 [INFO] ImportTextPane:218 - (OptionalMessage_ERROR) IP (DMA) : Parameter (FIFOMode) has Id (USART6_RX) currently not set
2025-06-25 17:28:46,735 [INFO] ImportTextPane:218 - (OptionalMessage_ERROR) IP (DMA) : Parameter (Instance) has Id (USART6_TX) currently not set
2025-06-25 17:28:46,735 [INFO] ImportTextPane:218 - (OptionalMessage_ERROR) IP (DMA) : Parameter (Channel) has Id (USART6_TX) currently not set
2025-06-25 17:28:46,735 [INFO] ImportTextPane:218 - (OptionalMessage_ERROR) IP (DMA) : Parameter (Direction) has Id (USART6_TX) currently not set
2025-06-25 17:28:46,735 [INFO] ImportTextPane:218 - (OptionalMessage_ERROR) IP (DMA) : Parameter (PeriphInc) has Id (USART6_TX) currently not set
2025-06-25 17:28:46,735 [INFO] ImportTextPane:218 - (OptionalMessage_ERROR) IP (DMA) : Parameter (MemInc) has Id (USART6_TX) currently not set
2025-06-25 17:28:46,736 [INFO] ImportTextPane:218 - (OptionalMessage_ERROR) IP (DMA) : Parameter (PeriphDataAlignment) has Id (USART6_TX) currently not set
2025-06-25 17:28:46,736 [INFO] ImportTextPane:218 - (OptionalMessage_ERROR) IP (DMA) : Parameter (MemDataAlignment) has Id (USART6_TX) currently not set
2025-06-25 17:28:46,736 [INFO] ImportTextPane:218 - (OptionalMessage_ERROR) IP (DMA) : Parameter (Mode) has Id (USART6_TX) currently not set
2025-06-25 17:28:46,736 [INFO] ImportTextPane:218 - (OptionalMessage_ERROR) IP (DMA) : Parameter (Priority) has Id (USART6_TX) currently not set
2025-06-25 17:28:46,736 [INFO] ImportTextPane:218 - (OptionalMessage_ERROR) IP (DMA) : Parameter (FIFOMode) has Id (USART6_TX) currently not set
2025-06-25 17:28:46,736 [INFO] ImportTextPane:218 - (OptionalMessage_ERROR) IP (DMA) : Parameter (Instance) has Id (TIM4_CH3) currently not set
2025-06-25 17:28:46,736 [INFO] ImportTextPane:218 - (OptionalMessage_ERROR) IP (DMA) : Parameter (Channel) has Id (TIM4_CH3) currently not set
2025-06-25 17:28:46,736 [INFO] ImportTextPane:218 - (OptionalMessage_ERROR) IP (DMA) : Parameter (Direction) has Id (TIM4_CH3) currently not set
2025-06-25 17:28:46,736 [INFO] ImportTextPane:218 - (OptionalMessage_ERROR) IP (DMA) : Parameter (PeriphInc) has Id (TIM4_CH3) currently not set
2025-06-25 17:28:46,736 [INFO] ImportTextPane:218 - (OptionalMessage_ERROR) IP (DMA) : Parameter (MemInc) has Id (TIM4_CH3) currently not set
2025-06-25 17:28:46,736 [INFO] ImportTextPane:218 - (OptionalMessage_ERROR) IP (DMA) : Parameter (PeriphDataAlignment) has Id (TIM4_CH3) currently not set
2025-06-25 17:28:46,736 [INFO] ImportTextPane:218 - (OptionalMessage_ERROR) IP (DMA) : Parameter (MemDataAlignment) has Id (TIM4_CH3) currently not set
2025-06-25 17:28:46,736 [INFO] ImportTextPane:218 - (OptionalMessage_ERROR) IP (DMA) : Parameter (Mode) has Id (TIM4_CH3) currently not set
2025-06-25 17:28:46,736 [INFO] ImportTextPane:218 - (OptionalMessage_ERROR) IP (DMA) : Parameter (Priority) has Id (TIM4_CH3) currently not set
2025-06-25 17:28:46,736 [INFO] ImportTextPane:218 - (OptionalMessage_ERROR) IP (DMA) : Parameter (FIFOMode) has Id (TIM4_CH3) currently not set
2025-06-25 17:28:46,737 [INFO] ImportTextPane:218 - (OptionalMessage_ERROR) IP (DMA) : Parameter (Instance) has Id (TIM5_CH1) currently not set
2025-06-25 17:28:46,737 [INFO] ImportTextPane:218 - (OptionalMessage_ERROR) IP (DMA) : Parameter (Channel) has Id (TIM5_CH1) currently not set
2025-06-25 17:28:46,737 [INFO] ImportTextPane:218 - (OptionalMessage_ERROR) IP (DMA) : Parameter (Direction) has Id (TIM5_CH1) currently not set
2025-06-25 17:28:46,737 [INFO] ImportTextPane:218 - (OptionalMessage_ERROR) IP (DMA) : Parameter (PeriphInc) has Id (TIM5_CH1) currently not set
2025-06-25 17:28:46,737 [INFO] ImportTextPane:218 - (OptionalMessage_ERROR) IP (DMA) : Parameter (MemInc) has Id (TIM5_CH1) currently not set
2025-06-25 17:28:46,737 [INFO] ImportTextPane:218 - (OptionalMessage_ERROR) IP (DMA) : Parameter (PeriphDataAlignment) has Id (TIM5_CH1) currently not set
2025-06-25 17:28:46,737 [INFO] ImportTextPane:218 - (OptionalMessage_ERROR) IP (DMA) : Parameter (MemDataAlignment) has Id (TIM5_CH1) currently not set
2025-06-25 17:28:46,737 [INFO] ImportTextPane:218 - (OptionalMessage_ERROR) IP (DMA) : Parameter (Mode) has Id (TIM5_CH1) currently not set
2025-06-25 17:28:46,737 [INFO] ImportTextPane:218 - (OptionalMessage_ERROR) IP (DMA) : Parameter (Priority) has Id (TIM5_CH1) currently not set
2025-06-25 17:28:46,737 [INFO] ImportTextPane:218 - (OptionalMessage_ERROR) IP (DMA) : Parameter (FIFOMode) has Id (TIM5_CH1) currently not set
2025-06-25 17:28:46,737 [INFO] ImportTextPane:218 - (OptionalMessage_ERROR) IP (DMA) : Parameter (Instance) has Id (TIM5_CH2) currently not set
2025-06-25 17:28:46,737 [INFO] ImportTextPane:218 - (OptionalMessage_ERROR) IP (DMA) : Parameter (Channel) has Id (TIM5_CH2) currently not set
2025-06-25 17:28:46,737 [INFO] ImportTextPane:218 - (OptionalMessage_ERROR) IP (DMA) : Parameter (Direction) has Id (TIM5_CH2) currently not set
2025-06-25 17:28:46,738 [INFO] ImportTextPane:218 - (OptionalMessage_ERROR) IP (DMA) : Parameter (PeriphInc) has Id (TIM5_CH2) currently not set
2025-06-25 17:28:46,738 [INFO] ImportTextPane:218 - (OptionalMessage_ERROR) IP (DMA) : Parameter (MemInc) has Id (TIM5_CH2) currently not set
2025-06-25 17:28:46,738 [INFO] ImportTextPane:218 - (OptionalMessage_ERROR) IP (DMA) : Parameter (PeriphDataAlignment) has Id (TIM5_CH2) currently not set
2025-06-25 17:28:46,738 [INFO] ImportTextPane:218 - (OptionalMessage_ERROR) IP (DMA) : Parameter (MemDataAlignment) has Id (TIM5_CH2) currently not set
2025-06-25 17:28:46,738 [INFO] ImportTextPane:218 - (OptionalMessage_ERROR) IP (DMA) : Parameter (Mode) has Id (TIM5_CH2) currently not set
2025-06-25 17:28:46,738 [INFO] ImportTextPane:218 - (OptionalMessage_ERROR) IP (DMA) : Parameter (Priority) has Id (TIM5_CH2) currently not set
2025-06-25 17:28:46,738 [INFO] ImportTextPane:218 - (OptionalMessage_ERROR) IP (DMA) : Parameter (FIFOMode) has Id (TIM5_CH2) currently not set
2025-06-25 17:28:46,756 [WARN] IP:2250 - I2C_Coeff_DF not found: check if there is a RefParameter without a condition.
2025-06-25 17:28:46,756 [WARN] IP:2250 - Analog_Filter not found: check if there is a RefParameter without a condition.
2025-06-25 17:28:46,756 [INFO] ImportTextPane:218 - (OptionalMessage_ERROR) IP (RCC) : Parameter (48MHZClocksFreq_Value) has invalid value (84000000)
2025-06-25 17:28:46,760 [INFO] ImportTextPane:218 - (OptionalMessage_ERROR) IP (RCC) : Parameter (RTCHSEDivFreq_Value) has invalid value (6000000)
2025-06-25 17:28:51,230 [INFO] UtilMem:75 - End LoadConfig() Used Memory: 908559072 Bytes (1073741824)
2025-06-25 17:28:51,501 [WARN] ThirdParty:833 - waiting for thirdparty lock release [change project]
2025-06-25 17:28:51,502 [INFO] ThirdParty:835 - entering critical section [change project]
2025-06-25 17:28:51,502 [INFO] ThirdParty:1030 - CMSIS Pack Vendor :STMicroelectronics USBPD 4.1
2025-06-25 17:28:51,502 [INFO] ThirdParty:1030 - CMSIS Pack Vendor :STMicroelectronics X-CUBE-GNSS1 6.0.0
2025-06-25 17:28:51,502 [INFO] ThirdParty:1030 - CMSIS Pack Vendor :STMicroelectronics USB_HOST 2.0.0
2025-06-25 17:28:51,502 [INFO] ThirdParty:1030 - CMSIS Pack Vendor :STMicroelectronics FP-SNS-MOTENVWB1 1.4.0
2025-06-25 17:28:51,502 [INFO] ThirdParty:1030 - CMSIS Pack Vendor :STMicroelectronics X-CUBE-AZRTOS-F4 1.1.0
2025-06-25 17:28:51,502 [INFO] ThirdParty:1030 - CMSIS Pack Vendor :STMicroelectronics LIBJPEG 8.0.0
2025-06-25 17:28:51,502 [INFO] ThirdParty:1030 - CMSIS Pack Vendor :STMicroelectronics FP-ATR-ASTRA1 2.0.2
2025-06-25 17:28:51,502 [INFO] ThirdParty:1030 - CMSIS Pack Vendor :STMicroelectronics FP-ATR-ASTRA1 2.0.1
2025-06-25 17:28:51,502 [INFO] ThirdParty:1030 - CMSIS Pack Vendor :Avnet-IotConnect X-CUBE-IoTC-DA16k-PMOD 1.0.0
2025-06-25 17:28:51,502 [INFO] ThirdParty:1030 - CMSIS Pack Vendor :STMicroelectronics X-CUBE-SMBUS 2.1.0
2025-06-25 17:28:51,502 [INFO] ThirdParty:1030 - CMSIS Pack Vendor :STMicroelectronics X-CUBE-WB05N 1.1.0
2025-06-25 17:28:51,502 [INFO] ThirdParty:1030 - CMSIS Pack Vendor :STMicroelectronics X-CUBE-ISPU 2.1.0
2025-06-25 17:28:51,502 [INFO] ThirdParty:1030 - CMSIS Pack Vendor :STMicroelectronics X-CUBE-FREERTOS 1.2.0
2025-06-25 17:28:51,502 [INFO] ThirdParty:1030 - CMSIS Pack Vendor :wolfSSL I-CUBE-wolfSSL 5.6.6
2025-06-25 17:28:51,503 [INFO] ThirdParty:1030 - CMSIS Pack Vendor :STMicroelectronics X-CUBE-TOUCHGFX 4.23.1
2025-06-25 17:28:51,503 [INFO] ThirdParty:1030 - CMSIS Pack Vendor :STMicroelectronics X-CUBE-TOUCHGFX 4.23.0
2025-06-25 17:28:51,503 [INFO] ThirdParty:1030 - CMSIS Pack Vendor :STMicroelectronics X-CUBE-TOUCHGFX 4.23.2
2025-06-25 17:28:51,503 [INFO] ThirdParty:1030 - CMSIS Pack Vendor :STMicroelectronics X-CUBE-AZRTOS-F7 1.1.0
2025-06-25 17:28:51,503 [INFO] ThirdParty:1030 - CMSIS Pack Vendor :STMicroelectronics X-CUBE-AZRTOS-L5 2.0.0
2025-06-25 17:28:51,503 [INFO] ThirdParty:1030 - CMSIS Pack Vendor :STMicroelectronics USB_DEVICE 2.0.0
2025-06-25 17:28:51,503 [INFO] ThirdParty:1030 - CMSIS Pack Vendor :STMicroelectronics X-CUBE-NFC6 3.1.0
2025-06-25 17:28:51,503 [INFO] ThirdParty:1030 - CMSIS Pack Vendor :ITTIA_DB I-CUBE-ITTIADB 8.8.0
2025-06-25 17:28:51,503 [INFO] ThirdParty:1030 - CMSIS Pack Vendor :STMicroelectronics FP-SNS-MOTENV1 4.3.2
2025-06-25 17:28:51,503 [INFO] ThirdParty:1030 - CMSIS Pack Vendor :STMicroelectronics X-CUBE-MEMS1 11.0.0
2025-06-25 17:28:51,503 [INFO] ThirdParty:1030 - CMSIS Pack Vendor :STMicroelectronics FreeRTOS 0.0.1
2025-06-25 17:28:51,503 [INFO] ThirdParty:1030 - CMSIS Pack Vendor :STMicroelectronics X-CUBE-DPower 1.2.0
2025-06-25 17:28:51,503 [INFO] ThirdParty:1030 - CMSIS Pack Vendor :STMicroelectronics FP-SNS-FLIGHT1 5.0.2
2025-06-25 17:28:51,503 [INFO] ThirdParty:1030 - CMSIS Pack Vendor :STMicroelectronics X-CUBE-AI 9.0.0
2025-06-25 17:28:51,503 [INFO] ThirdParty:1030 - CMSIS Pack Vendor :STMicroelectronics PDM2PCM 3.3.0
2025-06-25 17:28:51,503 [INFO] ThirdParty:1030 - CMSIS Pack Vendor :STMicroelectronics X-CUBE-DISPLAY 3.0.0
2025-06-25 17:28:51,503 [INFO] ThirdParty:1030 - CMSIS Pack Vendor :STMicroelectronics X-CUBE-BLE1 7.0.0
2025-06-25 17:28:51,503 [INFO] ThirdParty:1030 - CMSIS Pack Vendor :STMicroelectronics X-CUBE-NFC10 1.0.0
2025-06-25 17:28:51,503 [INFO] ThirdParty:1030 - CMSIS Pack Vendor :STMicroelectronics X-CUBE-BLEMGR 4.0.0
2025-06-25 17:28:51,504 [INFO] ThirdParty:1030 - CMSIS Pack Vendor :STMicroelectronics X-CUBE-FREERTOS 1.3.1
2025-06-25 17:28:51,504 [INFO] ThirdParty:1030 - CMSIS Pack Vendor :STMicroelectronics HAL Drivers 0.0.0
2025-06-25 17:28:51,504 [INFO] ThirdParty:1030 - CMSIS Pack Vendor :emotas I-CUBE-CANOPEN 1.3.0
2025-06-25 17:28:51,504 [INFO] ThirdParty:1030 - CMSIS Pack Vendor :STMicroelectronics X-CUBE-FREERTOS 1.3.0
2025-06-25 17:28:51,504 [INFO] ThirdParty:1030 - CMSIS Pack Vendor :STMicroelectronics X-CUBE-NFC7 1.0.1
2025-06-25 17:28:51,504 [INFO] ThirdParty:1030 - CMSIS Pack Vendor :STMicroelectronics MBEDTLS 2.14.1
2025-06-25 17:28:51,504 [INFO] ThirdParty:1030 - CMSIS Pack Vendor :wolfSSL I-CUBE-wolfTPM 3.2.0
2025-06-25 17:28:51,504 [INFO] ThirdParty:1030 - CMSIS Pack Vendor :STMicroelectronics X-CUBE-NFC6 3.0.0
2025-06-25 17:28:51,504 [INFO] ThirdParty:1030 - CMSIS Pack Vendor :STMicroelectronics X-CUBE-BLEMGR 3.1.0
2025-06-25 17:28:51,504 [INFO] ThirdParty:1030 - CMSIS Pack Vendor :STMicroelectronics X-CUBE-AI 10.0.0
2025-06-25 17:28:51,504 [INFO] ThirdParty:1030 - CMSIS Pack Vendor :STMicroelectronics FP-SNS-SMARTAG2 1.2.0
2025-06-25 17:28:51,504 [INFO] ThirdParty:1030 - CMSIS Pack Vendor :STMicroelectronics FP-SNS-FLIGHT1 5.1.0
2025-06-25 17:28:51,504 [INFO] ThirdParty:1030 - CMSIS Pack Vendor :STMicroelectronics X-CUBE-MEMS1 11.1.0
2025-06-25 17:28:51,504 [INFO] ThirdParty:1030 - CMSIS Pack Vendor :STMicroelectronics X-CUBE-AZRTOS-WL 2.0.0
2025-06-25 17:28:51,504 [INFO] ThirdParty:1030 - CMSIS Pack Vendor :STMicroelectronics X-CUBE-DPower 1.3.0
2025-06-25 17:28:51,504 [INFO] ThirdParty:1030 - CMSIS Pack Vendor :STMicroelectronics FP-SNS-MOTENV1 5.0.0
2025-06-25 17:28:51,504 [INFO] ThirdParty:1030 - CMSIS Pack Vendor :STMicroelectronics USB_DEVICE 1.0.0
2025-06-25 17:28:51,504 [INFO] ThirdParty:1030 - CMSIS Pack Vendor :STMicroelectronics X-CUBE-AI 8.1.0
2025-06-25 17:28:51,505 [INFO] ThirdParty:1030 - CMSIS Pack Vendor :wolfSSL I-CUBE-wolfMQTT 1.19.0
2025-06-25 17:28:51,505 [INFO] ThirdParty:1030 - CMSIS Pack Vendor :STMicroelectronics X-CUBE-AZRTOS-L4 2.0.0
2025-06-25 17:28:51,505 [INFO] ThirdParty:1030 - CMSIS Pack Vendor :STMicroelectronics ThreadX 0.0.2
2025-06-25 17:28:51,505 [INFO] ThirdParty:1030 - CMSIS Pack Vendor :WES I-CUBE-Cesium 1.3.0
2025-06-25 17:28:51,505 [INFO] ThirdParty:1030 - CMSIS Pack Vendor :STMicroelectronics lwIP 2.1.2
2025-06-25 17:28:51,505 [INFO] ThirdParty:1030 - CMSIS Pack Vendor :STMicroelectronics X-CUBE-SFXS2LP1 4.0.0
2025-06-25 17:28:51,505 [INFO] ThirdParty:1030 - CMSIS Pack Vendor :STMicroelectronics X-CUBE-BLE2 3.3.0
2025-06-25 17:28:51,505 [INFO] ThirdParty:1030 - CMSIS Pack Vendor :STMicroelectronics PDM2PCM 3.2.0
2025-06-25 17:28:51,505 [INFO] ThirdParty:1030 - CMSIS Pack Vendor :STMicroelectronics X-CUBE-AZRTOS-H7 3.3.0
2025-06-25 17:28:51,505 [INFO] ThirdParty:1030 - CMSIS Pack Vendor :STMicroelectronics X-CUBE-NFC9 1.0.0
2025-06-25 17:28:51,505 [INFO] ThirdParty:1030 - CMSIS Pack Vendor :STMicroelectronics X-CUBE-BLE1 7.1.0
2025-06-25 17:28:51,505 [INFO] ThirdParty:1030 - CMSIS Pack Vendor :STMicroelectronics USB_DEVICE 3.0.0
2025-06-25 17:28:51,505 [INFO] ThirdParty:1030 - CMSIS Pack Vendor :STMicroelectronics X-CUBE-TCPP 4.1.0
2025-06-25 17:28:51,505 [INFO] ThirdParty:1030 - CMSIS Pack Vendor :STMicroelectronics X-CUBE-IPS 3.0.0
2025-06-25 17:28:51,505 [INFO] ThirdParty:1030 - CMSIS Pack Vendor :STMicroelectronics X-CUBE-AZRTOS-WB 2.0.0
2025-06-25 17:28:51,506 [INFO] ThirdParty:1030 - CMSIS Pack Vendor :STMicroelectronics X-CUBE-GNSS1 7.0.0
2025-06-25 17:28:51,506 [INFO] ThirdParty:1030 - CMSIS Pack Vendor :STMicroelectronics X-CUBE-GNSS1 7.0.1
2025-06-25 17:28:51,506 [INFO] ThirdParty:1030 - CMSIS Pack Vendor :STMicroelectronics X-CUBE-TOUCHGFX 4.25.0
2025-06-25 17:28:51,506 [INFO] ThirdParty:1030 - CMSIS Pack Vendor :STMicroelectronics X-CUBE-AI 10.1.0
2025-06-25 17:28:51,506 [INFO] ThirdParty:1030 - CMSIS Pack Vendor :STMicroelectronics FP-SNS-STBOX1 2.0.0
2025-06-25 17:28:51,506 [INFO] ThirdParty:1030 - CMSIS Pack Vendor :STMicroelectronics X-CUBE-ALGOBUILD 1.3.0
2025-06-25 17:28:51,506 [INFO] ThirdParty:1030 - CMSIS Pack Vendor :STMicroelectronics X-CUBE-MEMS1 11.2.0
2025-06-25 17:28:51,506 [INFO] ThirdParty:1030 - CMSIS Pack Vendor :STMicroelectronics X-CUBE-AZRTOS-G0 1.1.0
2025-06-25 17:28:51,506 [INFO] ThirdParty:1030 - CMSIS Pack Vendor :STMicroelectronics X-CUBE-SAFEA1 1.2.2
2025-06-25 17:28:51,506 [INFO] ThirdParty:1030 - CMSIS Pack Vendor :STMicroelectronics X-CUBE-NFC4 3.0.0
2025-06-25 17:28:51,506 [INFO] ThirdParty:1030 - CMSIS Pack Vendor :STMicroelectronics X-CUBE-SUBG2 5.0.0
2025-06-25 17:28:51,506 [INFO] ThirdParty:1030 - CMSIS Pack Vendor :STMicroelectronics X-CUBE-AZRTOS-H7RS 1.1.0
2025-06-25 17:28:51,506 [INFO] ThirdParty:1030 - CMSIS Pack Vendor :STMicroelectronics STM32_WPAN 1.0.0
2025-06-25 17:28:51,506 [INFO] ThirdParty:1030 - CMSIS Pack Vendor :wolfSSL I-CUBE-wolfMQTT 1.18.0
2025-06-25 17:28:51,506 [INFO] ThirdParty:1030 - CMSIS Pack Vendor :EmbeddedOffice I-CUBE-FS-RTOS 1.0.1
2025-06-25 17:28:51,506 [INFO] ThirdParty:1030 - CMSIS Pack Vendor :STMicroelectronics lwIP 2.0.3
2025-06-25 17:28:51,506 [INFO] ThirdParty:1030 - CMSIS Pack Vendor :STMicroelectronics USB_HOST 1.0.0
2025-06-25 17:28:51,506 [INFO] ThirdParty:1030 - CMSIS Pack Vendor :STMicroelectronics X-CUBE-AZRTOS-G4 2.0.0
2025-06-25 17:28:51,506 [INFO] ThirdParty:1030 - CMSIS Pack Vendor :STMicroelectronics X-CUBE-WB05N 2.0.0
2025-06-25 17:28:51,506 [INFO] ThirdParty:1030 - CMSIS Pack Vendor :STMicroelectronics PDM2PCM 3.1.0
2025-06-25 17:28:51,506 [INFO] ThirdParty:1030 - CMSIS Pack Vendor :Infineon AIROC-Wi-Fi-Bluetooth-STM32 1.5.1
2025-06-25 17:28:51,506 [INFO] ThirdParty:1030 - CMSIS Pack Vendor :STMicroelectronics X-CUBE-BLEMGR 3.0.0
2025-06-25 17:28:51,506 [INFO] ThirdParty:1030 - CMSIS Pack Vendor :STMicroelectronics X-CUBE-NFC7 2.0.0
2025-06-25 17:28:51,506 [INFO] ThirdParty:1030 - CMSIS Pack Vendor :STMicroelectronics X-CUBE-TCPP 4.2.0
2025-06-25 17:28:51,506 [INFO] ThirdParty:1030 - CMSIS Pack Vendor :RealThread X-CUBE-RT-Thread_Nano 4.1.1
2025-06-25 17:28:51,506 [INFO] ThirdParty:1030 - CMSIS Pack Vendor :STMicroelectronics FP-SNS-MOTENVWB1 1.3.1
2025-06-25 17:28:51,507 [INFO] ThirdParty:1030 - CMSIS Pack Vendor :STMicroelectronics FP-ATR-SIGFOX1 3.2.0
2025-06-25 17:28:51,507 [INFO] ThirdParty:1030 - CMSIS Pack Vendor :quantropi X-CUBE-qispace-sdk-base 1.9.3
2025-06-25 17:28:51,507 [INFO] ThirdParty:1030 - CMSIS Pack Vendor :STMicroelectronics X-CUBE-ISPU 2.0.0
2025-06-25 17:28:51,507 [INFO] ThirdParty:1030 - CMSIS Pack Vendor :STMicroelectronics X-CUBE-EEPRMA1 5.1.0
2025-06-25 17:28:51,507 [INFO] ThirdParty:1030 - CMSIS Pack Vendor :STMicroelectronics MBEDTLS 2.16.2
2025-06-25 17:28:51,508 [INFO] ThirdParty:1030 - CMSIS Pack Vendor :STMicroelectronics X-CUBE-IPS 3.1.0
2025-06-25 17:28:51,508 [INFO] ThirdParty:1030 - CMSIS Pack Vendor :STMicroelectronics X-CUBE-ALS 1.0.2
2025-06-25 17:28:51,508 [INFO] ThirdParty:1030 - CMSIS Pack Vendor :STMicroelectronics X-CUBE-MEMS1 10.0.0
2025-06-25 17:28:51,508 [INFO] ThirdParty:1030 - CMSIS Pack Vendor :STMicroelectronics X-CUBE-FREERTOS 1.1.0
2025-06-25 17:28:51,508 [INFO] ThirdParty:1030 - CMSIS Pack Vendor :STMicroelectronics X-CUBE-TOUCHGFX 4.24.0
2025-06-25 17:28:51,508 [INFO] ThirdParty:1030 - CMSIS Pack Vendor :STMicroelectronics X-CUBE-TOUCHGFX 4.24.2
2025-06-25 17:28:51,508 [INFO] ThirdParty:1030 - CMSIS Pack Vendor :STMicroelectronics X-CUBE-TOUCHGFX 4.24.1
2025-06-25 17:28:51,508 [INFO] ThirdParty:1030 - CMSIS Pack Vendor :portGmbH I-Cube-SoM-uGOAL 1.1.0
2025-06-25 17:28:51,508 [INFO] ThirdParty:1030 - CMSIS Pack Vendor :STMicroelectronics X-CUBE-ALS 1.0.1
2025-06-25 17:28:51,508 [INFO] ThirdParty:1030 - CMSIS Pack Vendor :STMicroelectronics X-CUBE-ST67W61 1.0.0
2025-06-25 17:28:51,508 [INFO] ThirdParty:1030 - CMSIS Pack Vendor :STMicroelectronics ThreadX 1.0.0
2025-06-25 17:28:51,508 [INFO] ThirdParty:1030 - CMSIS Pack Vendor :SEGGER I-CUBE-embOS 1.3.1
2025-06-25 17:28:51,508 [INFO] ThirdParty:1030 - CMSIS Pack Vendor :STMicroelectronics X-CUBE-ALGOBUILD 1.4.0
2025-06-25 17:28:51,508 [INFO] ThirdParty:1030 - CMSIS Pack Vendor :STMicroelectronics X-CUBE-MEMS1 11.3.0
2025-06-25 17:28:51,508 [INFO] ThirdParty:1030 - CMSIS Pack Vendor :STMicroelectronics X-CUBE-AZRTOS-H7RS 1.0.0
2025-06-25 17:28:51,508 [INFO] ThirdParty:1030 - CMSIS Pack Vendor :STMicroelectronics FP-ATR-ASTRA1 2.0.0
2025-06-25 17:28:51,508 [INFO] ThirdParty:1030 - CMSIS Pack Vendor :STMicroelectronics X-CUBE-TOF1 3.4.2
2025-06-25 17:28:51,508 [INFO] ThirdParty:1030 - CMSIS Pack Vendor :STMicroelectronics X-CUBE-TOF1 3.4.3
2025-06-25 17:28:51,508 [INFO] ThirdParty:1030 - CMSIS Pack Vendor :STMicroelectronics X-CUBE-AI 9.1.0
2025-06-25 17:28:51,508 [INFO] ThirdParty:1030 - CMSIS Pack Vendor :STMicroelectronics X-CUBE-TOF1 3.4.0
2025-06-25 17:28:51,509 [INFO] ThirdParty:1030 - CMSIS Pack Vendor :STMicroelectronics X-CUBE-TOF1 3.4.1
2025-06-25 17:28:51,509 [INFO] ThirdParty:1030 - CMSIS Pack Vendor :STMicroelectronics X-CUBE-AZRTOS-H7 3.2.0
2025-06-25 17:28:51,509 [INFO] ThirdParty:1030 - CMSIS Pack Vendor :wolfSSL I-CUBE-wolfSSH 1.4.17
2025-06-25 17:28:51,509 [INFO] ThirdParty:841 - exiting critical section [change project]
2025-06-25 17:28:52,413 [INFO] PinOutPanel:1589 - setPackage(No Configuration,No Configuration)
2025-06-25 17:28:52,418 [INFO] PinOutPanel:1589 - setPackage(STM32F407IGHx,UFBGA176)
2025-06-25 17:28:52,908 [INFO] UtilMem:75 - Before build in PCC Used Memory: 627505256 Bytes (1073741824)
2025-06-25 17:28:53,372 [INFO] UtilMem:75 - After build in PCC Used Memory: 675739752 Bytes (1073741824)
2025-06-25 17:28:53,454 [INFO] ApiDbMcu:508 - Load IP Config File for FREERTOS
2025-06-25 17:28:53,551 [INFO] IPUIPlugin:80 - create IPUIPlugin
2025-06-25 17:28:53,551 [INFO] IPUIPlugin:80 - create IPUIPlugin
2025-06-25 17:28:53,551 [INFO] IPUIPlugin:80 - create IPUIPlugin
2025-06-25 17:28:53,551 [INFO] IPUIPlugin:80 - create IPUIPlugin
2025-06-25 17:28:53,552 [INFO] IPUIPlugin:80 - create IPUIPlugin
2025-06-25 17:28:53,552 [INFO] IPUIPlugin:80 - create IPUIPlugin
2025-06-25 17:28:53,553 [INFO] IPUIPlugin:80 - create IPUIPlugin
2025-06-25 17:28:53,554 [INFO] IPUIPlugin:80 - create IPUIPlugin
2025-06-25 17:28:53,555 [INFO] IPUIPlugin:80 - create IPUIPlugin
2025-06-25 17:28:53,557 [INFO] IPUIPlugin:80 - create IPUIPlugin
2025-06-25 17:28:53,557 [INFO] IPUIPlugin:80 - create IPUIPlugin
2025-06-25 17:28:53,558 [INFO] IPUIPlugin:80 - create IPUIPlugin
2025-06-25 17:28:53,558 [INFO] IPUIPlugin:80 - create IPUIPlugin
2025-06-25 17:28:53,558 [INFO] IPUIPlugin:80 - create IPUIPlugin
2025-06-25 17:28:53,559 [INFO] IPUIPlugin:80 - create IPUIPlugin
2025-06-25 17:28:53,559 [INFO] IPUIPlugin:80 - create IPUIPlugin
2025-06-25 17:28:53,561 [INFO] IPUIPlugin:80 - create IPUIPlugin
2025-06-25 17:28:53,561 [INFO] IPUIPlugin:80 - create IPUIPlugin
2025-06-25 17:28:53,562 [INFO] IPUIPlugin:80 - create IPUIPlugin
2025-06-25 17:28:53,563 [INFO] IPUIPlugin:80 - create IPUIPlugin
2025-06-25 17:28:53,563 [INFO] IPUIPlugin:80 - create IPUIPlugin
2025-06-25 17:28:53,564 [INFO] IPUIPlugin:80 - create IPUIPlugin
2025-06-25 17:28:53,566 [INFO] IPUIPlugin:80 - create IPUIPlugin
2025-06-25 17:28:53,566 [INFO] IPUIPlugin:80 - create IPUIPlugin
2025-06-25 17:28:53,566 [INFO] IPUIPlugin:80 - create IPUIPlugin
2025-06-25 17:28:53,567 [INFO] IPUIPlugin:80 - create IPUIPlugin
2025-06-25 17:28:53,568 [INFO] IPUIPlugin:80 - create IPUIPlugin
2025-06-25 17:28:53,568 [INFO] IPUIPlugin:80 - create IPUIPlugin
2025-06-25 17:28:53,571 [INFO] IPUIPlugin:80 - create IPUIPlugin
2025-06-25 17:28:53,572 [INFO] IPUIPlugin:80 - create IPUIPlugin
2025-06-25 17:28:53,574 [INFO] IPUIPlugin:80 - create IPUIPlugin
2025-06-25 17:28:53,575 [INFO] IPUIPlugin:80 - create IPUIPlugin
2025-06-25 17:28:53,575 [INFO] IPUIPlugin:80 - create IPUIPlugin
2025-06-25 17:28:53,575 [INFO] IPUIPlugin:80 - create IPUIPlugin
2025-06-25 17:28:53,575 [INFO] IPUIPlugin:80 - create IPUIPlugin
2025-06-25 17:28:53,575 [INFO] IPUIPlugin:80 - create IPUIPlugin
2025-06-25 17:28:53,576 [INFO] IPUIPlugin:80 - create IPUIPlugin
2025-06-25 17:28:53,576 [INFO] IPUIPlugin:80 - create IPUIPlugin
2025-06-25 17:28:53,576 [INFO] IPUIPlugin:80 - create IPUIPlugin
2025-06-25 17:28:53,576 [INFO] IPUIPlugin:80 - create IPUIPlugin
2025-06-25 17:28:53,577 [INFO] IPUIPlugin:80 - create IPUIPlugin
2025-06-25 17:28:53,578 [INFO] IPUIPlugin:80 - create IPUIPlugin
2025-06-25 17:28:53,578 [INFO] IPUIPlugin:80 - create IPUIPlugin
2025-06-25 17:28:53,578 [INFO] IPUIPlugin:80 - create IPUIPlugin
2025-06-25 17:28:53,579 [INFO] IPUIPlugin:80 - create IPUIPlugin
2025-06-25 17:28:53,579 [INFO] IPUIPlugin:80 - create IPUIPlugin
2025-06-25 17:28:53,579 [INFO] IPUIPlugin:80 - create IPUIPlugin
2025-06-25 17:28:53,579 [INFO] IPUIPlugin:80 - create IPUIPlugin
2025-06-25 17:28:53,580 [INFO] IPUIPlugin:80 - create IPUIPlugin
2025-06-25 17:28:53,581 [INFO] IPUIPlugin:80 - create IPUIPlugin
2025-06-25 17:28:53,582 [INFO] IPUIPlugin:80 - create IPUIPlugin
2025-06-25 17:28:53,582 [INFO] IPUIPlugin:80 - create IPUIPlugin
2025-06-25 17:28:53,583 [INFO] IPUIPlugin:80 - create IPUIPlugin
2025-06-25 17:28:53,584 [INFO] IPUIPlugin:80 - create IPUIPlugin
2025-06-25 17:28:53,584 [INFO] IPUIPlugin:80 - create IPUIPlugin
2025-06-25 17:28:53,585 [INFO] IPUIPlugin:80 - create IPUIPlugin
2025-06-25 17:28:53,586 [INFO] IPUIPlugin:80 - create IPUIPlugin
2025-06-25 17:28:53,589 [INFO] IPUIPlugin:80 - create IPUIPlugin
2025-06-25 17:28:53,600 [INFO] ApiDbMcu:508 - Load IP Config File for PDM2PCM
2025-06-25 17:28:53,602 [INFO] Can:71 - Can Add PropertyChangeListener com.st.microxplorer.plugins.ip.can.Can@615cde4a
2025-06-25 17:28:53,603 [INFO] Can:71 - Can Add PropertyChangeListener com.st.microxplorer.plugins.ip.can.Can@29960865
2025-06-25 17:28:53,604 [WARN] IP:2250 - I2C_Coeff_DF not found: check if there is a RefParameter without a condition.
2025-06-25 17:28:53,604 [WARN] IP:2250 - Analog_Filter not found: check if there is a RefParameter without a condition.
2025-06-25 17:28:53,641 [WARN] FreeRTOS:1023 - Null or empty value: should not occur! (nothing added to the table)
2025-06-25 17:28:53,902 [INFO] CADModel:165 - CPN selected for project levelSTM32F407IGH6
2025-06-25 17:28:53,902 [INFO] CADModel:114 - Register for checkConnection events
2025-06-25 17:28:53,905 [INFO] RtosManager:725 - Active RTOS found at IOC load: FREERTOS [Cortex-M4NS]
2025-06-25 17:28:53,999 [INFO] OpenFileManager:385 - Restore cursor
2025-06-25 17:28:54,747 [WARN] IP:2250 - I2C_Coeff_DF not found: check if there is a RefParameter without a condition.
2025-06-25 17:28:54,747 [WARN] IP:2250 - Analog_Filter not found: check if there is a RefParameter without a condition.
2025-06-25 17:28:54,748 [WARN] IP:2250 - I2C_Coeff_DF not found: check if there is a RefParameter without a condition.
2025-06-25 17:28:54,748 [WARN] IP:2250 - Analog_Filter not found: check if there is a RefParameter without a condition.
2025-06-25 18:06:26,345 [INFO] WebApp:194 - Connection lost
2025-06-25 18:06:32,313 [INFO] WebApp:191 - Connection restablished
2025-06-25 18:19:26,690 [INFO] WebApp:194 - Connection lost
2025-06-25 18:19:29,096 [INFO] WebApp:191 - Connection restablished
2025-06-25 18:22:18,703 [INFO] WebApp:194 - Connection lost
2025-06-25 18:22:23,906 [INFO] WebApp:191 - Connection restablished
2025-06-25 18:54:44,701 [INFO] WebApp:194 - Connection lost
2025-06-25 18:54:46,656 [INFO] WebApp:191 - Connection restablished
2025-06-25 19:34:00,966 [INFO] WebApp:194 - Connection lost
2025-06-25 19:34:03,040 [INFO] WebApp:191 - Connection restablished
2025-06-25 19:35:48,808 [INFO] WebApp:194 - Connection lost
2025-06-25 19:35:52,970 [INFO] WebApp:191 - Connection restablished
2025-06-25 20:10:12,677 [INFO] WebApp:194 - Connection lost
2025-06-25 20:10:14,791 [INFO] WebApp:191 - Connection restablished
2025-06-25 20:17:58,668 [INFO] WebApp:194 - Connection lost
2025-06-25 20:18:01,324 [INFO] WebApp:191 - Connection restablished
2025-06-25 20:20:48,600 [INFO] WebApp:194 - Connection lost
2025-06-25 20:21:11,546 [INFO] WebApp:191 - Connection restablished
2025-06-25 20:28:57,586 [INFO] WebApp:194 - Connection lost
2025-06-25 20:29:05,761 [INFO] WebApp:191 - Connection restablished
