18:51:23 **** Incremental Build of configuration Debug for project RMTemplate ****
make -j20 all 
arm-none-eabi-size  RMTemplate.elf 
   text	   data	    bss	    dec	    hex	filename
  68692	    600	  23728	  93020	  16b5c	RMTemplate.elf
Finished building: default.size.stdout
 
19:05:58 **** Incremental Build of configuration Debug for project RMTemplate ****
make -j20 all 
arm-none-eabi-size  RMTemplate.elf 
   text	   data	    bss	    dec	    hex	filename
  68692	    600	  23728	  93020	  16b5c	RMTemplate.elf
Finished building: default.size.stdout
 
19:12:41 **** Incremental Build of configuration Debug for project RMTemplate ****
make -j20 all 
arm-none-eabi-size  RMTemplate.elf 
   text	   data	    bss	    dec	    hex	filename
  68692	    600	  23728	  93020	  16b5c	RMTemplate.elf
Finished building: default.size.stdout
 
19:13:23 **** Incremental Build of configuration Debug for project RMTemplate ****
make -j20 all 
arm-none-eabi-gcc "../Core/Src/main.c" -mcpu=cortex-m4 -std=gnu11 -g3 -DDEBUG -DUSE_HAL_DRIVER -DSTM32F407xx -c -I../Core/Inc -I../Drivers/STM32F4xx_HAL_Driver/Inc -I../Drivers/STM32F4xx_HAL_Driver/Inc/Legacy -I../Drivers/CMSIS/Device/ST/STM32F4xx/Include -I../Drivers/CMSIS/Include -I../Middlewares/Third_Party/FreeRTOS/Source/include -I../Middlewares/Third_Party/FreeRTOS/Source/CMSIS_RTOS_V2 -I../Middlewares/Third_Party/FreeRTOS/Source/portable/GCC/ARM_CM4F -O0 -ffunction-sections -fdata-sections -Wall -fstack-usage -fcyclomatic-complexity -MMD -MP -MF"Core/Src/main.d" -MT"Core/Src/main.o" --specs=nano.specs -mfpu=fpv4-sp-d16 -mfloat-abi=hard -mthumb -o "Core/Src/main.o"
arm-none-eabi-gcc -o "RMTemplate.elf" @"objects.list"   -mcpu=cortex-m4 -T"C:\Users\Liang Nie\Documents\GitHub\STM32CUBEIDE\Liang Nie\RMTemplate\STM32F407IGHX_FLASH.ld" --specs=nosys.specs -Wl,-Map="RMTemplate.map" -Wl,--gc-sections -static --specs=nano.specs -mfpu=fpv4-sp-d16 -mfloat-abi=hard -mthumb -u _printf_float -Wl,--start-group -lc -lm -Wl,--end-group
C:/ST/STM32CubeIDE_1.12.1/STM32CubeIDE/plugins/com.st.stm32cube.ide.mcu.externaltools.gnu-tools-for-stm32.12.3.rel1.win32_1.0.100.202403111256/tools/bin/../lib/gcc/arm-none-eabi/12.3.1/../../../../arm-none-eabi/bin/ld.exe: warning: RMTemplate.elf has a LOAD segment with RWX permissions
Finished building target: RMTemplate.elf
 
arm-none-eabi-size  RMTemplate.elf 
arm-none-eabi-objdump -h -S RMTemplate.elf  > "RMTemplate.list"
   text	   data	    bss	    dec	    hex	filename
  68700	    600	  23728	  93028	  16b64	RMTemplate.elf
Finished building: default.size.stdout
 
Finished building: RMTemplate.list
 
19:14:57 **** Incremental Build of configuration Debug for project RMTemplate ****
make -j20 all 
arm-none-eabi-size  RMTemplate.elf 
   text	   data	    bss	    dec	    hex	filename
  68700	    600	  23728	  93028	  16b64	RMTemplate.elf
Finished building: default.size.stdout
 
19:15:27 **** Incremental Build of configuration Debug for project RMTemplate ****
make -j20 all 
arm-none-eabi-gcc "../Core/Src/main.c" -mcpu=cortex-m4 -std=gnu11 -g3 -DDEBUG -DUSE_HAL_DRIVER -DSTM32F407xx -c -I../Core/Inc -I../Drivers/STM32F4xx_HAL_Driver/Inc -I../Drivers/STM32F4xx_HAL_Driver/Inc/Legacy -I../Drivers/CMSIS/Device/ST/STM32F4xx/Include -I../Drivers/CMSIS/Include -I../Middlewares/Third_Party/FreeRTOS/Source/include -I../Middlewares/Third_Party/FreeRTOS/Source/CMSIS_RTOS_V2 -I../Middlewares/Third_Party/FreeRTOS/Source/portable/GCC/ARM_CM4F -O0 -ffunction-sections -fdata-sections -Wall -fstack-usage -fcyclomatic-complexity -MMD -MP -MF"Core/Src/main.d" -MT"Core/Src/main.o" --specs=nano.specs -mfpu=fpv4-sp-d16 -mfloat-abi=hard -mthumb -o "Core/Src/main.o"
../Core/Src/main.c: In function 'TaskChassis':
../Core/Src/main.c:992:11: warning: variable 'calcChassisPower' set but not used [-Wunused-but-set-variable]
  992 |     float calcChassisPower = 0;                                 // range: 3376 ~ 2132
      |           ^~~~~~~~~~~~~~~~
arm-none-eabi-gcc -o "RMTemplate.elf" @"objects.list"   -mcpu=cortex-m4 -T"C:\Users\Liang Nie\Documents\GitHub\STM32CUBEIDE\Liang Nie\RMTemplate\STM32F407IGHX_FLASH.ld" --specs=nosys.specs -Wl,-Map="RMTemplate.map" -Wl,--gc-sections -static --specs=nano.specs -mfpu=fpv4-sp-d16 -mfloat-abi=hard -mthumb -u _printf_float -Wl,--start-group -lc -lm -Wl,--end-group
C:/ST/STM32CubeIDE_1.12.1/STM32CubeIDE/plugins/com.st.stm32cube.ide.mcu.externaltools.gnu-tools-for-stm32.12.3.rel1.win32_1.0.100.202403111256/tools/bin/../lib/gcc/arm-none-eabi/12.3.1/../../../../arm-none-eabi/bin/ld.exe: warning: RMTemplate.elf has a LOAD segment with RWX permissions
Finished building target: RMTemplate.elf
 
arm-none-eabi-size  RMTemplate.elf 
arm-none-eabi-objdump -h -S RMTemplate.elf  > "RMTemplate.list"
   text	   data	    bss	    dec	    hex	filename
  68652	    600	  23728	  92980	  16b34	RMTemplate.elf
Finished building: default.size.stdout
 
Finished building: RMTemplate.list
 
19:17:19 **** Incremental Build of configuration Debug for project RMTemplate ****
make -j20 all 
arm-none-eabi-gcc "../Core/Src/CAN_receive.c" -mcpu=cortex-m4 -std=gnu11 -g3 -DDEBUG -DUSE_HAL_DRIVER -DSTM32F407xx -c -I../Core/Inc -I../Drivers/STM32F4xx_HAL_Driver/Inc -I../Drivers/STM32F4xx_HAL_Driver/Inc/Legacy -I../Drivers/CMSIS/Device/ST/STM32F4xx/Include -I../Drivers/CMSIS/Include -I../Middlewares/Third_Party/FreeRTOS/Source/include -I../Middlewares/Third_Party/FreeRTOS/Source/CMSIS_RTOS_V2 -I../Middlewares/Third_Party/FreeRTOS/Source/portable/GCC/ARM_CM4F -O0 -ffunction-sections -fdata-sections -Wall -fstack-usage -fcyclomatic-complexity -MMD -MP -MF"Core/Src/CAN_receive.d" -MT"Core/Src/CAN_receive.o" --specs=nano.specs -mfpu=fpv4-sp-d16 -mfloat-abi=hard -mthumb -o "Core/Src/CAN_receive.o"
arm-none-eabi-gcc "../Core/Src/main.c" -mcpu=cortex-m4 -std=gnu11 -g3 -DDEBUG -DUSE_HAL_DRIVER -DSTM32F407xx -c -I../Core/Inc -I../Drivers/STM32F4xx_HAL_Driver/Inc -I../Drivers/STM32F4xx_HAL_Driver/Inc/Legacy -I../Drivers/CMSIS/Device/ST/STM32F4xx/Include -I../Drivers/CMSIS/Include -I../Middlewares/Third_Party/FreeRTOS/Source/include -I../Middlewares/Third_Party/FreeRTOS/Source/CMSIS_RTOS_V2 -I../Middlewares/Third_Party/FreeRTOS/Source/portable/GCC/ARM_CM4F -O0 -ffunction-sections -fdata-sections -Wall -fstack-usage -fcyclomatic-complexity -MMD -MP -MF"Core/Src/main.d" -MT"Core/Src/main.o" --specs=nano.specs -mfpu=fpv4-sp-d16 -mfloat-abi=hard -mthumb -o "Core/Src/main.o"
../Core/Src/CAN_receive.c: In function 'applyPowerlimit':
../Core/Src/CAN_receive.c:421:15: warning: variable 'diff' set but not used [-Wunused-but-set-variable]
  421 |         float diff = 0;
      |               ^~~~
../Core/Src/main.c: In function 'TaskChassis':
../Core/Src/main.c:992:11: warning: variable 'calcChassisPower' set but not used [-Wunused-but-set-variable]
  992 |     float calcChassisPower = 0;                                 // range: 3376 ~ 2132
      |           ^~~~~~~~~~~~~~~~
arm-none-eabi-gcc -o "RMTemplate.elf" @"objects.list"   -mcpu=cortex-m4 -T"C:\Users\Liang Nie\Documents\GitHub\STM32CUBEIDE\Liang Nie\RMTemplate\STM32F407IGHX_FLASH.ld" --specs=nosys.specs -Wl,-Map="RMTemplate.map" -Wl,--gc-sections -static --specs=nano.specs -mfpu=fpv4-sp-d16 -mfloat-abi=hard -mthumb -u _printf_float -Wl,--start-group -lc -lm -Wl,--end-group
C:/ST/STM32CubeIDE_1.12.1/STM32CubeIDE/plugins/com.st.stm32cube.ide.mcu.externaltools.gnu-tools-for-stm32.12.3.rel1.win32_1.0.100.202403111256/tools/bin/../lib/gcc/arm-none-eabi/12.3.1/../../../../arm-none-eabi/bin/ld.exe: warning: RMTemplate.elf has a LOAD segment with RWX permissions
Finished building target: RMTemplate.elf
 
arm-none-eabi-size  RMTemplate.elf 
arm-none-eabi-objdump -h -S RMTemplate.elf  > "RMTemplate.list"
   text	   data	    bss	    dec	    hex	filename
  68660	    600	  23728	  92988	  16b3c	RMTemplate.elf
Finished building: default.size.stdout
 
Finished building: RMTemplate.list
 
19:18:11 **** Incremental Build of configuration Debug for project RMTemplate ****
make -j20 all 
arm-none-eabi-gcc "../Core/Src/CAN_receive.c" -mcpu=cortex-m4 -std=gnu11 -g3 -DDEBUG -DUSE_HAL_DRIVER -DSTM32F407xx -c -I../Core/Inc -I../Drivers/STM32F4xx_HAL_Driver/Inc -I../Drivers/STM32F4xx_HAL_Driver/Inc/Legacy -I../Drivers/CMSIS/Device/ST/STM32F4xx/Include -I../Drivers/CMSIS/Include -I../Middlewares/Third_Party/FreeRTOS/Source/include -I../Middlewares/Third_Party/FreeRTOS/Source/CMSIS_RTOS_V2 -I../Middlewares/Third_Party/FreeRTOS/Source/portable/GCC/ARM_CM4F -O0 -ffunction-sections -fdata-sections -Wall -fstack-usage -fcyclomatic-complexity -MMD -MP -MF"Core/Src/CAN_receive.d" -MT"Core/Src/CAN_receive.o" --specs=nano.specs -mfpu=fpv4-sp-d16 -mfloat-abi=hard -mthumb -o "Core/Src/CAN_receive.o"
arm-none-eabi-gcc "../Core/Src/main.c" -mcpu=cortex-m4 -std=gnu11 -g3 -DDEBUG -DUSE_HAL_DRIVER -DSTM32F407xx -c -I../Core/Inc -I../Drivers/STM32F4xx_HAL_Driver/Inc -I../Drivers/STM32F4xx_HAL_Driver/Inc/Legacy -I../Drivers/CMSIS/Device/ST/STM32F4xx/Include -I../Drivers/CMSIS/Include -I../Middlewares/Third_Party/FreeRTOS/Source/include -I../Middlewares/Third_Party/FreeRTOS/Source/CMSIS_RTOS_V2 -I../Middlewares/Third_Party/FreeRTOS/Source/portable/GCC/ARM_CM4F -O0 -ffunction-sections -fdata-sections -Wall -fstack-usage -fcyclomatic-complexity -MMD -MP -MF"Core/Src/main.d" -MT"Core/Src/main.o" --specs=nano.specs -mfpu=fpv4-sp-d16 -mfloat-abi=hard -mthumb -o "Core/Src/main.o"
../Core/Src/CAN_receive.c: In function 'applyPowerlimit':
../Core/Src/CAN_receive.c:421:15: warning: variable 'diff' set but not used [-Wunused-but-set-variable]
  421 |         float diff = 0;
      |               ^~~~
../Core/Src/main.c: In function 'TaskChassis':
../Core/Src/main.c:992:11: warning: variable 'calcChassisPower' set but not used [-Wunused-but-set-variable]
  992 |     float calcChassisPower = 0;                                 // range: 3376 ~ 2132
      |           ^~~~~~~~~~~~~~~~
arm-none-eabi-gcc -o "RMTemplate.elf" @"objects.list"   -mcpu=cortex-m4 -T"C:\Users\Liang Nie\Documents\GitHub\STM32CUBEIDE\Liang Nie\RMTemplate\STM32F407IGHX_FLASH.ld" --specs=nosys.specs -Wl,-Map="RMTemplate.map" -Wl,--gc-sections -static --specs=nano.specs -mfpu=fpv4-sp-d16 -mfloat-abi=hard -mthumb -u _printf_float -Wl,--start-group -lc -lm -Wl,--end-group
C:/ST/STM32CubeIDE_1.12.1/STM32CubeIDE/plugins/com.st.stm32cube.ide.mcu.externaltools.gnu-tools-for-stm32.12.3.rel1.win32_1.0.100.202403111256/tools/bin/../lib/gcc/arm-none-eabi/12.3.1/../../../../arm-none-eabi/bin/ld.exe: warning: RMTemplate.elf has a LOAD segment with RWX permissions
Finished building target: RMTemplate.elf
 
arm-none-eabi-size  RMTemplate.elf 
arm-none-eabi-objdump -h -S RMTemplate.elf  > "RMTemplate.list"
   text	   data	    bss	    dec	    hex	filename
  68548	    600	  23728	  92876	  16acc	RMTemplate.elf
Finished building: default.size.stdout
 
Finished building: RMTemplate.list
 
19:18:25 **** Incremental Build of configuration Debug for project RMTemplate ****
make -j20 all 
arm-none-eabi-gcc "../Core/Src/main.c" -mcpu=cortex-m4 -std=gnu11 -g3 -DDEBUG -DUSE_HAL_DRIVER -DSTM32F407xx -c -I../Core/Inc -I../Drivers/STM32F4xx_HAL_Driver/Inc -I../Drivers/STM32F4xx_HAL_Driver/Inc/Legacy -I../Drivers/CMSIS/Device/ST/STM32F4xx/Include -I../Drivers/CMSIS/Include -I../Middlewares/Third_Party/FreeRTOS/Source/include -I../Middlewares/Third_Party/FreeRTOS/Source/CMSIS_RTOS_V2 -I../Middlewares/Third_Party/FreeRTOS/Source/portable/GCC/ARM_CM4F -O0 -ffunction-sections -fdata-sections -Wall -fstack-usage -fcyclomatic-complexity -MMD -MP -MF"Core/Src/main.d" -MT"Core/Src/main.o" --specs=nano.specs -mfpu=fpv4-sp-d16 -mfloat-abi=hard -mthumb -o "Core/Src/main.o"
../Core/Src/main.c: In function 'TaskChassis':
../Core/Src/main.c:992:11: warning: variable 'calcChassisPower' set but not used [-Wunused-but-set-variable]
  992 |     float calcChassisPower = 0;                                 // range: 3376 ~ 2132
      |           ^~~~~~~~~~~~~~~~
arm-none-eabi-gcc -o "RMTemplate.elf" @"objects.list"   -mcpu=cortex-m4 -T"C:\Users\Liang Nie\Documents\GitHub\STM32CUBEIDE\Liang Nie\RMTemplate\STM32F407IGHX_FLASH.ld" --specs=nosys.specs -Wl,-Map="RMTemplate.map" -Wl,--gc-sections -static --specs=nano.specs -mfpu=fpv4-sp-d16 -mfloat-abi=hard -mthumb -u _printf_float -Wl,--start-group -lc -lm -Wl,--end-group
C:/ST/STM32CubeIDE_1.12.1/STM32CubeIDE/plugins/com.st.stm32cube.ide.mcu.externaltools.gnu-tools-for-stm32.12.3.rel1.win32_1.0.100.202403111256/tools/bin/../lib/gcc/arm-none-eabi/12.3.1/../../../../arm-none-eabi/bin/ld.exe: warning: RMTemplate.elf has a LOAD segment with RWX permissions
Finished building target: RMTemplate.elf
 
arm-none-eabi-size  RMTemplate.elf 
arm-none-eabi-objdump -h -S RMTemplate.elf  > "RMTemplate.list"
   text	   data	    bss	    dec	    hex	filename
  68628	    600	  23728	  92956	  16b1c	RMTemplate.elf
Finished building: default.size.stdout
 
Finished building: RMTemplate.list
 
19:21:19 **** Incremental Build of configuration Debug for project RMTemplate ****
make -j20 all 
arm-none-eabi-gcc "../Core/Src/main.c" -mcpu=cortex-m4 -std=gnu11 -g3 -DDEBUG -DUSE_HAL_DRIVER -DSTM32F407xx -c -I../Core/Inc -I../Drivers/STM32F4xx_HAL_Driver/Inc -I../Drivers/STM32F4xx_HAL_Driver/Inc/Legacy -I../Drivers/CMSIS/Device/ST/STM32F4xx/Include -I../Drivers/CMSIS/Include -I../Middlewares/Third_Party/FreeRTOS/Source/include -I../Middlewares/Third_Party/FreeRTOS/Source/CMSIS_RTOS_V2 -I../Middlewares/Third_Party/FreeRTOS/Source/portable/GCC/ARM_CM4F -O0 -ffunction-sections -fdata-sections -Wall -fstack-usage -fcyclomatic-complexity -MMD -MP -MF"Core/Src/main.d" -MT"Core/Src/main.o" --specs=nano.specs -mfpu=fpv4-sp-d16 -mfloat-abi=hard -mthumb -o "Core/Src/main.o"
../Core/Src/main.c: In function 'TaskChassis':
../Core/Src/main.c:992:11: warning: variable 'calcChassisPower' set but not used [-Wunused-but-set-variable]
  992 |     float calcChassisPower = 0;                                 // range: 3376 ~ 2132
      |           ^~~~~~~~~~~~~~~~
arm-none-eabi-gcc -o "RMTemplate.elf" @"objects.list"   -mcpu=cortex-m4 -T"C:\Users\Liang Nie\Documents\GitHub\STM32CUBEIDE\Liang Nie\RMTemplate\STM32F407IGHX_FLASH.ld" --specs=nosys.specs -Wl,-Map="RMTemplate.map" -Wl,--gc-sections -static --specs=nano.specs -mfpu=fpv4-sp-d16 -mfloat-abi=hard -mthumb -u _printf_float -Wl,--start-group -lc -lm -Wl,--end-group
C:/ST/STM32CubeIDE_1.12.1/STM32CubeIDE/plugins/com.st.stm32cube.ide.mcu.externaltools.gnu-tools-for-stm32.12.3.rel1.win32_1.0.100.202403111256/tools/bin/../lib/gcc/arm-none-eabi/12.3.1/../../../../arm-none-eabi/bin/ld.exe: warning: RMTemplate.elf has a LOAD segment with RWX permissions
Finished building target: RMTemplate.elf
 
arm-none-eabi-size  RMTemplate.elf 
arm-none-eabi-objdump -h -S RMTemplate.elf  > "RMTemplate.list"
   text	   data	    bss	    dec	    hex	filename
  68548	    600	  23728	  92876	  16acc	RMTemplate.elf
Finished building: default.size.stdout
 
Finished building: RMTemplate.list
 
19:21:55 **** Incremental Build of configuration Debug for project RMTemplate ****
make -j20 all 
arm-none-eabi-gcc "../Core/Src/main.c" -mcpu=cortex-m4 -std=gnu11 -g3 -DDEBUG -DUSE_HAL_DRIVER -DSTM32F407xx -c -I../Core/Inc -I../Drivers/STM32F4xx_HAL_Driver/Inc -I../Drivers/STM32F4xx_HAL_Driver/Inc/Legacy -I../Drivers/CMSIS/Device/ST/STM32F4xx/Include -I../Drivers/CMSIS/Include -I../Middlewares/Third_Party/FreeRTOS/Source/include -I../Middlewares/Third_Party/FreeRTOS/Source/CMSIS_RTOS_V2 -I../Middlewares/Third_Party/FreeRTOS/Source/portable/GCC/ARM_CM4F -O0 -ffunction-sections -fdata-sections -Wall -fstack-usage -fcyclomatic-complexity -MMD -MP -MF"Core/Src/main.d" -MT"Core/Src/main.o" --specs=nano.specs -mfpu=fpv4-sp-d16 -mfloat-abi=hard -mthumb -o "Core/Src/main.o"
../Core/Src/main.c: In function 'TaskChassis':
../Core/Src/main.c:992:11: warning: variable 'calcChassisPower' set but not used [-Wunused-but-set-variable]
  992 |     float calcChassisPower = 0;                                 // range: 3376 ~ 2132
      |           ^~~~~~~~~~~~~~~~
arm-none-eabi-gcc -o "RMTemplate.elf" @"objects.list"   -mcpu=cortex-m4 -T"C:\Users\Liang Nie\Documents\GitHub\STM32CUBEIDE\Liang Nie\RMTemplate\STM32F407IGHX_FLASH.ld" --specs=nosys.specs -Wl,-Map="RMTemplate.map" -Wl,--gc-sections -static --specs=nano.specs -mfpu=fpv4-sp-d16 -mfloat-abi=hard -mthumb -u _printf_float -Wl,--start-group -lc -lm -Wl,--end-group
C:/ST/STM32CubeIDE_1.12.1/STM32CubeIDE/plugins/com.st.stm32cube.ide.mcu.externaltools.gnu-tools-for-stm32.12.3.rel1.win32_1.0.100.202403111256/tools/bin/../lib/gcc/arm-none-eabi/12.3.1/../../../../arm-none-eabi/bin/ld.exe: warning: RMTemplate.elf has a LOAD segment with RWX permissions
Finished building target: RMTemplate.elf
 
arm-none-eabi-size  RMTemplate.elf 
arm-none-eabi-objdump -h -S RMTemplate.elf  > "RMTemplate.list"
   text	   data	    bss	    dec	    hex	filename
  68548	    600	  23728	  92876	  16acc	RMTemplate.elf
Finished building: default.size.stdout
 
Finished building: RMTemplate.list
 
17:46:48 **** Incremental Build of configuration Debug for project RMTemplate ****
make -j20 all 
arm-none-eabi-gcc "../Core/Src/main.c" -mcpu=cortex-m4 -std=gnu11 -g3 -DDEBUG -DUSE_HAL_DRIVER -DSTM32F407xx -c -I../Core/Inc -I../Drivers/STM32F4xx_HAL_Driver/Inc -I../Drivers/STM32F4xx_HAL_Driver/Inc/Legacy -I../Drivers/CMSIS/Device/ST/STM32F4xx/Include -I../Drivers/CMSIS/Include -I../Middlewares/Third_Party/FreeRTOS/Source/include -I../Middlewares/Third_Party/FreeRTOS/Source/CMSIS_RTOS_V2 -I../Middlewares/Third_Party/FreeRTOS/Source/portable/GCC/ARM_CM4F -O0 -ffunction-sections -fdata-sections -Wall -fstack-usage -fcyclomatic-complexity -MMD -MP -MF"Core/Src/main.d" -MT"Core/Src/main.o" --specs=nano.specs -mfpu=fpv4-sp-d16 -mfloat-abi=hard -mthumb -o "Core/Src/main.o"
../Core/Src/main.c: In function 'TaskChassis':
../Core/Src/main.c:992:11: warning: variable 'calcChassisPower' set but not used [-Wunused-but-set-variable]
  992 |     float calcChassisPower = 0;                                 // range: 3376 ~ 2132
      |           ^~~~~~~~~~~~~~~~
arm-none-eabi-gcc -o "RMTemplate.elf" @"objects.list"   -mcpu=cortex-m4 -T"C:\Users\Liang Nie\Documents\GitHub\STM32CUBEIDE\Liang Nie\RMTemplate\STM32F407IGHX_FLASH.ld" --specs=nosys.specs -Wl,-Map="RMTemplate.map" -Wl,--gc-sections -static --specs=nano.specs -mfpu=fpv4-sp-d16 -mfloat-abi=hard -mthumb -u _printf_float -Wl,--start-group -lc -lm -Wl,--end-group
C:/ST/STM32CubeIDE_1.12.1/STM32CubeIDE/plugins/com.st.stm32cube.ide.mcu.externaltools.gnu-tools-for-stm32.12.3.rel1.win32_1.0.100.202403111256/tools/bin/../lib/gcc/arm-none-eabi/12.3.1/../../../../arm-none-eabi/bin/ld.exe: warning: RMTemplate.elf has a LOAD segment with RWX permissions
Finished building target: RMTemplate.elf
 
arm-none-eabi-size  RMTemplate.elf 
arm-none-eabi-objdump -h -S RMTemplate.elf  > "RMTemplate.list"
   text	   data	    bss	    dec	    hex	filename
  68628	    600	  23728	  92956	  16b1c	RMTemplate.elf
Finished building: default.size.stdout
 
Finished building: RMTemplate.list
 
14:59:27 **** Incremental Build of configuration Debug for project RMTemplate ****
make -j20 all 
arm-none-eabi-gcc "../Core/Src/main.c" -mcpu=cortex-m4 -std=gnu11 -g3 -DDEBUG -DUSE_HAL_DRIVER -DSTM32F407xx -c -I../Core/Inc -I../Drivers/STM32F4xx_HAL_Driver/Inc -I../Drivers/STM32F4xx_HAL_Driver/Inc/Legacy -I../Drivers/CMSIS/Device/ST/STM32F4xx/Include -I../Drivers/CMSIS/Include -I../Middlewares/Third_Party/FreeRTOS/Source/include -I../Middlewares/Third_Party/FreeRTOS/Source/CMSIS_RTOS_V2 -I../Middlewares/Third_Party/FreeRTOS/Source/portable/GCC/ARM_CM4F -O0 -ffunction-sections -fdata-sections -Wall -fstack-usage -fcyclomatic-complexity -MMD -MP -MF"Core/Src/main.d" -MT"Core/Src/main.o" --specs=nano.specs -mfpu=fpv4-sp-d16 -mfloat-abi=hard -mthumb -o "Core/Src/main.o"
../Core/Src/main.c: In function 'TaskChassis':
../Core/Src/main.c:992:11: warning: variable 'calcChassisPower' set but not used [-Wunused-but-set-variable]
  992 |     float calcChassisPower = 0;                                 // range: 3376 ~ 2132
      |           ^~~~~~~~~~~~~~~~
arm-none-eabi-gcc -o "RMTemplate.elf" @"objects.list"   -mcpu=cortex-m4 -T"C:\Users\Liang Nie\Documents\GitHub\STM32CUBEIDE\Liang Nie\RMTemplate\STM32F407IGHX_FLASH.ld" --specs=nosys.specs -Wl,-Map="RMTemplate.map" -Wl,--gc-sections -static --specs=nano.specs -mfpu=fpv4-sp-d16 -mfloat-abi=hard -mthumb -u _printf_float -Wl,--start-group -lc -lm -Wl,--end-group
C:/ST/STM32CubeIDE_1.12.1/STM32CubeIDE/plugins/com.st.stm32cube.ide.mcu.externaltools.gnu-tools-for-stm32.12.3.rel1.win32_1.0.100.202403111256/tools/bin/../lib/gcc/arm-none-eabi/12.3.1/../../../../arm-none-eabi/bin/ld.exe: warning: RMTemplate.elf has a LOAD segment with RWX permissions
Finished building target: RMTemplate.elf
 
arm-none-eabi-size  RMTemplate.elf 
arm-none-eabi-objdump -h -S RMTemplate.elf  > "RMTemplate.list"
   text	   data	    bss	    dec	    hex	filename
  68716	    600	  23728	  93044	  16b74	RMTemplate.elf
Finished building: default.size.stdout
 
Finished building: RMTemplate.list
 
17:21:59 **** Incremental Build of configuration Debug for project RMTemplate ****
make -j20 all 
arm-none-eabi-gcc "../Core/Src/main.c" -mcpu=cortex-m4 -std=gnu11 -g3 -DDEBUG -DUSE_HAL_DRIVER -DSTM32F407xx -c -I../Core/Inc -I../Drivers/STM32F4xx_HAL_Driver/Inc -I../Drivers/STM32F4xx_HAL_Driver/Inc/Legacy -I../Drivers/CMSIS/Device/ST/STM32F4xx/Include -I../Drivers/CMSIS/Include -I../Middlewares/Third_Party/FreeRTOS/Source/include -I../Middlewares/Third_Party/FreeRTOS/Source/CMSIS_RTOS_V2 -I../Middlewares/Third_Party/FreeRTOS/Source/portable/GCC/ARM_CM4F -O0 -ffunction-sections -fdata-sections -Wall -fstack-usage -fcyclomatic-complexity -MMD -MP -MF"Core/Src/main.d" -MT"Core/Src/main.o" --specs=nano.specs -mfpu=fpv4-sp-d16 -mfloat-abi=hard -mthumb -o "Core/Src/main.o"
../Core/Src/main.c: In function 'TaskChassis':
../Core/Src/main.c:1012:19: error: invalid initializer
 1012 |     int8_t N[1] = 1;
      |                   ^
../Core/Src/main.c:1013:20: error: invalid initializer
 1013 |     int8_t pN[1] = 1;
      |                    ^
../Core/Src/main.c:1060:25: warning: unused variable 'currentMotorPositionTurret' [-Wunused-variable]
 1060 |                 int16_t currentMotorPositionTurret = getMotorPosition(7);
      |                         ^~~~~~~~~~~~~~~~~~~~~~~~~~
../Core/Src/main.c:1007:11: warning: variable 'calcChassisPower' set but not used [-Wunused-but-set-variable]
 1007 |     float calcChassisPower = 0;                                 // range: 3376 ~ 2132
      |           ^~~~~~~~~~~~~~~~
make: *** [Core/Src/subdir.mk:73: Core/Src/main.o] Error 1
"make -j20 all" terminated with exit code 2. Build might be incomplete.
17:23:40 **** Incremental Build of configuration Debug for project RMTemplate ****
make -j20 all 
arm-none-eabi-gcc "../Core/Src/main.c" -mcpu=cortex-m4 -std=gnu11 -g3 -DDEBUG -DUSE_HAL_DRIVER -DSTM32F407xx -c -I../Core/Inc -I../Drivers/STM32F4xx_HAL_Driver/Inc -I../Drivers/STM32F4xx_HAL_Driver/Inc/Legacy -I../Drivers/CMSIS/Device/ST/STM32F4xx/Include -I../Drivers/CMSIS/Include -I../Middlewares/Third_Party/FreeRTOS/Source/include -I../Middlewares/Third_Party/FreeRTOS/Source/CMSIS_RTOS_V2 -I../Middlewares/Third_Party/FreeRTOS/Source/portable/GCC/ARM_CM4F -O0 -ffunction-sections -fdata-sections -Wall -fstack-usage -fcyclomatic-complexity -MMD -MP -MF"Core/Src/main.d" -MT"Core/Src/main.o" --specs=nano.specs -mfpu=fpv4-sp-d16 -mfloat-abi=hard -mthumb -o "Core/Src/main.o"
../Core/Src/main.c: In function 'TaskChassis':
../Core/Src/main.c:1013:19: error: invalid initializer
 1013 |     int8_t N[1] = 1;
      |                   ^
../Core/Src/main.c:1014:20: error: invalid initializer
 1014 |     int8_t pN[1] = 1;
      |                    ^
../Core/Src/main.c:1008:11: warning: variable 'calcChassisPower' set but not used [-Wunused-but-set-variable]
 1008 |     float calcChassisPower = 0;                                 // range: 3376 ~ 2132
      |           ^~~~~~~~~~~~~~~~
make: *** [Core/Src/subdir.mk:73: Core/Src/main.o] Error 1
"make -j20 all" terminated with exit code 2. Build might be incomplete.
17:24:16 **** Incremental Build of configuration Debug for project RMTemplate ****
make -j20 all 
arm-none-eabi-gcc "../Core/Src/main.c" -mcpu=cortex-m4 -std=gnu11 -g3 -DDEBUG -DUSE_HAL_DRIVER -DSTM32F407xx -c -I../Core/Inc -I../Drivers/STM32F4xx_HAL_Driver/Inc -I../Drivers/STM32F4xx_HAL_Driver/Inc/Legacy -I../Drivers/CMSIS/Device/ST/STM32F4xx/Include -I../Drivers/CMSIS/Include -I../Middlewares/Third_Party/FreeRTOS/Source/include -I../Middlewares/Third_Party/FreeRTOS/Source/CMSIS_RTOS_V2 -I../Middlewares/Third_Party/FreeRTOS/Source/portable/GCC/ARM_CM4F -O0 -ffunction-sections -fdata-sections -Wall -fstack-usage -fcyclomatic-complexity -MMD -MP -MF"Core/Src/main.d" -MT"Core/Src/main.o" --specs=nano.specs -mfpu=fpv4-sp-d16 -mfloat-abi=hard -mthumb -o "Core/Src/main.o"
../Core/Src/main.c: In function 'TaskChassis':
../Core/Src/main.c:1008:11: warning: variable 'calcChassisPower' set but not used [-Wunused-but-set-variable]
 1008 |     float calcChassisPower = 0;                                 // range: 3376 ~ 2132
      |           ^~~~~~~~~~~~~~~~
arm-none-eabi-gcc -o "RMTemplate.elf" @"objects.list"   -mcpu=cortex-m4 -T"C:\Users\Liang Nie\Documents\GitHub\STM32CUBEIDE\Liang Nie\RMTemplate\STM32F407IGHX_FLASH.ld" --specs=nosys.specs -Wl,-Map="RMTemplate.map" -Wl,--gc-sections -static --specs=nano.specs -mfpu=fpv4-sp-d16 -mfloat-abi=hard -mthumb -u _printf_float -Wl,--start-group -lc -lm -Wl,--end-group
C:/ST/STM32CubeIDE_1.12.1/STM32CubeIDE/plugins/com.st.stm32cube.ide.mcu.externaltools.gnu-tools-for-stm32.12.3.rel1.win32_1.0.100.202403111256/tools/bin/../lib/gcc/arm-none-eabi/12.3.1/../../../../arm-none-eabi/bin/ld.exe: warning: RMTemplate.elf has a LOAD segment with RWX permissions
Finished building target: RMTemplate.elf
 
arm-none-eabi-size  RMTemplate.elf 
arm-none-eabi-objdump -h -S RMTemplate.elf  > "RMTemplate.list"
   text	   data	    bss	    dec	    hex	filename
  69756	    612	  23728	  94096	  16f90	RMTemplate.elf
Finished building: default.size.stdout
 
Finished building: RMTemplate.list
 
17:31:22 **** Incremental Build of configuration Debug for project RMTemplate ****
make -j20 all 
arm-none-eabi-gcc "../Core/Src/main.c" -mcpu=cortex-m4 -std=gnu11 -g3 -DDEBUG -DUSE_HAL_DRIVER -DSTM32F407xx -c -I../Core/Inc -I../Drivers/STM32F4xx_HAL_Driver/Inc -I../Drivers/STM32F4xx_HAL_Driver/Inc/Legacy -I../Drivers/CMSIS/Device/ST/STM32F4xx/Include -I../Drivers/CMSIS/Include -I../Middlewares/Third_Party/FreeRTOS/Source/include -I../Middlewares/Third_Party/FreeRTOS/Source/CMSIS_RTOS_V2 -I../Middlewares/Third_Party/FreeRTOS/Source/portable/GCC/ARM_CM4F -O0 -ffunction-sections -fdata-sections -Wall -fstack-usage -fcyclomatic-complexity -MMD -MP -MF"Core/Src/main.d" -MT"Core/Src/main.o" --specs=nano.specs -mfpu=fpv4-sp-d16 -mfloat-abi=hard -mthumb -o "Core/Src/main.o"
../Core/Src/main.c: In function 'TaskChassis':
../Core/Src/main.c:1060:23: warning: unused variable 'kD' [-Wunused-variable]
 1060 |                 float kD = 0;
      |                       ^~
../Core/Src/main.c:1059:23: warning: unused variable 'kI' [-Wunused-variable]
 1059 |                 float kI = 0;
      |                       ^~
../Core/Src/main.c:1058:23: warning: unused variable 'kP' [-Wunused-variable]
 1058 |                 float kP = 0;
      |                       ^~
../Core/Src/main.c:1017:13: warning: unused variable 'sum' [-Wunused-variable]
 1017 |     int16_t sum[1] = {0};
      |             ^~~
../Core/Src/main.c:1016:13: warning: variable 'Diff' set but not used [-Wunused-but-set-variable]
 1016 |     int16_t Diff [1] = {0};
      |             ^~~~
../Core/Src/main.c:1015:13: warning: unused variable 'PD' [-Wunused-variable]
 1015 |     int16_t PD [1] = {0};
      |             ^~
../Core/Src/main.c:1014:12: warning: unused variable 'pN' [-Wunused-variable]
 1014 |     int8_t pN[1] = {1};
      |            ^~
../Core/Src/main.c:1013:12: warning: unused variable 'N' [-Wunused-variable]
 1013 |     int8_t N[1] = {1};
      |            ^
../Core/Src/main.c:1008:11: warning: variable 'calcChassisPower' set but not used [-Wunused-but-set-variable]
 1008 |     float calcChassisPower = 0;                                 // range: 3376 ~ 2132
      |           ^~~~~~~~~~~~~~~~
arm-none-eabi-gcc -o "RMTemplate.elf" @"objects.list"   -mcpu=cortex-m4 -T"C:\Users\Liang Nie\Documents\GitHub\STM32CUBEIDE\Liang Nie\RMTemplate\STM32F407IGHX_FLASH.ld" --specs=nosys.specs -Wl,-Map="RMTemplate.map" -Wl,--gc-sections -static --specs=nano.specs -mfpu=fpv4-sp-d16 -mfloat-abi=hard -mthumb -u _printf_float -Wl,--start-group -lc -lm -Wl,--end-group
C:/ST/STM32CubeIDE_1.12.1/STM32CubeIDE/plugins/com.st.stm32cube.ide.mcu.externaltools.gnu-tools-for-stm32.12.3.rel1.win32_1.0.100.202403111256/tools/bin/../lib/gcc/arm-none-eabi/12.3.1/../../../../arm-none-eabi/bin/ld.exe: warning: RMTemplate.elf has a LOAD segment with RWX permissions
Finished building target: RMTemplate.elf
 
arm-none-eabi-size  RMTemplate.elf 
arm-none-eabi-objdump -h -S RMTemplate.elf  > "RMTemplate.list"
   text	   data	    bss	    dec	    hex	filename
  68852	    600	  23728	  93180	  16bfc	RMTemplate.elf
Finished building: default.size.stdout
 
Finished building: RMTemplate.list
 
17:32:58 **** Incremental Build of configuration Debug for project RMTemplate ****
make -j20 all 
arm-none-eabi-gcc "../Core/Src/main.c" -mcpu=cortex-m4 -std=gnu11 -g3 -DDEBUG -DUSE_HAL_DRIVER -DSTM32F407xx -c -I../Core/Inc -I../Drivers/STM32F4xx_HAL_Driver/Inc -I../Drivers/STM32F4xx_HAL_Driver/Inc/Legacy -I../Drivers/CMSIS/Device/ST/STM32F4xx/Include -I../Drivers/CMSIS/Include -I../Middlewares/Third_Party/FreeRTOS/Source/include -I../Middlewares/Third_Party/FreeRTOS/Source/CMSIS_RTOS_V2 -I../Middlewares/Third_Party/FreeRTOS/Source/portable/GCC/ARM_CM4F -O0 -ffunction-sections -fdata-sections -Wall -fstack-usage -fcyclomatic-complexity -MMD -MP -MF"Core/Src/main.d" -MT"Core/Src/main.o" --specs=nano.specs -mfpu=fpv4-sp-d16 -mfloat-abi=hard -mthumb -o "Core/Src/main.o"
../Core/Src/main.c: In function 'TaskChassis':
../Core/Src/main.c:1060:23: warning: unused variable 'kD' [-Wunused-variable]
 1060 |                 float kD = 0;
      |                       ^~
../Core/Src/main.c:1059:23: warning: unused variable 'kI' [-Wunused-variable]
 1059 |                 float kI = 0;
      |                       ^~
../Core/Src/main.c:1058:23: warning: unused variable 'kP' [-Wunused-variable]
 1058 |                 float kP = 0;
      |                       ^~
../Core/Src/main.c:1017:13: warning: unused variable 'sum' [-Wunused-variable]
 1017 |     int16_t sum[1] = {0};
      |             ^~~
../Core/Src/main.c:1016:13: warning: variable 'Diff' set but not used [-Wunused-but-set-variable]
 1016 |     int16_t Diff [1] = {0};
      |             ^~~~
../Core/Src/main.c:1015:13: warning: unused variable 'PD' [-Wunused-variable]
 1015 |     int16_t PD [1] = {0};
      |             ^~
../Core/Src/main.c:1014:12: warning: unused variable 'pN' [-Wunused-variable]
 1014 |     int8_t pN[1] = {1};
      |            ^~
../Core/Src/main.c:1013:12: warning: unused variable 'N' [-Wunused-variable]
 1013 |     int8_t N[1] = {1};
      |            ^
../Core/Src/main.c:1008:11: warning: variable 'calcChassisPower' set but not used [-Wunused-but-set-variable]
 1008 |     float calcChassisPower = 0;                                 // range: 3376 ~ 2132
      |           ^~~~~~~~~~~~~~~~
arm-none-eabi-gcc -o "RMTemplate.elf" @"objects.list"   -mcpu=cortex-m4 -T"C:\Users\Liang Nie\Documents\GitHub\STM32CUBEIDE\Liang Nie\RMTemplate\STM32F407IGHX_FLASH.ld" --specs=nosys.specs -Wl,-Map="RMTemplate.map" -Wl,--gc-sections -static --specs=nano.specs -mfpu=fpv4-sp-d16 -mfloat-abi=hard -mthumb -u _printf_float -Wl,--start-group -lc -lm -Wl,--end-group
C:/ST/STM32CubeIDE_1.12.1/STM32CubeIDE/plugins/com.st.stm32cube.ide.mcu.externaltools.gnu-tools-for-stm32.12.3.rel1.win32_1.0.100.202403111256/tools/bin/../lib/gcc/arm-none-eabi/12.3.1/../../../../arm-none-eabi/bin/ld.exe: warning: RMTemplate.elf has a LOAD segment with RWX permissions
Finished building target: RMTemplate.elf
 
arm-none-eabi-size  RMTemplate.elf 
arm-none-eabi-objdump -h -S RMTemplate.elf  > "RMTemplate.list"
   text	   data	    bss	    dec	    hex	filename
  68852	    600	  23728	  93180	  16bfc	RMTemplate.elf
Finished building: default.size.stdout
 
Finished building: RMTemplate.list
 
17:33:34 **** Incremental Build of configuration Debug for project RMTemplate ****
make -j20 all 
arm-none-eabi-gcc "../Core/Src/main.c" -mcpu=cortex-m4 -std=gnu11 -g3 -DDEBUG -DUSE_HAL_DRIVER -DSTM32F407xx -c -I../Core/Inc -I../Drivers/STM32F4xx_HAL_Driver/Inc -I../Drivers/STM32F4xx_HAL_Driver/Inc/Legacy -I../Drivers/CMSIS/Device/ST/STM32F4xx/Include -I../Drivers/CMSIS/Include -I../Middlewares/Third_Party/FreeRTOS/Source/include -I../Middlewares/Third_Party/FreeRTOS/Source/CMSIS_RTOS_V2 -I../Middlewares/Third_Party/FreeRTOS/Source/portable/GCC/ARM_CM4F -O0 -ffunction-sections -fdata-sections -Wall -fstack-usage -fcyclomatic-complexity -MMD -MP -MF"Core/Src/main.d" -MT"Core/Src/main.o" --specs=nano.specs -mfpu=fpv4-sp-d16 -mfloat-abi=hard -mthumb -o "Core/Src/main.o"
../Core/Src/main.c: In function 'TaskChassis':
../Core/Src/main.c:1062:59: error: 'i' undeclared (first use in this function)
 1062 |                 int16_t robotPositionToGo = (getRCchannel(i)*1.212121f)+ 1900;
      |                                                           ^
../Core/Src/main.c:1062:59: note: each undeclared identifier is reported only once for each function it appears in
../Core/Src/main.c:1060:23: warning: unused variable 'kD' [-Wunused-variable]
 1060 |                 float kD = 0;
      |                       ^~
../Core/Src/main.c:1059:23: warning: unused variable 'kI' [-Wunused-variable]
 1059 |                 float kI = 0;
      |                       ^~
../Core/Src/main.c:1058:23: warning: unused variable 'kP' [-Wunused-variable]
 1058 |                 float kP = 0;
      |                       ^~
../Core/Src/main.c:1017:13: warning: unused variable 'sum' [-Wunused-variable]
 1017 |     int16_t sum[1] = {0};
      |             ^~~
../Core/Src/main.c:1016:13: warning: variable 'Diff' set but not used [-Wunused-but-set-variable]
 1016 |     int16_t Diff [1] = {0};
      |             ^~~~
../Core/Src/main.c:1015:13: warning: unused variable 'PD' [-Wunused-variable]
 1015 |     int16_t PD [1] = {0};
      |             ^~
../Core/Src/main.c:1014:12: warning: unused variable 'pN' [-Wunused-variable]
 1014 |     int8_t pN[1] = {1};
      |            ^~
../Core/Src/main.c:1013:12: warning: unused variable 'N' [-Wunused-variable]
 1013 |     int8_t N[1] = {1};
      |            ^
../Core/Src/main.c:1008:11: warning: variable 'calcChassisPower' set but not used [-Wunused-but-set-variable]
 1008 |     float calcChassisPower = 0;                                 // range: 3376 ~ 2132
      |           ^~~~~~~~~~~~~~~~
make: *** [Core/Src/subdir.mk:73: Core/Src/main.o] Error 1
"make -j20 all" terminated with exit code 2. Build might be incomplete.
17:33:49 **** Incremental Build of configuration Debug for project RMTemplate ****
make -j20 all 
arm-none-eabi-gcc "../Core/Src/main.c" -mcpu=cortex-m4 -std=gnu11 -g3 -DDEBUG -DUSE_HAL_DRIVER -DSTM32F407xx -c -I../Core/Inc -I../Drivers/STM32F4xx_HAL_Driver/Inc -I../Drivers/STM32F4xx_HAL_Driver/Inc/Legacy -I../Drivers/CMSIS/Device/ST/STM32F4xx/Include -I../Drivers/CMSIS/Include -I../Middlewares/Third_Party/FreeRTOS/Source/include -I../Middlewares/Third_Party/FreeRTOS/Source/CMSIS_RTOS_V2 -I../Middlewares/Third_Party/FreeRTOS/Source/portable/GCC/ARM_CM4F -O0 -ffunction-sections -fdata-sections -Wall -fstack-usage -fcyclomatic-complexity -MMD -MP -MF"Core/Src/main.d" -MT"Core/Src/main.o" --specs=nano.specs -mfpu=fpv4-sp-d16 -mfloat-abi=hard -mthumb -o "Core/Src/main.o"
../Core/Src/main.c: In function 'TaskChassis':
../Core/Src/main.c:1060:23: warning: unused variable 'kD' [-Wunused-variable]
 1060 |                 float kD = 0;
      |                       ^~
../Core/Src/main.c:1059:23: warning: unused variable 'kI' [-Wunused-variable]
 1059 |                 float kI = 0;
      |                       ^~
../Core/Src/main.c:1058:23: warning: unused variable 'kP' [-Wunused-variable]
 1058 |                 float kP = 0;
      |                       ^~
../Core/Src/main.c:1017:13: warning: unused variable 'sum' [-Wunused-variable]
 1017 |     int16_t sum[1] = {0};
      |             ^~~
../Core/Src/main.c:1016:13: warning: variable 'Diff' set but not used [-Wunused-but-set-variable]
 1016 |     int16_t Diff [1] = {0};
      |             ^~~~
../Core/Src/main.c:1015:13: warning: unused variable 'PD' [-Wunused-variable]
 1015 |     int16_t PD [1] = {0};
      |             ^~
../Core/Src/main.c:1014:12: warning: unused variable 'pN' [-Wunused-variable]
 1014 |     int8_t pN[1] = {1};
      |            ^~
../Core/Src/main.c:1013:12: warning: unused variable 'N' [-Wunused-variable]
 1013 |     int8_t N[1] = {1};
      |            ^
../Core/Src/main.c:1008:11: warning: variable 'calcChassisPower' set but not used [-Wunused-but-set-variable]
 1008 |     float calcChassisPower = 0;                                 // range: 3376 ~ 2132
      |           ^~~~~~~~~~~~~~~~
arm-none-eabi-gcc -o "RMTemplate.elf" @"objects.list"   -mcpu=cortex-m4 -T"C:\Users\Liang Nie\Documents\GitHub\STM32CUBEIDE\Liang Nie\RMTemplate\STM32F407IGHX_FLASH.ld" --specs=nosys.specs -Wl,-Map="RMTemplate.map" -Wl,--gc-sections -static --specs=nano.specs -mfpu=fpv4-sp-d16 -mfloat-abi=hard -mthumb -u _printf_float -Wl,--start-group -lc -lm -Wl,--end-group
C:/ST/STM32CubeIDE_1.12.1/STM32CubeIDE/plugins/com.st.stm32cube.ide.mcu.externaltools.gnu-tools-for-stm32.12.3.rel1.win32_1.0.100.202403111256/tools/bin/../lib/gcc/arm-none-eabi/12.3.1/../../../../arm-none-eabi/bin/ld.exe: warning: RMTemplate.elf has a LOAD segment with RWX permissions
Finished building target: RMTemplate.elf
 
arm-none-eabi-size  RMTemplate.elf 
arm-none-eabi-objdump -h -S RMTemplate.elf  > "RMTemplate.list"
   text	   data	    bss	    dec	    hex	filename
  68852	    600	  23728	  93180	  16bfc	RMTemplate.elf
Finished building: default.size.stdout
 
Finished building: RMTemplate.list
 
17:41:28 **** Incremental Build of configuration Debug for project RMTemplate ****
make -j20 all 
arm-none-eabi-gcc "../Core/Src/main.c" -mcpu=cortex-m4 -std=gnu11 -g3 -DDEBUG -DUSE_HAL_DRIVER -DSTM32F407xx -c -I../Core/Inc -I../Drivers/STM32F4xx_HAL_Driver/Inc -I../Drivers/STM32F4xx_HAL_Driver/Inc/Legacy -I../Drivers/CMSIS/Device/ST/STM32F4xx/Include -I../Drivers/CMSIS/Include -I../Middlewares/Third_Party/FreeRTOS/Source/include -I../Middlewares/Third_Party/FreeRTOS/Source/CMSIS_RTOS_V2 -I../Middlewares/Third_Party/FreeRTOS/Source/portable/GCC/ARM_CM4F -O0 -ffunction-sections -fdata-sections -Wall -fstack-usage -fcyclomatic-complexity -MMD -MP -MF"Core/Src/main.d" -MT"Core/Src/main.o" --specs=nano.specs -mfpu=fpv4-sp-d16 -mfloat-abi=hard -mthumb -o "Core/Src/main.o"
../Core/Src/main.c: In function 'TaskChassis':
../Core/Src/main.c:1008:11: warning: variable 'calcChassisPower' set but not used [-Wunused-but-set-variable]
 1008 |     float calcChassisPower = 0;                                 // range: 3376 ~ 2132
      |           ^~~~~~~~~~~~~~~~
arm-none-eabi-gcc -o "RMTemplate.elf" @"objects.list"   -mcpu=cortex-m4 -T"C:\Users\Liang Nie\Documents\GitHub\STM32CUBEIDE\Liang Nie\RMTemplate\STM32F407IGHX_FLASH.ld" --specs=nosys.specs -Wl,-Map="RMTemplate.map" -Wl,--gc-sections -static --specs=nano.specs -mfpu=fpv4-sp-d16 -mfloat-abi=hard -mthumb -u _printf_float -Wl,--start-group -lc -lm -Wl,--end-group
C:/ST/STM32CubeIDE_1.12.1/STM32CubeIDE/plugins/com.st.stm32cube.ide.mcu.externaltools.gnu-tools-for-stm32.12.3.rel1.win32_1.0.100.202403111256/tools/bin/../lib/gcc/arm-none-eabi/12.3.1/../../../../arm-none-eabi/bin/ld.exe: warning: RMTemplate.elf has a LOAD segment with RWX permissions
Finished building target: RMTemplate.elf
 
arm-none-eabi-size  RMTemplate.elf 
arm-none-eabi-objdump -h -S RMTemplate.elf  > "RMTemplate.list"
   text	   data	    bss	    dec	    hex	filename
  69756	    612	  23728	  94096	  16f90	RMTemplate.elf
Finished building: default.size.stdout
 
Finished building: RMTemplate.list
 
17:42:35 **** Incremental Build of configuration Debug for project RMTemplate ****
make -j20 all 
arm-none-eabi-gcc "../Core/Src/main.c" -mcpu=cortex-m4 -std=gnu11 -g3 -DDEBUG -DUSE_HAL_DRIVER -DSTM32F407xx -c -I../Core/Inc -I../Drivers/STM32F4xx_HAL_Driver/Inc -I../Drivers/STM32F4xx_HAL_Driver/Inc/Legacy -I../Drivers/CMSIS/Device/ST/STM32F4xx/Include -I../Drivers/CMSIS/Include -I../Middlewares/Third_Party/FreeRTOS/Source/include -I../Middlewares/Third_Party/FreeRTOS/Source/CMSIS_RTOS_V2 -I../Middlewares/Third_Party/FreeRTOS/Source/portable/GCC/ARM_CM4F -O0 -ffunction-sections -fdata-sections -Wall -fstack-usage -fcyclomatic-complexity -MMD -MP -MF"Core/Src/main.d" -MT"Core/Src/main.o" --specs=nano.specs -mfpu=fpv4-sp-d16 -mfloat-abi=hard -mthumb -o "Core/Src/main.o"
../Core/Src/main.c: In function 'TaskChassis':
../Core/Src/main.c:1008:11: warning: variable 'calcChassisPower' set but not used [-Wunused-but-set-variable]
 1008 |     float calcChassisPower = 0;                                 // range: 3376 ~ 2132
      |           ^~~~~~~~~~~~~~~~
arm-none-eabi-gcc -o "RMTemplate.elf" @"objects.list"   -mcpu=cortex-m4 -T"C:\Users\Liang Nie\Documents\GitHub\STM32CUBEIDE\Liang Nie\RMTemplate\STM32F407IGHX_FLASH.ld" --specs=nosys.specs -Wl,-Map="RMTemplate.map" -Wl,--gc-sections -static --specs=nano.specs -mfpu=fpv4-sp-d16 -mfloat-abi=hard -mthumb -u _printf_float -Wl,--start-group -lc -lm -Wl,--end-group
C:/ST/STM32CubeIDE_1.12.1/STM32CubeIDE/plugins/com.st.stm32cube.ide.mcu.externaltools.gnu-tools-for-stm32.12.3.rel1.win32_1.0.100.202403111256/tools/bin/../lib/gcc/arm-none-eabi/12.3.1/../../../../arm-none-eabi/bin/ld.exe: warning: RMTemplate.elf has a LOAD segment with RWX permissions
Finished building target: RMTemplate.elf
 
arm-none-eabi-size  RMTemplate.elf 
arm-none-eabi-objdump -h -S RMTemplate.elf  > "RMTemplate.list"
   text	   data	    bss	    dec	    hex	filename
  69756	    612	  23728	  94096	  16f90	RMTemplate.elf
Finished building: default.size.stdout
 
Finished building: RMTemplate.list
 
17:43:54 **** Incremental Build of configuration Debug for project RMTemplate ****
make -j20 all 
arm-none-eabi-gcc "../Core/Src/main.c" -mcpu=cortex-m4 -std=gnu11 -g3 -DDEBUG -DUSE_HAL_DRIVER -DSTM32F407xx -c -I../Core/Inc -I../Drivers/STM32F4xx_HAL_Driver/Inc -I../Drivers/STM32F4xx_HAL_Driver/Inc/Legacy -I../Drivers/CMSIS/Device/ST/STM32F4xx/Include -I../Drivers/CMSIS/Include -I../Middlewares/Third_Party/FreeRTOS/Source/include -I../Middlewares/Third_Party/FreeRTOS/Source/CMSIS_RTOS_V2 -I../Middlewares/Third_Party/FreeRTOS/Source/portable/GCC/ARM_CM4F -O0 -ffunction-sections -fdata-sections -Wall -fstack-usage -fcyclomatic-complexity -MMD -MP -MF"Core/Src/main.d" -MT"Core/Src/main.o" --specs=nano.specs -mfpu=fpv4-sp-d16 -mfloat-abi=hard -mthumb -o "Core/Src/main.o"
../Core/Src/main.c: In function 'TaskChassis':
../Core/Src/main.c:1060:23: warning: unused variable 'kD' [-Wunused-variable]
 1060 |                 float kD = 0;
      |                       ^~
../Core/Src/main.c:1059:23: warning: unused variable 'kI' [-Wunused-variable]
 1059 |                 float kI = 0;
      |                       ^~
../Core/Src/main.c:1058:23: warning: unused variable 'kP' [-Wunused-variable]
 1058 |                 float kP = 0;
      |                       ^~
../Core/Src/main.c:1017:13: warning: unused variable 'sum' [-Wunused-variable]
 1017 |     int16_t sum[1] = {0};
      |             ^~~
../Core/Src/main.c:1016:13: warning: variable 'Diff' set but not used [-Wunused-but-set-variable]
 1016 |     int16_t Diff [1] = {0};
      |             ^~~~
../Core/Src/main.c:1015:13: warning: unused variable 'PD' [-Wunused-variable]
 1015 |     int16_t PD [1] = {0};
      |             ^~
../Core/Src/main.c:1014:12: warning: unused variable 'pN' [-Wunused-variable]
 1014 |     int8_t pN[1] = {1};
      |            ^~
../Core/Src/main.c:1013:12: warning: unused variable 'N' [-Wunused-variable]
 1013 |     int8_t N[1] = {1};
      |            ^
../Core/Src/main.c:1008:11: warning: variable 'calcChassisPower' set but not used [-Wunused-but-set-variable]
 1008 |     float calcChassisPower = 0;                                 // range: 3376 ~ 2132
      |           ^~~~~~~~~~~~~~~~
arm-none-eabi-gcc -o "RMTemplate.elf" @"objects.list"   -mcpu=cortex-m4 -T"C:\Users\Liang Nie\Documents\GitHub\STM32CUBEIDE\Liang Nie\RMTemplate\STM32F407IGHX_FLASH.ld" --specs=nosys.specs -Wl,-Map="RMTemplate.map" -Wl,--gc-sections -static --specs=nano.specs -mfpu=fpv4-sp-d16 -mfloat-abi=hard -mthumb -u _printf_float -Wl,--start-group -lc -lm -Wl,--end-group
C:/ST/STM32CubeIDE_1.12.1/STM32CubeIDE/plugins/com.st.stm32cube.ide.mcu.externaltools.gnu-tools-for-stm32.12.3.rel1.win32_1.0.100.202403111256/tools/bin/../lib/gcc/arm-none-eabi/12.3.1/../../../../arm-none-eabi/bin/ld.exe: warning: RMTemplate.elf has a LOAD segment with RWX permissions
Finished building target: RMTemplate.elf
 
arm-none-eabi-size  RMTemplate.elf 
arm-none-eabi-objdump -h -S RMTemplate.elf  > "RMTemplate.list"
   text	   data	    bss	    dec	    hex	filename
  69404	    612	  23728	  93744	  16e30	RMTemplate.elf
Finished building: default.size.stdout
 
Finished building: RMTemplate.list
 
17:46:04 **** Incremental Build of configuration Debug for project RMTemplate ****
make -j20 all 
arm-none-eabi-gcc "../Core/Src/CAN_receive.c" -mcpu=cortex-m4 -std=gnu11 -g3 -DDEBUG -DUSE_HAL_DRIVER -DSTM32F407xx -c -I../Core/Inc -I../Drivers/STM32F4xx_HAL_Driver/Inc -I../Drivers/STM32F4xx_HAL_Driver/Inc/Legacy -I../Drivers/CMSIS/Device/ST/STM32F4xx/Include -I../Drivers/CMSIS/Include -I../Middlewares/Third_Party/FreeRTOS/Source/include -I../Middlewares/Third_Party/FreeRTOS/Source/CMSIS_RTOS_V2 -I../Middlewares/Third_Party/FreeRTOS/Source/portable/GCC/ARM_CM4F -O0 -ffunction-sections -fdata-sections -Wall -fstack-usage -fcyclomatic-complexity -MMD -MP -MF"Core/Src/CAN_receive.d" -MT"Core/Src/CAN_receive.o" --specs=nano.specs -mfpu=fpv4-sp-d16 -mfloat-abi=hard -mthumb -o "Core/Src/CAN_receive.o"
arm-none-eabi-gcc "../Core/Src/main.c" -mcpu=cortex-m4 -std=gnu11 -g3 -DDEBUG -DUSE_HAL_DRIVER -DSTM32F407xx -c -I../Core/Inc -I../Drivers/STM32F4xx_HAL_Driver/Inc -I../Drivers/STM32F4xx_HAL_Driver/Inc/Legacy -I../Drivers/CMSIS/Device/ST/STM32F4xx/Include -I../Drivers/CMSIS/Include -I../Middlewares/Third_Party/FreeRTOS/Source/include -I../Middlewares/Third_Party/FreeRTOS/Source/CMSIS_RTOS_V2 -I../Middlewares/Third_Party/FreeRTOS/Source/portable/GCC/ARM_CM4F -O0 -ffunction-sections -fdata-sections -Wall -fstack-usage -fcyclomatic-complexity -MMD -MP -MF"Core/Src/main.d" -MT"Core/Src/main.o" --specs=nano.specs -mfpu=fpv4-sp-d16 -mfloat-abi=hard -mthumb -o "Core/Src/main.o"
../Core/Src/CAN_receive.c: In function 'applyPowerlimit':
../Core/Src/CAN_receive.c:421:15: warning: variable 'diff' set but not used [-Wunused-but-set-variable]
  421 |         float diff = 0;
      |               ^~~~
../Core/Src/main.c: In function 'TaskChassis':
../Core/Src/main.c:1060:23: warning: unused variable 'kD' [-Wunused-variable]
 1060 |                 float kD = 0;
      |                       ^~
../Core/Src/main.c:1059:23: warning: unused variable 'kI' [-Wunused-variable]
 1059 |                 float kI = 0;
      |                       ^~
../Core/Src/main.c:1058:23: warning: unused variable 'kP' [-Wunused-variable]
 1058 |                 float kP = 0;
      |                       ^~
../Core/Src/main.c:1017:13: warning: unused variable 'sum' [-Wunused-variable]
 1017 |     int16_t sum[1] = {0};
      |             ^~~
../Core/Src/main.c:1016:13: warning: variable 'Diff' set but not used [-Wunused-but-set-variable]
 1016 |     int16_t Diff [1] = {0};
      |             ^~~~
../Core/Src/main.c:1015:13: warning: unused variable 'PD' [-Wunused-variable]
 1015 |     int16_t PD [1] = {0};
      |             ^~
../Core/Src/main.c:1014:12: warning: unused variable 'pN' [-Wunused-variable]
 1014 |     int8_t pN[1] = {1};
      |            ^~
../Core/Src/main.c:1013:12: warning: unused variable 'N' [-Wunused-variable]
 1013 |     int8_t N[1] = {1};
      |            ^
../Core/Src/main.c:1008:11: warning: variable 'calcChassisPower' set but not used [-Wunused-but-set-variable]
 1008 |     float calcChassisPower = 0;                                 // range: 3376 ~ 2132
      |           ^~~~~~~~~~~~~~~~
arm-none-eabi-gcc -o "RMTemplate.elf" @"objects.list"   -mcpu=cortex-m4 -T"C:\Users\Liang Nie\Documents\GitHub\STM32CUBEIDE\Liang Nie\RMTemplate\STM32F407IGHX_FLASH.ld" --specs=nosys.specs -Wl,-Map="RMTemplate.map" -Wl,--gc-sections -static --specs=nano.specs -mfpu=fpv4-sp-d16 -mfloat-abi=hard -mthumb -u _printf_float -Wl,--start-group -lc -lm -Wl,--end-group
C:/ST/STM32CubeIDE_1.12.1/STM32CubeIDE/plugins/com.st.stm32cube.ide.mcu.externaltools.gnu-tools-for-stm32.12.3.rel1.win32_1.0.100.202403111256/tools/bin/../lib/gcc/arm-none-eabi/12.3.1/../../../../arm-none-eabi/bin/ld.exe: warning: RMTemplate.elf has a LOAD segment with RWX permissions
Finished building target: RMTemplate.elf
 
arm-none-eabi-size  RMTemplate.elf 
arm-none-eabi-objdump -h -S RMTemplate.elf  > "RMTemplate.list"
   text	   data	    bss	    dec	    hex	filename
  69396	    612	  23728	  93736	  16e28	RMTemplate.elf
Finished building: default.size.stdout
 
Finished building: RMTemplate.list
 
17:47:53 **** Incremental Build of configuration Debug for project RMTemplate ****
make -j20 all 
arm-none-eabi-gcc "../Core/Src/main.c" -mcpu=cortex-m4 -std=gnu11 -g3 -DDEBUG -DUSE_HAL_DRIVER -DSTM32F407xx -c -I../Core/Inc -I../Drivers/STM32F4xx_HAL_Driver/Inc -I../Drivers/STM32F4xx_HAL_Driver/Inc/Legacy -I../Drivers/CMSIS/Device/ST/STM32F4xx/Include -I../Drivers/CMSIS/Include -I../Middlewares/Third_Party/FreeRTOS/Source/include -I../Middlewares/Third_Party/FreeRTOS/Source/CMSIS_RTOS_V2 -I../Middlewares/Third_Party/FreeRTOS/Source/portable/GCC/ARM_CM4F -O0 -ffunction-sections -fdata-sections -Wall -fstack-usage -fcyclomatic-complexity -MMD -MP -MF"Core/Src/main.d" -MT"Core/Src/main.o" --specs=nano.specs -mfpu=fpv4-sp-d16 -mfloat-abi=hard -mthumb -o "Core/Src/main.o"
../Core/Src/main.c: In function 'TaskChassis':
../Core/Src/main.c:1008:11: warning: variable 'calcChassisPower' set but not used [-Wunused-but-set-variable]
 1008 |     float calcChassisPower = 0;                                 // range: 3376 ~ 2132
      |           ^~~~~~~~~~~~~~~~
arm-none-eabi-gcc -o "RMTemplate.elf" @"objects.list"   -mcpu=cortex-m4 -T"C:\Users\Liang Nie\Documents\GitHub\STM32CUBEIDE\Liang Nie\RMTemplate\STM32F407IGHX_FLASH.ld" --specs=nosys.specs -Wl,-Map="RMTemplate.map" -Wl,--gc-sections -static --specs=nano.specs -mfpu=fpv4-sp-d16 -mfloat-abi=hard -mthumb -u _printf_float -Wl,--start-group -lc -lm -Wl,--end-group
C:/ST/STM32CubeIDE_1.12.1/STM32CubeIDE/plugins/com.st.stm32cube.ide.mcu.externaltools.gnu-tools-for-stm32.12.3.rel1.win32_1.0.100.202403111256/tools/bin/../lib/gcc/arm-none-eabi/12.3.1/../../../../arm-none-eabi/bin/ld.exe: warning: RMTemplate.elf has a LOAD segment with RWX permissions
Finished building target: RMTemplate.elf
 
arm-none-eabi-size  RMTemplate.elf 
arm-none-eabi-objdump -h -S RMTemplate.elf  > "RMTemplate.list"
   text	   data	    bss	    dec	    hex	filename
  69732	    612	  23728	  94072	  16f78	RMTemplate.elf
Finished building: default.size.stdout
 
Finished building: RMTemplate.list
 
17:49:16 **** Incremental Build of configuration Debug for project RMTemplate ****
make -j20 all 
arm-none-eabi-gcc "../Core/Src/main.c" -mcpu=cortex-m4 -std=gnu11 -g3 -DDEBUG -DUSE_HAL_DRIVER -DSTM32F407xx -c -I../Core/Inc -I../Drivers/STM32F4xx_HAL_Driver/Inc -I../Drivers/STM32F4xx_HAL_Driver/Inc/Legacy -I../Drivers/CMSIS/Device/ST/STM32F4xx/Include -I../Drivers/CMSIS/Include -I../Middlewares/Third_Party/FreeRTOS/Source/include -I../Middlewares/Third_Party/FreeRTOS/Source/CMSIS_RTOS_V2 -I../Middlewares/Third_Party/FreeRTOS/Source/portable/GCC/ARM_CM4F -O0 -ffunction-sections -fdata-sections -Wall -fstack-usage -fcyclomatic-complexity -MMD -MP -MF"Core/Src/main.d" -MT"Core/Src/main.o" --specs=nano.specs -mfpu=fpv4-sp-d16 -mfloat-abi=hard -mthumb -o "Core/Src/main.o"
../Core/Src/main.c: In function 'TaskChassis':
../Core/Src/main.c:1008:11: warning: variable 'calcChassisPower' set but not used [-Wunused-but-set-variable]
 1008 |     float calcChassisPower = 0;                                 // range: 3376 ~ 2132
      |           ^~~~~~~~~~~~~~~~
arm-none-eabi-gcc -o "RMTemplate.elf" @"objects.list"   -mcpu=cortex-m4 -T"C:\Users\Liang Nie\Documents\GitHub\STM32CUBEIDE\Liang Nie\RMTemplate\STM32F407IGHX_FLASH.ld" --specs=nosys.specs -Wl,-Map="RMTemplate.map" -Wl,--gc-sections -static --specs=nano.specs -mfpu=fpv4-sp-d16 -mfloat-abi=hard -mthumb -u _printf_float -Wl,--start-group -lc -lm -Wl,--end-group
C:/ST/STM32CubeIDE_1.12.1/STM32CubeIDE/plugins/com.st.stm32cube.ide.mcu.externaltools.gnu-tools-for-stm32.12.3.rel1.win32_1.0.100.202403111256/tools/bin/../lib/gcc/arm-none-eabi/12.3.1/../../../../arm-none-eabi/bin/ld.exe: warning: RMTemplate.elf has a LOAD segment with RWX permissions
Finished building target: RMTemplate.elf
 
arm-none-eabi-size  RMTemplate.elf 
arm-none-eabi-objdump -h -S RMTemplate.elf  > "RMTemplate.list"
   text	   data	    bss	    dec	    hex	filename
  69732	    612	  23728	  94072	  16f78	RMTemplate.elf
Finished building: default.size.stdout
 
Finished building: RMTemplate.list
 
17:49:59 **** Incremental Build of configuration Debug for project RMTemplate ****
make -j20 all 
arm-none-eabi-gcc "../Core/Src/main.c" -mcpu=cortex-m4 -std=gnu11 -g3 -DDEBUG -DUSE_HAL_DRIVER -DSTM32F407xx -c -I../Core/Inc -I../Drivers/STM32F4xx_HAL_Driver/Inc -I../Drivers/STM32F4xx_HAL_Driver/Inc/Legacy -I../Drivers/CMSIS/Device/ST/STM32F4xx/Include -I../Drivers/CMSIS/Include -I../Middlewares/Third_Party/FreeRTOS/Source/include -I../Middlewares/Third_Party/FreeRTOS/Source/CMSIS_RTOS_V2 -I../Middlewares/Third_Party/FreeRTOS/Source/portable/GCC/ARM_CM4F -O0 -ffunction-sections -fdata-sections -Wall -fstack-usage -fcyclomatic-complexity -MMD -MP -MF"Core/Src/main.d" -MT"Core/Src/main.o" --specs=nano.specs -mfpu=fpv4-sp-d16 -mfloat-abi=hard -mthumb -o "Core/Src/main.o"
../Core/Src/main.c: In function 'TaskChassis':
../Core/Src/main.c:1008:11: warning: variable 'calcChassisPower' set but not used [-Wunused-but-set-variable]
 1008 |     float calcChassisPower = 0;                                 // range: 3376 ~ 2132
      |           ^~~~~~~~~~~~~~~~
arm-none-eabi-gcc -o "RMTemplate.elf" @"objects.list"   -mcpu=cortex-m4 -T"C:\Users\Liang Nie\Documents\GitHub\STM32CUBEIDE\Liang Nie\RMTemplate\STM32F407IGHX_FLASH.ld" --specs=nosys.specs -Wl,-Map="RMTemplate.map" -Wl,--gc-sections -static --specs=nano.specs -mfpu=fpv4-sp-d16 -mfloat-abi=hard -mthumb -u _printf_float -Wl,--start-group -lc -lm -Wl,--end-group
C:/ST/STM32CubeIDE_1.12.1/STM32CubeIDE/plugins/com.st.stm32cube.ide.mcu.externaltools.gnu-tools-for-stm32.12.3.rel1.win32_1.0.100.202403111256/tools/bin/../lib/gcc/arm-none-eabi/12.3.1/../../../../arm-none-eabi/bin/ld.exe: warning: RMTemplate.elf has a LOAD segment with RWX permissions
Finished building target: RMTemplate.elf
 
arm-none-eabi-size  RMTemplate.elf 
arm-none-eabi-objdump -h -S RMTemplate.elf  > "RMTemplate.list"
   text	   data	    bss	    dec	    hex	filename
  69732	    612	  23728	  94072	  16f78	RMTemplate.elf
Finished building: default.size.stdout
 
Finished building: RMTemplate.list
 
17:52:25 **** Incremental Build of configuration Debug for project RMTemplate ****
make -j20 all 
arm-none-eabi-gcc "../Core/Src/main.c" -mcpu=cortex-m4 -std=gnu11 -g3 -DDEBUG -DUSE_HAL_DRIVER -DSTM32F407xx -c -I../Core/Inc -I../Drivers/STM32F4xx_HAL_Driver/Inc -I../Drivers/STM32F4xx_HAL_Driver/Inc/Legacy -I../Drivers/CMSIS/Device/ST/STM32F4xx/Include -I../Drivers/CMSIS/Include -I../Middlewares/Third_Party/FreeRTOS/Source/include -I../Middlewares/Third_Party/FreeRTOS/Source/CMSIS_RTOS_V2 -I../Middlewares/Third_Party/FreeRTOS/Source/portable/GCC/ARM_CM4F -O0 -ffunction-sections -fdata-sections -Wall -fstack-usage -fcyclomatic-complexity -MMD -MP -MF"Core/Src/main.d" -MT"Core/Src/main.o" --specs=nano.specs -mfpu=fpv4-sp-d16 -mfloat-abi=hard -mthumb -o "Core/Src/main.o"
../Core/Src/main.c: In function 'TaskChassis':
../Core/Src/main.c:1008:11: warning: variable 'calcChassisPower' set but not used [-Wunused-but-set-variable]
 1008 |     float calcChassisPower = 0;                                 // range: 3376 ~ 2132
      |           ^~~~~~~~~~~~~~~~
arm-none-eabi-gcc -o "RMTemplate.elf" @"objects.list"   -mcpu=cortex-m4 -T"C:\Users\Liang Nie\Documents\GitHub\STM32CUBEIDE\Liang Nie\RMTemplate\STM32F407IGHX_FLASH.ld" --specs=nosys.specs -Wl,-Map="RMTemplate.map" -Wl,--gc-sections -static --specs=nano.specs -mfpu=fpv4-sp-d16 -mfloat-abi=hard -mthumb -u _printf_float -Wl,--start-group -lc -lm -Wl,--end-group
C:/ST/STM32CubeIDE_1.12.1/STM32CubeIDE/plugins/com.st.stm32cube.ide.mcu.externaltools.gnu-tools-for-stm32.12.3.rel1.win32_1.0.100.202403111256/tools/bin/../lib/gcc/arm-none-eabi/12.3.1/../../../../arm-none-eabi/bin/ld.exe: warning: RMTemplate.elf has a LOAD segment with RWX permissions
Finished building target: RMTemplate.elf
 
arm-none-eabi-size  RMTemplate.elf 
arm-none-eabi-objdump -h -S RMTemplate.elf  > "RMTemplate.list"
   text	   data	    bss	    dec	    hex	filename
  69780	    612	  23728	  94120	  16fa8	RMTemplate.elf
Finished building: default.size.stdout
 
Finished building: RMTemplate.list
 
17:54:51 **** Incremental Build of configuration Debug for project RMTemplate ****
make -j20 all 
arm-none-eabi-gcc "../Core/Src/main.c" -mcpu=cortex-m4 -std=gnu11 -g3 -DDEBUG -DUSE_HAL_DRIVER -DSTM32F407xx -c -I../Core/Inc -I../Drivers/STM32F4xx_HAL_Driver/Inc -I../Drivers/STM32F4xx_HAL_Driver/Inc/Legacy -I../Drivers/CMSIS/Device/ST/STM32F4xx/Include -I../Drivers/CMSIS/Include -I../Middlewares/Third_Party/FreeRTOS/Source/include -I../Middlewares/Third_Party/FreeRTOS/Source/CMSIS_RTOS_V2 -I../Middlewares/Third_Party/FreeRTOS/Source/portable/GCC/ARM_CM4F -O0 -ffunction-sections -fdata-sections -Wall -fstack-usage -fcyclomatic-complexity -MMD -MP -MF"Core/Src/main.d" -MT"Core/Src/main.o" --specs=nano.specs -mfpu=fpv4-sp-d16 -mfloat-abi=hard -mthumb -o "Core/Src/main.o"
../Core/Src/main.c: In function 'TaskChassis':
../Core/Src/main.c:1008:11: warning: variable 'calcChassisPower' set but not used [-Wunused-but-set-variable]
 1008 |     float calcChassisPower = 0;                                 // range: 3376 ~ 2132
      |           ^~~~~~~~~~~~~~~~
arm-none-eabi-gcc -o "RMTemplate.elf" @"objects.list"   -mcpu=cortex-m4 -T"C:\Users\Liang Nie\Documents\GitHub\STM32CUBEIDE\Liang Nie\RMTemplate\STM32F407IGHX_FLASH.ld" --specs=nosys.specs -Wl,-Map="RMTemplate.map" -Wl,--gc-sections -static --specs=nano.specs -mfpu=fpv4-sp-d16 -mfloat-abi=hard -mthumb -u _printf_float -Wl,--start-group -lc -lm -Wl,--end-group
C:/ST/STM32CubeIDE_1.12.1/STM32CubeIDE/plugins/com.st.stm32cube.ide.mcu.externaltools.gnu-tools-for-stm32.12.3.rel1.win32_1.0.100.202403111256/tools/bin/../lib/gcc/arm-none-eabi/12.3.1/../../../../arm-none-eabi/bin/ld.exe: warning: RMTemplate.elf has a LOAD segment with RWX permissions
Finished building target: RMTemplate.elf
 
arm-none-eabi-size  RMTemplate.elf 
arm-none-eabi-objdump -h -S RMTemplate.elf  > "RMTemplate.list"
   text	   data	    bss	    dec	    hex	filename
  69780	    612	  23728	  94120	  16fa8	RMTemplate.elf
Finished building: default.size.stdout
 
Finished building: RMTemplate.list
 
17:55:22 **** Incremental Build of configuration Debug for project RMTemplate ****
make -j20 all 
arm-none-eabi-gcc "../Core/Src/main.c" -mcpu=cortex-m4 -std=gnu11 -g3 -DDEBUG -DUSE_HAL_DRIVER -DSTM32F407xx -c -I../Core/Inc -I../Drivers/STM32F4xx_HAL_Driver/Inc -I../Drivers/STM32F4xx_HAL_Driver/Inc/Legacy -I../Drivers/CMSIS/Device/ST/STM32F4xx/Include -I../Drivers/CMSIS/Include -I../Middlewares/Third_Party/FreeRTOS/Source/include -I../Middlewares/Third_Party/FreeRTOS/Source/CMSIS_RTOS_V2 -I../Middlewares/Third_Party/FreeRTOS/Source/portable/GCC/ARM_CM4F -O0 -ffunction-sections -fdata-sections -Wall -fstack-usage -fcyclomatic-complexity -MMD -MP -MF"Core/Src/main.d" -MT"Core/Src/main.o" --specs=nano.specs -mfpu=fpv4-sp-d16 -mfloat-abi=hard -mthumb -o "Core/Src/main.o"
../Core/Src/main.c: In function 'TaskChassis':
../Core/Src/main.c:1008:11: warning: variable 'calcChassisPower' set but not used [-Wunused-but-set-variable]
 1008 |     float calcChassisPower = 0;                                 // range: 3376 ~ 2132
      |           ^~~~~~~~~~~~~~~~
arm-none-eabi-gcc -o "RMTemplate.elf" @"objects.list"   -mcpu=cortex-m4 -T"C:\Users\Liang Nie\Documents\GitHub\STM32CUBEIDE\Liang Nie\RMTemplate\STM32F407IGHX_FLASH.ld" --specs=nosys.specs -Wl,-Map="RMTemplate.map" -Wl,--gc-sections -static --specs=nano.specs -mfpu=fpv4-sp-d16 -mfloat-abi=hard -mthumb -u _printf_float -Wl,--start-group -lc -lm -Wl,--end-group
C:/ST/STM32CubeIDE_1.12.1/STM32CubeIDE/plugins/com.st.stm32cube.ide.mcu.externaltools.gnu-tools-for-stm32.12.3.rel1.win32_1.0.100.202403111256/tools/bin/../lib/gcc/arm-none-eabi/12.3.1/../../../../arm-none-eabi/bin/ld.exe: warning: RMTemplate.elf has a LOAD segment with RWX permissions
Finished building target: RMTemplate.elf
 
arm-none-eabi-size  RMTemplate.elf 
arm-none-eabi-objdump -h -S RMTemplate.elf  > "RMTemplate.list"
   text	   data	    bss	    dec	    hex	filename
  69780	    612	  23728	  94120	  16fa8	RMTemplate.elf
Finished building: default.size.stdout
 
Finished building: RMTemplate.list
 
17:57:17 **** Incremental Build of configuration Debug for project RMTemplate ****
make -j20 all 
arm-none-eabi-gcc "../Core/Src/main.c" -mcpu=cortex-m4 -std=gnu11 -g3 -DDEBUG -DUSE_HAL_DRIVER -DSTM32F407xx -c -I../Core/Inc -I../Drivers/STM32F4xx_HAL_Driver/Inc -I../Drivers/STM32F4xx_HAL_Driver/Inc/Legacy -I../Drivers/CMSIS/Device/ST/STM32F4xx/Include -I../Drivers/CMSIS/Include -I../Middlewares/Third_Party/FreeRTOS/Source/include -I../Middlewares/Third_Party/FreeRTOS/Source/CMSIS_RTOS_V2 -I../Middlewares/Third_Party/FreeRTOS/Source/portable/GCC/ARM_CM4F -O0 -ffunction-sections -fdata-sections -Wall -fstack-usage -fcyclomatic-complexity -MMD -MP -MF"Core/Src/main.d" -MT"Core/Src/main.o" --specs=nano.specs -mfpu=fpv4-sp-d16 -mfloat-abi=hard -mthumb -o "Core/Src/main.o"
../Core/Src/main.c: In function 'TaskChassis':
../Core/Src/main.c:1008:11: warning: variable 'calcChassisPower' set but not used [-Wunused-but-set-variable]
 1008 |     float calcChassisPower = 0;                                 // range: 3376 ~ 2132
      |           ^~~~~~~~~~~~~~~~
arm-none-eabi-gcc -o "RMTemplate.elf" @"objects.list"   -mcpu=cortex-m4 -T"C:\Users\Liang Nie\Documents\GitHub\STM32CUBEIDE\Liang Nie\RMTemplate\STM32F407IGHX_FLASH.ld" --specs=nosys.specs -Wl,-Map="RMTemplate.map" -Wl,--gc-sections -static --specs=nano.specs -mfpu=fpv4-sp-d16 -mfloat-abi=hard -mthumb -u _printf_float -Wl,--start-group -lc -lm -Wl,--end-group
C:/ST/STM32CubeIDE_1.12.1/STM32CubeIDE/plugins/com.st.stm32cube.ide.mcu.externaltools.gnu-tools-for-stm32.12.3.rel1.win32_1.0.100.202403111256/tools/bin/../lib/gcc/arm-none-eabi/12.3.1/../../../../arm-none-eabi/bin/ld.exe: warning: RMTemplate.elf has a LOAD segment with RWX permissions
Finished building target: RMTemplate.elf
 
arm-none-eabi-size  RMTemplate.elf 
arm-none-eabi-objdump -h -S RMTemplate.elf  > "RMTemplate.list"
   text	   data	    bss	    dec	    hex	filename
  69780	    612	  23728	  94120	  16fa8	RMTemplate.elf
Finished building: default.size.stdout
 
Finished building: RMTemplate.list
 
17:58:27 **** Incremental Build of configuration Debug for project RMTemplate ****
make -j20 all 
arm-none-eabi-gcc "../Core/Src/main.c" -mcpu=cortex-m4 -std=gnu11 -g3 -DDEBUG -DUSE_HAL_DRIVER -DSTM32F407xx -c -I../Core/Inc -I../Drivers/STM32F4xx_HAL_Driver/Inc -I../Drivers/STM32F4xx_HAL_Driver/Inc/Legacy -I../Drivers/CMSIS/Device/ST/STM32F4xx/Include -I../Drivers/CMSIS/Include -I../Middlewares/Third_Party/FreeRTOS/Source/include -I../Middlewares/Third_Party/FreeRTOS/Source/CMSIS_RTOS_V2 -I../Middlewares/Third_Party/FreeRTOS/Source/portable/GCC/ARM_CM4F -O0 -ffunction-sections -fdata-sections -Wall -fstack-usage -fcyclomatic-complexity -MMD -MP -MF"Core/Src/main.d" -MT"Core/Src/main.o" --specs=nano.specs -mfpu=fpv4-sp-d16 -mfloat-abi=hard -mthumb -o "Core/Src/main.o"
../Core/Src/main.c: In function 'TaskChassis':
../Core/Src/main.c:1008:11: warning: variable 'calcChassisPower' set but not used [-Wunused-but-set-variable]
 1008 |     float calcChassisPower = 0;                                 // range: 3376 ~ 2132
      |           ^~~~~~~~~~~~~~~~
arm-none-eabi-gcc -o "RMTemplate.elf" @"objects.list"   -mcpu=cortex-m4 -T"C:\Users\Liang Nie\Documents\GitHub\STM32CUBEIDE\Liang Nie\RMTemplate\STM32F407IGHX_FLASH.ld" --specs=nosys.specs -Wl,-Map="RMTemplate.map" -Wl,--gc-sections -static --specs=nano.specs -mfpu=fpv4-sp-d16 -mfloat-abi=hard -mthumb -u _printf_float -Wl,--start-group -lc -lm -Wl,--end-group
C:/ST/STM32CubeIDE_1.12.1/STM32CubeIDE/plugins/com.st.stm32cube.ide.mcu.externaltools.gnu-tools-for-stm32.12.3.rel1.win32_1.0.100.202403111256/tools/bin/../lib/gcc/arm-none-eabi/12.3.1/../../../../arm-none-eabi/bin/ld.exe: warning: RMTemplate.elf has a LOAD segment with RWX permissions
Finished building target: RMTemplate.elf
 
arm-none-eabi-size  RMTemplate.elf 
arm-none-eabi-objdump -h -S RMTemplate.elf  > "RMTemplate.list"
   text	   data	    bss	    dec	    hex	filename
  69780	    612	  23728	  94120	  16fa8	RMTemplate.elf
Finished building: default.size.stdout
 
Finished building: RMTemplate.list
 
17:59:30 **** Incremental Build of configuration Debug for project RMTemplate ****
make -j20 all 
arm-none-eabi-gcc "../Core/Src/main.c" -mcpu=cortex-m4 -std=gnu11 -g3 -DDEBUG -DUSE_HAL_DRIVER -DSTM32F407xx -c -I../Core/Inc -I../Drivers/STM32F4xx_HAL_Driver/Inc -I../Drivers/STM32F4xx_HAL_Driver/Inc/Legacy -I../Drivers/CMSIS/Device/ST/STM32F4xx/Include -I../Drivers/CMSIS/Include -I../Middlewares/Third_Party/FreeRTOS/Source/include -I../Middlewares/Third_Party/FreeRTOS/Source/CMSIS_RTOS_V2 -I../Middlewares/Third_Party/FreeRTOS/Source/portable/GCC/ARM_CM4F -O0 -ffunction-sections -fdata-sections -Wall -fstack-usage -fcyclomatic-complexity -MMD -MP -MF"Core/Src/main.d" -MT"Core/Src/main.o" --specs=nano.specs -mfpu=fpv4-sp-d16 -mfloat-abi=hard -mthumb -o "Core/Src/main.o"
../Core/Src/main.c: In function 'TaskChassis':
../Core/Src/main.c:1008:11: warning: variable 'calcChassisPower' set but not used [-Wunused-but-set-variable]
 1008 |     float calcChassisPower = 0;                                 // range: 3376 ~ 2132
      |           ^~~~~~~~~~~~~~~~
arm-none-eabi-gcc -o "RMTemplate.elf" @"objects.list"   -mcpu=cortex-m4 -T"C:\Users\Liang Nie\Documents\GitHub\STM32CUBEIDE\Liang Nie\RMTemplate\STM32F407IGHX_FLASH.ld" --specs=nosys.specs -Wl,-Map="RMTemplate.map" -Wl,--gc-sections -static --specs=nano.specs -mfpu=fpv4-sp-d16 -mfloat-abi=hard -mthumb -u _printf_float -Wl,--start-group -lc -lm -Wl,--end-group
C:/ST/STM32CubeIDE_1.12.1/STM32CubeIDE/plugins/com.st.stm32cube.ide.mcu.externaltools.gnu-tools-for-stm32.12.3.rel1.win32_1.0.100.202403111256/tools/bin/../lib/gcc/arm-none-eabi/12.3.1/../../../../arm-none-eabi/bin/ld.exe: warning: RMTemplate.elf has a LOAD segment with RWX permissions
Finished building target: RMTemplate.elf
 
arm-none-eabi-size  RMTemplate.elf 
arm-none-eabi-objdump -h -S RMTemplate.elf  > "RMTemplate.list"
   text	   data	    bss	    dec	    hex	filename
  69844	    612	  23728	  94184	  16fe8	RMTemplate.elf
Finished building: default.size.stdout
 
Finished building: RMTemplate.list
 
18:01:06 **** Incremental Build of configuration Debug for project RMTemplate ****
make -j20 all 
arm-none-eabi-gcc "../Core/Src/main.c" -mcpu=cortex-m4 -std=gnu11 -g3 -DDEBUG -DUSE_HAL_DRIVER -DSTM32F407xx -c -I../Core/Inc -I../Drivers/STM32F4xx_HAL_Driver/Inc -I../Drivers/STM32F4xx_HAL_Driver/Inc/Legacy -I../Drivers/CMSIS/Device/ST/STM32F4xx/Include -I../Drivers/CMSIS/Include -I../Middlewares/Third_Party/FreeRTOS/Source/include -I../Middlewares/Third_Party/FreeRTOS/Source/CMSIS_RTOS_V2 -I../Middlewares/Third_Party/FreeRTOS/Source/portable/GCC/ARM_CM4F -O0 -ffunction-sections -fdata-sections -Wall -fstack-usage -fcyclomatic-complexity -MMD -MP -MF"Core/Src/main.d" -MT"Core/Src/main.o" --specs=nano.specs -mfpu=fpv4-sp-d16 -mfloat-abi=hard -mthumb -o "Core/Src/main.o"
../Core/Src/main.c: In function 'TaskChassis':
../Core/Src/main.c:1008:11: warning: variable 'calcChassisPower' set but not used [-Wunused-but-set-variable]
 1008 |     float calcChassisPower = 0;                                 // range: 3376 ~ 2132
      |           ^~~~~~~~~~~~~~~~
arm-none-eabi-gcc -o "RMTemplate.elf" @"objects.list"   -mcpu=cortex-m4 -T"C:\Users\Liang Nie\Documents\GitHub\STM32CUBEIDE\Liang Nie\RMTemplate\STM32F407IGHX_FLASH.ld" --specs=nosys.specs -Wl,-Map="RMTemplate.map" -Wl,--gc-sections -static --specs=nano.specs -mfpu=fpv4-sp-d16 -mfloat-abi=hard -mthumb -u _printf_float -Wl,--start-group -lc -lm -Wl,--end-group
C:/ST/STM32CubeIDE_1.12.1/STM32CubeIDE/plugins/com.st.stm32cube.ide.mcu.externaltools.gnu-tools-for-stm32.12.3.rel1.win32_1.0.100.202403111256/tools/bin/../lib/gcc/arm-none-eabi/12.3.1/../../../../arm-none-eabi/bin/ld.exe: warning: RMTemplate.elf has a LOAD segment with RWX permissions
Finished building target: RMTemplate.elf
 
arm-none-eabi-size  RMTemplate.elf 
arm-none-eabi-objdump -h -S RMTemplate.elf  > "RMTemplate.list"
   text	   data	    bss	    dec	    hex	filename
  69860	    612	  23728	  94200	  16ff8	RMTemplate.elf
Finished building: default.size.stdout
 
Finished building: RMTemplate.list
 
18:02:19 **** Incremental Build of configuration Debug for project RMTemplate ****
make -j20 all 
arm-none-eabi-gcc "../Core/Src/main.c" -mcpu=cortex-m4 -std=gnu11 -g3 -DDEBUG -DUSE_HAL_DRIVER -DSTM32F407xx -c -I../Core/Inc -I../Drivers/STM32F4xx_HAL_Driver/Inc -I../Drivers/STM32F4xx_HAL_Driver/Inc/Legacy -I../Drivers/CMSIS/Device/ST/STM32F4xx/Include -I../Drivers/CMSIS/Include -I../Middlewares/Third_Party/FreeRTOS/Source/include -I../Middlewares/Third_Party/FreeRTOS/Source/CMSIS_RTOS_V2 -I../Middlewares/Third_Party/FreeRTOS/Source/portable/GCC/ARM_CM4F -O0 -ffunction-sections -fdata-sections -Wall -fstack-usage -fcyclomatic-complexity -MMD -MP -MF"Core/Src/main.d" -MT"Core/Src/main.o" --specs=nano.specs -mfpu=fpv4-sp-d16 -mfloat-abi=hard -mthumb -o "Core/Src/main.o"
../Core/Src/main.c: In function 'TaskChassis':
../Core/Src/main.c:1008:11: warning: variable 'calcChassisPower' set but not used [-Wunused-but-set-variable]
 1008 |     float calcChassisPower = 0;                                 // range: 3376 ~ 2132
      |           ^~~~~~~~~~~~~~~~
arm-none-eabi-gcc -o "RMTemplate.elf" @"objects.list"   -mcpu=cortex-m4 -T"C:\Users\Liang Nie\Documents\GitHub\STM32CUBEIDE\Liang Nie\RMTemplate\STM32F407IGHX_FLASH.ld" --specs=nosys.specs -Wl,-Map="RMTemplate.map" -Wl,--gc-sections -static --specs=nano.specs -mfpu=fpv4-sp-d16 -mfloat-abi=hard -mthumb -u _printf_float -Wl,--start-group -lc -lm -Wl,--end-group
C:/ST/STM32CubeIDE_1.12.1/STM32CubeIDE/plugins/com.st.stm32cube.ide.mcu.externaltools.gnu-tools-for-stm32.12.3.rel1.win32_1.0.100.202403111256/tools/bin/../lib/gcc/arm-none-eabi/12.3.1/../../../../arm-none-eabi/bin/ld.exe: warning: RMTemplate.elf has a LOAD segment with RWX permissions
Finished building target: RMTemplate.elf
 
arm-none-eabi-size  RMTemplate.elf 
arm-none-eabi-objdump -h -S RMTemplate.elf  > "RMTemplate.list"
   text	   data	    bss	    dec	    hex	filename
  69876	    612	  23728	  94216	  17008	RMTemplate.elf
Finished building: default.size.stdout
 
Finished building: RMTemplate.list
 
18:03:20 **** Incremental Build of configuration Debug for project RMTemplate ****
make -j20 all 
arm-none-eabi-gcc "../Core/Src/main.c" -mcpu=cortex-m4 -std=gnu11 -g3 -DDEBUG -DUSE_HAL_DRIVER -DSTM32F407xx -c -I../Core/Inc -I../Drivers/STM32F4xx_HAL_Driver/Inc -I../Drivers/STM32F4xx_HAL_Driver/Inc/Legacy -I../Drivers/CMSIS/Device/ST/STM32F4xx/Include -I../Drivers/CMSIS/Include -I../Middlewares/Third_Party/FreeRTOS/Source/include -I../Middlewares/Third_Party/FreeRTOS/Source/CMSIS_RTOS_V2 -I../Middlewares/Third_Party/FreeRTOS/Source/portable/GCC/ARM_CM4F -O0 -ffunction-sections -fdata-sections -Wall -fstack-usage -fcyclomatic-complexity -MMD -MP -MF"Core/Src/main.d" -MT"Core/Src/main.o" --specs=nano.specs -mfpu=fpv4-sp-d16 -mfloat-abi=hard -mthumb -o "Core/Src/main.o"
../Core/Src/main.c: In function 'TaskChassis':
../Core/Src/main.c:1008:11: warning: variable 'calcChassisPower' set but not used [-Wunused-but-set-variable]
 1008 |     float calcChassisPower = 0;                                 // range: 3376 ~ 2132
      |           ^~~~~~~~~~~~~~~~
arm-none-eabi-gcc -o "RMTemplate.elf" @"objects.list"   -mcpu=cortex-m4 -T"C:\Users\Liang Nie\Documents\GitHub\STM32CUBEIDE\Liang Nie\RMTemplate\STM32F407IGHX_FLASH.ld" --specs=nosys.specs -Wl,-Map="RMTemplate.map" -Wl,--gc-sections -static --specs=nano.specs -mfpu=fpv4-sp-d16 -mfloat-abi=hard -mthumb -u _printf_float -Wl,--start-group -lc -lm -Wl,--end-group
C:/ST/STM32CubeIDE_1.12.1/STM32CubeIDE/plugins/com.st.stm32cube.ide.mcu.externaltools.gnu-tools-for-stm32.12.3.rel1.win32_1.0.100.202403111256/tools/bin/../lib/gcc/arm-none-eabi/12.3.1/../../../../arm-none-eabi/bin/ld.exe: warning: RMTemplate.elf has a LOAD segment with RWX permissions
Finished building target: RMTemplate.elf
 
arm-none-eabi-size  RMTemplate.elf 
arm-none-eabi-objdump -h -S RMTemplate.elf  > "RMTemplate.list"
   text	   data	    bss	    dec	    hex	filename
  69876	    612	  23728	  94216	  17008	RMTemplate.elf
Finished building: default.size.stdout
 
Finished building: RMTemplate.list
 
18:03:52 **** Incremental Build of configuration Debug for project RMTemplate ****
make -j20 all 
arm-none-eabi-gcc "../Core/Src/main.c" -mcpu=cortex-m4 -std=gnu11 -g3 -DDEBUG -DUSE_HAL_DRIVER -DSTM32F407xx -c -I../Core/Inc -I../Drivers/STM32F4xx_HAL_Driver/Inc -I../Drivers/STM32F4xx_HAL_Driver/Inc/Legacy -I../Drivers/CMSIS/Device/ST/STM32F4xx/Include -I../Drivers/CMSIS/Include -I../Middlewares/Third_Party/FreeRTOS/Source/include -I../Middlewares/Third_Party/FreeRTOS/Source/CMSIS_RTOS_V2 -I../Middlewares/Third_Party/FreeRTOS/Source/portable/GCC/ARM_CM4F -O0 -ffunction-sections -fdata-sections -Wall -fstack-usage -fcyclomatic-complexity -MMD -MP -MF"Core/Src/main.d" -MT"Core/Src/main.o" --specs=nano.specs -mfpu=fpv4-sp-d16 -mfloat-abi=hard -mthumb -o "Core/Src/main.o"
../Core/Src/main.c: In function 'TaskChassis':
../Core/Src/main.c:1008:11: warning: variable 'calcChassisPower' set but not used [-Wunused-but-set-variable]
 1008 |     float calcChassisPower = 0;                                 // range: 3376 ~ 2132
      |           ^~~~~~~~~~~~~~~~
arm-none-eabi-gcc -o "RMTemplate.elf" @"objects.list"   -mcpu=cortex-m4 -T"C:\Users\Liang Nie\Documents\GitHub\STM32CUBEIDE\Liang Nie\RMTemplate\STM32F407IGHX_FLASH.ld" --specs=nosys.specs -Wl,-Map="RMTemplate.map" -Wl,--gc-sections -static --specs=nano.specs -mfpu=fpv4-sp-d16 -mfloat-abi=hard -mthumb -u _printf_float -Wl,--start-group -lc -lm -Wl,--end-group
C:/ST/STM32CubeIDE_1.12.1/STM32CubeIDE/plugins/com.st.stm32cube.ide.mcu.externaltools.gnu-tools-for-stm32.12.3.rel1.win32_1.0.100.202403111256/tools/bin/../lib/gcc/arm-none-eabi/12.3.1/../../../../arm-none-eabi/bin/ld.exe: warning: RMTemplate.elf has a LOAD segment with RWX permissions
Finished building target: RMTemplate.elf
 
arm-none-eabi-size  RMTemplate.elf 
arm-none-eabi-objdump -h -S RMTemplate.elf  > "RMTemplate.list"
   text	   data	    bss	    dec	    hex	filename
  69876	    612	  23728	  94216	  17008	RMTemplate.elf
Finished building: default.size.stdout
 
Finished building: RMTemplate.list
 
18:04:25 **** Incremental Build of configuration Debug for project RMTemplate ****
make -j20 all 
arm-none-eabi-gcc "../Core/Src/main.c" -mcpu=cortex-m4 -std=gnu11 -g3 -DDEBUG -DUSE_HAL_DRIVER -DSTM32F407xx -c -I../Core/Inc -I../Drivers/STM32F4xx_HAL_Driver/Inc -I../Drivers/STM32F4xx_HAL_Driver/Inc/Legacy -I../Drivers/CMSIS/Device/ST/STM32F4xx/Include -I../Drivers/CMSIS/Include -I../Middlewares/Third_Party/FreeRTOS/Source/include -I../Middlewares/Third_Party/FreeRTOS/Source/CMSIS_RTOS_V2 -I../Middlewares/Third_Party/FreeRTOS/Source/portable/GCC/ARM_CM4F -O0 -ffunction-sections -fdata-sections -Wall -fstack-usage -fcyclomatic-complexity -MMD -MP -MF"Core/Src/main.d" -MT"Core/Src/main.o" --specs=nano.specs -mfpu=fpv4-sp-d16 -mfloat-abi=hard -mthumb -o "Core/Src/main.o"
../Core/Src/main.c: In function 'TaskChassis':
../Core/Src/main.c:1008:11: warning: variable 'calcChassisPower' set but not used [-Wunused-but-set-variable]
 1008 |     float calcChassisPower = 0;                                 // range: 3376 ~ 2132
      |           ^~~~~~~~~~~~~~~~
arm-none-eabi-gcc -o "RMTemplate.elf" @"objects.list"   -mcpu=cortex-m4 -T"C:\Users\Liang Nie\Documents\GitHub\STM32CUBEIDE\Liang Nie\RMTemplate\STM32F407IGHX_FLASH.ld" --specs=nosys.specs -Wl,-Map="RMTemplate.map" -Wl,--gc-sections -static --specs=nano.specs -mfpu=fpv4-sp-d16 -mfloat-abi=hard -mthumb -u _printf_float -Wl,--start-group -lc -lm -Wl,--end-group
C:/ST/STM32CubeIDE_1.12.1/STM32CubeIDE/plugins/com.st.stm32cube.ide.mcu.externaltools.gnu-tools-for-stm32.12.3.rel1.win32_1.0.100.202403111256/tools/bin/../lib/gcc/arm-none-eabi/12.3.1/../../../../arm-none-eabi/bin/ld.exe: warning: RMTemplate.elf has a LOAD segment with RWX permissions
Finished building target: RMTemplate.elf
 
arm-none-eabi-size  RMTemplate.elf 
arm-none-eabi-objdump -h -S RMTemplate.elf  > "RMTemplate.list"
   text	   data	    bss	    dec	    hex	filename
  69876	    612	  23728	  94216	  17008	RMTemplate.elf
Finished building: default.size.stdout
 
Finished building: RMTemplate.list
 
18:05:30 **** Incremental Build of configuration Debug for project RMTemplate ****
make -j20 all 
arm-none-eabi-gcc "../Core/Src/main.c" -mcpu=cortex-m4 -std=gnu11 -g3 -DDEBUG -DUSE_HAL_DRIVER -DSTM32F407xx -c -I../Core/Inc -I../Drivers/STM32F4xx_HAL_Driver/Inc -I../Drivers/STM32F4xx_HAL_Driver/Inc/Legacy -I../Drivers/CMSIS/Device/ST/STM32F4xx/Include -I../Drivers/CMSIS/Include -I../Middlewares/Third_Party/FreeRTOS/Source/include -I../Middlewares/Third_Party/FreeRTOS/Source/CMSIS_RTOS_V2 -I../Middlewares/Third_Party/FreeRTOS/Source/portable/GCC/ARM_CM4F -O0 -ffunction-sections -fdata-sections -Wall -fstack-usage -fcyclomatic-complexity -MMD -MP -MF"Core/Src/main.d" -MT"Core/Src/main.o" --specs=nano.specs -mfpu=fpv4-sp-d16 -mfloat-abi=hard -mthumb -o "Core/Src/main.o"
../Core/Src/main.c: In function 'TaskChassis':
../Core/Src/main.c:1008:11: warning: variable 'calcChassisPower' set but not used [-Wunused-but-set-variable]
 1008 |     float calcChassisPower = 0;                                 // range: 3376 ~ 2132
      |           ^~~~~~~~~~~~~~~~
arm-none-eabi-gcc -o "RMTemplate.elf" @"objects.list"   -mcpu=cortex-m4 -T"C:\Users\Liang Nie\Documents\GitHub\STM32CUBEIDE\Liang Nie\RMTemplate\STM32F407IGHX_FLASH.ld" --specs=nosys.specs -Wl,-Map="RMTemplate.map" -Wl,--gc-sections -static --specs=nano.specs -mfpu=fpv4-sp-d16 -mfloat-abi=hard -mthumb -u _printf_float -Wl,--start-group -lc -lm -Wl,--end-group
C:/ST/STM32CubeIDE_1.12.1/STM32CubeIDE/plugins/com.st.stm32cube.ide.mcu.externaltools.gnu-tools-for-stm32.12.3.rel1.win32_1.0.100.202403111256/tools/bin/../lib/gcc/arm-none-eabi/12.3.1/../../../../arm-none-eabi/bin/ld.exe: warning: RMTemplate.elf has a LOAD segment with RWX permissions
Finished building target: RMTemplate.elf
 
arm-none-eabi-size  RMTemplate.elf 
arm-none-eabi-objdump -h -S RMTemplate.elf  > "RMTemplate.list"
   text	   data	    bss	    dec	    hex	filename
  69876	    612	  23728	  94216	  17008	RMTemplate.elf
Finished building: default.size.stdout
 
Finished building: RMTemplate.list
 
18:06:41 **** Incremental Build of configuration Debug for project RMTemplate ****
make -j20 all 
arm-none-eabi-gcc "../Core/Src/main.c" -mcpu=cortex-m4 -std=gnu11 -g3 -DDEBUG -DUSE_HAL_DRIVER -DSTM32F407xx -c -I../Core/Inc -I../Drivers/STM32F4xx_HAL_Driver/Inc -I../Drivers/STM32F4xx_HAL_Driver/Inc/Legacy -I../Drivers/CMSIS/Device/ST/STM32F4xx/Include -I../Drivers/CMSIS/Include -I../Middlewares/Third_Party/FreeRTOS/Source/include -I../Middlewares/Third_Party/FreeRTOS/Source/CMSIS_RTOS_V2 -I../Middlewares/Third_Party/FreeRTOS/Source/portable/GCC/ARM_CM4F -O0 -ffunction-sections -fdata-sections -Wall -fstack-usage -fcyclomatic-complexity -MMD -MP -MF"Core/Src/main.d" -MT"Core/Src/main.o" --specs=nano.specs -mfpu=fpv4-sp-d16 -mfloat-abi=hard -mthumb -o "Core/Src/main.o"
../Core/Src/main.c: In function 'TaskChassis':
../Core/Src/main.c:1008:11: warning: variable 'calcChassisPower' set but not used [-Wunused-but-set-variable]
 1008 |     float calcChassisPower = 0;                                 // range: 3376 ~ 2132
      |           ^~~~~~~~~~~~~~~~
arm-none-eabi-gcc -o "RMTemplate.elf" @"objects.list"   -mcpu=cortex-m4 -T"C:\Users\Liang Nie\Documents\GitHub\STM32CUBEIDE\Liang Nie\RMTemplate\STM32F407IGHX_FLASH.ld" --specs=nosys.specs -Wl,-Map="RMTemplate.map" -Wl,--gc-sections -static --specs=nano.specs -mfpu=fpv4-sp-d16 -mfloat-abi=hard -mthumb -u _printf_float -Wl,--start-group -lc -lm -Wl,--end-group
C:/ST/STM32CubeIDE_1.12.1/STM32CubeIDE/plugins/com.st.stm32cube.ide.mcu.externaltools.gnu-tools-for-stm32.12.3.rel1.win32_1.0.100.202403111256/tools/bin/../lib/gcc/arm-none-eabi/12.3.1/../../../../arm-none-eabi/bin/ld.exe: warning: RMTemplate.elf has a LOAD segment with RWX permissions
Finished building target: RMTemplate.elf
 
arm-none-eabi-size  RMTemplate.elf 
arm-none-eabi-objdump -h -S RMTemplate.elf  > "RMTemplate.list"
   text	   data	    bss	    dec	    hex	filename
  69876	    612	  23728	  94216	  17008	RMTemplate.elf
Finished building: default.size.stdout
 
Finished building: RMTemplate.list
 
18:07:13 **** Incremental Build of configuration Debug for project RMTemplate ****
make -j20 all 
arm-none-eabi-gcc "../Core/Src/main.c" -mcpu=cortex-m4 -std=gnu11 -g3 -DDEBUG -DUSE_HAL_DRIVER -DSTM32F407xx -c -I../Core/Inc -I../Drivers/STM32F4xx_HAL_Driver/Inc -I../Drivers/STM32F4xx_HAL_Driver/Inc/Legacy -I../Drivers/CMSIS/Device/ST/STM32F4xx/Include -I../Drivers/CMSIS/Include -I../Middlewares/Third_Party/FreeRTOS/Source/include -I../Middlewares/Third_Party/FreeRTOS/Source/CMSIS_RTOS_V2 -I../Middlewares/Third_Party/FreeRTOS/Source/portable/GCC/ARM_CM4F -O0 -ffunction-sections -fdata-sections -Wall -fstack-usage -fcyclomatic-complexity -MMD -MP -MF"Core/Src/main.d" -MT"Core/Src/main.o" --specs=nano.specs -mfpu=fpv4-sp-d16 -mfloat-abi=hard -mthumb -o "Core/Src/main.o"
../Core/Src/main.c: In function 'TaskChassis':
../Core/Src/main.c:1008:11: warning: variable 'calcChassisPower' set but not used [-Wunused-but-set-variable]
 1008 |     float calcChassisPower = 0;                                 // range: 3376 ~ 2132
      |           ^~~~~~~~~~~~~~~~
arm-none-eabi-gcc -o "RMTemplate.elf" @"objects.list"   -mcpu=cortex-m4 -T"C:\Users\Liang Nie\Documents\GitHub\STM32CUBEIDE\Liang Nie\RMTemplate\STM32F407IGHX_FLASH.ld" --specs=nosys.specs -Wl,-Map="RMTemplate.map" -Wl,--gc-sections -static --specs=nano.specs -mfpu=fpv4-sp-d16 -mfloat-abi=hard -mthumb -u _printf_float -Wl,--start-group -lc -lm -Wl,--end-group
C:/ST/STM32CubeIDE_1.12.1/STM32CubeIDE/plugins/com.st.stm32cube.ide.mcu.externaltools.gnu-tools-for-stm32.12.3.rel1.win32_1.0.100.202403111256/tools/bin/../lib/gcc/arm-none-eabi/12.3.1/../../../../arm-none-eabi/bin/ld.exe: warning: RMTemplate.elf has a LOAD segment with RWX permissions
Finished building target: RMTemplate.elf
 
arm-none-eabi-size  RMTemplate.elf 
arm-none-eabi-objdump -h -S RMTemplate.elf  > "RMTemplate.list"
   text	   data	    bss	    dec	    hex	filename
  69876	    612	  23728	  94216	  17008	RMTemplate.elf
Finished building: default.size.stdout
 
Finished building: RMTemplate.list
 
18:07:43 **** Incremental Build of configuration Debug for project RMTemplate ****
make -j20 all 
arm-none-eabi-gcc "../Core/Src/main.c" -mcpu=cortex-m4 -std=gnu11 -g3 -DDEBUG -DUSE_HAL_DRIVER -DSTM32F407xx -c -I../Core/Inc -I../Drivers/STM32F4xx_HAL_Driver/Inc -I../Drivers/STM32F4xx_HAL_Driver/Inc/Legacy -I../Drivers/CMSIS/Device/ST/STM32F4xx/Include -I../Drivers/CMSIS/Include -I../Middlewares/Third_Party/FreeRTOS/Source/include -I../Middlewares/Third_Party/FreeRTOS/Source/CMSIS_RTOS_V2 -I../Middlewares/Third_Party/FreeRTOS/Source/portable/GCC/ARM_CM4F -O0 -ffunction-sections -fdata-sections -Wall -fstack-usage -fcyclomatic-complexity -MMD -MP -MF"Core/Src/main.d" -MT"Core/Src/main.o" --specs=nano.specs -mfpu=fpv4-sp-d16 -mfloat-abi=hard -mthumb -o "Core/Src/main.o"
../Core/Src/main.c: In function 'TaskChassis':
../Core/Src/main.c:1008:11: warning: variable 'calcChassisPower' set but not used [-Wunused-but-set-variable]
 1008 |     float calcChassisPower = 0;                                 // range: 3376 ~ 2132
      |           ^~~~~~~~~~~~~~~~
arm-none-eabi-gcc -o "RMTemplate.elf" @"objects.list"   -mcpu=cortex-m4 -T"C:\Users\Liang Nie\Documents\GitHub\STM32CUBEIDE\Liang Nie\RMTemplate\STM32F407IGHX_FLASH.ld" --specs=nosys.specs -Wl,-Map="RMTemplate.map" -Wl,--gc-sections -static --specs=nano.specs -mfpu=fpv4-sp-d16 -mfloat-abi=hard -mthumb -u _printf_float -Wl,--start-group -lc -lm -Wl,--end-group
C:/ST/STM32CubeIDE_1.12.1/STM32CubeIDE/plugins/com.st.stm32cube.ide.mcu.externaltools.gnu-tools-for-stm32.12.3.rel1.win32_1.0.100.202403111256/tools/bin/../lib/gcc/arm-none-eabi/12.3.1/../../../../arm-none-eabi/bin/ld.exe: warning: RMTemplate.elf has a LOAD segment with RWX permissions
Finished building target: RMTemplate.elf
 
arm-none-eabi-size  RMTemplate.elf 
arm-none-eabi-objdump -h -S RMTemplate.elf  > "RMTemplate.list"
   text	   data	    bss	    dec	    hex	filename
  69860	    612	  23728	  94200	  16ff8	RMTemplate.elf
Finished building: default.size.stdout
 
Finished building: RMTemplate.list
 
18:08:38 **** Incremental Build of configuration Debug for project RMTemplate ****
make -j20 all 
arm-none-eabi-gcc "../Core/Src/main.c" -mcpu=cortex-m4 -std=gnu11 -g3 -DDEBUG -DUSE_HAL_DRIVER -DSTM32F407xx -c -I../Core/Inc -I../Drivers/STM32F4xx_HAL_Driver/Inc -I../Drivers/STM32F4xx_HAL_Driver/Inc/Legacy -I../Drivers/CMSIS/Device/ST/STM32F4xx/Include -I../Drivers/CMSIS/Include -I../Middlewares/Third_Party/FreeRTOS/Source/include -I../Middlewares/Third_Party/FreeRTOS/Source/CMSIS_RTOS_V2 -I../Middlewares/Third_Party/FreeRTOS/Source/portable/GCC/ARM_CM4F -O0 -ffunction-sections -fdata-sections -Wall -fstack-usage -fcyclomatic-complexity -MMD -MP -MF"Core/Src/main.d" -MT"Core/Src/main.o" --specs=nano.specs -mfpu=fpv4-sp-d16 -mfloat-abi=hard -mthumb -o "Core/Src/main.o"
../Core/Src/main.c: In function 'TaskChassis':
../Core/Src/main.c:1008:11: warning: variable 'calcChassisPower' set but not used [-Wunused-but-set-variable]
 1008 |     float calcChassisPower = 0;                                 // range: 3376 ~ 2132
      |           ^~~~~~~~~~~~~~~~
arm-none-eabi-gcc -o "RMTemplate.elf" @"objects.list"   -mcpu=cortex-m4 -T"C:\Users\Liang Nie\Documents\GitHub\STM32CUBEIDE\Liang Nie\RMTemplate\STM32F407IGHX_FLASH.ld" --specs=nosys.specs -Wl,-Map="RMTemplate.map" -Wl,--gc-sections -static --specs=nano.specs -mfpu=fpv4-sp-d16 -mfloat-abi=hard -mthumb -u _printf_float -Wl,--start-group -lc -lm -Wl,--end-group
C:/ST/STM32CubeIDE_1.12.1/STM32CubeIDE/plugins/com.st.stm32cube.ide.mcu.externaltools.gnu-tools-for-stm32.12.3.rel1.win32_1.0.100.202403111256/tools/bin/../lib/gcc/arm-none-eabi/12.3.1/../../../../arm-none-eabi/bin/ld.exe: warning: RMTemplate.elf has a LOAD segment with RWX permissions
Finished building target: RMTemplate.elf
 
arm-none-eabi-size  RMTemplate.elf 
arm-none-eabi-objdump -h -S RMTemplate.elf  > "RMTemplate.list"
   text	   data	    bss	    dec	    hex	filename
  69876	    612	  23728	  94216	  17008	RMTemplate.elf
Finished building: default.size.stdout
 
Finished building: RMTemplate.list
 
18:16:06 **** Incremental Build of configuration Debug for project RMTemplate ****
make -j20 all 
arm-none-eabi-gcc "../Core/Src/main.c" -mcpu=cortex-m4 -std=gnu11 -g3 -DDEBUG -DUSE_HAL_DRIVER -DSTM32F407xx -c -I../Core/Inc -I../Drivers/STM32F4xx_HAL_Driver/Inc -I../Drivers/STM32F4xx_HAL_Driver/Inc/Legacy -I../Drivers/CMSIS/Device/ST/STM32F4xx/Include -I../Drivers/CMSIS/Include -I../Middlewares/Third_Party/FreeRTOS/Source/include -I../Middlewares/Third_Party/FreeRTOS/Source/CMSIS_RTOS_V2 -I../Middlewares/Third_Party/FreeRTOS/Source/portable/GCC/ARM_CM4F -O0 -ffunction-sections -fdata-sections -Wall -fstack-usage -fcyclomatic-complexity -MMD -MP -MF"Core/Src/main.d" -MT"Core/Src/main.o" --specs=nano.specs -mfpu=fpv4-sp-d16 -mfloat-abi=hard -mthumb -o "Core/Src/main.o"
../Core/Src/main.c: In function 'TaskChassis':
../Core/Src/main.c:1008:11: warning: variable 'calcChassisPower' set but not used [-Wunused-but-set-variable]
 1008 |     float calcChassisPower = 0;                                 // range: 3376 ~ 2132
      |           ^~~~~~~~~~~~~~~~
arm-none-eabi-gcc -o "RMTemplate.elf" @"objects.list"   -mcpu=cortex-m4 -T"C:\Users\Liang Nie\Documents\GitHub\STM32CUBEIDE\Liang Nie\RMTemplate\STM32F407IGHX_FLASH.ld" --specs=nosys.specs -Wl,-Map="RMTemplate.map" -Wl,--gc-sections -static --specs=nano.specs -mfpu=fpv4-sp-d16 -mfloat-abi=hard -mthumb -u _printf_float -Wl,--start-group -lc -lm -Wl,--end-group
C:/ST/STM32CubeIDE_1.12.1/STM32CubeIDE/plugins/com.st.stm32cube.ide.mcu.externaltools.gnu-tools-for-stm32.12.3.rel1.win32_1.0.100.202403111256/tools/bin/../lib/gcc/arm-none-eabi/12.3.1/../../../../arm-none-eabi/bin/ld.exe: warning: RMTemplate.elf has a LOAD segment with RWX permissions
Finished building target: RMTemplate.elf
 
arm-none-eabi-size  RMTemplate.elf 
arm-none-eabi-objdump -h -S RMTemplate.elf  > "RMTemplate.list"
   text	   data	    bss	    dec	    hex	filename
  69876	    612	  23728	  94216	  17008	RMTemplate.elf
Finished building: default.size.stdout
 
Finished building: RMTemplate.list
 
