22:20:09 **** Incremental Build of configuration Debug for project RMTemplate ****
make -j20 all 
arm-none-eabi-gcc "../Core/Src/main.c" -mcpu=cortex-m4 -std=gnu11 -g3 -DDEBUG -DUSE_HAL_DRIVER -DSTM32F407xx -c -I../Core/Inc -I../Drivers/STM32F4xx_HAL_Driver/Inc -I../Drivers/STM32F4xx_HAL_Driver/Inc/Legacy -I../Drivers/CMSIS/Device/ST/STM32F4xx/Include -I../Drivers/CMSIS/Include -I../Middlewares/Third_Party/FreeRTOS/Source/include -I../Middlewares/Third_Party/FreeRTOS/Source/CMSIS_RTOS_V2 -I../Middlewares/Third_Party/FreeRTOS/Source/portable/GCC/ARM_CM4F -O0 -ffunction-sections -fdata-sections -Wall -fstack-usage -fcyclomatic-complexity -MMD -MP -MF"Core/Src/main.d" -MT"Core/Src/main.o" --specs=nano.specs -mfpu=fpv4-sp-d16 -mfloat-abi=hard -mthumb -o "Core/Src/main.o"
../Core/Src/main.c: In function 'TaskChassis':
../Core/Src/main.c:1197:55: warning: implicit declaration of function 'cos' [-Wimplicit-function-declaration]
 1197 |                         xJoystickDirection = rcRPM[2]*cos(angle) - rcRPM[3]*sin(angle);
      |                                                       ^~~
../Core/Src/main.c:37:1: note: include '<math.h>' or provide a declaration of 'cos'
   36 | #include "ist8310driver.h"
  +++ |+#include <math.h>
   37 | /* USER CODE END Includes */
../Core/Src/main.c:1197:55: warning: incompatible implicit declaration of built-in function 'cos' [-Wbuiltin-declaration-mismatch]
 1197 |                         xJoystickDirection = rcRPM[2]*cos(angle) - rcRPM[3]*sin(angle);
      |                                                       ^~~
../Core/Src/main.c:1197:55: note: include '<math.h>' or provide a declaration of 'cos'
../Core/Src/main.c:1197:77: warning: implicit declaration of function 'sin' [-Wimplicit-function-declaration]
 1197 |                         xJoystickDirection = rcRPM[2]*cos(angle) - rcRPM[3]*sin(angle);
      |                                                                             ^~~
../Core/Src/main.c:1197:77: note: include '<math.h>' or provide a declaration of 'sin'
../Core/Src/main.c:1197:77: warning: incompatible implicit declaration of built-in function 'sin' [-Wbuiltin-declaration-mismatch]
../Core/Src/main.c:1197:77: note: include '<math.h>' or provide a declaration of 'sin'
../Core/Src/main.c:1467:23: warning: unused variable 'multiplyFactor' [-Wunused-variable]
 1467 |                 float multiplyFactor = 1/average;
      |                       ^~~~~~~~~~~~~~
../Core/Src/main.c:1451:25: warning: unused variable 'convertZ' [-Wunused-variable]
 1451 |                 int16_t convertZ = (int)rotationPositionZ;
      |                         ^~~~~~~~
../Core/Src/main.c:1450:25: warning: unused variable 'convertY' [-Wunused-variable]
 1450 |                 int16_t convertY = (int)rotationPositionY;
      |                         ^~~~~~~~
../Core/Src/main.c:1092:23: warning: unused variable 'rotationScalar' [-Wunused-variable]
 1092 |                 float rotationScalar = -540; //-540
      |                       ^~~~~~~~~~~~~~
../Core/Src/main.c:1069:16: warning: unused variable 'beepingInProgress' [-Wunused-variable]
 1069 |         int8_t beepingInProgress = 0;
      |                ^~~~~~~~~~~~~~~~~
../Core/Src/main.c:1028:16: warning: variable 'isNegativeRegion4' set but not used [-Wunused-but-set-variable]
 1028 |         int8_t isNegativeRegion4 = 0;
      |                ^~~~~~~~~~~~~~~~~
../Core/Src/main.c:1027:16: warning: variable 'isNegativeRegion3' set but not used [-Wunused-but-set-variable]
 1027 |         int8_t isNegativeRegion3 = 0;
      |                ^~~~~~~~~~~~~~~~~
../Core/Src/main.c:1019:16: warning: unused variable 'shot1Round' [-Wunused-variable]
 1019 |         int8_t shot1Round = 0;
      |                ^~~~~~~~~~
../Core/Src/main.c:1006:17: warning: variable 'rcPitch' set but not used [-Wunused-but-set-variable]
 1006 |         int16_t rcPitch = 0;                                   // range: 3376 ~ 2132
      |                 ^~~~~~~
arm-none-eabi-gcc -o "RMTemplate.elf" @"objects.list"   -mcpu=cortex-m4 -T"C:\Users\Liang Nie\Documents\GitHub\STM32CUBEIDE\Liang Nie\RMTemplate\STM32F407IGHX_FLASH.ld" --specs=nosys.specs -Wl,-Map="RMTemplate.map" -Wl,--gc-sections -static --specs=nano.specs -mfpu=fpv4-sp-d16 -mfloat-abi=hard -mthumb -u _printf_float -Wl,--start-group -lc -lm -Wl,--end-group
C:/ST/STM32CubeIDE_1.12.1/STM32CubeIDE/plugins/com.st.stm32cube.ide.mcu.externaltools.gnu-tools-for-stm32.12.3.rel1.win32_1.0.100.202403111256/tools/bin/../lib/gcc/arm-none-eabi/12.3.1/../../../../arm-none-eabi/bin/ld.exe: warning: RMTemplate.elf has a LOAD segment with RWX permissions
Finished building target: RMTemplate.elf
 
arm-none-eabi-size  RMTemplate.elf 
arm-none-eabi-objdump -h -S RMTemplate.elf  > "RMTemplate.list"
   text	   data	    bss	    dec	    hex	filename
  77008	    576	  23504	 101088	  18ae0	RMTemplate.elf
Finished building: default.size.stdout
 
Finished building: RMTemplate.list
 

22:20:10 Build Finished. 0 errors, 14 warnings. (took 818ms)

