14:46:38 **** Incremental Build of configuration Debug for project SentryShooter2025FINAL ****
make -j3 all 
arm-none-eabi-gcc "../Core/Src/main.c" -mcpu=cortex-m4 -std=gnu11 -g3 -DDEBUG -DUSE_HAL_DRIVER -DSTM32F407xx -c -I../Core/Inc -I../Drivers/STM32F4xx_HAL_Driver/Inc -I../Drivers/STM32F4xx_HAL_Driver/Inc/Legacy -I../Middlewares/Third_Party/FreeRTOS/Source/include -I../Middlewares/Third_Party/FreeRTOS/Source/CMSIS_RTOS_V2 -I../Middlewares/Third_Party/FreeRTOS/Source/portable/GCC/ARM_CM4F -I../Drivers/CMSIS/Device/ST/STM32F4xx/Include -I../Drivers/CMSIS/Include -O0 -ffunction-sections -fdata-sections -Wall -fstack-usage -fcyclomatic-complexity -MMD -MP -MF"Core/Src/main.d" -MT"Core/Src/main.o" --specs=nano.specs -mfpu=fpv4-sp-d16 -mfloat-abi=hard -mthumb -o "Core/Src/main.o"
../Core/Src/main.c: In function 'StartTurretTask':
../Core/Src/main.c:1220:15: warning: unused variable 'currentTurretAng' [-Wunused-variable]
 1220 |         float currentTurretAng = 0;
      |               ^~~~~~~~~~~~~~~~
../Core/Src/main.c:1219:15: warning: unused variable 'targetTurretAng' [-Wunused-variable]
 1219 |         float targetTurretAng = 0;
      |               ^~~~~~~~~~~~~~~
../Core/Src/main.c:1213:22: warning: unused variable 'test3' [-Wunused-variable]
 1213 |         PID_preset_t test3 = {160.0, 0.0, 100.0};
      |                      ^~~~~
../Core/Src/main.c:1210:22: warning: unused variable 'turretRotation' [-Wunused-variable]
 1210 |         PID_preset_t turretRotation = {110.0, 0.0, 15.0};
      |                      ^~~~~~~~~~~~~~
../Core/Src/main.c: In function 'StartSentryAutonomy':
../Core/Src/main.c:1530:17: warning: unused variable 'motorYawPrev' [-Wunused-variable]
 1530 |         int16_t motorYawPrev = 0;
      |                 ^~~~~~~~~~~~
arm-none-eabi-gcc -o "SentryShooter2025FINAL.elf" @"objects.list"   -mcpu=cortex-m4 -T"/Users/liangnie/Documents/GitHub/STM32CUBEIDE/Liang Nie/SentryShooter2025FINAL/STM32F407IGHX_FLASH.ld" --specs=nosys.specs -Wl,-Map="SentryShooter2025FINAL.map" -Wl,--gc-sections -static --specs=nano.specs -mfpu=fpv4-sp-d16 -mfloat-abi=hard -mthumb -u _printf_float -Wl,--start-group -lc -lm -Wl,--end-group
Finished building target: SentryShooter2025FINAL.elf
 
arm-none-eabi-size  SentryShooter2025FINAL.elf 
arm-none-eabi-objdump -h -S SentryShooter2025FINAL.elf  > "SentryShooter2025FINAL.list"
   text	   data	    bss	    dec	    hex	filename
  82108	    524	  24016	 106648	  1a098	SentryShooter2025FINAL.elf
Finished building: default.size.stdout
 
Finished building: SentryShooter2025FINAL.list
 

14:46:41 Build Finished. 0 errors, 5 warnings. (took 2s.600ms)

