20:49:46 **** Incremental Build of configuration Debug for project SuperCapController ****
make -j3 all 
arm-none-eabi-gcc "../Core/Src/main.c" -mcpu=cortex-m7 -std=gnu11 -g3 -DDEBUG -DUSE_HAL_DRIVER -DSTM32H723xx -c -I../Core/Inc -I../Drivers/STM32H7xx_HAL_Driver/Inc -I../Drivers/STM32H7xx_HAL_Driver/Inc/Legacy -I../Drivers/CMSIS/Device/ST/STM32H7xx/Include -I../Drivers/CMSIS/Include -I../Middlewares/Third_Party/FreeRTOS/Source/include -I../Middlewares/Third_Party/FreeRTOS/Source/CMSIS_RTOS -I../Middlewares/Third_Party/FreeRTOS/Source/portable/GCC/ARM_CM4F -O0 -ffunction-sections -fdata-sections -Wall -fstack-usage -fcyclomatic-complexity -MMD -MP -MF"Core/Src/main.d" -MT"Core/Src/main.o" --specs=nano.specs -mfpu=fpv5-d16 -mfloat-abi=hard -mthumb -o "Core/Src/main.o"
../Core/Src/main.c: In function 'main':
../Core/Src/main.c:218:11: warning: unused variable 'CAN_State' [-Wunused-variable]
  218 |   uint8_t CAN_State = -1;
      |           ^~~~~~~~~
../Core/Src/main.c:217:11: warning: unused variable 'CAN_Data' [-Wunused-variable]
  217 |   uint8_t CAN_Data = 125;
      |           ^~~~~~~~
../Core/Src/main.c: In function 'StartDefaultTask':
../Core/Src/main.c:1651:17: warning: unused variable 'wheelPrev' [-Wunused-variable]
 1651 |         int16_t wheelPrev[8] = {0, 0, 0, 0, 0, 0, 0, 0};
      |                 ^~~~~~~~~
../Core/Src/main.c:1648:22: warning: unused variable 'test2' [-Wunused-variable]
 1648 |         PID_preset_t test2 = {50.0, 0.0, 0.0};
      |                      ^~~~~
../Core/Src/main.c:1623:18: warning: unused variable 'voltage' [-Wunused-variable]
 1623 |         uint32_t voltage = 0;
      |                  ^~~~~~~
../Core/Src/main.c:1620:17: warning: unused variable 'CAN_State' [-Wunused-variable]
 1620 |         uint8_t CAN_State = 0;
      |                 ^~~~~~~~~
../Core/Src/main.c:1619:17: warning: unused variable 'CAN_Extended_Data' [-Wunused-variable]
 1619 |         uint8_t CAN_Extended_Data = 0x00;
      |                 ^~~~~~~~~~~~~~~~~
../Core/Src/main.c:1618:18: warning: unused variable 'CAN_Extended_Header' [-Wunused-variable]
 1618 |         uint32_t CAN_Extended_Header = 0xFFF0000;
      |                  ^~~~~~~~~~~~~~~~~~~
../Core/Src/main.c:1617:17: warning: unused variable 'CAN_Data' [-Wunused-variable]
 1617 |         uint8_t CAN_Data[] = {0x00, 0x01, 0x02, 0x03, 0x04, 0x05, 0x06, 0x07};
      |                 ^~~~~~~~
arm-none-eabi-gcc -o "SuperCapController.elf" @"objects.list"   -mcpu=cortex-m7 -T"/Users/liangnie/Documents/GitHub/STM32CUBEIDE/Liang Nie/SuperCapController/STM32H723ZGTX_FLASH.ld" --specs=nosys.specs -Wl,-Map="SuperCapController.map" -Wl,--gc-sections -static --specs=nano.specs -mfpu=fpv5-d16 -mfloat-abi=hard -mthumb -Wl,--start-group -lc -lm -Wl,--end-group
Finished building target: SuperCapController.elf
 
arm-none-eabi-size  SuperCapController.elf 
arm-none-eabi-objdump -h -S SuperCapController.elf  > "SuperCapController.list"
   text	   data	    bss	    dec	    hex	filename
  82760	    100	  22684	 105544	  19c48	SuperCapController.elf
Finished building: default.size.stdout
 
Finished building: SuperCapController.list
 

20:49:48 Build Finished. 0 errors, 9 warnings. (took 2s.150ms)

